#
# A fatal error has been detected by the Java Runtime Environment:
#
#  EXCEPTION_ACCESS_VIOLATION (0xc0000005) at pc=0x0000000056f7623f, pid=17512, tid=7404
#
# JRE version: Java(TM) SE Runtime Environment (8.0_51-b16) (build 1.8.0_51-b16)
# Java VM: Java HotSpot(TM) 64-Bit Server VM (25.51-b03 mixed mode windows-amd64 compressed oops)
# Problematic frame:
# V  [jvm.dll+0x4b623f]
#
# Failed to write core dump. Minidumps are not enabled by default on client versions of Windows
#
# If you would like to submit a bug report, please visit:
#   http://bugreport.java.com/bugreport/crash.jsp
#

---------------  T H R E A D  ---------------

Current thread (0x00000000276f8000):  JavaThread "C2 CompilerThread0" daemon [_thread_in_native, id=7404, stack(0x0000000028c50000,0x0000000028d50000)]

siginfo: ExceptionCode=0xc0000005, reading address 0x0000000000000008

Registers:
RAX=0x0000000000000000, RBX=0x0000000000000000, RCX=0x0000000067e7e020, RDX=0x0000000000008000
RSP=0x0000000028d4b900, RBP=0x000000005964b9a8, RSI=0x0000000067e7e020, RDI=0x0000000028d4bdd0
R8 =0x0000000000000000, R9 =0x000000004908efb0, R10=0x0000000028d4bdd0, R11=0x000000002ba8cff0
R12=0x000000002a8e54b8, R13=0x000000002c16d6e0, R14=0x0000000028d4b9e8, R15=0x0000000028d4ba08
RIP=0x0000000056f7623f, EFLAGS=0x0000000000010283

Top of Stack: (sp=0x0000000028d4b900)
0x0000000028d4b900:   000000003025b6e8 000000005964b9a8
0x0000000028d4b910:   0000000032c002c0 0000000028d4bdd0
0x0000000028d4b920:   000000005964b9a8 0000000028d4ba58
0x0000000028d4b930:   0000000028d4bab0 0000000056f77a49
0x0000000028d4b940:   000000003025b6e8 0000000000000765
0x0000000028d4b950:   0000000000000002 0000000067e7e020
0x0000000028d4b960:   0000000028d4c7a0 0000000056faa2b0
0x0000000028d4b970:   000000002a660ff0 0000000002d6b010
0x0000000028d4b980:   000000002e4c3ee0 0000000028d4bab0
0x0000000028d4b990:   0000000002d6b010 0000000000000000
0x0000000028d4b9a0:   0000000028d4bdd0 0000000056f7992f
0x0000000028d4b9b0:   0000000028d4bdd0 0000000000000001
0x0000000028d4b9c0:   0000000000000002 000000002e4c3ee0
0x0000000028d4b9d0:   000000002a661040 000000002a668fd8
0x0000000028d4b9e0:   000000000024af38 0000000002d6b010
0x0000000028d4b9f0:   0000000000000800 000000002a3d22a0 

Instructions: (pc=0x0000000056f7623f)
0x0000000056f7621f:   4c 89 64 24 50 4c 8b e0 4c 3b e8 0f 84 4f 01 00
0x0000000056f7622f:   00 44 8b 43 28 4c 8b 8f f0 09 00 00 4b 8b 1c c1
0x0000000056f7623f:   48 8b 43 08 48 83 38 00 75 2a 8b 57 28 0f 1f 40
0x0000000056f7624f:   00 8b 43 28 3b c2 73 0c 8b c8 48 8b 47 30 48 8b 


Register to memory mapping:

RAX=0x0000000000000000 is an unknown value
RBX=0x0000000000000000 is an unknown value
RCX=0x0000000067e7e020 is an unknown value
RDX=0x0000000000008000 is an unknown value
RSP=0x0000000028d4b900 is pointing into the stack for thread: 0x00000000276f8000
RBP=0x000000005964b9a8 is an unknown value
RSI=0x0000000067e7e020 is an unknown value
RDI=0x0000000028d4bdd0 is pointing into the stack for thread: 0x00000000276f8000
R8 =0x0000000000000000 is an unknown value
R9 =0x000000004908efb0 is an unknown value
R10=0x0000000028d4bdd0 is pointing into the stack for thread: 0x00000000276f8000
R11=0x000000002ba8cff0 is an unknown value
R12=0x000000002a8e54b8 is an unknown value
R13=0x000000002c16d6e0 is an unknown value
R14=0x0000000028d4b9e8 is pointing into the stack for thread: 0x00000000276f8000
R15=0x0000000028d4ba08 is pointing into the stack for thread: 0x00000000276f8000


Stack: [0x0000000028c50000,0x0000000028d50000],  sp=0x0000000028d4b900,  free space=1006k
Native frames: (J=compiled Java code, j=interpreted, Vv=VM code, C=native code)
V  [jvm.dll+0x4b623f]
V  [jvm.dll+0x4b7a49]
V  [jvm.dll+0x4b992f]
V  [jvm.dll+0x46c011]
V  [jvm.dll+0x46cd4e]
V  [jvm.dll+0x4501a2]
V  [jvm.dll+0xa43a2]
V  [jvm.dll+0xa4cdf]
V  [jvm.dll+0x2418a4]
V  [jvm.dll+0x29846a]
C  [msvcr100.dll+0x21d9f]
C  [msvcr100.dll+0x21e3b]
C  [KERNEL32.DLL+0x17974]
C  [ntdll.dll+0x6a271]


Current CompileTask:
C2:  67616 15936       4       pl.asie.foamfix.client.Deduplicator::deduplicate0 (459 bytes)


---------------  P R O C E S S  ---------------

Java Threads: ( => current thread )
  0x00000000317a7000 JavaThread "Thread-8" [_thread_blocked, id=17524, stack(0x000000004bf90000,0x000000004c090000)]
  0x00000000317a3000 JavaThread "Thread-7" [_thread_blocked, id=15772, stack(0x000000004b780000,0x000000004b880000)]
  0x00000000317a6000 JavaThread "pool-3-thread-1" [_thread_blocked, id=10792, stack(0x0000000048930000,0x0000000048a30000)]
  0x000000003179e800 JavaThread "C&B Model Cache Cleanup" [_thread_blocked, id=6712, stack(0x0000000048410000,0x0000000048510000)]
  0x00000000317a4000 JavaThread "Weather2 Foliage Enhancer" [_thread_blocked, id=5700, stack(0x0000000045d70000,0x0000000045e70000)]
  0x000000003179d000 JavaThread "Weather2 Scene Enhancer" [_thread_blocked, id=11556, stack(0x0000000045200000,0x0000000045300000)]
  0x00000000317a1000 JavaThread "ForkJoinPool.commonPool-worker-1" daemon [_thread_blocked, id=11884, stack(0x0000000045000000,0x0000000045100000)]
  0x000000003246b800 JavaThread "ForkJoinPool.commonPool-worker-15" daemon [_thread_blocked, id=800, stack(0x0000000044e00000,0x0000000044f00000)]
  0x0000000032469800 JavaThread "ForkJoinPool.commonPool-worker-13" daemon [_thread_blocked, id=15788, stack(0x0000000044b00000,0x0000000044c00000)]
  0x0000000032468800 JavaThread "ForkJoinPool.commonPool-worker-4" daemon [_thread_blocked, id=17336, stack(0x0000000044a00000,0x0000000044b00000)]
  0x000000002c306800 JavaThread "ForkJoinPool.commonPool-worker-2" daemon [_thread_blocked, id=18180, stack(0x0000000044310000,0x0000000044410000)]
  0x000000002e2aa800 JavaThread "LWJGL Timer" daemon [_thread_blocked, id=15808, stack(0x0000000043d00000,0x0000000043e00000)]
  0x000000002bdda800 JavaThread "Thread-3" [_thread_blocked, id=14004, stack(0x0000000042a80000,0x0000000042b80000)]
  0x00000000317ac800 JavaThread "Java2D Disposer" daemon [_thread_blocked, id=15628, stack(0x0000000034c30000,0x0000000034d30000)]
  0x0000000031915000 JavaThread "Timer hack thread" daemon [_thread_blocked, id=3652, stack(0x00000000348c0000,0x00000000349c0000)]
  0x000000002d7ad800 JavaThread "Snooper Timer" daemon [_thread_blocked, id=3596, stack(0x000000002eff0000,0x000000002f0f0000)]
  0x0000000027789000 JavaThread "Service Thread" daemon [_thread_blocked, id=16928, stack(0x0000000029050000,0x0000000029150000)]
  0x0000000027707000 JavaThread "C1 CompilerThread3" daemon [_thread_blocked, id=18252, stack(0x0000000028f50000,0x0000000029050000)]
  0x0000000027706000 JavaThread "C2 CompilerThread2" daemon [_thread_in_native, id=11244, stack(0x0000000028e50000,0x0000000028f50000)]
  0x00000000276fc000 JavaThread "C2 CompilerThread1" daemon [_thread_in_native, id=1460, stack(0x0000000028d50000,0x0000000028e50000)]
=>0x00000000276f8000 JavaThread "C2 CompilerThread0" daemon [_thread_in_native, id=7404, stack(0x0000000028c50000,0x0000000028d50000)]
  0x00000000276f4800 JavaThread "Attach Listener" daemon [_thread_blocked, id=8428, stack(0x0000000028b50000,0x0000000028c50000)]
  0x00000000276f1800 JavaThread "Signal Dispatcher" daemon [_thread_blocked, id=17956, stack(0x0000000028a50000,0x0000000028b50000)]
  0x000000002601f000 JavaThread "Finalizer" daemon [_thread_blocked, id=11136, stack(0x0000000028950000,0x0000000028a50000)]
  0x0000000026018000 JavaThread "Reference Handler" daemon [_thread_blocked, id=1832, stack(0x0000000028850000,0x0000000028950000)]
  0x0000000002c75800 JavaThread "Client thread" [_thread_in_Java, id=5704, stack(0x0000000002b70000,0x0000000002c70000)]

Other Threads:
  0x00000000276c2800 VMThread [stack: 0x0000000028750000,0x0000000028850000] [id=9720]
  0x000000002778a800 WatcherThread [stack: 0x0000000029150000,0x0000000029250000] [id=11984]

VM state:not at safepoint (normal execution)

VM Mutex/Monitor currently owned by a thread: None

Heap:
 PSYoungGen      total 2182144K, used 1189593K [0x0000000715380000, 0x00000007c0000000, 0x00000007c0000000)
  eden space 1849856K, 46% used [0x0000000715380000,0x00000007498b7c30,0x0000000786200000)
  from space 332288K, 99% used [0x00000007abb80000,0x00000007bfffeab0,0x00000007c0000000)
  to   space 474112K, 0% used [0x0000000786200000,0x0000000786200000,0x00000007a3100000)
 ParOldGen       total 1098240K, used 810426K [0x00000005bfa00000, 0x0000000602a80000, 0x0000000715380000)
  object space 1098240K, 73% used [0x00000005bfa00000,0x00000005f116e860,0x0000000602a80000)
 Metaspace       used 134258K, capacity 137147K, committed 137640K, reserved 1163264K
  class space    used 22121K, capacity 23082K, committed 23208K, reserved 1048576K

Card table byte_map: [0x0000000012130000,0x0000000013140000] byte_map_base: 0x000000000f333000

Marking Bits: (ParMarkBitMap*) 0x00000000572c4040
 Begin Bits: [0x00000000145f0000, 0x000000001c608000)
 End Bits:   [0x000000001c608000, 0x0000000024620000)

Polling page: 0x0000000001060000

CodeCache: size=245760Kb used=45311Kb max_used=45311Kb free=200449Kb
 bounds [0x0000000002d70000, 0x0000000005a00000, 0x0000000011d70000]
 total_blobs=12446 nmethods=11195 adapters=1162
 compilation: enabled

Compilation events (10 events):
Event: 67.556 Thread 0x0000000027707000 15987       3       java.lang.invoke.MethodHandleNatives::refKindIsSetter (20 bytes)
Event: 67.556 Thread 0x0000000027707000 nmethod 15987 0x00000000059d2e10 code [0x00000000059d2f80, 0x00000000059d32d0]
Event: 67.557 Thread 0x0000000027707000 15988       3       java.lang.invoke.MethodHandles$Lookup::unreflectSetter (7 bytes)
Event: 67.557 Thread 0x0000000027707000 nmethod 15988 0x0000000005407e50 code [0x0000000005407fc0, 0x0000000005408148]
Event: 67.557 Thread 0x0000000027707000 15990       3       java.lang.invoke.DirectMethodHandle::preparedFieldLambdaForm (46 bytes)
Event: 67.557 Thread 0x0000000027707000 nmethod 15990 0x0000000005347050 code [0x0000000005347260, 0x0000000005347bc8]
Event: 67.557 Thread 0x0000000027707000 15989       3       java.lang.invoke.MemberName::isSetter (8 bytes)
Event: 67.558 Thread 0x0000000027707000 nmethod 15989 0x0000000005346a10 code [0x0000000005346ba0, 0x0000000005346f38]
Event: 67.561 Thread 0x0000000027707000 15992       3       java.lang.invoke.MethodHandles$Lookup::unreflectGetter (7 bytes)
Event: 67.561 Thread 0x0000000027707000 nmethod 15992 0x00000000053fa050 code [0x00000000053fa1c0, 0x00000000053fa348]

GC Heap History (10 events):
Event: 45.193 GC heap before
{Heap before GC invocations=29 (full 5):
 PSYoungGen      total 2342400K, used 175099K [0x0000000715380000, 0x00000007c0000000, 0x00000007c0000000)
  eden space 2167296K, 0% used [0x0000000715380000,0x0000000715380000,0x0000000799800000)
  from space 175104K, 99% used [0x00000007b5500000,0x00000007bfffeda8,0x00000007c0000000)
  to   space 315392K, 0% used [0x0000000799800000,0x0000000799800000,0x00000007acc00000)
 ParOldGen       total 660480K, used 628876K [0x00000005bfa00000, 0x00000005e7f00000, 0x0000000715380000)
  object space 660480K, 95% used [0x00000005bfa00000,0x00000005e60231e0,0x00000005e7f00000)
 Metaspace       used 130569K, capacity 133171K, committed 133800K, reserved 1161216K
  class space    used 21741K, capacity 22650K, committed 22696K, reserved 1048576K
Event: 46.139 GC heap after
Heap after GC invocations=29 (full 5):
 PSYoungGen      total 2342400K, used 13587K [0x0000000715380000, 0x00000007c0000000, 0x00000007c0000000)
  eden space 2167296K, 0% used [0x0000000715380000,0x0000000715380000,0x0000000799800000)
  from space 175104K, 7% used [0x00000007b5500000,0x00000007b6244fb8,0x00000007c0000000)
  to   space 315392K, 0% used [0x0000000799800000,0x0000000799800000,0x00000007acc00000)
 ParOldGen       total 1098240K, used 660060K [0x00000005bfa00000, 0x0000000602a80000, 0x0000000715380000)
  object space 1098240K, 60% used [0x00000005bfa00000,0x00000005e7e97148,0x0000000602a80000)
 Metaspace       used 130569K, capacity 133171K, committed 133800K, reserved 1161216K
  class space    used 21741K, capacity 22650K, committed 22696K, reserved 1048576K
}
Event: 50.087 GC heap before
{Heap before GC invocations=30 (full 5):
 PSYoungGen      total 2342400K, used 2180883K [0x0000000715380000, 0x00000007c0000000, 0x00000007c0000000)
  eden space 2167296K, 100% used [0x0000000715380000,0x0000000799800000,0x0000000799800000)
  from space 175104K, 7% used [0x00000007b5500000,0x00000007b6244fb8,0x00000007c0000000)
  to   space 315392K, 0% used [0x0000000799800000,0x0000000799800000,0x00000007acc00000)
 ParOldGen       total 1098240K, used 660060K [0x00000005bfa00000, 0x0000000602a80000, 0x0000000715380000)
  object space 1098240K, 60% used [0x00000005bfa00000,0x00000005e7e97148,0x0000000602a80000)
 Metaspace       used 132296K, capacity 134991K, committed 135592K, reserved 1161216K
  class space    used 21944K, capacity 22896K, committed 22952K, reserved 1048576K
Event: 50.180 GC heap after
Heap after GC invocations=30 (full 5):
 PSYoungGen      total 2395648K, used 227886K [0x0000000715380000, 0x00000007c0000000, 0x00000007c0000000)
  eden space 2167296K, 0% used [0x0000000715380000,0x0000000715380000,0x0000000799800000)
  from space 228352K, 99% used [0x0000000799800000,0x00000007a768b858,0x00000007a7700000)
  to   space 332288K, 0% used [0x00000007abb80000,0x00000007abb80000,0x00000007c0000000)
 ParOldGen       total 1098240K, used 661457K [0x00000005bfa00000, 0x0000000602a80000, 0x0000000715380000)
  object space 1098240K, 60% used [0x00000005bfa00000,0x00000005e7ff4428,0x0000000602a80000)
 Metaspace       used 132296K, capacity 134991K, committed 135592K, reserved 1161216K
  class space    used 21944K, capacity 22896K, committed 22952K, reserved 1048576K
}
Event: 52.358 GC heap before
{Heap before GC invocations=31 (full 5):
 PSYoungGen      total 2395648K, used 2395182K [0x0000000715380000, 0x00000007c0000000, 0x00000007c0000000)
  eden space 2167296K, 100% used [0x0000000715380000,0x0000000799800000,0x0000000799800000)
  from space 228352K, 99% used [0x0000000799800000,0x00000007a768b858,0x00000007a7700000)
  to   space 332288K, 0% used [0x00000007abb80000,0x00000007abb80000,0x00000007c0000000)
 ParOldGen       total 1098240K, used 661457K [0x00000005bfa00000, 0x0000000602a80000, 0x0000000715380000)
  object space 1098240K, 60% used [0x00000005bfa00000,0x00000005e7ff4428,0x0000000602a80000)
 Metaspace       used 132317K, capacity 134991K, committed 135592K, reserved 1161216K
  class space    used 21944K, capacity 22896K, committed 22952K, reserved 1048576K
Event: 52.387 GC heap after
Heap after GC invocations=31 (full 5):
 PSYoungGen      total 2473472K, used 74984K [0x0000000715380000, 0x00000007c0000000, 0x00000007c0000000)
  eden space 2141184K, 0% used [0x0000000715380000,0x0000000715380000,0x0000000797e80000)
  from space 332288K, 22% used [0x00000007abb80000,0x00000007b04ba008,0x00000007c0000000)
  to   space 324608K, 0% used [0x0000000797e80000,0x0000000797e80000,0x00000007abb80000)
 ParOldGen       total 1098240K, used 661465K [0x00000005bfa00000, 0x0000000602a80000, 0x0000000715380000)
  object space 1098240K, 60% used [0x00000005bfa00000,0x00000005e7ff6428,0x0000000602a80000)
 Metaspace       used 132317K, capacity 134991K, committed 135592K, reserved 1161216K
  class space    used 21944K, capacity 22896K, committed 22952K, reserved 1048576K
}
Event: 56.886 GC heap before
{Heap before GC invocations=32 (full 5):
 PSYoungGen      total 2473472K, used 2216168K [0x0000000715380000, 0x00000007c0000000, 0x00000007c0000000)
  eden space 2141184K, 100% used [0x0000000715380000,0x0000000797e80000,0x0000000797e80000)
  from space 332288K, 22% used [0x00000007abb80000,0x00000007b04ba008,0x00000007c0000000)
  to   space 324608K, 0% used [0x0000000797e80000,0x0000000797e80000,0x00000007abb80000)
 ParOldGen       total 1098240K, used 661465K [0x00000005bfa00000, 0x0000000602a80000, 0x0000000715380000)
  object space 1098240K, 60% used [0x00000005bfa00000,0x00000005e7ff6428,0x0000000602a80000)
 Metaspace       used 132551K, capacity 135253K, committed 135848K, reserved 1163264K
  class space    used 21953K, capacity 22897K, committed 22952K, reserved 1048576K
Event: 56.988 GC heap after
Heap after GC invocations=32 (full 5):
 PSYoungGen      total 2465792K, used 324582K [0x0000000715380000, 0x00000007c0000000, 0x00000007c0000000)
  eden space 2141184K, 0% used [0x0000000715380000,0x0000000715380000,0x0000000797e80000)
  from space 324608K, 99% used [0x0000000797e80000,0x00000007abb79888,0x00000007abb80000)
  to   space 332288K, 0% used [0x00000007abb80000,0x00000007abb80000,0x00000007c0000000)
 ParOldGen       total 1098240K, used 667366K [0x00000005bfa00000, 0x0000000602a80000, 0x0000000715380000)
  object space 1098240K, 60% used [0x00000005bfa00000,0x00000005e85b9aa8,0x0000000602a80000)
 Metaspace       used 132551K, capacity 135253K, committed 135848K, reserved 1163264K
  class space    used 21953K, capacity 22897K, committed 22952K, reserved 1048576K
}
Event: 66.396 GC heap before
{Heap before GC invocations=33 (full 5):
 PSYoungGen      total 2465792K, used 2465766K [0x0000000715380000, 0x00000007c0000000, 0x00000007c0000000)
  eden space 2141184K, 100% used [0x0000000715380000,0x0000000797e80000,0x0000000797e80000)
  from space 324608K, 99% used [0x0000000797e80000,0x00000007abb79888,0x00000007abb80000)
  to   space 332288K, 0% used [0x00000007abb80000,0x00000007abb80000,0x00000007c0000000)
 ParOldGen       total 1098240K, used 667366K [0x00000005bfa00000, 0x0000000602a80000, 0x0000000715380000)
  object space 1098240K, 60% used [0x00000005bfa00000,0x00000005e85b9aa8,0x0000000602a80000)
 Metaspace       used 133708K, capacity 136533K, committed 137000K, reserved 1163264K
  class space    used 22064K, capacity 23037K, committed 23080K, reserved 1048576K
Event: 66.520 GC heap after
Heap after GC invocations=33 (full 5):
 PSYoungGen      total 2182144K, used 332282K [0x0000000715380000, 0x00000007c0000000, 0x00000007c0000000)
  eden space 1849856K, 0% used [0x0000000715380000,0x0000000715380000,0x0000000786200000)
  from space 332288K, 99% used [0x00000007abb80000,0x00000007bfffeab0,0x00000007c0000000)
  to   space 474112K, 0% used [0x0000000786200000,0x0000000786200000,0x00000007a3100000)
 ParOldGen       total 1098240K, used 810426K [0x00000005bfa00000, 0x0000000602a80000, 0x0000000715380000)
  object space 1098240K, 73% used [0x00000005bfa00000,0x00000005f116e860,0x0000000602a80000)
 Metaspace       used 133708K, capacity 136533K, committed 137000K, reserved 1163264K
  class space    used 22064K, capacity 23037K, committed 23080K, reserved 1048576K
}

Deoptimization events (10 events):
Event: 67.504 Thread 0x0000000002c75800 Uncommon trap: reason=class_check action=maybe_recompile pc=0x0000000003777b70 method=com.google.common.collect.ImmutableSet$Indexed.iterator()Ljava/util/Iterator; @ 1
Event: 67.504 Thread 0x0000000002c75800 Uncommon trap: reason=class_check action=maybe_recompile pc=0x0000000003777b70 method=com.google.common.collect.ImmutableSet$Indexed.iterator()Ljava/util/Iterator; @ 1
Event: 67.504 Thread 0x0000000002c75800 Uncommon trap: reason=class_check action=maybe_recompile pc=0x0000000003777b70 method=com.google.common.collect.ImmutableSet$Indexed.iterator()Ljava/util/Iterator; @ 1
Event: 67.508 Thread 0x0000000002c75800 Uncommon trap: reason=unstable_if action=reinterpret pc=0x00000000056d05a0 method=net.minecraftforge.client.model.MultiModelState$MultiModelPart.equals(Ljava/lang/Object;)Z @ 2
Event: 67.516 Thread 0x0000000002c75800 Uncommon trap: reason=class_check action=maybe_recompile pc=0x000000000579fcd0 method=com.google.common.collect.AbstractMapBasedMultimap$KeySet$1.hasNext()Z @ 4
Event: 67.517 Thread 0x0000000002c75800 Uncommon trap: reason=unstable_if action=reinterpret pc=0x00000000059d9b50 method=pl.asie.foamfix.client.Deduplicator.deduplicateObject(Ljava/lang/Object;I)Ljava/lang/Object; @ 2217
Event: 67.518 Thread 0x0000000002c75800 Uncommon trap: reason=class_check action=maybe_recompile pc=0x000000000579fcd0 method=com.google.common.collect.AbstractMapBasedMultimap$KeySet$1.hasNext()Z @ 4
Event: 67.523 Thread 0x0000000002c75800 Uncommon trap: reason=class_check action=maybe_recompile pc=0x000000000579fcd0 method=com.google.common.collect.AbstractMapBasedMultimap$KeySet$1.hasNext()Z @ 4
Event: 67.523 Thread 0x0000000002c75800 Uncommon trap: reason=class_check action=maybe_recompile pc=0x000000000579fcd0 method=com.google.common.collect.AbstractMapBasedMultimap$KeySet$1.hasNext()Z @ 4
Event: 67.531 Thread 0x0000000002c75800 Uncommon trap: reason=unstable_if action=reinterpret pc=0x0000000004c1b080 method=net.minecraft.util.ResourceLocation.equals(Ljava/lang/Object;)Z @ 11

Internal exceptions (10 events):
Event: 41.095 Thread 0x00000000317a3000 Exception <a 'java/lang/InterruptedException': sleep interrupted> (0x00000007819db518) thrown at [C:\re\workspace\8-2-build-windows-amd64-cygwin\jdk8u51\3951\hotspot\src\share\vm\prims\jvm.cpp, line 3211]
Event: 41.131 Thread 0x0000000002c75800 Exception <a 'java/lang/IncompatibleClassChangeError': Found class java.lang.Object, but interface was expected> (0x000000079133bdb0) thrown at [C:\re\workspace\8-2-build-windows-amd64-cygwin\jdk8u51\3951\hotspot\src\share\vm\interpreter\linkResolver.cpp, ”«◊˘ÍE@
Event: 43.829 Thread 0x0000000002c75800 Implicit null exception at 0x0000000004bd5e01 to 0x0000000004bd8451
Event: 43.829 Thread 0x0000000002c75800 Implicit null exception at 0x0000000004f0b242 to 0x0000000004f0b2f5
Event: 47.757 Thread 0x0000000002c75800 Exception <a 'java/io/FileNotFoundException'> (0x0000000755832150) thrown at [C:\re\workspace\8-2-build-windows-amd64-cygwin\jdk8u51\3951\hotspot\src\share\vm\prims\jni.cpp, line 709]
Event: 52.619 Thread 0x0000000002c75800 Implicit null exception at 0x0000000004d8c7bc to 0x0000000004d8c951
Event: 64.674 Thread 0x0000000002c75800 Exception <a 'java/lang/NoSuchMethodError': java.lang.Object.lambda$makeTexture$0(I)[Lnet/minecraft/client/renderer/texture/TextureAtlasSprite;> (0x000000073ae89d28) thrown at [C:\re\workspace\8-2-build-windows-amd64-cygwin\jdk8u51\3951\hotspot\src\share\vå‹.èê,P@
Event: 64.696 Thread 0x0000000002c75800 Exception <a 'java/lang/IncompatibleClassChangeError': Found class java.lang.Object, but interface was expected> (0x000000073b706f90) thrown at [C:\re\workspace\8-2-build-windows-amd64-cygwin\jdk8u51\3951\hotspot\src\share\vm\interpreter\linkResolver.cpp, ÙÁ6<ò,P@
Event: 64.697 Thread 0x0000000002c75800 Exception <a 'java/lang/IncompatibleClassChangeError': Found class java.lang.Object, but interface was expected> (0x000000073b70d180) thrown at [C:\re\workspace\8-2-build-windows-amd64-cygwin\jdk8u51\3951\hotspot\src\share\vm\interpreter\linkResolver.cpp, „iû»∏÷P@
Event: 67.355 Thread 0x0000000002c75800 Implicit null exception at 0x0000000005727da6 to 0x000000000572a771

Events (10 events):
Event: 67.523 Thread 0x0000000002c75800 DEOPT UNPACKING pc=0x0000000002db582a sp=0x0000000002c6dde8 mode 2
Event: 67.525 Executing VM operation: ForceSafepoint
Event: 67.525 Executing VM operation: ForceSafepoint done
Event: 67.531 Thread 0x0000000002c75800 Uncommon trap: trap_request=0xffffff65 fr.pc=0x0000000004c1b080
Event: 67.531 Thread 0x0000000002c75800 DEOPT PACKING pc=0x0000000004c1b080 sp=0x0000000002c6d2f0
Event: 67.531 Thread 0x0000000002c75800 DEOPT UNPACKING pc=0x0000000002db582a sp=0x0000000002c6d280 mode 2
Event: 67.543 loading class gnu/trove/map/hash/THashMap$KeyView
Event: 67.543 loading class gnu/trove/map/hash/THashMap$KeyView done
Event: 67.548 loading class net/optifine/shaders/MultiTexID
Event: 67.548 loading class net/optifine/shaders/MultiTexID done


Dynamic libraries:
0x00007ff760e00000 - 0x00007ff760e37000 	C:\Users\Zakarail\Twitch\Minecraft\Install\runtime\jre-x64\bin\javaw.exe
0x00007ffd1aa60000 - 0x00007ffd1ac4d000 	C:\WINDOWS\SYSTEM32\ntdll.dll
0x00007ffd12e00000 - 0x00007ffd12e14000 	C:\Program Files\AVAST Software\Avast\aswhook.dll
0x00007ffd1a7f0000 - 0x00007ffd1a8a3000 	C:\WINDOWS\System32\KERNEL32.DLL
0x00007ffd17130000 - 0x00007ffd173c3000 	C:\WINDOWS\System32\KERNELBASE.dll
0x00007ffd19aa0000 - 0x00007ffd19b43000 	C:\WINDOWS\System32\ADVAPI32.dll
0x00007ffd19c90000 - 0x00007ffd19d2e000 	C:\WINDOWS\System32\msvcrt.dll
0x00007ffd1a510000 - 0x00007ffd1a5ae000 	C:\WINDOWS\System32\sechost.dll
0x00007ffd19b50000 - 0x00007ffd19c72000 	C:\WINDOWS\System32\RPCRT4.dll
0x00007ffd18370000 - 0x00007ffd18507000 	C:\WINDOWS\System32\USER32.dll
0x00007ffd16bc0000 - 0x00007ffd16be0000 	C:\WINDOWS\System32\win32u.dll
0x00007ffd17d60000 - 0x00007ffd17d89000 	C:\WINDOWS\System32\GDI32.dll
0x00007ffd16f30000 - 0x00007ffd170c9000 	C:\WINDOWS\System32\gdi32full.dll
0x00007ffd16cb0000 - 0x00007ffd16d50000 	C:\WINDOWS\System32\msvcp_win.dll
0x00007ffd17c00000 - 0x00007ffd17cfa000 	C:\WINDOWS\System32\ucrtbase.dll
0x00007ffd0aac0000 - 0x00007ffd0ad39000 	C:\WINDOWS\WinSxS\amd64_microsoft.windows.common-controls_6595b64144ccf1df_6.0.17763.864_none_05b3441807210760\COMCTL32.dll
0x00007ffd19d90000 - 0x00007ffd1a0bc000 	C:\WINDOWS\System32\combase.dll
0x00007ffd16be0000 - 0x00007ffd16c5e000 	C:\WINDOWS\System32\bcryptPrimitives.dll
0x00007ffd17d90000 - 0x00007ffd17dbe000 	C:\WINDOWS\System32\IMM32.DLL
0x0000000057350000 - 0x0000000057422000 	C:\Users\Zakarail\Twitch\Minecraft\Install\runtime\jre-x64\bin\msvcr100.dll
0x0000000056ac0000 - 0x0000000057343000 	C:\Users\Zakarail\Twitch\Minecraft\Install\runtime\jre-x64\bin\server\jvm.dll
0x00007ffd1a5b0000 - 0x00007ffd1a5b8000 	C:\WINDOWS\System32\PSAPI.DLL
0x00007ffd08830000 - 0x00007ffd08839000 	C:\WINDOWS\SYSTEM32\WSOCK32.dll
0x00007ffd18510000 - 0x00007ffd1857d000 	C:\WINDOWS\System32\WS2_32.dll
0x00007ffd14b40000 - 0x00007ffd14b64000 	C:\WINDOWS\SYSTEM32\WINMM.dll
0x00007ffd10e00000 - 0x00007ffd10e0a000 	C:\WINDOWS\SYSTEM32\VERSION.dll
0x00007ffd14b10000 - 0x00007ffd14b3d000 	C:\WINDOWS\SYSTEM32\WINMMBASE.dll
0x00007ffd16c60000 - 0x00007ffd16caa000 	C:\WINDOWS\System32\cfgmgr32.dll
0x0000000056ab0000 - 0x0000000056abf000 	C:\Users\Zakarail\Twitch\Minecraft\Install\runtime\jre-x64\bin\verify.dll
0x0000000056a80000 - 0x0000000056aa9000 	C:\Users\Zakarail\Twitch\Minecraft\Install\runtime\jre-x64\bin\java.dll
0x0000000056a60000 - 0x0000000056a76000 	C:\Users\Zakarail\Twitch\Minecraft\Install\runtime\jre-x64\bin\zip.dll
0x00007ffd185a0000 - 0x00007ffd19a94000 	C:\WINDOWS\System32\SHELL32.dll
0x00007ffd1a740000 - 0x00007ffd1a7e8000 	C:\WINDOWS\System32\shcore.dll
0x00007ffd174b0000 - 0x00007ffd17bfd000 	C:\WINDOWS\System32\windows.storage.dll
0x00007ffd16ad0000 - 0x00007ffd16af4000 	C:\WINDOWS\System32\profapi.dll
0x00007ffd16b00000 - 0x00007ffd16b5d000 	C:\WINDOWS\System32\powrprof.dll
0x00007ffd1a280000 - 0x00007ffd1a2d2000 	C:\WINDOWS\System32\shlwapi.dll
0x00007ffd16b80000 - 0x00007ffd16b91000 	C:\WINDOWS\System32\kernel.appcore.dll
0x00007ffd16ba0000 - 0x00007ffd16bb7000 	C:\WINDOWS\System32\cryptsp.dll
0x0000000056a50000 - 0x0000000056a5d000 	C:\Users\Zakarail\Twitch\Minecraft\Install\runtime\jre-x64\bin\management.dll
0x0000000056a30000 - 0x0000000056a4a000 	C:\Users\Zakarail\Twitch\Minecraft\Install\runtime\jre-x64\bin\net.dll
0x00007ffd16340000 - 0x00007ffd163a7000 	C:\WINDOWS\system32\mswsock.dll
0x00007ffcfab80000 - 0x00007ffcfab96000 	C:\WINDOWS\system32\napinsp.dll
0x00007ffcf9cb0000 - 0x00007ffcf9cca000 	C:\WINDOWS\system32\pnrpnsp.dll
0x00007ffd160a0000 - 0x00007ffd16166000 	C:\WINDOWS\SYSTEM32\DNSAPI.dll
0x00007ffd19c80000 - 0x00007ffd19c88000 	C:\WINDOWS\System32\NSI.dll
0x00007ffd16060000 - 0x00007ffd1609d000 	C:\WINDOWS\SYSTEM32\IPHLPAPI.DLL
0x00007ffcfab70000 - 0x00007ffcfab7e000 	C:\WINDOWS\System32\winrnr.dll
0x00007ffd13370000 - 0x00007ffd1338b000 	C:\WINDOWS\system32\NLAapi.dll
0x00007ffcf9c90000 - 0x00007ffcf9ca5000 	C:\WINDOWS\system32\wshbth.dll
0x00007ffd09960000 - 0x00007ffd0996a000 	C:\Windows\System32\rasadhlp.dll
0x00007ffd09990000 - 0x00007ffd09a09000 	C:\WINDOWS\System32\fwpuclnt.dll
0x00007ffd17480000 - 0x00007ffd174a6000 	C:\WINDOWS\System32\bcrypt.dll
0x0000000056a10000 - 0x0000000056a21000 	C:\Users\Zakarail\Twitch\Minecraft\Install\runtime\jre-x64\bin\nio.dll
0x00000000569e0000 - 0x0000000056a04000 	C:\Users\Zakarail\Twitch\Minecraft\Install\runtime\jre-x64\bin\sunec.dll
0x00007ffd15ec0000 - 0x00007ffd15ef3000 	C:\WINDOWS\system32\rsaenh.dll
0x00007ffd16a00000 - 0x00007ffd16a28000 	C:\WINDOWS\SYSTEM32\USERENV.dll
0x00007ffd16510000 - 0x00007ffd1651c000 	C:\WINDOWS\SYSTEM32\CRYPTBASE.dll
0x00007ffd0e710000 - 0x00007ffd0e726000 	C:\WINDOWS\SYSTEM32\dhcpcsvc6.DLL
0x00007ffd0efe0000 - 0x00007ffd0effc000 	C:\WINDOWS\SYSTEM32\dhcpcsvc.DLL
0x00000000569c0000 - 0x00000000569d7000 	C:\Users\Zakarail\Twitch\Minecraft\Install\runtime\jre-x64\bin\unpack.dll
0x0000000180000000 - 0x0000000180053000 	C:\Users\Zakarail\Twitch\Minecraft\Install\bin\96c3-8a5b-6fe4-a2e5\lwjgl64.dll
0x00007ffcd54d0000 - 0x00007ffcd55f7000 	C:\WINDOWS\SYSTEM32\OPENGL32.dll
0x00007ffcd69f0000 - 0x00007ffcd6a1c000 	C:\WINDOWS\SYSTEM32\GLU32.dll
0x0000000056820000 - 0x00000000569b8000 	C:\Users\Zakarail\Twitch\Minecraft\Install\runtime\jre-x64\bin\awt.dll
0x00007ffd1a670000 - 0x00007ffd1a734000 	C:\WINDOWS\System32\OLEAUT32.dll
0x00007ffd14d70000 - 0x00007ffd14dfc000 	C:\WINDOWS\SYSTEM32\apphelp.dll
0x00007ffd150a0000 - 0x00007ffd1513c000 	C:\WINDOWS\system32\uxtheme.dll
0x00007ffd1a8c0000 - 0x00007ffd1aa2c000 	C:\WINDOWS\System32\MSCTF.dll
0x00007ffd15190000 - 0x00007ffd151be000 	C:\WINDOWS\system32\dwmapi.dll
0x00007ffd16d50000 - 0x00007ffd16f2b000 	C:\WINDOWS\System32\CRYPT32.dll
0x00007ffd16b60000 - 0x00007ffd16b72000 	C:\WINDOWS\System32\MSASN1.dll
0x00007ffd089d0000 - 0x00007ffd08a65000 	C:\WINDOWS\System32\TextInputFramework.dll
0x00007ffd124f0000 - 0x00007ffd12812000 	C:\WINDOWS\System32\CoreUIComponents.dll
0x00007ffd146c0000 - 0x00007ffd147a2000 	C:\WINDOWS\System32\CoreMessaging.dll
0x00007ffd15b40000 - 0x00007ffd15b71000 	C:\WINDOWS\SYSTEM32\ntmarta.dll
0x00007ffd12b50000 - 0x00007ffd12ca3000 	C:\WINDOWS\SYSTEM32\wintypes.dll
0x00000000540c0000 - 0x0000000056811000 	C:\WINDOWS\System32\DriverStore\FileRepository\nv_dispi.inf_amd64_db678424d2641c3d\nvoglv64.dll
0x00007ffd17dc0000 - 0x00007ffd18236000 	C:\WINDOWS\System32\SETUPAPI.dll
0x00007ffd1a0c0000 - 0x00007ffd1a215000 	C:\WINDOWS\System32\ole32.dll
0x00007ffd136b0000 - 0x00007ffd136c3000 	C:\WINDOWS\SYSTEM32\WTSAPI32.dll
0x00007ffd168e0000 - 0x00007ffd16909000 	C:\WINDOWS\SYSTEM32\DEVOBJ.dll
0x00007ffd170d0000 - 0x00007ffd17129000 	C:\WINDOWS\System32\WINTRUST.dll
0x00007ffcda810000 - 0x00007ffcdaab7000 	C:\WINDOWS\system32\nvspcap64.dll
0x00007ffd0e360000 - 0x00007ffd0e54d000 	C:\WINDOWS\SYSTEM32\dbghelp.dll
0x00007ffd0bb30000 - 0x00007ffd0bb5a000 	C:\WINDOWS\SYSTEM32\dbgcore.DLL
0x00007ffd0afb0000 - 0x00007ffd0b05d000 	C:\WINDOWS\SYSTEM32\mscms.dll
0x00007ffd0afa0000 - 0x00007ffd0afb0000 	C:\WINDOWS\SYSTEM32\ColorAdapterClient.dll
0x00007ffcfec70000 - 0x00007ffcfecb3000 	C:\WINDOWS\SYSTEM32\icm32.dll
0x00007ffd15bb0000 - 0x00007ffd15c08000 	C:\WINDOWS\SYSTEM32\WINSTA.dll
0x00007ffcf9f30000 - 0x00007ffcf9f72000 	C:\Users\Zakarail\AppData\Local\Temp\jna-1284044783\jna2549779027831518167.dll
0x0000000030890000 - 0x00000000308f4000 	C:\Users\Zakarail\Twitch\Minecraft\Install\bin\96c3-8a5b-6fe4-a2e5\OpenAL64.dll
0x00007ffd1a5c0000 - 0x00007ffd1a662000 	C:\WINDOWS\System32\clbcatq.dll
0x00007ffd10d80000 - 0x00007ffd10df0000 	C:\WINDOWS\System32\MMDevApi.dll
0x00007ffd134d0000 - 0x00007ffd13679000 	C:\WINDOWS\System32\PROPSYS.dll
0x00007ffcf4860000 - 0x00007ffcf48f6000 	C:\WINDOWS\SYSTEM32\dsound.dll
0x00007ffcf20b0000 - 0x00007ffcf21f8000 	C:\WINDOWS\SYSTEM32\AUDIOSES.DLL
0x00007ffd12b00000 - 0x00007ffd12b0a000 	C:\WINDOWS\SYSTEM32\AVRT.dll
0x00007ffd15400000 - 0x00007ffd15414000 	C:\WINDOWS\SYSTEM32\resourcepolicyclient.dll

VM Arguments:
jvm_args: -Dos.name=Windows 10 -Dos.version=10.0 -XX:HeapDumpPath=MojangTricksIntelDriversForPerformance_javaw.exe_minecraft.exe.heapdump -Djava.library.path=C:\Users\Zakarail\Twitch\Minecraft\Install\bin\96c3-8a5b-6fe4-a2e5 -Dminecraft.launcher.brand=minecraft-launcher -Dminecraft.launcher.version=2.1.9616 -Dminecraft.client.jar=C:\Users\Zakarail\Twitch\Minecraft\Install\versions\1.12.2\1.12.2.jar -Xmx8198m -Xms256m -XX:PermSize=256m -Dminecraft.applet.TargetDirectory=C:\Users\Zakarail\Twitch\Minecraft\Instances\Quest of Ages -Dfml.ignorePatchDiscrepancies=true -Dfml.ignoreInvalidMinecraftCertificates=true -Duser.language=en -Duser.country=US -Dlog4j.configurationFile=C:\Users\Zakarail\Twitch\Minecraft\Install\assets\log_configs\client-1.12.xml 
java_command: net.minecraft.launchwrapper.Launch --username Zakarail --version forge-14.23.5.2847 --gameDir C:\Users\Zakarail\Twitch\Minecraft\Instances\Quest of Ages --assetsDir C:\Users\Zakarail\Twitch\Minecraft\Install\assets --assetIndex 1.12 --uuid 77addc813bf74eacb38ad4795525b80d --accessToken eyJhbGciOiJIUzI1NiJ9.eyJzdWIiOiJjYTlhMDYwY2E0MGI0ODM2OGI1NGJhMjdlYjVmYjc0MyIsIm5iZiI6MTU3NDM3MDg5NiwieWdndCI6IjBlOTBiMGI1ZTc5YzQwOWM4MDg4N2VhNDU4ZDYxYTYwIiwic3ByIjoiNzdhZGRjODEzYmY3NGVhY2IzOGFkNDc5NTUyNWI4MGQiLCJyb2xlcyI6W10sImlzcyI6ImludGVybmFsLWF1dGhlbnRpY2F0aW9uIiwiZXhwIjoxNTc0NTQzNjk2LCJpYXQiOjE1NzQzNzA4OTZ9.8fnUiXraUIV2vTadA5SEgugcXI1VMt0ObPcjEPdbgAo --userType mojang --tweakClass net.minecraftforge.fml.common.launcher.FMLTweaker --versionType Forge --width 1024 --height 768
java_class_path (initial): C:\Users\Zakarail\Twitch\Minecraft\Install\libraries\net\minecraftforge\forge\1.12.2-14.23.5.2847\forge-1.12.2-14.23.5.2847.jar;C:\Users\Zakarail\Twitch\Minecraft\Install\libraries\net\minecraft\launchwrapper\1.12\launchwrapper-1.12.jar;C:\Users\Zakarail\Twitch\Minecraft\Install\libraries\org\ow2\asm\asm-all\5.2\asm-all-5.2.jar;C:\Users\Zakarail\Twitch\Minecraft\Install\libraries\org\jline\jline\3.5.1\jline-3.5.1.jar;C:\Users\Zakarail\Twitch\Minecraft\Install\libraries\net\java\dev\jna\jna\4.4.0\jna-4.4.0.jar;C:\Users\Zakarail\Twitch\Minecraft\Install\libraries\com\typesafe\akka\akka-actor_2.11\2.3.3\akka-actor_2.11-2.3.3.jar;C:\Users\Zakarail\Twitch\Minecraft\Install\libraries\com\typesafe\config\1.2.1\config-1.2.1.jar;C:\Users\Zakarail\Twitch\Minecraft\Install\libraries\org\scala-lang\scala-actors-migration_2.11\1.1.0\scala-actors-migration_2.11-1.1.0.jar;C:\Users\Zakarail\Twitch\Minecraft\Install\libraries\org\scala-lang\scala-compiler\2.11.1\scala-compiler-2.11.1.jar;C:\Users\Zakarail\Twitch\Minecraft\Install\libraries\org\scala-lang\plugins\scala-continuations-library_2.11\1.0.2\scala-continuations-library_2.11-1.0.2.jar;C:\Users\Zakarail\Twitch\Minecraft\Install\libraries\org\scala-lang\plugins\scala-continuations-plugin_2.11.1\1.0.2\scala-continuations-plugin_2.11.1-1.0.2.jar;C:\Users\Zakarail\Twitch\Minecraft\Install\libraries\org\scala-lang\scala-library\2.11.1\scala-library-2.11.1.jar;C:\Users\Zakarail\Twitch\Minecraft\Install\libraries\org\scala-lang\scala-parser-combinators_2.11\1.0.1\scala-parser-combinators_2.11-1.0.1.jar;C:\Users\Zakarail\Twitch\Minecraft\Install\libraries\org\scala-lang\scala-reflect\2.11.1\scala-reflect-2.11.1.jar;C:\Users\Zakarail\Twitch\Minecraft\Install\libraries\org\scala-lang\scala-swing_2.11\1.0.1\scala-swing_2.11-1.0.1.jar;C:\Users\Zakarail\Twitch\Minecraft\Install\libraries\org\scala-lang\scala-xml_2.11\1.0.2\scala-xml_2.11-1.0.2.jar;C:\Users\Zakarail\Twitch\Minecraft\Install\libraries\lzma\lzma\
Launcher Type: SUN_STANDARD

Environment Variables:
JAVA_HOME=C:\Program Files\Java\jdk-12
JRE_HOME=C:\Program Files\Java\jdk-12
PATH=C:\Windows\system32;C:\Windows;C:\Windows\System32\Wbem;C:\Windows\System32\WindowsPowerShell\v1.0\;C:\Program Files (x86)\NVIDIA Corporation\PhysX\Common;C:\Program Files\NVIDIA Corporation\NVIDIA NvDLISR;C:\WINDOWS\system32;C:\WINDOWS;C:\WINDOWS\System32\Wbem;C:\WINDOWS\System32\WindowsPowerShell\v1.0\;C:\WINDOWS\System32\OpenSSH\;C:\Program Files\Java\jdk-12\bin;C:\Program Files\Java\jdk-12\bin;C:\Program Files\Git\cmd;C:\Program Files\nodejs\;C:\Program Files\TortoiseGit\bin;C:\Users\Zakarail\AppData\Local\Microsoft\WindowsApps;;C:\Users\Zakarail\AppData\Local\Programs\Microsoft VS Code\bin;C:\Users\Zakarail\AppData\Roaming\npm
USERNAME=Zakarail
OS=Windows_NT
PROCESSOR_IDENTIFIER=Intel64 Family 6 Model 63 Stepping 2, GenuineIntel



---------------  S Y S T E M  ---------------

OS: Windows 10.0 , 64 bit Build 17763 (10.0.17763.475)

CPU:total 12 (6 cores per cpu, 2 threads per core) family 6 model 63 stepping 2, cmov, cx8, fxsr, mmx, sse, sse2, sse3, ssse3, sse4.1, sse4.2, popcnt, avx, avx2, aes, clmul, erms, lzcnt, ht, tsc, tscinvbit, bmi1, bmi2

Memory: 4k page, physical 33472580k(21973340k free), swap 38453316k(23367656k free)

vm_info: Java HotSpot(TM) 64-Bit Server VM (25.51-b03) for windows-amd64 JRE (1.8.0_51-b16), built on Jun  8 2015 18:03:07 by "java_re" with MS VC++ 10.0 (VS2010)

time: Sat Nov 23 14:50:34 2019
elapsed time: 67 seconds (0d 0h 1m 7s)

