#
# A fatal error has been detected by the Java Runtime Environment:
#
#  EXCEPTION_ACCESS_VIOLATION (0xc0000005) at pc=0x000000005962623f, pid=22100, tid=14152
#
# JRE version: Java(TM) SE Runtime Environment (8.0_51-b16) (build 1.8.0_51-b16)
# Java VM: Java HotSpot(TM) 64-Bit Server VM (25.51-b03 mixed mode windows-amd64 compressed oops)
# Problematic frame:
# V  [jvm.dll+0x4b623f]
#
# Failed to write core dump. Minidumps are not enabled by default on client versions of Windows
#
# If you would like to submit a bug report, please visit:
#   http://bugreport.java.com/bugreport/crash.jsp
#

---------------  T H R E A D  ---------------

Current thread (0x0000000027374000):  JavaThread "C2 CompilerThread2" daemon [_thread_in_native, id=14152, stack(0x0000000028ab0000,0x0000000028bb0000)]

siginfo: ExceptionCode=0xc0000005, reading address 0x0000000000000008

Registers:
RAX=0x0000000000000000, RBX=0x0000000000000000, RCX=0x000000002e1613e0, RDX=0x0000000000008000
RSP=0x0000000028babd70, RBP=0x0000000029ed8798, RSI=0x000000002e1613e0, RDI=0x0000000028bac240
R8 =0x0000000000000000, R9 =0x000000002d534fa0, R10=0x0000000028bac240, R11=0x000000002ea2a320
R12=0x000000002cde3100, R13=0x000000002b761458, R14=0x0000000028babe58, R15=0x0000000028babe78
RIP=0x000000005962623f, EFLAGS=0x0000000000010283

Top of Stack: (sp=0x0000000028babd70)
0x0000000028babd70:   0000000059fd4188 0000000029ed8798
0x0000000028babd80:   0000000029e452f0 0000000028bac240
0x0000000028babd90:   0000000029ed8798 0000000028babec8
0x0000000028babda0:   0000000028babf20 0000000059627a49
0x0000000028babdb0:   0000000059fd4188 000000000000079b
0x0000000028babdc0:   0000000000000002 000000002e1613e0
0x0000000028babdd0:   0000000028bacc10 000000005965a2b0
0x0000000028babde0:   00000000340aa950 000000002736d1c0
0x0000000028babdf0:   000000003012eb90 0000000028babf20
0x0000000028babe00:   000000002736d1c0 0000000000000000
0x0000000028babe10:   0000000028bac240 000000005962992f
0x0000000028babe20:   0000000028bac240 0000000000000001
0x0000000028babe30:   0000000000000002 000000003012eb90
0x0000000028babe40:   00000000340aa9a0 00000000340b2938
0x0000000028babe50:   00000000002491d8 000000002736d1c0
0x0000000028babe60:   0000000000000800 0000000032caf090 

Instructions: (pc=0x000000005962623f)
0x000000005962621f:   4c 89 64 24 50 4c 8b e0 4c 3b e8 0f 84 4f 01 00
0x000000005962622f:   00 44 8b 43 28 4c 8b 8f f0 09 00 00 4b 8b 1c c1
0x000000005962623f:   48 8b 43 08 48 83 38 00 75 2a 8b 57 28 0f 1f 40
0x000000005962624f:   00 8b 43 28 3b c2 73 0c 8b c8 48 8b 47 30 48 8b 


Register to memory mapping:

RAX=0x0000000000000000 is an unknown value
RBX=0x0000000000000000 is an unknown value
RCX=0x000000002e1613e0 is an unknown value
RDX=0x0000000000008000 is an unknown value
RSP=0x0000000028babd70 is pointing into the stack for thread: 0x0000000027374000
RBP=0x0000000029ed8798 is an unknown value
RSI=0x000000002e1613e0 is an unknown value
RDI=0x0000000028bac240 is pointing into the stack for thread: 0x0000000027374000
R8 =0x0000000000000000 is an unknown value
R9 =0x000000002d534fa0 is an unknown value
R10=0x0000000028bac240 is pointing into the stack for thread: 0x0000000027374000
R11=0x000000002ea2a320 is an unknown value
R12=0x000000002cde3100 is an unknown value
R13=0x000000002b761458 is an unknown value
R14=0x0000000028babe58 is pointing into the stack for thread: 0x0000000027374000
R15=0x0000000028babe78 is pointing into the stack for thread: 0x0000000027374000


Stack: [0x0000000028ab0000,0x0000000028bb0000],  sp=0x0000000028babd70,  free space=1007k
Native frames: (J=compiled Java code, j=interpreted, Vv=VM code, C=native code)
V  [jvm.dll+0x4b623f]
V  [jvm.dll+0x4b7a49]
V  [jvm.dll+0x4b992f]
V  [jvm.dll+0x46c011]
V  [jvm.dll+0x46cd4e]
V  [jvm.dll+0x4501a2]
V  [jvm.dll+0xa43a2]
V  [jvm.dll+0xa4cdf]
V  [jvm.dll+0x2418a4]
V  [jvm.dll+0x29846a]
C  [msvcr100.dll+0x21d9f]
C  [msvcr100.dll+0x21e3b]
C  [KERNEL32.DLL+0x17974]
C  [ntdll.dll+0x6a271]


Current CompileTask:
C2:  71286 15958       4       pl.asie.foamfix.client.Deduplicator::deduplicate0 (459 bytes)


---------------  P R O C E S S  ---------------

Java Threads: ( => current thread )
  0x000000002f358800 JavaThread "Thread-8" [_thread_blocked, id=22084, stack(0x0000000050e50000,0x0000000050f50000)]
  0x000000002f35d800 JavaThread "Thread-7" [_thread_blocked, id=23864, stack(0x0000000050d50000,0x0000000050e50000)]
  0x000000002f35f000 JavaThread "pool-3-thread-1" [_thread_blocked, id=4760, stack(0x000000004dc90000,0x000000004dd90000)]
  0x000000002f35d000 JavaThread "C&B Model Cache Cleanup" [_thread_blocked, id=25152, stack(0x000000004d7a0000,0x000000004d8a0000)]
  0x000000002f35c000 JavaThread "Weather2 Foliage Enhancer" [_thread_blocked, id=20984, stack(0x000000004c380000,0x000000004c480000)]
  0x00000000355cf800 JavaThread "Weather2 Scene Enhancer" [_thread_blocked, id=7872, stack(0x000000004c280000,0x000000004c380000)]
  0x00000000355cb800 JavaThread "ForkJoinPool.commonPool-worker-1" daemon [_thread_blocked, id=24276, stack(0x000000004ad90000,0x000000004ae90000)]
  0x00000000355ca000 JavaThread "ForkJoinPool.commonPool-worker-8" daemon [_thread_blocked, id=8896, stack(0x000000004aa90000,0x000000004ab90000)]
  0x00000000355cc800 JavaThread "ForkJoinPool.commonPool-worker-13" daemon [_thread_blocked, id=24864, stack(0x000000004a890000,0x000000004a990000)]
  0x00000000355cb000 JavaThread "ForkJoinPool.commonPool-worker-4" daemon [_thread_blocked, id=19612, stack(0x000000004a790000,0x000000004a890000)]
  0x00000000355d0000 JavaThread "ForkJoinPool.commonPool-worker-11" daemon [_thread_blocked, id=17904, stack(0x000000004a690000,0x000000004a790000)]
  0x000000002b4cd000 JavaThread "LWJGL Timer" daemon [_thread_blocked, id=13072, stack(0x0000000048390000,0x0000000048490000)]
  0x0000000029a47000 JavaThread "Thread-3" [_thread_blocked, id=22484, stack(0x0000000046f30000,0x0000000047030000)]
  0x000000002e367800 JavaThread "Java2D Disposer" daemon [_thread_blocked, id=23084, stack(0x00000000348e0000,0x00000000349e0000)]
  0x000000003355f800 JavaThread "Timer hack thread" daemon [_thread_blocked, id=7820, stack(0x00000000347e0000,0x00000000348e0000)]
  0x000000002f514800 JavaThread "Snooper Timer" daemon [_thread_blocked, id=13604, stack(0x000000002c7a0000,0x000000002c8a0000)]
  0x00000000273fb000 JavaThread "Service Thread" daemon [_thread_blocked, id=19276, stack(0x0000000028cb0000,0x0000000028db0000)]
  0x0000000027378800 JavaThread "C1 CompilerThread3" daemon [_thread_blocked, id=16120, stack(0x0000000028bb0000,0x0000000028cb0000)]
=>0x0000000027374000 JavaThread "C2 CompilerThread2" daemon [_thread_in_native, id=14152, stack(0x0000000028ab0000,0x0000000028bb0000)]
  0x0000000027369800 JavaThread "C2 CompilerThread1" daemon [_thread_in_native, id=24556, stack(0x00000000289b0000,0x0000000028ab0000)]
  0x0000000027365800 JavaThread "C2 CompilerThread0" daemon [_thread_blocked, id=4496, stack(0x00000000288b0000,0x00000000289b0000)]
  0x0000000027364000 JavaThread "Attach Listener" daemon [_thread_blocked, id=11276, stack(0x00000000287b0000,0x00000000288b0000)]
  0x0000000027361800 JavaThread "Signal Dispatcher" daemon [_thread_blocked, id=21352, stack(0x00000000286b0000,0x00000000287b0000)]
  0x0000000025c71000 JavaThread "Finalizer" daemon [_thread_blocked, id=22020, stack(0x00000000285b0000,0x00000000286b0000)]
  0x0000000025c69800 JavaThread "Reference Handler" daemon [_thread_blocked, id=9860, stack(0x00000000284b0000,0x00000000285b0000)]
  0x00000000027c5800 JavaThread "Client thread" [_thread_in_Java, id=10392, stack(0x0000000002630000,0x0000000002730000)]

Other Threads:
  0x0000000027331800 VMThread [stack: 0x00000000283b0000,0x00000000284b0000] [id=12308]
  0x00000000273fc000 WatcherThread [stack: 0x0000000028db0000,0x0000000028eb0000] [id=13092]

VM state:not at safepoint (normal execution)

VM Mutex/Monitor currently owned by a thread: None

Heap:
 PSYoungGen      total 2033664K, used 1015422K [0x0000000715380000, 0x00000007c0000000, 0x00000007c0000000)
  eden space 1660416K, 47% used [0x0000000715380000,0x000000074591d4e0,0x000000077a900000)
  from space 373248K, 59% used [0x00000007a9380000,0x00000007b6d824e8,0x00000007c0000000)
  to   space 568832K, 0% used [0x000000077a900000,0x000000077a900000,0x000000079d480000)
 ParOldGen       total 1439744K, used 887260K [0x00000005bfa00000, 0x0000000617800000, 0x0000000715380000)
  object space 1439744K, 61% used [0x00000005bfa00000,0x00000005f5c773f8,0x0000000617800000)
 Metaspace       used 134248K, capacity 137139K, committed 137600K, reserved 1163264K
  class space    used 22119K, capacity 23082K, committed 23168K, reserved 1048576K

Card table byte_map: [0x0000000011d80000,0x0000000012d90000] byte_map_base: 0x000000000ef83000

Marking Bits: (ParMarkBitMap*) 0x0000000059974040
 Begin Bits: [0x0000000014240000, 0x000000001c258000)
 End Bits:   [0x000000001c258000, 0x0000000024270000)

Polling page: 0x0000000000b70000

CodeCache: size=245760Kb used=44290Kb max_used=44304Kb free=201469Kb
 bounds [0x00000000029c0000, 0x0000000005550000, 0x00000000119c0000]
 total_blobs=12356 nmethods=11105 adapters=1162
 compilation: enabled

Compilation events (10 events):
Event: 71.232 Thread 0x0000000027378800 nmethod 16019 0x000000000552da50 code [0x000000000552dc20, 0x000000000552e5c8]
Event: 71.254 Thread 0x0000000027365800 nmethod 16000% 0x000000000553d9d0 code [0x000000000553dc80, 0x000000000553fc40]
Event: 71.254 Thread 0x0000000027365800 16013       4       pl.asie.foamfix.client.Deduplicator$$Lambda$1820/1324864527::get$Lambda (9 bytes)
Event: 71.254 Thread 0x0000000027365800 nmethod 16013 0x00000000055239d0 code [0x0000000005523b20, 0x0000000005523bd8]
Event: 71.254 Thread 0x0000000027365800 16012       4       java.lang.invoke.LambdaForm$MH/123694540::invoke_MT (15 bytes)
Event: 71.255 Thread 0x0000000027365800 nmethod 16012 0x0000000005531bd0 code [0x0000000005531d40, 0x0000000005531ec8]
Event: 71.256 Thread 0x0000000027378800 16020       3       net.minecraft.util.ResourceLocation::equals (55 bytes)
Event: 71.257 Thread 0x0000000027378800 nmethod 16020 0x000000000552d190 code [0x000000000552d320, 0x000000000552d918]
Event: 71.268 Thread 0x0000000027365800 16021       4       java.lang.invoke.LambdaForm$DMH/1922464006::invokeStatic_L4_L (20 bytes)
Event: 71.268 Thread 0x0000000027365800 nmethod 16021 0x000000000553bed0 code [0x000000000553c020, 0x000000000553c0e8]

GC Heap History (10 events):
Event: 52.522 GC heap before
{Heap before GC invocations=36 (full 5):
 PSYoungGen      total 2349056K, used 2346919K [0x0000000715380000, 0x00000007baa80000, 0x00000007c0000000)
  eden space 2102784K, 100% used [0x0000000715380000,0x0000000795900000,0x0000000795900000)
  from space 246272K, 99% used [0x00000007a6b80000,0x00000007b59e9c70,0x00000007b5c00000)
  to   space 281088K, 0% used [0x0000000795900000,0x0000000795900000,0x00000007a6b80000)
 ParOldGen       total 797696K, used 440346K [0x00000005bfa00000, 0x00000005f0500000, 0x0000000715380000)
  object space 797696K, 55% used [0x00000005bfa00000,0x00000005da8069b0,0x00000005f0500000)
 Metaspace       used 132260K, capacity 134919K, committed 135552K, reserved 1161216K
  class space    used 21943K, capacity 22896K, committed 22912K, reserved 1048576K
Event: 52.664 GC heap after
Heap after GC invocations=36 (full 5):
 PSYoungGen      total 2383872K, used 281077K [0x0000000715380000, 0x00000007c0000000, 0x00000007c0000000)
  eden space 2102784K, 0% used [0x0000000715380000,0x0000000715380000,0x0000000795900000)
  from space 281088K, 99% used [0x0000000795900000,0x00000007a6b7d788,0x00000007a6b80000)
  to   space 373248K, 0% used [0x00000007a9380000,0x00000007a9380000,0x00000007c0000000)
 ParOldGen       total 797696K, used 577072K [0x00000005bfa00000, 0x00000005f0500000, 0x0000000715380000)
  object space 797696K, 72% used [0x00000005bfa00000,0x00000005e2d8c080,0x00000005f0500000)
 Metaspace       used 132260K, capacity 134919K, committed 135552K, reserved 1161216K
  class space    used 21943K, capacity 22896K, committed 22912K, reserved 1048576K
}
Event: 54.840 GC heap before
{Heap before GC invocations=37 (full 5):
 PSYoungGen      total 2383872K, used 2383861K [0x0000000715380000, 0x00000007c0000000, 0x00000007c0000000)
  eden space 2102784K, 100% used [0x0000000715380000,0x0000000795900000,0x0000000795900000)
  from space 281088K, 99% used [0x0000000795900000,0x00000007a6b7d788,0x00000007a6b80000)
  to   space 373248K, 0% used [0x00000007a9380000,0x00000007a9380000,0x00000007c0000000)
 ParOldGen       total 797696K, used 577072K [0x00000005bfa00000, 0x00000005f0500000, 0x0000000715380000)
  object space 797696K, 72% used [0x00000005bfa00000,0x00000005e2d8c080,0x00000005f0500000)
 Metaspace       used 132290K, capacity 134919K, committed 135552K, reserved 1161216K
  class space    used 21944K, capacity 22896K, committed 22912K, reserved 1048576K
Event: 54.893 GC heap after
Heap after GC invocations=37 (full 5):
 PSYoungGen      total 2440704K, used 171659K [0x0000000715380000, 0x00000007c0000000, 0x00000007c0000000)
  eden space 2067456K, 0% used [0x0000000715380000,0x0000000715380000,0x0000000793680000)
  from space 373248K, 45% used [0x00000007a9380000,0x00000007b3b22e28,0x00000007c0000000)
  to   space 357376K, 0% used [0x0000000793680000,0x0000000793680000,0x00000007a9380000)
 ParOldGen       total 797696K, used 577072K [0x00000005bfa00000, 0x00000005f0500000, 0x0000000715380000)
  object space 797696K, 72% used [0x00000005bfa00000,0x00000005e2d8c080,0x00000005f0500000)
 Metaspace       used 132290K, capacity 134919K, committed 135552K, reserved 1161216K
  class space    used 21944K, capacity 22896K, committed 22912K, reserved 1048576K
}
Event: 59.568 GC heap before
{Heap before GC invocations=38 (full 5):
 PSYoungGen      total 2440704K, used 2239115K [0x0000000715380000, 0x00000007c0000000, 0x00000007c0000000)
  eden space 2067456K, 100% used [0x0000000715380000,0x0000000793680000,0x0000000793680000)
  from space 373248K, 45% used [0x00000007a9380000,0x00000007b3b22e28,0x00000007c0000000)
  to   space 357376K, 0% used [0x0000000793680000,0x0000000793680000,0x00000007a9380000)
 ParOldGen       total 797696K, used 577072K [0x00000005bfa00000, 0x00000005f0500000, 0x0000000715380000)
  object space 797696K, 72% used [0x00000005bfa00000,0x00000005e2d8c080,0x00000005f0500000)
 Metaspace       used 132545K, capacity 135245K, committed 135808K, reserved 1163264K
  class space    used 21952K, capacity 22897K, committed 22912K, reserved 1048576K
Event: 59.722 GC heap after
Heap after GC invocations=38 (full 5):
 PSYoungGen      total 2424832K, used 357364K [0x0000000715380000, 0x00000007c0000000, 0x00000007c0000000)
  eden space 2067456K, 0% used [0x0000000715380000,0x0000000715380000,0x0000000793680000)
  from space 357376K, 99% used [0x0000000793680000,0x00000007a937d168,0x00000007a9380000)
  to   space 373248K, 0% used [0x00000007a9380000,0x00000007a9380000,0x00000007c0000000)
 ParOldGen       total 797696K, used 672872K [0x00000005bfa00000, 0x00000005f0500000, 0x0000000715380000)
  object space 797696K, 84% used [0x00000005bfa00000,0x00000005e8b1a040,0x00000005f0500000)
 Metaspace       used 132545K, capacity 135245K, committed 135808K, reserved 1163264K
  class space    used 21952K, capacity 22897K, committed 22912K, reserved 1048576K
}
Event: 68.926 GC heap before
{Heap before GC invocations=39 (full 5):
 PSYoungGen      total 2424832K, used 2424820K [0x0000000715380000, 0x00000007c0000000, 0x00000007c0000000)
  eden space 2067456K, 100% used [0x0000000715380000,0x0000000793680000,0x0000000793680000)
  from space 357376K, 99% used [0x0000000793680000,0x00000007a937d168,0x00000007a9380000)
  to   space 373248K, 0% used [0x00000007a9380000,0x00000007a9380000,0x00000007c0000000)
 ParOldGen       total 797696K, used 672872K [0x00000005bfa00000, 0x00000005f0500000, 0x0000000715380000)
  object space 797696K, 84% used [0x00000005bfa00000,0x00000005e8b1a040,0x00000005f0500000)
 Metaspace       used 133750K, capacity 136589K, committed 136960K, reserved 1163264K
  class space    used 22068K, capacity 23037K, committed 23040K, reserved 1048576K
Event: 69.098 GC heap after
Heap after GC invocations=39 (full 5):
 PSYoungGen      total 2033664K, used 373224K [0x0000000715380000, 0x00000007c0000000, 0x00000007c0000000)
  eden space 1660416K, 0% used [0x0000000715380000,0x0000000715380000,0x000000077a900000)
  from space 373248K, 99% used [0x00000007a9380000,0x00000007bfffa220,0x00000007c0000000)
  to   space 568832K, 0% used [0x000000077a900000,0x000000077a900000,0x000000079d480000)
 ParOldGen       total 887296K, used 886872K [0x00000005bfa00000, 0x00000005f5c80000, 0x0000000715380000)
  object space 887296K, 99% used [0x00000005bfa00000,0x00000005f5c16068,0x00000005f5c80000)
 Metaspace       used 133750K, capacity 136589K, committed 136960K, reserved 1163264K
  class space    used 22068K, capacity 23037K, committed 23040K, reserved 1048576K
}
Event: 69.098 GC heap before
{Heap before GC invocations=40 (full 6):
 PSYoungGen      total 2033664K, used 373224K [0x0000000715380000, 0x00000007c0000000, 0x00000007c0000000)
  eden space 1660416K, 0% used [0x0000000715380000,0x0000000715380000,0x000000077a900000)
  from space 373248K, 99% used [0x00000007a9380000,0x00000007bfffa220,0x00000007c0000000)
  to   space 568832K, 0% used [0x000000077a900000,0x000000077a900000,0x000000079d480000)
 ParOldGen       total 887296K, used 886872K [0x00000005bfa00000, 0x00000005f5c80000, 0x0000000715380000)
  object space 887296K, 99% used [0x00000005bfa00000,0x00000005f5c16068,0x00000005f5c80000)
 Metaspace       used 133750K, capacity 136589K, committed 136960K, reserved 1163264K
  class space    used 22068K, capacity 23037K, committed 23040K, reserved 1048576K
Event: 70.201 GC heap after
Heap after GC invocations=40 (full 6):
 PSYoungGen      total 2033664K, used 223241K [0x0000000715380000, 0x00000007c0000000, 0x00000007c0000000)
  eden space 1660416K, 0% used [0x0000000715380000,0x0000000715380000,0x000000077a900000)
  from space 373248K, 59% used [0x00000007a9380000,0x00000007b6d824e8,0x00000007c0000000)
  to   space 568832K, 0% used [0x000000077a900000,0x000000077a900000,0x000000079d480000)
 ParOldGen       total 1439744K, used 887260K [0x00000005bfa00000, 0x0000000617800000, 0x0000000715380000)
  object space 1439744K, 61% used [0x00000005bfa00000,0x00000005f5c773f8,0x0000000617800000)
 Metaspace       used 133750K, capacity 136589K, committed 136960K, reserved 1163264K
  class space    used 22068K, capacity 23037K, committed 23040K, reserved 1048576K
}

Deoptimization events (10 events):
Event: 71.164 Thread 0x00000000027c5800 Uncommon trap: reason=unstable_if action=reinterpret pc=0x00000000052225d8 method=net.minecraftforge.client.model.MultiModelState$MultiModelPart.equals(Ljava/lang/Object;)Z @ 2
Event: 71.171 Thread 0x00000000027c5800 Uncommon trap: reason=class_check action=maybe_recompile pc=0x0000000004590cd0 method=com.google.common.collect.AbstractMapBasedMultimap$KeySet$1.hasNext()Z @ 4
Event: 71.172 Thread 0x00000000027c5800 Uncommon trap: reason=class_check action=maybe_recompile pc=0x0000000004590cd0 method=com.google.common.collect.AbstractMapBasedMultimap$KeySet$1.hasNext()Z @ 4
Event: 71.175 Thread 0x00000000027c5800 Uncommon trap: reason=class_check action=maybe_recompile pc=0x0000000004590cd0 method=com.google.common.collect.AbstractMapBasedMultimap$KeySet$1.hasNext()Z @ 4
Event: 71.175 Thread 0x00000000027c5800 Uncommon trap: reason=class_check action=maybe_recompile pc=0x0000000004590cd0 method=com.google.common.collect.AbstractMapBasedMultimap$KeySet$1.hasNext()Z @ 4
Event: 71.202 Thread 0x00000000027c5800 Uncommon trap: reason=bimorphic action=maybe_recompile pc=0x000000000553606c method=pl.asie.foamfix.client.Deduplicator.deduplicateObject(Ljava/lang/Object;I)Ljava/lang/Object; @ 2266
Event: 71.202 Thread 0x00000000027c5800 Uncommon trap: reason=bimorphic action=maybe_recompile pc=0x000000000553606c method=pl.asie.foamfix.client.Deduplicator.deduplicateObject(Ljava/lang/Object;I)Ljava/lang/Object; @ 2266
Event: 71.202 Thread 0x00000000027c5800 Uncommon trap: reason=bimorphic action=maybe_recompile pc=0x000000000553606c method=pl.asie.foamfix.client.Deduplicator.deduplicateObject(Ljava/lang/Object;I)Ljava/lang/Object; @ 2266
Event: 71.202 Thread 0x00000000027c5800 Uncommon trap: reason=bimorphic action=maybe_recompile pc=0x000000000553606c method=pl.asie.foamfix.client.Deduplicator.deduplicateObject(Ljava/lang/Object;I)Ljava/lang/Object; @ 2266
Event: 71.256 Thread 0x00000000027c5800 Uncommon trap: reason=unstable_if action=reinterpret pc=0x00000000049bb840 method=net.minecraft.util.ResourceLocation.equals(Ljava/lang/Object;)Z @ 11

Internal exceptions (10 events):
Event: 44.062 Thread 0x00000000027c5800 Exception <a 'java/lang/IncompatibleClassChangeError': Found class java.lang.Object, but interface was expected> (0x000000073d409330) thrown at [C:\re\workspace\8-2-build-windows-amd64-cygwin\jdk8u51\3951\hotspot\src\share\vm\interpreter\linkResolver.cpp, ∏˛ÊwG@
Event: 46.937 Thread 0x00000000027c5800 Implicit null exception at 0x0000000003dd3696 to 0x0000000003dd526d
Event: 46.937 Thread 0x00000000027c5800 Implicit null exception at 0x00000000038c7682 to 0x00000000038c7735
Event: 49.986 Thread 0x00000000027c5800 Exception <a 'java/io/FileNotFoundException'> (0x000000074474c4f0) thrown at [C:\re\workspace\8-2-build-windows-amd64-cygwin\jdk8u51\3951\hotspot\src\share\vm\prims\jni.cpp, line 709]
Event: 54.941 Thread 0x00000000027c5800 Implicit null exception at 0x00000000045b46bc to 0x00000000045b4851
Event: 67.064 Thread 0x00000000027c5800 Exception <a 'java/lang/NoSuchMethodError': java.lang.Object.lambda$makeTexture$0(I)[Lnet/minecraft/client/renderer/texture/TextureAtlasSprite;> (0x0000000731ef8908) thrown at [C:\re\workspace\8-2-build-windows-amd64-cygwin\jdk8u51\3951\hotspot\src\share\v%å¨à≈P@
Event: 67.086 Thread 0x00000000027c5800 Exception <a 'java/lang/IncompatibleClassChangeError': Found class java.lang.Object, but interface was expected> (0x0000000732775928) thrown at [C:\re\workspace\8-2-build-windows-amd64-cygwin\jdk8u51\3951\hotspot\src\share\vm\interpreter\linkResolver.cpp, »Å≤Ñê≈P@
Event: 67.087 Thread 0x00000000027c5800 Exception <a 'java/lang/IncompatibleClassChangeError': Found class java.lang.Object, but interface was expected> (0x000000073277bb18) thrown at [C:\re\workspace\8-2-build-windows-amd64-cygwin\jdk8u51\3951\hotspot\src\share\vm\interpreter\linkResolver.cpp, ç§ì€‡P@
Event: 67.513 Thread 0x00000000027c5800 Implicit null exception at 0x00000000053080b8 to 0x0000000005308385
Event: 71.014 Thread 0x00000000027c5800 Implicit null exception at 0x00000000052e30e6 to 0x00000000052e59f5

Events (10 events):
Event: 71.202 Thread 0x00000000027c5800 DEOPT UNPACKING pc=0x0000000002a0582a sp=0x000000000272cb30 mode 2
Event: 71.202 Thread 0x00000000027c5800 Uncommon trap: trap_request=0xffffffc6 fr.pc=0x000000000553606c
Event: 71.202 Thread 0x00000000027c5800 DEOPT PACKING pc=0x000000000553606c sp=0x000000000272cb70
Event: 71.202 Thread 0x00000000027c5800 DEOPT UNPACKING pc=0x0000000002a0582a sp=0x000000000272cb30 mode 2
Event: 71.202 Thread 0x00000000027c5800 Uncommon trap: trap_request=0xffffffc6 fr.pc=0x000000000553606c
Event: 71.202 Thread 0x00000000027c5800 DEOPT PACKING pc=0x000000000553606c sp=0x000000000272cb70
Event: 71.202 Thread 0x00000000027c5800 DEOPT UNPACKING pc=0x0000000002a0582a sp=0x000000000272cb30 mode 2
Event: 71.256 Thread 0x00000000027c5800 Uncommon trap: trap_request=0xffffff65 fr.pc=0x00000000049bb840
Event: 71.256 Thread 0x00000000027c5800 DEOPT PACKING pc=0x00000000049bb840 sp=0x000000000272d210
Event: 71.256 Thread 0x00000000027c5800 DEOPT UNPACKING pc=0x0000000002a0582a sp=0x000000000272d1a0 mode 2


Dynamic libraries:
0x00007ff626dd0000 - 0x00007ff626e07000 	C:\Users\Zakarail\Twitch\Minecraft\Install\runtime\jre-x64\bin\javaw.exe
0x00007fffea830000 - 0x00007fffeaa1d000 	C:\WINDOWS\SYSTEM32\ntdll.dll
0x00007fffc50e0000 - 0x00007fffc50f4000 	C:\Program Files\AVAST Software\Avast\aswhook.dll
0x00007fffe7b00000 - 0x00007fffe7bb3000 	C:\WINDOWS\System32\KERNEL32.DLL
0x00007fffe7690000 - 0x00007fffe7923000 	C:\WINDOWS\System32\KERNELBASE.dll
0x00007fffea750000 - 0x00007fffea7f3000 	C:\WINDOWS\System32\ADVAPI32.dll
0x00007fffea140000 - 0x00007fffea1de000 	C:\WINDOWS\System32\msvcrt.dll
0x00007fffe7a60000 - 0x00007fffe7afe000 	C:\WINDOWS\System32\sechost.dll
0x00007fffe9e70000 - 0x00007fffe9f92000 	C:\WINDOWS\System32\RPCRT4.dll
0x00007fffe9fa0000 - 0x00007fffea137000 	C:\WINDOWS\System32\USER32.dll
0x00007fffe7480000 - 0x00007fffe74a0000 	C:\WINDOWS\System32\win32u.dll
0x00007fffe80e0000 - 0x00007fffe8109000 	C:\WINDOWS\System32\GDI32.dll
0x00007fffe74a0000 - 0x00007fffe7639000 	C:\WINDOWS\System32\gdi32full.dll
0x00007fffe79b0000 - 0x00007fffe7a50000 	C:\WINDOWS\System32\msvcp_win.dll
0x00007fffe69a0000 - 0x00007fffe6a9a000 	C:\WINDOWS\System32\ucrtbase.dll
0x00007fffd1cb0000 - 0x00007fffd1f29000 	C:\WINDOWS\WinSxS\amd64_microsoft.windows.common-controls_6595b64144ccf1df_6.0.17763.864_none_05b3441807210760\COMCTL32.dll
0x00007fffe7cd0000 - 0x00007fffe7ffc000 	C:\WINDOWS\System32\combase.dll
0x00007fffe7930000 - 0x00007fffe79ae000 	C:\WINDOWS\System32\bcryptPrimitives.dll
0x00007fffe8000000 - 0x00007fffe802e000 	C:\WINDOWS\System32\IMM32.DLL
0x0000000059a00000 - 0x0000000059ad2000 	C:\Users\Zakarail\Twitch\Minecraft\Install\runtime\jre-x64\bin\msvcr100.dll
0x0000000059170000 - 0x00000000599f3000 	C:\Users\Zakarail\Twitch\Minecraft\Install\runtime\jre-x64\bin\server\jvm.dll
0x00007fffe82b0000 - 0x00007fffe82b8000 	C:\WINDOWS\System32\PSAPI.DLL
0x00007fffdc890000 - 0x00007fffdc899000 	C:\WINDOWS\SYSTEM32\WSOCK32.dll
0x00007fffea6e0000 - 0x00007fffea74d000 	C:\WINDOWS\System32\WS2_32.dll
0x00007fffd9610000 - 0x00007fffd9634000 	C:\WINDOWS\SYSTEM32\WINMM.dll
0x00007fffe15e0000 - 0x00007fffe15ea000 	C:\WINDOWS\SYSTEM32\VERSION.dll
0x00007fffd95e0000 - 0x00007fffd960d000 	C:\WINDOWS\SYSTEM32\WINMMBASE.dll
0x00007fffe7640000 - 0x00007fffe768a000 	C:\WINDOWS\System32\cfgmgr32.dll
0x0000000059160000 - 0x000000005916f000 	C:\Users\Zakarail\Twitch\Minecraft\Install\runtime\jre-x64\bin\verify.dll
0x0000000059130000 - 0x0000000059159000 	C:\Users\Zakarail\Twitch\Minecraft\Install\runtime\jre-x64\bin\java.dll
0x0000000059110000 - 0x0000000059126000 	C:\Users\Zakarail\Twitch\Minecraft\Install\runtime\jre-x64\bin\zip.dll
0x00007fffe8610000 - 0x00007fffe9b04000 	C:\WINDOWS\System32\SHELL32.dll
0x00007fffe8030000 - 0x00007fffe80d8000 	C:\WINDOWS\System32\shcore.dll
0x00007fffe6af0000 - 0x00007fffe723d000 	C:\WINDOWS\System32\windows.storage.dll
0x00007fffe68c0000 - 0x00007fffe68e4000 	C:\WINDOWS\System32\profapi.dll
0x00007fffe6820000 - 0x00007fffe687d000 	C:\WINDOWS\System32\powrprof.dll
0x00007fffe7bc0000 - 0x00007fffe7c12000 	C:\WINDOWS\System32\shlwapi.dll
0x00007fffe6880000 - 0x00007fffe6891000 	C:\WINDOWS\System32\kernel.appcore.dll
0x00007fffe6aa0000 - 0x00007fffe6ab7000 	C:\WINDOWS\System32\cryptsp.dll
0x0000000059100000 - 0x000000005910d000 	C:\Users\Zakarail\Twitch\Minecraft\Install\runtime\jre-x64\bin\management.dll
0x00000000590e0000 - 0x00000000590fa000 	C:\Users\Zakarail\Twitch\Minecraft\Install\runtime\jre-x64\bin\net.dll
0x00007fffe6090000 - 0x00007fffe60f7000 	C:\WINDOWS\system32\mswsock.dll
0x00007fffcd380000 - 0x00007fffcd396000 	C:\WINDOWS\system32\napinsp.dll
0x00007fffcd010000 - 0x00007fffcd02a000 	C:\WINDOWS\system32\pnrpnsp.dll
0x00007fffe5df0000 - 0x00007fffe5eb6000 	C:\WINDOWS\SYSTEM32\DNSAPI.dll
0x00007fffe82a0000 - 0x00007fffe82a8000 	C:\WINDOWS\System32\NSI.dll
0x00007fffe5db0000 - 0x00007fffe5ded000 	C:\WINDOWS\SYSTEM32\IPHLPAPI.DLL
0x00007fffcd370000 - 0x00007fffcd37e000 	C:\WINDOWS\System32\winrnr.dll
0x00007fffe2730000 - 0x00007fffe274b000 	C:\WINDOWS\system32\NLAapi.dll
0x00007fffcca50000 - 0x00007fffcca65000 	C:\WINDOWS\system32\wshbth.dll
0x00007fffdd300000 - 0x00007fffdd30a000 	C:\Windows\System32\rasadhlp.dll
0x00007fffdd330000 - 0x00007fffdd3a9000 	C:\WINDOWS\System32\fwpuclnt.dll
0x00007fffe6ac0000 - 0x00007fffe6ae6000 	C:\WINDOWS\System32\bcrypt.dll
0x00000000590c0000 - 0x00000000590d1000 	C:\Users\Zakarail\Twitch\Minecraft\Install\runtime\jre-x64\bin\nio.dll
0x0000000059090000 - 0x00000000590b4000 	C:\Users\Zakarail\Twitch\Minecraft\Install\runtime\jre-x64\bin\sunec.dll
0x00007fffe5c10000 - 0x00007fffe5c43000 	C:\WINDOWS\system32\rsaenh.dll
0x00007fffe6750000 - 0x00007fffe6778000 	C:\WINDOWS\SYSTEM32\USERENV.dll
0x00007fffe6260000 - 0x00007fffe626c000 	C:\WINDOWS\SYSTEM32\CRYPTBASE.dll
0x00007fffe10b0000 - 0x00007fffe10c6000 	C:\WINDOWS\SYSTEM32\dhcpcsvc6.DLL
0x00007fffe1310000 - 0x00007fffe132c000 	C:\WINDOWS\SYSTEM32\dhcpcsvc.DLL
0x0000000059070000 - 0x0000000059087000 	C:\Users\Zakarail\Twitch\Minecraft\Install\runtime\jre-x64\bin\unpack.dll
0x0000000180000000 - 0x0000000180053000 	C:\Users\Zakarail\Twitch\Minecraft\Install\bin\a6b0-f818-e184-3eae\lwjgl64.dll
0x00007fffa6e70000 - 0x00007fffa6f97000 	C:\WINDOWS\SYSTEM32\OPENGL32.dll
0x00007fffb2ff0000 - 0x00007fffb301c000 	C:\WINDOWS\SYSTEM32\GLU32.dll
0x0000000058ed0000 - 0x0000000059068000 	C:\Users\Zakarail\Twitch\Minecraft\Install\runtime\jre-x64\bin\awt.dll
0x00007fffe81d0000 - 0x00007fffe8294000 	C:\WINDOWS\System32\OLEAUT32.dll
0x00007fffe4b80000 - 0x00007fffe4c0c000 	C:\WINDOWS\SYSTEM32\apphelp.dll
0x00007fffe4e10000 - 0x00007fffe4eac000 	C:\WINDOWS\system32\uxtheme.dll
0x00007fffe82c0000 - 0x00007fffe842c000 	C:\WINDOWS\System32\MSCTF.dll
0x00007fffe50f0000 - 0x00007fffe511e000 	C:\WINDOWS\system32\dwmapi.dll
0x00007fffe72a0000 - 0x00007fffe747b000 	C:\WINDOWS\System32\CRYPT32.dll
0x00007fffe68a0000 - 0x00007fffe68b2000 	C:\WINDOWS\System32\MSASN1.dll
0x00007fffd8ac0000 - 0x00007fffd8b55000 	C:\WINDOWS\System32\TextInputFramework.dll
0x00007fffd8650000 - 0x00007fffd8972000 	C:\WINDOWS\System32\CoreUIComponents.dll
0x00007fffe48e0000 - 0x00007fffe49c2000 	C:\WINDOWS\System32\CoreMessaging.dll
0x00007fffe5890000 - 0x00007fffe58c1000 	C:\WINDOWS\SYSTEM32\ntmarta.dll
0x00007fffe3030000 - 0x00007fffe3183000 	C:\WINDOWS\SYSTEM32\wintypes.dll
0x0000000056770000 - 0x0000000058ec1000 	C:\WINDOWS\System32\DriverStore\FileRepository\nv_dispi.inf_amd64_db678424d2641c3d\nvoglv64.dll
0x00007fffea1e0000 - 0x00007fffea656000 	C:\WINDOWS\System32\SETUPAPI.dll
0x00007fffe84b0000 - 0x00007fffe8605000 	C:\WINDOWS\System32\ole32.dll
0x00007fffe2ee0000 - 0x00007fffe2ef3000 	C:\WINDOWS\SYSTEM32\WTSAPI32.dll
0x00007fffe6630000 - 0x00007fffe6659000 	C:\WINDOWS\SYSTEM32\DEVOBJ.dll
0x00007fffe7240000 - 0x00007fffe7299000 	C:\WINDOWS\System32\WINTRUST.dll
0x00007fffb0f70000 - 0x00007fffb1217000 	C:\WINDOWS\system32\nvspcap64.dll
0x00007fffdfc90000 - 0x00007fffdfe7d000 	C:\WINDOWS\SYSTEM32\dbghelp.dll
0x00007fffdf970000 - 0x00007fffdf99a000 	C:\WINDOWS\SYSTEM32\dbgcore.DLL
0x00007fffca430000 - 0x00007fffca4dd000 	C:\WINDOWS\SYSTEM32\mscms.dll
0x00007fffca420000 - 0x00007fffca430000 	C:\WINDOWS\SYSTEM32\ColorAdapterClient.dll
0x00007fffbc2f0000 - 0x00007fffbc333000 	C:\WINDOWS\SYSTEM32\icm32.dll
0x00007fffe5930000 - 0x00007fffe5988000 	C:\WINDOWS\SYSTEM32\WINSTA.dll
0x00007fffb1290000 - 0x00007fffb12d2000 	C:\Users\Zakarail\AppData\Local\Temp\jna-1284044783\jna4848568189969116379.dll
0x000000002f280000 - 0x000000002f2e4000 	C:\Users\Zakarail\Twitch\Minecraft\Install\bin\a6b0-f818-e184-3eae\OpenAL64.dll
0x00007fffe7c20000 - 0x00007fffe7cc2000 	C:\WINDOWS\System32\clbcatq.dll
0x00007fffe2750000 - 0x00007fffe27c0000 	C:\WINDOWS\System32\MMDevApi.dll
0x00007fffe2580000 - 0x00007fffe2729000 	C:\WINDOWS\System32\PROPSYS.dll
0x00007fffc3320000 - 0x00007fffc33b6000 	C:\WINDOWS\SYSTEM32\dsound.dll
0x00007fffe2960000 - 0x00007fffe2aa8000 	C:\WINDOWS\SYSTEM32\AUDIOSES.DLL
0x00007fffe2ab0000 - 0x00007fffe2aba000 	C:\WINDOWS\SYSTEM32\AVRT.dll
0x00007fffe5150000 - 0x00007fffe5164000 	C:\WINDOWS\SYSTEM32\resourcepolicyclient.dll

VM Arguments:
jvm_args: -Dos.name=Windows 10 -Dos.version=10.0 -XX:HeapDumpPath=MojangTricksIntelDriversForPerformance_javaw.exe_minecraft.exe.heapdump -Djava.library.path=C:\Users\Zakarail\Twitch\Minecraft\Install\bin\a6b0-f818-e184-3eae -Dminecraft.launcher.brand=minecraft-launcher -Dminecraft.launcher.version=2.1.9616 -Dminecraft.client.jar=C:\Users\Zakarail\Twitch\Minecraft\Install\versions\1.12.2\1.12.2.jar -Xmx8198m -Xms256m -XX:PermSize=256m -Dminecraft.applet.TargetDirectory=C:\Users\Zakarail\Twitch\Minecraft\Instances\Quest of Ages -Dfml.ignorePatchDiscrepancies=true -Dfml.ignoreInvalidMinecraftCertificates=true -Duser.language=en -Duser.country=US -Dlog4j.configurationFile=C:\Users\Zakarail\Twitch\Minecraft\Install\assets\log_configs\client-1.12.xml 
java_command: net.minecraft.launchwrapper.Launch --username Zakarail --version forge-14.23.5.2847 --gameDir C:\Users\Zakarail\Twitch\Minecraft\Instances\Quest of Ages --assetsDir C:\Users\Zakarail\Twitch\Minecraft\Install\assets --assetIndex 1.12 --uuid 77addc813bf74eacb38ad4795525b80d --accessToken eyJhbGciOiJIUzI1NiJ9.eyJzdWIiOiJjYTlhMDYwY2E0MGI0ODM2OGI1NGJhMjdlYjVmYjc0MyIsIm5iZiI6MTU3NDM3MDg5NiwieWdndCI6IjBlOTBiMGI1ZTc5YzQwOWM4MDg4N2VhNDU4ZDYxYTYwIiwic3ByIjoiNzdhZGRjODEzYmY3NGVhY2IzOGFkNDc5NTUyNWI4MGQiLCJyb2xlcyI6W10sImlzcyI6ImludGVybmFsLWF1dGhlbnRpY2F0aW9uIiwiZXhwIjoxNTc0NTQzNjk2LCJpYXQiOjE1NzQzNzA4OTZ9.8fnUiXraUIV2vTadA5SEgugcXI1VMt0ObPcjEPdbgAo --userType mojang --tweakClass net.minecraftforge.fml.common.launcher.FMLTweaker --versionType Forge --width 1024 --height 768
java_class_path (initial): C:\Users\Zakarail\Twitch\Minecraft\Install\libraries\net\minecraftforge\forge\1.12.2-14.23.5.2847\forge-1.12.2-14.23.5.2847.jar;C:\Users\Zakarail\Twitch\Minecraft\Install\libraries\net\minecraft\launchwrapper\1.12\launchwrapper-1.12.jar;C:\Users\Zakarail\Twitch\Minecraft\Install\libraries\org\ow2\asm\asm-all\5.2\asm-all-5.2.jar;C:\Users\Zakarail\Twitch\Minecraft\Install\libraries\org\jline\jline\3.5.1\jline-3.5.1.jar;C:\Users\Zakarail\Twitch\Minecraft\Install\libraries\net\java\dev\jna\jna\4.4.0\jna-4.4.0.jar;C:\Users\Zakarail\Twitch\Minecraft\Install\libraries\com\typesafe\akka\akka-actor_2.11\2.3.3\akka-actor_2.11-2.3.3.jar;C:\Users\Zakarail\Twitch\Minecraft\Install\libraries\com\typesafe\config\1.2.1\config-1.2.1.jar;C:\Users\Zakarail\Twitch\Minecraft\Install\libraries\org\scala-lang\scala-actors-migration_2.11\1.1.0\scala-actors-migration_2.11-1.1.0.jar;C:\Users\Zakarail\Twitch\Minecraft\Install\libraries\org\scala-lang\scala-compiler\2.11.1\scala-compiler-2.11.1.jar;C:\Users\Zakarail\Twitch\Minecraft\Install\libraries\org\scala-lang\plugins\scala-continuations-library_2.11\1.0.2\scala-continuations-library_2.11-1.0.2.jar;C:\Users\Zakarail\Twitch\Minecraft\Install\libraries\org\scala-lang\plugins\scala-continuations-plugin_2.11.1\1.0.2\scala-continuations-plugin_2.11.1-1.0.2.jar;C:\Users\Zakarail\Twitch\Minecraft\Install\libraries\org\scala-lang\scala-library\2.11.1\scala-library-2.11.1.jar;C:\Users\Zakarail\Twitch\Minecraft\Install\libraries\org\scala-lang\scala-parser-combinators_2.11\1.0.1\scala-parser-combinators_2.11-1.0.1.jar;C:\Users\Zakarail\Twitch\Minecraft\Install\libraries\org\scala-lang\scala-reflect\2.11.1\scala-reflect-2.11.1.jar;C:\Users\Zakarail\Twitch\Minecraft\Install\libraries\org\scala-lang\scala-swing_2.11\1.0.1\scala-swing_2.11-1.0.1.jar;C:\Users\Zakarail\Twitch\Minecraft\Install\libraries\org\scala-lang\scala-xml_2.11\1.0.2\scala-xml_2.11-1.0.2.jar;C:\Users\Zakarail\Twitch\Minecraft\Install\libraries\lzma\lzma\
Launcher Type: SUN_STANDARD

Environment Variables:
JAVA_HOME=C:\Program Files\Java\jdk-12
JRE_HOME=C:\Program Files\Java\jdk-12
PATH=C:\Windows\system32;C:\Windows;C:\Windows\System32\Wbem;C:\Windows\System32\WindowsPowerShell\v1.0\;C:\Program Files (x86)\NVIDIA Corporation\PhysX\Common;C:\Program Files\NVIDIA Corporation\NVIDIA NvDLISR;C:\WINDOWS\system32;C:\WINDOWS;C:\WINDOWS\System32\Wbem;C:\WINDOWS\System32\WindowsPowerShell\v1.0\;C:\WINDOWS\System32\OpenSSH\;C:\Program Files\Java\jdk-12\bin;C:\Program Files\Java\jdk-12\bin;C:\Program Files\Git\cmd;C:\Program Files\nodejs\;C:\Program Files\TortoiseGit\bin;C:\Users\Zakarail\AppData\Local\Microsoft\WindowsApps;;C:\Users\Zakarail\AppData\Local\Programs\Microsoft VS Code\bin;C:\Users\Zakarail\AppData\Roaming\npm
USERNAME=Zakarail
OS=Windows_NT
PROCESSOR_IDENTIFIER=Intel64 Family 6 Model 63 Stepping 2, GenuineIntel



---------------  S Y S T E M  ---------------

OS: Windows 10.0 , 64 bit Build 17763 (10.0.17763.475)

CPU:total 12 (6 cores per cpu, 2 threads per core) family 6 model 63 stepping 2, cmov, cx8, fxsr, mmx, sse, sse2, sse3, ssse3, sse4.1, sse4.2, popcnt, avx, avx2, aes, clmul, erms, lzcnt, ht, tsc, tscinvbit, bmi1, bmi2

Memory: 4k page, physical 33472580k(21508380k free), swap 39239748k(22488156k free)

vm_info: Java HotSpot(TM) 64-Bit Server VM (25.51-b03) for windows-amd64 JRE (1.8.0_51-b16), built on Jun  8 2015 18:03:07 by "java_re" with MS VC++ 10.0 (VS2010)

time: Fri Nov 22 15:19:36 2019
elapsed time: 71 seconds (0d 0h 1m 11s)

