#
# A fatal error has been detected by the Java Runtime Environment:
#
#  EXCEPTION_ACCESS_VIOLATION (0xc0000005) at pc=0x0000000063d0623f, pid=17692, tid=7752
#
# JRE version: Java(TM) SE Runtime Environment (8.0_51-b16) (build 1.8.0_51-b16)
# Java VM: Java HotSpot(TM) 64-Bit Server VM (25.51-b03 mixed mode windows-amd64 compressed oops)
# Problematic frame:
# V  [jvm.dll+0x4b623f]
#
# Failed to write core dump. Minidumps are not enabled by default on client versions of Windows
#
# If you would like to submit a bug report, please visit:
#   http://bugreport.java.com/bugreport/crash.jsp
#

---------------  T H R E A D  ---------------

Current thread (0x0000000026d8f000):  JavaThread "C2 CompilerThread1" daemon [_thread_in_native, id=7752, stack(0x00000000283e0000,0x00000000284e0000)]

siginfo: ExceptionCode=0xc0000005, reading address 0x0000000000000008

Registers:
RAX=0x0000000000000000, RBX=0x0000000000000000, RCX=0x000000002971c970, RDX=0x0000000000008000
RSP=0x00000000284db930, RBP=0x000000002eaa1c00, RSI=0x000000002971c970, RDI=0x00000000284dbe00
R8 =0x0000000000000000, R9 =0x000000002afce040, R10=0x00000000284dbe00, R11=0x00000000303c3d90
R12=0x000000002b14c320, R13=0x00000000299cb400, R14=0x00000000284dba18, R15=0x00000000284dba38
RIP=0x0000000063d0623f, EFLAGS=0x0000000000010202

Top of Stack: (sp=0x00000000284db930)
0x00000000284db930:   000000006689bb50 000000002eaa1c00
0x00000000284db940:   00000000689c39d0 00000000284dbe00
0x00000000284db950:   000000002eaa1c00 00000000284dba88
0x00000000284db960:   00000000284dbae0 0000000063d07a49
0x00000000284db970:   000000006689bb50 00000000000007a6
0x00000000284db980:   0000000000000002 000000002971c970
0x00000000284db990:   00000000284dc7d0 0000000063d3a2b0
0x00000000284db9a0:   0000000029e3f020 000000000232bc90
0x00000000284db9b0:   0000000026fe5150 00000000284dbae0
0x00000000284db9c0:   000000000232bc90 0000000000000000
0x00000000284db9d0:   00000000284dbe00 0000000063d0992f
0x00000000284db9e0:   00000000284dbe00 0000000000000001
0x00000000284db9f0:   0000000000000002 0000000026fe5150
0x00000000284dba00:   0000000029e3f070 0000000029e47008
0x00000000284dba10:   0000000000249048 000000000232bc90
0x00000000284dba20:   0000000000000800 00000000297f6e10 

Instructions: (pc=0x0000000063d0623f)
0x0000000063d0621f:   4c 89 64 24 50 4c 8b e0 4c 3b e8 0f 84 4f 01 00
0x0000000063d0622f:   00 44 8b 43 28 4c 8b 8f f0 09 00 00 4b 8b 1c c1
0x0000000063d0623f:   48 8b 43 08 48 83 38 00 75 2a 8b 57 28 0f 1f 40
0x0000000063d0624f:   00 8b 43 28 3b c2 73 0c 8b c8 48 8b 47 30 48 8b 


Register to memory mapping:

RAX=0x0000000000000000 is an unknown value
RBX=0x0000000000000000 is an unknown value
RCX=0x000000002971c970 is an unknown value
RDX=0x0000000000008000 is an unknown value
RSP=0x00000000284db930 is pointing into the stack for thread: 0x0000000026d8f000
RBP=0x000000002eaa1c00 is an unknown value
RSI=0x000000002971c970 is an unknown value
RDI=0x00000000284dbe00 is pointing into the stack for thread: 0x0000000026d8f000
R8 =0x0000000000000000 is an unknown value
R9 =0x000000002afce040 is an unknown value
R10=0x00000000284dbe00 is pointing into the stack for thread: 0x0000000026d8f000
R11=0x00000000303c3d90 is an unknown value
R12=0x000000002b14c320 is an unknown value
R13=0x00000000299cb400 is an unknown value
R14=0x00000000284dba18 is pointing into the stack for thread: 0x0000000026d8f000
R15=0x00000000284dba38 is pointing into the stack for thread: 0x0000000026d8f000


Stack: [0x00000000283e0000,0x00000000284e0000],  sp=0x00000000284db930,  free space=1006k
Native frames: (J=compiled Java code, j=interpreted, Vv=VM code, C=native code)
V  [jvm.dll+0x4b623f]
V  [jvm.dll+0x4b7a49]
V  [jvm.dll+0x4b992f]
V  [jvm.dll+0x46c011]
V  [jvm.dll+0x46cd4e]
V  [jvm.dll+0x4501a2]
V  [jvm.dll+0xa43a2]
V  [jvm.dll+0xa4cdf]
V  [jvm.dll+0x2418a4]
V  [jvm.dll+0x29846a]
C  [msvcr100.dll+0x21d9f]
C  [msvcr100.dll+0x21e3b]
C  [KERNEL32.DLL+0x17974]
C  [ntdll.dll+0x6a271]


Current CompileTask:
C2:  81503 16348       4       pl.asie.foamfix.client.Deduplicator::deduplicate0 (459 bytes)


---------------  P R O C E S S  ---------------

Java Threads: ( => current thread )
  0x000000003266f000 JavaThread "Thread-8" [_thread_blocked, id=5640, stack(0x000000004d740000,0x000000004d840000)]
  0x0000000032672000 JavaThread "Thread-7" [_thread_blocked, id=3400, stack(0x000000004cd20000,0x000000004ce20000)]
  0x0000000032673000 JavaThread "pool-3-thread-1" [_thread_blocked, id=16108, stack(0x000000004a250000,0x000000004a350000)]
  0x0000000032675000 JavaThread "C&B Model Cache Cleanup" [_thread_blocked, id=9016, stack(0x000000004a150000,0x000000004a250000)]
  0x000000002cb2d000 JavaThread "Weather2 Foliage Enhancer" [_thread_blocked, id=4876, stack(0x0000000048230000,0x0000000048330000)]
  0x000000002cb30800 JavaThread "Weather2 Scene Enhancer" [_thread_blocked, id=9820, stack(0x0000000048130000,0x0000000048230000)]
  0x000000002cb2a800 JavaThread "ForkJoinPool.commonPool-worker-3" daemon [_thread_blocked, id=16760, stack(0x0000000047830000,0x0000000047930000)]
  0x000000002cb2b800 JavaThread "ForkJoinPool.commonPool-worker-1" daemon [_thread_blocked, id=7428, stack(0x0000000047630000,0x0000000047730000)]
  0x000000002cb2e800 JavaThread "ForkJoinPool.commonPool-worker-15" daemon [_thread_blocked, id=7832, stack(0x0000000047530000,0x0000000047630000)]
  0x0000000032220000 JavaThread "ForkJoinPool.commonPool-worker-4" daemon [_thread_blocked, id=9012, stack(0x0000000047230000,0x0000000047330000)]
  0x000000002adef800 JavaThread "LWJGL Timer" daemon [_thread_blocked, id=2380, stack(0x0000000046a30000,0x0000000046b30000)]
  0x0000000033851800 JavaThread "Thread-3" [_thread_blocked, id=11680, stack(0x0000000044fc0000,0x00000000450c0000)]
  0x000000002c90b800 JavaThread "Java2D Disposer" daemon [_thread_blocked, id=17640, stack(0x0000000032d60000,0x0000000032e60000)]
  0x000000002f7c3800 JavaThread "Timer hack thread" daemon [_thread_blocked, id=15228, stack(0x0000000032c60000,0x0000000032d60000)]
  0x000000002f59e800 JavaThread "Snooper Timer" daemon [_thread_blocked, id=7600, stack(0x000000002f980000,0x000000002fa80000)]
  0x0000000026e21000 JavaThread "Service Thread" daemon [_thread_blocked, id=5772, stack(0x00000000286e0000,0x00000000287e0000)]
  0x0000000026dba800 JavaThread "C1 CompilerThread3" daemon [_thread_blocked, id=9636, stack(0x00000000285e0000,0x00000000286e0000)]
  0x0000000026d96000 JavaThread "C2 CompilerThread2" daemon [_thread_in_native, id=15772, stack(0x00000000284e0000,0x00000000285e0000)]
=>0x0000000026d8f000 JavaThread "C2 CompilerThread1" daemon [_thread_in_native, id=7752, stack(0x00000000283e0000,0x00000000284e0000)]
  0x0000000026d88000 JavaThread "C2 CompilerThread0" daemon [_thread_in_native, id=2488, stack(0x00000000282e0000,0x00000000283e0000)]
  0x0000000026d84800 JavaThread "Attach Listener" daemon [_thread_blocked, id=4664, stack(0x00000000281e0000,0x00000000282e0000)]
  0x0000000026d81800 JavaThread "Signal Dispatcher" daemon [_thread_blocked, id=7480, stack(0x00000000280e0000,0x00000000281e0000)]
  0x000000002568f000 JavaThread "Finalizer" daemon [_thread_blocked, id=4772, stack(0x0000000027fe0000,0x00000000280e0000)]
  0x0000000025688000 JavaThread "Reference Handler" daemon [_thread_blocked, id=3664, stack(0x0000000027ee0000,0x0000000027fe0000)]
  0x0000000002235800 JavaThread "Client thread" [_thread_in_vm, id=18244, stack(0x0000000002040000,0x0000000002140000)]

Other Threads:
  0x0000000026d52800 VMThread [stack: 0x0000000027de0000,0x0000000027ee0000] [id=8844]
  0x0000000026dff800 WatcherThread [stack: 0x00000000287e0000,0x00000000288e0000] [id=8496]

VM state:not at safepoint (normal execution)

VM Mutex/Monitor currently owned by a thread: None

Heap:
 PSYoungGen      total 2379264K, used 2057921K [0x0000000715380000, 0x00000007c0000000, 0x00000007c0000000)
  eden space 1960448K, 89% used [0x0000000715380000,0x00000007804b3fd8,0x000000078ce00000)
  from space 418816K, 72% used [0x000000078ce00000,0x000000079f67c4a8,0x00000007a6700000)
  to   space 418816K, 0% used [0x00000007a6700000,0x00000007a6700000,0x00000007c0000000)
 ParOldGen       total 1250816K, used 783772K [0x00000005bfa00000, 0x000000060bf80000, 0x0000000715380000)
  object space 1250816K, 62% used [0x00000005bfa00000,0x00000005ef767378,0x000000060bf80000)
 Metaspace       used 140694K, capacity 143729K, committed 143936K, reserved 1169408K
  class space    used 23365K, capacity 24397K, committed 24408K, reserved 1048576K

Card table byte_map: [0x00000000116f0000,0x0000000012700000] byte_map_base: 0x000000000e8f3000

Marking Bits: (ParMarkBitMap*) 0x0000000064054040
 Begin Bits: [0x0000000013bb0000, 0x000000001bbc8000)
 End Bits:   [0x000000001bbc8000, 0x0000000023be0000)

Polling page: 0x0000000000850000

CodeCache: size=245760Kb used=45560Kb max_used=45641Kb free=200199Kb
 bounds [0x0000000002330000, 0x0000000005080000, 0x0000000011330000]
 total_blobs=12617 nmethods=11346 adapters=1182
 compilation: enabled

Compilation events (10 events):
Event: 81.434 Thread 0x0000000026d88000 16407       4       pl.asie.foamfix.client.Deduplicator::shouldCheckClass (60 bytes)
Event: 81.435 Thread 0x0000000026d88000 nmethod 16407 0x000000000354ee10 code [0x000000000354ef60, 0x000000000354f0c8]
Event: 81.442 Thread 0x0000000026d88000 16408       4       java.lang.invoke.LambdaForm$DMH/1922464006::invokeStatic_L4_L (20 bytes)
Event: 81.443 Thread 0x0000000026d88000 nmethod 16408 0x0000000004a6d710 code [0x0000000004a6d860, 0x0000000004a6d928]
Event: 81.445 Thread 0x0000000026d88000 16409       4       java.lang.invoke.MethodTypeForm::cachedLambdaForm (44 bytes)
Event: 81.445 Thread 0x0000000026dba800 16410       3       java.lang.invoke.LambdaFormEditor$Transform::packedBytes (39 bytes)
Event: 81.445 Thread 0x0000000026dba800 nmethod 16410 0x0000000004ac0450 code [0x0000000004ac05a0, 0x0000000004ac06f0]
Event: 81.445 Thread 0x0000000026d88000 nmethod 16409 0x000000000354f210 code [0x000000000354f360, 0x000000000354f458]
Event: 81.449 Thread 0x0000000026dba800 16411       3       java.lang.invoke.MethodHandleImpl::makePairwiseConvertByEditor (395 bytes)
Event: 81.452 Thread 0x0000000026dba800 nmethod 16411 0x00000000046e9310 code [0x00000000046e99c0, 0x00000000046ee798]

GC Heap History (10 events):
Event: 56.855 GC heap before
{Heap before GC invocations=35 (full 5):
 PSYoungGen      total 2546688K, used 2546671K [0x0000000715380000, 0x00000007c0000000, 0x00000007c0000000)
  eden space 2295296K, 100% used [0x0000000715380000,0x00000007a1500000,0x00000007a1500000)
  from space 251392K, 99% used [0x00000007a1500000,0x00000007b0a7bf98,0x00000007b0a80000)
  to   space 251392K, 0% used [0x00000007b0a80000,0x00000007b0a80000,0x00000007c0000000)
 ParOldGen       total 783872K, used 451651K [0x00000005bfa00000, 0x00000005ef780000, 0x0000000715380000)
  object space 783872K, 57% used [0x00000005bfa00000,0x00000005db310ec0,0x00000005ef780000)
 Metaspace       used 138842K, capacity 141813K, committed 142272K, reserved 1167360K
  class space    used 23172K, capacity 24207K, committed 24280K, reserved 1048576K
Event: 57.013 GC heap after
Heap after GC invocations=35 (full 5):
 PSYoungGen      total 2273280K, used 251375K [0x0000000715380000, 0x00000007c0000000, 0x00000007c0000000)
  eden space 2021888K, 0% used [0x0000000715380000,0x0000000715380000,0x0000000790a00000)
  from space 251392K, 99% used [0x00000007b0a80000,0x00000007bfffbe80,0x00000007c0000000)
  to   space 388096K, 0% used [0x0000000790a00000,0x0000000790a00000,0x00000007a8500000)
 ParOldGen       total 783872K, used 642188K [0x00000005bfa00000, 0x00000005ef780000, 0x0000000715380000)
  object space 783872K, 81% used [0x00000005bfa00000,0x00000005e6d23140,0x00000005ef780000)
 Metaspace       used 138842K, capacity 141813K, committed 142272K, reserved 1167360K
  class space    used 23172K, capacity 24207K, committed 24280K, reserved 1048576K
}
Event: 59.118 GC heap before
{Heap before GC invocations=36 (full 5):
 PSYoungGen      total 2273280K, used 2273263K [0x0000000715380000, 0x00000007c0000000, 0x00000007c0000000)
  eden space 2021888K, 100% used [0x0000000715380000,0x0000000790a00000,0x0000000790a00000)
  from space 251392K, 99% used [0x00000007b0a80000,0x00000007bfffbe80,0x00000007c0000000)
  to   space 388096K, 0% used [0x0000000790a00000,0x0000000790a00000,0x00000007a8500000)
 ParOldGen       total 783872K, used 642188K [0x00000005bfa00000, 0x00000005ef780000, 0x0000000715380000)
  object space 783872K, 81% used [0x00000005bfa00000,0x00000005e6d23140,0x00000005ef780000)
 Metaspace       used 138906K, capacity 141877K, committed 142528K, reserved 1167360K
  class space    used 23172K, capacity 24207K, committed 24280K, reserved 1048576K
Event: 59.173 GC heap after
Heap after GC invocations=36 (full 5):
 PSYoungGen      total 2409984K, used 162169K [0x0000000715380000, 0x00000007c0000000, 0x00000007c0000000)
  eden space 2021888K, 0% used [0x0000000715380000,0x0000000715380000,0x0000000790a00000)
  from space 388096K, 41% used [0x0000000790a00000,0x000000079a85e488,0x00000007a8500000)
  to   space 366080K, 0% used [0x00000007a9a80000,0x00000007a9a80000,0x00000007c0000000)
 ParOldGen       total 783872K, used 642196K [0x00000005bfa00000, 0x00000005ef780000, 0x0000000715380000)
  object space 783872K, 81% used [0x00000005bfa00000,0x00000005e6d25140,0x00000005ef780000)
 Metaspace       used 138906K, capacity 141877K, committed 142528K, reserved 1167360K
  class space    used 23172K, capacity 24207K, committed 24280K, reserved 1048576K
}
Event: 63.035 GC heap before
{Heap before GC invocations=37 (full 5):
 PSYoungGen      total 2409984K, used 2184057K [0x0000000715380000, 0x00000007c0000000, 0x00000007c0000000)
  eden space 2021888K, 100% used [0x0000000715380000,0x0000000790a00000,0x0000000790a00000)
  from space 388096K, 41% used [0x0000000790a00000,0x000000079a85e488,0x00000007a8500000)
  to   space 366080K, 0% used [0x00000007a9a80000,0x00000007a9a80000,0x00000007c0000000)
 ParOldGen       total 783872K, used 642196K [0x00000005bfa00000, 0x00000005ef780000, 0x0000000715380000)
  object space 783872K, 81% used [0x00000005bfa00000,0x00000005e6d25140,0x00000005ef780000)
 Metaspace       used 139173K, capacity 142075K, committed 142528K, reserved 1167360K
  class space    used 23183K, capacity 24208K, committed 24280K, reserved 1048576K
Event: 63.138 GC heap after
Heap after GC invocations=37 (full 5):
 PSYoungGen      total 2326528K, used 358447K [0x0000000715380000, 0x00000007c0000000, 0x00000007c0000000)
  eden space 1960448K, 0% used [0x0000000715380000,0x0000000715380000,0x000000078ce00000)
  from space 366080K, 97% used [0x00000007a9a80000,0x00000007bf88be50,0x00000007c0000000)
  to   space 418816K, 0% used [0x000000078ce00000,0x000000078ce00000,0x00000007a6700000)
 ParOldGen       total 783872K, used 642204K [0x00000005bfa00000, 0x00000005ef780000, 0x0000000715380000)
  object space 783872K, 81% used [0x00000005bfa00000,0x00000005e6d27140,0x00000005ef780000)
 Metaspace       used 139173K, capacity 142075K, committed 142528K, reserved 1167360K
  class space    used 23183K, capacity 24208K, committed 24280K, reserved 1048576K
}
Event: 77.110 GC heap before
{Heap before GC invocations=38 (full 5):
 PSYoungGen      total 2326528K, used 2318895K [0x0000000715380000, 0x00000007c0000000, 0x00000007c0000000)
  eden space 1960448K, 100% used [0x0000000715380000,0x000000078ce00000,0x000000078ce00000)
  from space 366080K, 97% used [0x00000007a9a80000,0x00000007bf88be50,0x00000007c0000000)
  to   space 418816K, 0% used [0x000000078ce00000,0x000000078ce00000,0x00000007a6700000)
 ParOldGen       total 783872K, used 642204K [0x00000005bfa00000, 0x00000005ef780000, 0x0000000715380000)
  object space 783872K, 81% used [0x00000005bfa00000,0x00000005e6d27140,0x00000005ef780000)
 Metaspace       used 140221K, capacity 143191K, committed 143680K, reserved 1169408K
  class space    used 23286K, capacity 24316K, committed 24408K, reserved 1048576K
Event: 77.323 GC heap after
Heap after GC invocations=38 (full 5):
 PSYoungGen      total 2379264K, used 418804K [0x0000000715380000, 0x00000007c0000000, 0x00000007c0000000)
  eden space 1960448K, 0% used [0x0000000715380000,0x0000000715380000,0x000000078ce00000)
  from space 418816K, 99% used [0x000000078ce00000,0x00000007a66fd378,0x00000007a6700000)
  to   space 418816K, 0% used [0x00000007a6700000,0x00000007a6700000,0x00000007c0000000)
 ParOldGen       total 783872K, used 733180K [0x00000005bfa00000, 0x00000005ef780000, 0x0000000715380000)
  object space 783872K, 93% used [0x00000005bfa00000,0x00000005ec5ff138,0x00000005ef780000)
 Metaspace       used 140221K, capacity 143191K, committed 143680K, reserved 1169408K
  class space    used 23286K, capacity 24316K, committed 24408K, reserved 1048576K
}
Event: 77.323 GC heap before
{Heap before GC invocations=39 (full 6):
 PSYoungGen      total 2379264K, used 418804K [0x0000000715380000, 0x00000007c0000000, 0x00000007c0000000)
  eden space 1960448K, 0% used [0x0000000715380000,0x0000000715380000,0x000000078ce00000)
  from space 418816K, 99% used [0x000000078ce00000,0x00000007a66fd378,0x00000007a6700000)
  to   space 418816K, 0% used [0x00000007a6700000,0x00000007a6700000,0x00000007c0000000)
 ParOldGen       total 783872K, used 733180K [0x00000005bfa00000, 0x00000005ef780000, 0x0000000715380000)
  object space 783872K, 93% used [0x00000005bfa00000,0x00000005ec5ff138,0x00000005ef780000)
 Metaspace       used 140221K, capacity 143191K, committed 143680K, reserved 1169408K
  class space    used 23286K, capacity 24316K, committed 24408K, reserved 1048576K
Event: 78.786 GC heap after
Heap after GC invocations=39 (full 6):
 PSYoungGen      total 2379264K, used 303601K [0x0000000715380000, 0x00000007c0000000, 0x00000007c0000000)
  eden space 1960448K, 0% used [0x0000000715380000,0x0000000715380000,0x000000078ce00000)
  from space 418816K, 72% used [0x000000078ce00000,0x000000079f67c4a8,0x00000007a6700000)
  to   space 418816K, 0% used [0x00000007a6700000,0x00000007a6700000,0x00000007c0000000)
 ParOldGen       total 1250816K, used 783772K [0x00000005bfa00000, 0x000000060bf80000, 0x0000000715380000)
  object space 1250816K, 62% used [0x00000005bfa00000,0x00000005ef767378,0x000000060bf80000)
 Metaspace       used 140221K, capacity 143191K, committed 143680K, reserved 1169408K
  class space    used 23286K, capacity 24316K, committed 24408K, reserved 1048576K
}

Deoptimization events (10 events):
Event: 81.388 Thread 0x0000000002235800 Uncommon trap: reason=bimorphic action=maybe_recompile pc=0x00000000035023a0 method=java.lang.invoke.MethodHandle.asType(Ljava/lang/invoke/MethodType;)Ljava/lang/invoke/MethodHandle; @ 24
Event: 81.388 Thread 0x0000000002235800 Uncommon trap: reason=unstable_if action=reinterpret pc=0x0000000004dce558 method=net.minecraftforge.client.model.MultiModelState$MultiModelPart.equals(Ljava/lang/Object;)Z @ 2
Event: 81.397 Thread 0x0000000002235800 Uncommon trap: reason=class_check action=maybe_recompile pc=0x0000000004eda050 method=com.google.common.collect.AbstractMapBasedMultimap$KeySet$1.hasNext()Z @ 4
Event: 81.397 Thread 0x0000000002235800 Uncommon trap: reason=unstable_if action=reinterpret pc=0x00000000033cfd08 method=pl.asie.foamfix.client.Deduplicator.deduplicateObject(Ljava/lang/Object;I)Ljava/lang/Object; @ 1114
Event: 81.398 Thread 0x0000000002235800 Uncommon trap: reason=class_check action=maybe_recompile pc=0x0000000004eda050 method=com.google.common.collect.AbstractMapBasedMultimap$KeySet$1.hasNext()Z @ 4
Event: 81.403 Thread 0x0000000002235800 Uncommon trap: reason=class_check action=maybe_recompile pc=0x0000000004eda050 method=com.google.common.collect.AbstractMapBasedMultimap$KeySet$1.hasNext()Z @ 4
Event: 81.403 Thread 0x0000000002235800 Uncommon trap: reason=class_check action=maybe_recompile pc=0x0000000004eda050 method=com.google.common.collect.AbstractMapBasedMultimap$KeySet$1.hasNext()Z @ 4
Event: 81.411 Thread 0x0000000002235800 Uncommon trap: reason=unstable_if action=reinterpret pc=0x000000000424dac0 method=net.minecraft.util.ResourceLocation.equals(Ljava/lang/Object;)Z @ 11
Event: 81.428 Thread 0x0000000002235800 Uncommon trap: reason=unstable_if action=reinterpret pc=0x00000000048b5b20 method=java.lang.Class.isEnum()Z @ 18
Event: 81.429 Thread 0x0000000002235800 Uncommon trap: reason=unstable_if action=reinterpret pc=0x00000000041f3414 method=java.lang.Class.isEnum()Z @ 18

Internal exceptions (10 events):
Event: 48.615 Thread 0x0000000002235800 Exception <a 'java/lang/IncompatibleClassChangeError': Found class java.lang.Object, but interface was expected> (0x0000000780f0af98) thrown at [C:\re\workspace\8-2-build-windows-amd64-cygwin\jdk8u51\3951\hotspot\src\share\vm\interpreter\linkResolver.cpp, 
Event: 51.551 Thread 0x0000000002235800 Implicit null exception at 0x000000000475d7e7 to 0x000000000475eba9
Event: 54.672 Thread 0x0000000002235800 Exception <a 'java/io/FileNotFoundException'> (0x0000000767e13df0) thrown at [C:\re\workspace\8-2-build-windows-amd64-cygwin\jdk8u51\3951\hotspot\src\share\vm\prims\jni.cpp, line 709]
Event: 59.966 Thread 0x0000000002235800 Implicit null exception at 0x000000000328a17c to 0x000000000328a311
Event: 61.372 Thread 0x0000000002235800 Implicit null exception at 0x0000000003d52a3d to 0x0000000003d52b9d
Event: 75.520 Thread 0x0000000002235800 Exception <a 'java/lang/NoSuchMethodError': java.lang.Object.lambda$makeTexture$0(I)[Lnet/minecraft/client/renderer/texture/TextureAtlasSprite;> (0x000000076893cae8) thrown at [C:\re\workspace\8-2-build-windows-amd64-cygwin\jdk8u51\3951\hotspot\src\share\vôÉ†£’„R@
Event: 75.560 Thread 0x0000000002235800 Exception <a 'java/lang/IncompatibleClassChangeError': Found class java.lang.Object, but interface was expected> (0x00000007691bd8b8) thrown at [C:\re\workspace\8-2-build-windows-amd64-cygwin\jdk8u51\3951\hotspot\src\share\vm\interpreter\linkResolver.cpp, Ëî6Í„R@
Event: 75.561 Thread 0x0000000002235800 Exception <a 'java/lang/IncompatibleClassChangeError': Found class java.lang.Object, but interface was expected> (0x00000007691c3aa8) thrown at [C:\re\workspace\8-2-build-windows-amd64-cygwin\jdk8u51\3951\hotspot\src\share\vm\interpreter\linkResolver.cpp, »Â‰Íl)S@
Event: 76.647 Thread 0x0000000002235800 Implicit null exception at 0x0000000004dd5c80 to 0x0000000004ddb0d1
Event: 81.223 Thread 0x0000000002235800 Implicit null exception at 0x0000000004de17e6 to 0x0000000004de4129

Events (10 events):
Event: 81.411 Thread 0x0000000002235800 DEOPT PACKING pc=0x000000000424dac0 sp=0x000000000213e1c0
Event: 81.411 Thread 0x0000000002235800 DEOPT UNPACKING pc=0x000000000237582a sp=0x000000000213e150 mode 2
Event: 81.416 loading class net/optifine/shaders/MultiTexID
Event: 81.416 loading class net/optifine/shaders/MultiTexID done
Event: 81.428 Thread 0x0000000002235800 Uncommon trap: trap_request=0xffffff65 fr.pc=0x00000000048b5b20
Event: 81.428 Thread 0x0000000002235800 DEOPT PACKING pc=0x00000000048b5b20 sp=0x000000000213d030
Event: 81.428 Thread 0x0000000002235800 DEOPT UNPACKING pc=0x000000000237582a sp=0x000000000213cf68 mode 2
Event: 81.429 Thread 0x0000000002235800 Uncommon trap: trap_request=0xffffff65 fr.pc=0x00000000041f3414
Event: 81.429 Thread 0x0000000002235800 DEOPT PACKING pc=0x00000000041f3414 sp=0x000000000213cfb0
Event: 81.429 Thread 0x0000000002235800 DEOPT UNPACKING pc=0x000000000237582a sp=0x000000000213cf50 mode 2


Dynamic libraries:
0x00007ff6d6590000 - 0x00007ff6d65c7000 	C:\Users\Zakarail\Twitch\Minecraft\Install\runtime\jre-x64\bin\javaw.exe
0x00007ffca1060000 - 0x00007ffca124d000 	C:\WINDOWS\SYSTEM32\ntdll.dll
0x00007ffc7bc30000 - 0x00007ffc7bc44000 	C:\Program Files\AVAST Software\Avast\aswhook.dll
0x00007ffca0e90000 - 0x00007ffca0f43000 	C:\WINDOWS\System32\KERNEL32.DLL
0x00007ffc9d1d0000 - 0x00007ffc9d463000 	C:\WINDOWS\System32\KERNELBASE.dll
0x00007ffc9eb00000 - 0x00007ffc9eba3000 	C:\WINDOWS\System32\ADVAPI32.dll
0x00007ffc9e7c0000 - 0x00007ffc9e85e000 	C:\WINDOWS\System32\msvcrt.dll
0x00007ffc9ea40000 - 0x00007ffc9eade000 	C:\WINDOWS\System32\sechost.dll
0x00007ffca0330000 - 0x00007ffca0452000 	C:\WINDOWS\System32\RPCRT4.dll
0x00007ffc9e860000 - 0x00007ffc9e9f7000 	C:\WINDOWS\System32\USER32.dll
0x00007ffc9d930000 - 0x00007ffc9d950000 	C:\WINDOWS\System32\win32u.dll
0x00007ffca0740000 - 0x00007ffca0769000 	C:\WINDOWS\System32\GDI32.dll
0x00007ffc9d710000 - 0x00007ffc9d8a9000 	C:\WINDOWS\System32\gdi32full.dll
0x00007ffc9d670000 - 0x00007ffc9d710000 	C:\WINDOWS\System32\msvcp_win.dll
0x00007ffc9d4a0000 - 0x00007ffc9d59a000 	C:\WINDOWS\System32\ucrtbase.dll
0x00007ffc90ec0000 - 0x00007ffc91139000 	C:\WINDOWS\WinSxS\amd64_microsoft.windows.common-controls_6595b64144ccf1df_6.0.17763.864_none_05b3441807210760\COMCTL32.dll
0x00007ffc9e2e0000 - 0x00007ffc9e60c000 	C:\WINDOWS\System32\combase.dll
0x00007ffc9d8b0000 - 0x00007ffc9d92e000 	C:\WINDOWS\System32\bcryptPrimitives.dll
0x00007ffc9ea10000 - 0x00007ffc9ea3e000 	C:\WINDOWS\System32\IMM32.DLL
0x00000000640e0000 - 0x00000000641b2000 	C:\Users\Zakarail\Twitch\Minecraft\Install\runtime\jre-x64\bin\msvcr100.dll
0x0000000063850000 - 0x00000000640d3000 	C:\Users\Zakarail\Twitch\Minecraft\Install\runtime\jre-x64\bin\server\jvm.dll
0x00007ffca09a0000 - 0x00007ffca09a8000 	C:\WINDOWS\System32\PSAPI.DLL
0x00007ffc8d400000 - 0x00007ffc8d409000 	C:\WINDOWS\SYSTEM32\WSOCK32.dll
0x00007ffca06d0000 - 0x00007ffca073d000 	C:\WINDOWS\System32\WS2_32.dll
0x00007ffc9b2d0000 - 0x00007ffc9b2f4000 	C:\WINDOWS\SYSTEM32\WINMM.dll
0x00007ffc972f0000 - 0x00007ffc972fa000 	C:\WINDOWS\SYSTEM32\VERSION.dll
0x00007ffc9b2a0000 - 0x00007ffc9b2cd000 	C:\WINDOWS\SYSTEM32\WINMMBASE.dll
0x00007ffc9d180000 - 0x00007ffc9d1ca000 	C:\WINDOWS\System32\cfgmgr32.dll
0x0000000063840000 - 0x000000006384f000 	C:\Users\Zakarail\Twitch\Minecraft\Install\runtime\jre-x64\bin\verify.dll
0x0000000063810000 - 0x0000000063839000 	C:\Users\Zakarail\Twitch\Minecraft\Install\runtime\jre-x64\bin\java.dll
0x00000000637f0000 - 0x0000000063806000 	C:\Users\Zakarail\Twitch\Minecraft\Install\runtime\jre-x64\bin\zip.dll
0x00007ffc9ed60000 - 0x00007ffca0254000 	C:\WINDOWS\System32\SHELL32.dll
0x00007ffca0770000 - 0x00007ffca0818000 	C:\WINDOWS\System32\shcore.dll
0x00007ffc9db30000 - 0x00007ffc9e27d000 	C:\WINDOWS\System32\windows.storage.dll
0x00007ffc9d0f0000 - 0x00007ffc9d114000 	C:\WINDOWS\System32\profapi.dll
0x00007ffc9d120000 - 0x00007ffc9d17d000 	C:\WINDOWS\System32\powrprof.dll
0x00007ffca09b0000 - 0x00007ffca0a02000 	C:\WINDOWS\System32\shlwapi.dll
0x00007ffc9d0b0000 - 0x00007ffc9d0c1000 	C:\WINDOWS\System32\kernel.appcore.dll
0x00007ffc9d650000 - 0x00007ffc9d667000 	C:\WINDOWS\System32\cryptsp.dll
0x00000000637e0000 - 0x00000000637ed000 	C:\Users\Zakarail\Twitch\Minecraft\Install\runtime\jre-x64\bin\management.dll
0x00000000637c0000 - 0x00000000637da000 	C:\Users\Zakarail\Twitch\Minecraft\Install\runtime\jre-x64\bin\net.dll
0x00007ffc9c920000 - 0x00007ffc9c987000 	C:\WINDOWS\system32\mswsock.dll
0x00007ffc7f840000 - 0x00007ffc7f856000 	C:\WINDOWS\system32\napinsp.dll
0x00007ffc7f7b0000 - 0x00007ffc7f7ca000 	C:\WINDOWS\system32\pnrpnsp.dll
0x00007ffc9c680000 - 0x00007ffc9c746000 	C:\WINDOWS\SYSTEM32\DNSAPI.dll
0x00007ffc9ea00000 - 0x00007ffc9ea08000 	C:\WINDOWS\System32\NSI.dll
0x00007ffc9c640000 - 0x00007ffc9c67d000 	C:\WINDOWS\SYSTEM32\IPHLPAPI.DLL
0x00007ffc7f630000 - 0x00007ffc7f63e000 	C:\WINDOWS\System32\winrnr.dll
0x00007ffc99b00000 - 0x00007ffc99b1b000 	C:\WINDOWS\system32\NLAapi.dll
0x00007ffc7ffd0000 - 0x00007ffc7ffe5000 	C:\WINDOWS\system32\wshbth.dll
0x00007ffc8ff50000 - 0x00007ffc8ff5a000 	C:\Windows\System32\rasadhlp.dll
0x00007ffc8ff60000 - 0x00007ffc8ffd9000 	C:\WINDOWS\System32\fwpuclnt.dll
0x00007ffc9d470000 - 0x00007ffc9d496000 	C:\WINDOWS\System32\bcrypt.dll
0x00000000637a0000 - 0x00000000637b1000 	C:\Users\Zakarail\Twitch\Minecraft\Install\runtime\jre-x64\bin\nio.dll
0x0000000063770000 - 0x0000000063794000 	C:\Users\Zakarail\Twitch\Minecraft\Install\runtime\jre-x64\bin\sunec.dll
0x00007ffc9c4a0000 - 0x00007ffc9c4d3000 	C:\WINDOWS\system32\rsaenh.dll
0x00007ffc9cfe0000 - 0x00007ffc9d008000 	C:\WINDOWS\SYSTEM32\USERENV.dll
0x00007ffc9caf0000 - 0x00007ffc9cafc000 	C:\WINDOWS\SYSTEM32\CRYPTBASE.dll
0x00007ffc953e0000 - 0x00007ffc953f6000 	C:\WINDOWS\SYSTEM32\dhcpcsvc6.DLL
0x00007ffc95da0000 - 0x00007ffc95dbc000 	C:\WINDOWS\SYSTEM32\dhcpcsvc.DLL
0x0000000063750000 - 0x0000000063767000 	C:\Users\Zakarail\Twitch\Minecraft\Install\runtime\jre-x64\bin\unpack.dll
0x0000000180000000 - 0x0000000180053000 	C:\Users\Zakarail\Twitch\Minecraft\Install\bin\e7c9-ef3e-0b3b-1cf3\lwjgl64.dll
0x00007ffc56ca0000 - 0x00007ffc56dc7000 	C:\WINDOWS\SYSTEM32\OPENGL32.dll
0x00007ffc7ebd0000 - 0x00007ffc7ebfc000 	C:\WINDOWS\SYSTEM32\GLU32.dll
0x00000000635b0000 - 0x0000000063748000 	C:\Users\Zakarail\Twitch\Minecraft\Install\runtime\jre-x64\bin\awt.dll
0x00007ffca0260000 - 0x00007ffca0324000 	C:\WINDOWS\System32\OLEAUT32.dll
0x00007ffc9b0c0000 - 0x00007ffc9b14c000 	C:\WINDOWS\SYSTEM32\apphelp.dll
0x00007ffc9b6a0000 - 0x00007ffc9b73c000 	C:\WINDOWS\system32\uxtheme.dll
0x00007ffca0820000 - 0x00007ffca098c000 	C:\WINDOWS\System32\MSCTF.dll
0x00007ffc9b770000 - 0x00007ffc9b79e000 	C:\WINDOWS\system32\dwmapi.dll
0x00007ffc9d950000 - 0x00007ffc9db2b000 	C:\WINDOWS\System32\CRYPT32.dll
0x00007ffc9d0d0000 - 0x00007ffc9d0e2000 	C:\WINDOWS\System32\MSASN1.dll
0x0000000060e50000 - 0x00000000635a1000 	C:\WINDOWS\System32\DriverStore\FileRepository\nv_dispi.inf_amd64_db678424d2641c3d\nvoglv64.dll
0x00007ffca0a10000 - 0x00007ffca0e86000 	C:\WINDOWS\System32\SETUPAPI.dll
0x00007ffca0460000 - 0x00007ffca05b5000 	C:\WINDOWS\System32\ole32.dll
0x00007ffc9ab00000 - 0x00007ffc9ab13000 	C:\WINDOWS\SYSTEM32\WTSAPI32.dll
0x00007ffc9cec0000 - 0x00007ffc9cee9000 	C:\WINDOWS\SYSTEM32\DEVOBJ.dll
0x00007ffc9e280000 - 0x00007ffc9e2d9000 	C:\WINDOWS\System32\WINTRUST.dll
0x00007ffc9c120000 - 0x00007ffc9c151000 	C:\WINDOWS\SYSTEM32\ntmarta.dll
0x00007ffc62aa0000 - 0x00007ffc62d47000 	C:\WINDOWS\system32\nvspcap64.dll
0x00007ffc94900000 - 0x00007ffc94aed000 	C:\WINDOWS\SYSTEM32\dbghelp.dll
0x00007ffc94700000 - 0x00007ffc9472a000 	C:\WINDOWS\SYSTEM32\dbgcore.DLL
0x00007ffc93e60000 - 0x00007ffc93f0d000 	C:\WINDOWS\SYSTEM32\mscms.dll
0x00007ffc94520000 - 0x00007ffc94530000 	C:\WINDOWS\SYSTEM32\ColorAdapterClient.dll
0x00007ffc8d700000 - 0x00007ffc8d743000 	C:\WINDOWS\SYSTEM32\icm32.dll
0x00007ffc9c1c0000 - 0x00007ffc9c218000 	C:\WINDOWS\SYSTEM32\WINSTA.dll
0x00007ffc8d410000 - 0x00007ffc8d452000 	C:\Users\Zakarail\AppData\Local\Temp\jna-1284044783\jna8831260688286883542.dll
0x00000000312b0000 - 0x0000000031314000 	C:\Users\Zakarail\Twitch\Minecraft\Install\bin\e7c9-ef3e-0b3b-1cf3\OpenAL64.dll
0x00007ffca05c0000 - 0x00007ffca0662000 	C:\WINDOWS\System32\clbcatq.dll
0x00007ffc98110000 - 0x00007ffc98180000 	C:\WINDOWS\System32\MMDevApi.dll
0x00007ffc99950000 - 0x00007ffc99af9000 	C:\WINDOWS\System32\PROPSYS.dll
0x00007ffc84e10000 - 0x00007ffc84ea6000 	C:\WINDOWS\SYSTEM32\dsound.dll
0x00007ffc983a0000 - 0x00007ffc984e8000 	C:\WINDOWS\SYSTEM32\AUDIOSES.DLL
0x00007ffc992c0000 - 0x00007ffc99413000 	C:\WINDOWS\SYSTEM32\wintypes.dll
0x00007ffc98aa0000 - 0x00007ffc98aaa000 	C:\WINDOWS\SYSTEM32\AVRT.dll
0x00007ffc9b9e0000 - 0x00007ffc9b9f4000 	C:\WINDOWS\SYSTEM32\resourcepolicyclient.dll

VM Arguments:
jvm_args: -Dos.name=Windows 10 -Dos.version=10.0 -XX:HeapDumpPath=MojangTricksIntelDriversForPerformance_javaw.exe_minecraft.exe.heapdump -Djava.library.path=C:\Users\Zakarail\Twitch\Minecraft\Install\bin\e7c9-ef3e-0b3b-1cf3 -Dminecraft.launcher.brand=minecraft-launcher -Dminecraft.launcher.version=2.1.9616 -Dminecraft.client.jar=C:\Users\Zakarail\Twitch\Minecraft\Install\versions\1.12.2\1.12.2.jar -Xmx8198m -Xms256m -XX:PermSize=256m -Dminecraft.applet.TargetDirectory=C:\Users\Zakarail\Twitch\Minecraft\Instances\Quest of Ages -Dfml.ignorePatchDiscrepancies=true -Dfml.ignoreInvalidMinecraftCertificates=true -Duser.language=en -Duser.country=US -Dlog4j.configurationFile=C:\Users\Zakarail\Twitch\Minecraft\Install\assets\log_configs\client-1.12.xml 
java_command: net.minecraft.launchwrapper.Launch --username Zakarail --version forge-14.23.5.2847 --gameDir C:\Users\Zakarail\Twitch\Minecraft\Instances\Quest of Ages --assetsDir C:\Users\Zakarail\Twitch\Minecraft\Install\assets --assetIndex 1.12 --uuid 77addc813bf74eacb38ad4795525b80d --accessToken eyJhbGciOiJIUzI1NiJ9.eyJzdWIiOiJjYTlhMDYwY2E0MGI0ODM2OGI1NGJhMjdlYjVmYjc0MyIsIm5iZiI6MTU3NDk2NTIwNSwieWdndCI6ImRjMzhhMmRhNGNmNDQxMDNiNmZhZjUwMmNlNWY2Yjg3Iiwic3ByIjoiNzdhZGRjODEzYmY3NGVhY2IzOGFkNDc5NTUyNWI4MGQiLCJyb2xlcyI6W10sImlzcyI6ImludGVybmFsLWF1dGhlbnRpY2F0aW9uIiwiZXhwIjoxNTc1MTM4MDA1LCJpYXQiOjE1NzQ5NjUyMDV9.5gOj64eWhRD7cYofpfn4icwGOHWh7M_5xOEV9Nz00SE --userType mojang --tweakClass net.minecraftforge.fml.common.launcher.FMLTweaker --versionType Forge --width 1024 --height 768
java_class_path (initial): C:\Users\Zakarail\Twitch\Minecraft\Install\libraries\net\minecraftforge\forge\1.12.2-14.23.5.2847\forge-1.12.2-14.23.5.2847.jar;C:\Users\Zakarail\Twitch\Minecraft\Install\libraries\net\minecraft\launchwrapper\1.12\launchwrapper-1.12.jar;C:\Users\Zakarail\Twitch\Minecraft\Install\libraries\org\ow2\asm\asm-all\5.2\asm-all-5.2.jar;C:\Users\Zakarail\Twitch\Minecraft\Install\libraries\org\jline\jline\3.5.1\jline-3.5.1.jar;C:\Users\Zakarail\Twitch\Minecraft\Install\libraries\net\java\dev\jna\jna\4.4.0\jna-4.4.0.jar;C:\Users\Zakarail\Twitch\Minecraft\Install\libraries\com\typesafe\akka\akka-actor_2.11\2.3.3\akka-actor_2.11-2.3.3.jar;C:\Users\Zakarail\Twitch\Minecraft\Install\libraries\com\typesafe\config\1.2.1\config-1.2.1.jar;C:\Users\Zakarail\Twitch\Minecraft\Install\libraries\org\scala-lang\scala-actors-migration_2.11\1.1.0\scala-actors-migration_2.11-1.1.0.jar;C:\Users\Zakarail\Twitch\Minecraft\Install\libraries\org\scala-lang\scala-compiler\2.11.1\scala-compiler-2.11.1.jar;C:\Users\Zakarail\Twitch\Minecraft\Install\libraries\org\scala-lang\plugins\scala-continuations-library_2.11\1.0.2\scala-continuations-library_2.11-1.0.2.jar;C:\Users\Zakarail\Twitch\Minecraft\Install\libraries\org\scala-lang\plugins\scala-continuations-plugin_2.11.1\1.0.2\scala-continuations-plugin_2.11.1-1.0.2.jar;C:\Users\Zakarail\Twitch\Minecraft\Install\libraries\org\scala-lang\scala-library\2.11.1\scala-library-2.11.1.jar;C:\Users\Zakarail\Twitch\Minecraft\Install\libraries\org\scala-lang\scala-parser-combinators_2.11\1.0.1\scala-parser-combinators_2.11-1.0.1.jar;C:\Users\Zakarail\Twitch\Minecraft\Install\libraries\org\scala-lang\scala-reflect\2.11.1\scala-reflect-2.11.1.jar;C:\Users\Zakarail\Twitch\Minecraft\Install\libraries\org\scala-lang\scala-swing_2.11\1.0.1\scala-swing_2.11-1.0.1.jar;C:\Users\Zakarail\Twitch\Minecraft\Install\libraries\org\scala-lang\scala-xml_2.11\1.0.2\scala-xml_2.11-1.0.2.jar;C:\Users\Zakarail\Twitch\Minecraft\Install\libraries\lzma\lzma\
Launcher Type: SUN_STANDARD

Environment Variables:
JAVA_HOME=C:\Program Files\Java\jdk-12
JRE_HOME=C:\Program Files\Java\jdk-12
PATH=C:\Windows\system32;C:\Windows;C:\Windows\System32\Wbem;C:\Windows\System32\WindowsPowerShell\v1.0\;C:\Program Files (x86)\NVIDIA Corporation\PhysX\Common;C:\Program Files\NVIDIA Corporation\NVIDIA NvDLISR;C:\WINDOWS\system32;C:\WINDOWS;C:\WINDOWS\System32\Wbem;C:\WINDOWS\System32\WindowsPowerShell\v1.0\;C:\WINDOWS\System32\OpenSSH\;C:\Program Files\Java\jdk-12\bin;C:\Program Files\Java\jdk-12\bin;C:\Program Files\Git\cmd;C:\Program Files\nodejs\;C:\Program Files\TortoiseGit\bin;C:\Users\Zakarail\AppData\Local\Microsoft\WindowsApps;;C:\Users\Zakarail\AppData\Local\Programs\Microsoft VS Code\bin;C:\Users\Zakarail\AppData\Roaming\npm
USERNAME=Zakarail
OS=Windows_NT
PROCESSOR_IDENTIFIER=Intel64 Family 6 Model 63 Stepping 2, GenuineIntel



---------------  S Y S T E M  ---------------

OS: Windows 10.0 , 64 bit Build 17763 (10.0.17763.475)

CPU:total 12 (6 cores per cpu, 2 threads per core) family 6 model 63 stepping 2, cmov, cx8, fxsr, mmx, sse, sse2, sse3, ssse3, sse4.1, sse4.2, popcnt, avx, avx2, aes, clmul, erms, lzcnt, ht, tsc, tscinvbit, bmi1, bmi2

Memory: 4k page, physical 33472580k(21187852k free), swap 38453316k(22030612k free)

vm_info: Java HotSpot(TM) 64-Bit Server VM (25.51-b03) for windows-amd64 JRE (1.8.0_51-b16), built on Jun  8 2015 18:03:07 by "java_re" with MS VC++ 10.0 (VS2010)

time: Thu Nov 28 14:28:25 2019
elapsed time: 81 seconds (0d 0h 1m 21s)

