#
# A fatal error has been detected by the Java Runtime Environment:
#
#  EXCEPTION_ACCESS_VIOLATION (0xc0000005) at pc=0x0000000056c0623f, pid=22664, tid=22716
#
# JRE version: Java(TM) SE Runtime Environment (8.0_51-b16) (build 1.8.0_51-b16)
# Java VM: Java HotSpot(TM) 64-Bit Server VM (25.51-b03 mixed mode windows-amd64 compressed oops)
# Problematic frame:
# V  [jvm.dll+0x4b623f]
#
# Failed to write core dump. Minidumps are not enabled by default on client versions of Windows
#
# If you would like to submit a bug report, please visit:
#   http://bugreport.java.com/bugreport/crash.jsp
#

---------------  T H R E A D  ---------------

Current thread (0x000000002796f000):  JavaThread "C2 CompilerThread1" daemon [_thread_in_native, id=22716, stack(0x0000000028fc0000,0x00000000290c0000)]

siginfo: ExceptionCode=0xc0000005, reading address 0x0000000000000008

Registers:
RAX=0x0000000000000000, RBX=0x0000000000000000, RCX=0x0000000057e31e30, RDX=0x0000000000008000
RSP=0x00000000290bbe70, RBP=0x000000002d758bc0, RSI=0x0000000057e31e30, RDI=0x00000000290bc340
R8 =0x0000000000000000, R9 =0x000000002d9b7600, R10=0x00000000290bc340, R11=0x0000000075803480
R12=0x0000000032a5c4f0, R13=0x00000000301f55b0, R14=0x00000000290bbf58, R15=0x00000000290bbf78
RIP=0x0000000056c0623f, EFLAGS=0x0000000000010202

Top of Stack: (sp=0x00000000290bbe70)
0x00000000290bbe70:   0000000031c31b60 000000002d758bc0
0x00000000290bbe80:   000000007573dd20 00000000290bc340
0x00000000290bbe90:   000000002d758bc0 00000000290bbfc8
0x00000000290bbea0:   00000000290bc020 0000000056c07a49
0x00000000290bbeb0:   0000000031c31b60 0000000000000774
0x00000000290bbec0:   0000000000000002 0000000057e31e30
0x00000000290bbed0:   00000000290bcd10 0000000056c3a2b0
0x00000000290bbee0:   000000007669c5a0 0000000002f2b410
0x00000000290bbef0:   000000002dd09440 00000000290bc020
0x00000000290bbf00:   0000000002f2b410 0000000000000000
0x00000000290bbf10:   00000000290bc340 0000000056c0992f
0x00000000290bbf20:   00000000290bc340 0000000000000001
0x00000000290bbf30:   0000000000000002 000000002dd09440
0x00000000290bbf40:   000000007669c5f0 00000000766a4588
0x00000000290bbf50:   00000000002491c8 0000000002f2b410
0x00000000290bbf60:   0000000000000800 000000005066e290 

Instructions: (pc=0x0000000056c0623f)
0x0000000056c0621f:   4c 89 64 24 50 4c 8b e0 4c 3b e8 0f 84 4f 01 00
0x0000000056c0622f:   00 44 8b 43 28 4c 8b 8f f0 09 00 00 4b 8b 1c c1
0x0000000056c0623f:   48 8b 43 08 48 83 38 00 75 2a 8b 57 28 0f 1f 40
0x0000000056c0624f:   00 8b 43 28 3b c2 73 0c 8b c8 48 8b 47 30 48 8b 


Register to memory mapping:

RAX=0x0000000000000000 is an unknown value
RBX=0x0000000000000000 is an unknown value
RCX=0x0000000057e31e30 is an unknown value
RDX=0x0000000000008000 is an unknown value
RSP=0x00000000290bbe70 is pointing into the stack for thread: 0x000000002796f000
RBP=0x000000002d758bc0 is an unknown value
RSI=0x0000000057e31e30 is an unknown value
RDI=0x00000000290bc340 is pointing into the stack for thread: 0x000000002796f000
R8 =0x0000000000000000 is an unknown value
R9 =0x000000002d9b7600 is an unknown value
R10=0x00000000290bc340 is pointing into the stack for thread: 0x000000002796f000
R11=0x0000000075803480 is an unknown value
R12=0x0000000032a5c4f0 is an unknown value
R13=0x00000000301f55b0 is an unknown value
R14=0x00000000290bbf58 is pointing into the stack for thread: 0x000000002796f000
R15=0x00000000290bbf78 is pointing into the stack for thread: 0x000000002796f000


Stack: [0x0000000028fc0000,0x00000000290c0000],  sp=0x00000000290bbe70,  free space=1007k
Native frames: (J=compiled Java code, j=interpreted, Vv=VM code, C=native code)
V  [jvm.dll+0x4b623f]
V  [jvm.dll+0x4b7a49]
V  [jvm.dll+0x4b992f]
V  [jvm.dll+0x46c011]
V  [jvm.dll+0x46cd4e]
V  [jvm.dll+0x4501a2]
V  [jvm.dll+0xa43a2]
V  [jvm.dll+0xa4cdf]
V  [jvm.dll+0x2418a4]
V  [jvm.dll+0x29846a]
C  [msvcr100.dll+0x21d9f]
C  [msvcr100.dll+0x21e3b]
C  [KERNEL32.DLL+0x17974]
C  [ntdll.dll+0x6a271]


Current CompileTask:
C2:  85474 16220       4       pl.asie.foamfix.client.Deduplicator::deduplicate0 (459 bytes)


---------------  P R O C E S S  ---------------

Java Threads: ( => current thread )
  0x000000002c5b6000 JavaThread "Thread-8" [_thread_blocked, id=16228, stack(0x000000004d250000,0x000000004d350000)]
  0x000000002c5b7800 JavaThread "Thread-7" [_thread_blocked, id=22300, stack(0x000000004c840000,0x000000004c940000)]
  0x0000000034199000 JavaThread "pool-3-thread-1" [_thread_blocked, id=23420, stack(0x0000000049240000,0x0000000049340000)]
  0x0000000029e5c000 JavaThread "C&B Model Cache Cleanup" [_thread_blocked, id=5616, stack(0x0000000048d40000,0x0000000048e40000)]
  0x000000002c5b3800 JavaThread "Weather2 Foliage Enhancer" [_thread_blocked, id=12020, stack(0x0000000048410000,0x0000000048510000)]
  0x000000002c5b5000 JavaThread "Weather2 Scene Enhancer" [_thread_blocked, id=20912, stack(0x0000000048310000,0x0000000048410000)]
  0x000000002c5b2000 JavaThread "ForkJoinPool.commonPool-worker-10" daemon [_thread_blocked, id=14508, stack(0x0000000046720000,0x0000000046820000)]
  0x000000003419d800 JavaThread "ForkJoinPool.commonPool-worker-1" daemon [_thread_blocked, id=19940, stack(0x0000000046520000,0x0000000046620000)]
  0x000000003419c000 JavaThread "ForkJoinPool.commonPool-worker-4" daemon [_thread_blocked, id=13984, stack(0x0000000046020000,0x0000000046120000)]
  0x000000003419a000 JavaThread "ForkJoinPool.commonPool-worker-2" daemon [_thread_blocked, id=8076, stack(0x0000000045e20000,0x0000000045f20000)]
  0x0000000029e5b800 JavaThread "LWJGL Timer" daemon [_thread_blocked, id=10520, stack(0x0000000045820000,0x0000000045920000)]
  0x0000000029e60000 JavaThread "Thread-3" [_thread_in_native, id=17696, stack(0x0000000042ff0000,0x00000000430f0000)]
  0x0000000029e5f000 JavaThread "Java2D Disposer" daemon [_thread_blocked, id=22584, stack(0x0000000032db0000,0x0000000032eb0000)]
  0x0000000029e5e800 JavaThread "Timer hack thread" daemon [_thread_blocked, id=22556, stack(0x0000000032cb0000,0x0000000032db0000)]
  0x000000002d31e000 JavaThread "Snooper Timer" daemon [_thread_blocked, id=4840, stack(0x000000002cae0000,0x000000002cbe0000)]
  0x00000000279cc800 JavaThread "Service Thread" daemon [_thread_blocked, id=22724, stack(0x00000000292c0000,0x00000000293c0000)]
  0x000000002797f000 JavaThread "C1 CompilerThread3" daemon [_thread_blocked, id=22728, stack(0x00000000291c0000,0x00000000292c0000)]
  0x0000000027976000 JavaThread "C2 CompilerThread2" daemon [_thread_in_native, id=22720, stack(0x00000000290c0000,0x00000000291c0000)]
=>0x000000002796f000 JavaThread "C2 CompilerThread1" daemon [_thread_in_native, id=22716, stack(0x0000000028fc0000,0x00000000290c0000)]
  0x0000000027968000 JavaThread "C2 CompilerThread0" daemon [_thread_blocked, id=22700, stack(0x0000000028ec0000,0x0000000028fc0000)]
  0x0000000027964800 JavaThread "Attach Listener" daemon [_thread_blocked, id=23504, stack(0x0000000028dc0000,0x0000000028ec0000)]
  0x0000000027961800 JavaThread "Signal Dispatcher" daemon [_thread_blocked, id=23500, stack(0x0000000028cc0000,0x0000000028dc0000)]
  0x000000002628f000 JavaThread "Finalizer" daemon [_thread_blocked, id=23456, stack(0x0000000028bc0000,0x0000000028cc0000)]
  0x0000000026288000 JavaThread "Reference Handler" daemon [_thread_blocked, id=23400, stack(0x0000000028ac0000,0x0000000028bc0000)]
  0x0000000002e35800 JavaThread "Client thread" [_thread_in_Java, id=10064, stack(0x0000000002ca0000,0x0000000002da0000)]

Other Threads:
  0x0000000027932800 VMThread [stack: 0x00000000289c0000,0x0000000028ac0000] [id=23396]
  0x00000000279cd800 WatcherThread [stack: 0x00000000293c0000,0x00000000294c0000] [id=22736]

VM state:not at safepoint (normal execution)

VM Mutex/Monitor currently owned by a thread: None

Heap:
 PSYoungGen      total 1916416K, used 469528K [0x0000000715380000, 0x00000007c0000000, 0x00000007c0000000)
  eden space 1477120K, 12% used [0x0000000715380000,0x0000000720eb1730,0x000000076f600000)
  from space 439296K, 63% used [0x00000007a5300000,0x00000007b6254990,0x00000007c0000000)
  to   space 660480K, 0% used [0x000000076f600000,0x000000076f600000,0x0000000797b00000)
 ParOldGen       total 1431040K, used 908620K [0x00000005bfa00000, 0x0000000616f80000, 0x0000000715380000)
  object space 1431040K, 63% used [0x00000005bfa00000,0x00000005f71531f8,0x0000000616f80000)
 Metaspace       used 140687K, capacity 143783K, committed 143960K, reserved 1169408K
  class space    used 23337K, capacity 24396K, committed 24408K, reserved 1048576K

Card table byte_map: [0x00000000122f0000,0x0000000013300000] byte_map_base: 0x000000000f4f3000

Marking Bits: (ParMarkBitMap*) 0x0000000056f54040
 Begin Bits: [0x00000000147b0000, 0x000000001c7c8000)
 End Bits:   [0x000000001c7c8000, 0x00000000247e0000)

Polling page: 0x0000000001110000

CodeCache: size=245760Kb used=45682Kb max_used=45682Kb free=200077Kb
 bounds [0x0000000002f30000, 0x0000000005c10000, 0x0000000011f30000]
 total_blobs=12690 nmethods=11419 adapters=1182
 compilation: enabled

Compilation events (10 events):
Event: 85.403 Thread 0x000000002797f000 16271       3       java.lang.invoke.MethodType::basicType (8 bytes)
Event: 85.403 Thread 0x000000002797f000 nmethod 16271 0x0000000005bd3050 code [0x0000000005bd31a0, 0x0000000005bd3390]
Event: 85.404 Thread 0x0000000027968000 16272       4       pl.asie.foamfix.client.Deduplicator::shouldCheckClass (60 bytes)
Event: 85.405 Thread 0x0000000027968000 nmethod 16272 0x0000000005bd2bd0 code [0x0000000005bd2d20, 0x0000000005bd2e78]
Event: 85.412 Thread 0x0000000027968000 16273       4       java.lang.invoke.MethodTypeForm::cachedLambdaForm (44 bytes)
Event: 85.413 Thread 0x0000000027968000 nmethod 16273 0x0000000005c04f50 code [0x0000000005c050a0, 0x0000000005c05198]
Event: 85.420 Thread 0x000000002797f000 16274       3       java.lang.invoke.MethodHandleImpl::makePairwiseConvertByEditor (395 bytes)
Event: 85.423 Thread 0x000000002797f000 nmethod 16274 0x0000000005c052d0 code [0x0000000005c05980, 0x0000000005c0a758]
Event: 85.435 Thread 0x000000002797f000 16275       3       net.minecraft.util.ResourceLocation::equals (55 bytes)
Event: 85.436 Thread 0x000000002797f000 nmethod 16275 0x0000000005c04690 code [0x0000000005c04820, 0x0000000005c04e18]

GC Heap History (10 events):
Event: 63.268 GC heap before
{Heap before GC invocations=36 (full 5):
 PSYoungGen      total 2451968K, used 2451945K [0x0000000715380000, 0x00000007c0000000, 0x00000007c0000000)
  eden space 2189824K, 100% used [0x0000000715380000,0x000000079ae00000,0x000000079ae00000)
  from space 262144K, 99% used [0x00000007b0000000,0x00000007bfffa620,0x00000007c0000000)
  to   space 304128K, 0% used [0x000000079ae00000,0x000000079ae00000,0x00000007ad700000)
 ParOldGen       total 816128K, used 469479K [0x00000005bfa00000, 0x00000005f1700000, 0x0000000715380000)
  object space 816128K, 57% used [0x00000005bfa00000,0x00000005dc479c10,0x00000005f1700000)
 Metaspace       used 138842K, capacity 141771K, committed 142296K, reserved 1167360K
  class space    used 23143K, capacity 24174K, committed 24280K, reserved 1048576K
Event: 63.428 GC heap after
Heap after GC invocations=36 (full 5):
 PSYoungGen      total 2493952K, used 304110K [0x0000000715380000, 0x00000007c0000000, 0x00000007c0000000)
  eden space 2189824K, 0% used [0x0000000715380000,0x0000000715380000,0x000000079ae00000)
  from space 304128K, 99% used [0x000000079ae00000,0x00000007ad6fb878,0x00000007ad700000)
  to   space 304128K, 0% used [0x00000007ad700000,0x00000007ad700000,0x00000007c0000000)
 ParOldGen       total 816128K, used 608936K [0x00000005bfa00000, 0x00000005f1700000, 0x0000000715380000)
  object space 816128K, 74% used [0x00000005bfa00000,0x00000005e4caa130,0x00000005f1700000)
 Metaspace       used 138842K, capacity 141771K, committed 142296K, reserved 1167360K
  class space    used 23143K, capacity 24174K, committed 24280K, reserved 1048576K
}
Event: 68.091 GC heap before
{Heap before GC invocations=37 (full 5):
 PSYoungGen      total 2493952K, used 2493934K [0x0000000715380000, 0x00000007c0000000, 0x00000007c0000000)
  eden space 2189824K, 100% used [0x0000000715380000,0x000000079ae00000,0x000000079ae00000)
  from space 304128K, 99% used [0x000000079ae00000,0x00000007ad6fb878,0x00000007ad700000)
  to   space 304128K, 0% used [0x00000007ad700000,0x00000007ad700000,0x00000007c0000000)
 ParOldGen       total 816128K, used 608938K [0x00000005bfa00000, 0x00000005f1700000, 0x0000000715380000)
  object space 816128K, 74% used [0x00000005bfa00000,0x00000005e4caaaa8,0x00000005f1700000)
 Metaspace       used 139109K, capacity 142065K, committed 142552K, reserved 1167360K
  class space    used 23154K, capacity 24207K, committed 24280K, reserved 1048576K
Event: 68.203 GC heap after
Heap after GC invocations=37 (full 5):
 PSYoungGen      total 2223616K, used 304096K [0x0000000715380000, 0x00000007c0000000, 0x00000007c0000000)
  eden space 1919488K, 0% used [0x0000000715380000,0x0000000715380000,0x000000078a600000)
  from space 304128K, 99% used [0x00000007ad700000,0x00000007bfff81f8,0x00000007c0000000)
  to   space 439296K, 0% used [0x000000078a600000,0x000000078a600000,0x00000007a5300000)
 ParOldGen       total 816128K, used 636284K [0x00000005bfa00000, 0x00000005f1700000, 0x0000000715380000)
  object space 816128K, 77% used [0x00000005bfa00000,0x00000005e675f1b0,0x00000005f1700000)
 Metaspace       used 139109K, capacity 142065K, committed 142552K, reserved 1167360K
  class space    used 23154K, capacity 24207K, committed 24280K, reserved 1048576K
}
Event: 81.078 GC heap before
{Heap before GC invocations=38 (full 5):
 PSYoungGen      total 2223616K, used 2223584K [0x0000000715380000, 0x00000007c0000000, 0x00000007c0000000)
  eden space 1919488K, 100% used [0x0000000715380000,0x000000078a600000,0x000000078a600000)
  from space 304128K, 99% used [0x00000007ad700000,0x00000007bfff81f8,0x00000007c0000000)
  to   space 439296K, 0% used [0x000000078a600000,0x000000078a600000,0x00000007a5300000)
 ParOldGen       total 816128K, used 636284K [0x00000005bfa00000, 0x00000005f1700000, 0x0000000715380000)
  object space 816128K, 77% used [0x00000005bfa00000,0x00000005e675f1b0,0x00000005f1700000)
 Metaspace       used 140106K, capacity 143147K, committed 143448K, reserved 1169408K
  class space    used 23256K, capacity 24314K, committed 24408K, reserved 1048576K
Event: 81.224 GC heap after
Heap after GC invocations=38 (full 5):
 PSYoungGen      total 2358784K, used 439288K [0x0000000715380000, 0x00000007c0000000, 0x00000007c0000000)
  eden space 1919488K, 0% used [0x0000000715380000,0x0000000715380000,0x000000078a600000)
  from space 439296K, 99% used [0x000000078a600000,0x00000007a52fe158,0x00000007a5300000)
  to   space 439296K, 0% used [0x00000007a5300000,0x00000007a5300000,0x00000007c0000000)
 ParOldGen       total 816128K, used 698943K [0x00000005bfa00000, 0x00000005f1700000, 0x0000000715380000)
  object space 816128K, 85% used [0x00000005bfa00000,0x00000005ea48fdd8,0x00000005f1700000)
 Metaspace       used 140106K, capacity 143147K, committed 143448K, reserved 1169408K
  class space    used 23256K, capacity 24314K, committed 24408K, reserved 1048576K
}
Event: 83.320 GC heap before
{Heap before GC invocations=39 (full 5):
 PSYoungGen      total 2358784K, used 2358776K [0x0000000715380000, 0x00000007c0000000, 0x00000007c0000000)
  eden space 1919488K, 100% used [0x0000000715380000,0x000000078a600000,0x000000078a600000)
  from space 439296K, 99% used [0x000000078a600000,0x00000007a52fe158,0x00000007a5300000)
  to   space 439296K, 0% used [0x00000007a5300000,0x00000007a5300000,0x00000007c0000000)
 ParOldGen       total 816128K, used 698943K [0x00000005bfa00000, 0x00000005f1700000, 0x0000000715380000)
  object space 816128K, 85% used [0x00000005bfa00000,0x00000005ea48fdd8,0x00000005f1700000)
 Metaspace       used 140374K, capacity 143381K, committed 143704K, reserved 1169408K
  class space    used 23273K, capacity 24315K, committed 24408K, reserved 1048576K
Event: 83.497 GC heap after
Heap after GC invocations=39 (full 5):
 PSYoungGen      total 1916416K, used 439275K [0x0000000715380000, 0x00000007c0000000, 0x00000007c0000000)
  eden space 1477120K, 0% used [0x0000000715380000,0x0000000715380000,0x000000076f600000)
  from space 439296K, 99% used [0x00000007a5300000,0x00000007bfffadc0,0x00000007c0000000)
  to   space 660480K, 0% used [0x000000076f600000,0x000000076f600000,0x0000000797b00000)
 ParOldGen       total 908800K, used 907247K [0x00000005bfa00000, 0x00000005f7180000, 0x0000000715380000)
  object space 908800K, 99% used [0x00000005bfa00000,0x00000005f6ffbec8,0x00000005f7180000)
 Metaspace       used 140374K, capacity 143381K, committed 143704K, reserved 1169408K
  class space    used 23273K, capacity 24315K, committed 24408K, reserved 1048576K
}
Event: 83.497 GC heap before
{Heap before GC invocations=40 (full 6):
 PSYoungGen      total 1916416K, used 439275K [0x0000000715380000, 0x00000007c0000000, 0x00000007c0000000)
  eden space 1477120K, 0% used [0x0000000715380000,0x0000000715380000,0x000000076f600000)
  from space 439296K, 99% used [0x00000007a5300000,0x00000007bfffadc0,0x00000007c0000000)
  to   space 660480K, 0% used [0x000000076f600000,0x000000076f600000,0x0000000797b00000)
 ParOldGen       total 908800K, used 907247K [0x00000005bfa00000, 0x00000005f7180000, 0x0000000715380000)
  object space 908800K, 99% used [0x00000005bfa00000,0x00000005f6ffbec8,0x00000005f7180000)
 Metaspace       used 140374K, capacity 143381K, committed 143704K, reserved 1169408K
  class space    used 23273K, capacity 24315K, committed 24408K, reserved 1048576K
Event: 84.760 GC heap after
Heap after GC invocations=40 (full 6):
 PSYoungGen      total 1916416K, used 277842K [0x0000000715380000, 0x00000007c0000000, 0x00000007c0000000)
  eden space 1477120K, 0% used [0x0000000715380000,0x0000000715380000,0x000000076f600000)
  from space 439296K, 63% used [0x00000007a5300000,0x00000007b6254990,0x00000007c0000000)
  to   space 660480K, 0% used [0x000000076f600000,0x000000076f600000,0x0000000797b00000)
 ParOldGen       total 1431040K, used 908620K [0x00000005bfa00000, 0x0000000616f80000, 0x0000000715380000)
  object space 1431040K, 63% used [0x00000005bfa00000,0x00000005f71531f8,0x0000000616f80000)
 Metaspace       used 140374K, capacity 143381K, committed 143704K, reserved 1169408K
  class space    used 23273K, capacity 24315K, committed 24408K, reserved 1048576K
}

Deoptimization events (10 events):
Event: 85.354 Thread 0x0000000002e35800 Uncommon trap: reason=bimorphic action=maybe_recompile pc=0x000000000381f1a0 method=java.lang.invoke.MethodHandle.asType(Ljava/lang/invoke/MethodType;)Ljava/lang/invoke/MethodHandle; @ 24
Event: 85.355 Thread 0x0000000002e35800 Uncommon trap: reason=bimorphic action=maybe_recompile pc=0x000000000381f1a0 method=java.lang.invoke.MethodHandle.asType(Ljava/lang/invoke/MethodType;)Ljava/lang/invoke/MethodHandle; @ 24
Event: 85.356 Thread 0x0000000002e35800 Uncommon trap: reason=unstable_if action=reinterpret pc=0x00000000058731d8 method=net.minecraftforge.client.model.MultiModelState$MultiModelPart.equals(Ljava/lang/Object;)Z @ 2
Event: 85.364 Thread 0x0000000002e35800 Uncommon trap: reason=class_check action=maybe_recompile pc=0x00000000059ea190 method=com.google.common.collect.AbstractMapBasedMultimap$KeySet$1.hasNext()Z @ 4
Event: 85.366 Thread 0x0000000002e35800 Uncommon trap: reason=class_check action=maybe_recompile pc=0x00000000059ea190 method=com.google.common.collect.AbstractMapBasedMultimap$KeySet$1.hasNext()Z @ 4
Event: 85.368 Thread 0x0000000002e35800 Uncommon trap: reason=class_check action=maybe_recompile pc=0x00000000059ea190 method=com.google.common.collect.AbstractMapBasedMultimap$KeySet$1.hasNext()Z @ 4
Event: 85.369 Thread 0x0000000002e35800 Uncommon trap: reason=class_check action=maybe_recompile pc=0x00000000059ea190 method=com.google.common.collect.AbstractMapBasedMultimap$KeySet$1.hasNext()Z @ 4
Event: 85.384 Thread 0x0000000002e35800 Uncommon trap: reason=unstable_if action=reinterpret pc=0x0000000005bdad44 method=pl.asie.foamfix.client.Deduplicator.deduplicateObject(Ljava/lang/Object;I)Ljava/lang/Object; @ 434
Event: 85.399 Thread 0x0000000002e35800 Uncommon trap: reason=unstable_if action=reinterpret pc=0x00000000052f1a94 method=java.lang.Class.isEnum()Z @ 18
Event: 85.434 Thread 0x0000000002e35800 Uncommon trap: reason=unstable_if action=reinterpret pc=0x0000000004f1b240 method=net.minecraft.util.ResourceLocation.equals(Ljava/lang/Object;)Z @ 11

Internal exceptions (10 events):
Event: 51.581 Thread 0x0000000002e35800 Exception <a 'java/lang/IncompatibleClassChangeError': Found class java.lang.Object, but interface was expected> (0x0000000786c7b7d8) thrown at [C:\re\workspace\8-2-build-windows-amd64-cygwin\jdk8u51\3951\hotspot\src\share\vm\interpreter\linkResolver.cpp, 
Event: 54.672 Thread 0x0000000002e35800 Implicit null exception at 0x000000000520289f to 0x0000000005204305
Event: 54.672 Thread 0x0000000002e35800 Implicit null exception at 0x00000000042e8c85 to 0x00000000042e8d31
Event: 58.142 Thread 0x0000000002e35800 Exception <a 'java/io/FileNotFoundException'> (0x0000000785c30560) thrown at [C:\re\workspace\8-2-build-windows-amd64-cygwin\jdk8u51\3951\hotspot\src\share\vm\prims\jni.cpp, line 709]
Event: 65.075 Thread 0x0000000002e35800 Implicit null exception at 0x000000000368bdbc to 0x000000000368bf51
Event: 66.850 Thread 0x0000000002e35800 Implicit null exception at 0x0000000003b3ba7d to 0x0000000003b3bbdd
Event: 80.447 Thread 0x0000000002e35800 Exception <a 'java/lang/NoSuchMethodError': java.lang.Object.lambda$makeTexture$0(I)[Lnet/minecraft/client/renderer/texture/TextureAtlasSprite;> (0x00000007799bcde0) thrown at [C:\re\workspace\8-2-build-windows-amd64-cygwin\jdk8u51\3951\hotspot\src\share\vлуbтT@
Event: 80.484 Thread 0x0000000002e35800 Exception <a 'java/lang/IncompatibleClassChangeError': Found class java.lang.Object, but interface was expected> (0x000000077a2cfd90) thrown at [C:\re\workspace\8-2-build-windows-amd64-cygwin\jdk8u51\3951\hotspot\src\share\vm\interpreter\linkResolver.cpp, 
ЫЭT@
Event: 80.485 Thread 0x0000000002e35800 Exception <a 'java/lang/IncompatibleClassChangeError': Found class java.lang.Object, but interface was expected> (0x000000077a2d5f80) thrown at [C:\re\workspace\8-2-build-windows-amd64-cygwin\jdk8u51\3951\hotspot\src\share\vm\interpreter\linkResolver.cpp, Чye(8LU@
Event: 85.191 Thread 0x0000000002e35800 Implicit null exception at 0x0000000005908266 to 0x000000000590abd1

Events (10 events):
Event: 85.378 loading class net/optifine/shaders/MultiTexID done
Event: 85.384 Thread 0x0000000002e35800 Uncommon trap: trap_request=0xffffff65 fr.pc=0x0000000005bdad44
Event: 85.384 Thread 0x0000000002e35800 DEOPT PACKING pc=0x0000000005bdad44 sp=0x0000000002d9ce80
Event: 85.384 Thread 0x0000000002e35800 DEOPT UNPACKING pc=0x0000000002f7582a sp=0x0000000002d9ce40 mode 2
Event: 85.399 Thread 0x0000000002e35800 Uncommon trap: trap_request=0xffffff65 fr.pc=0x00000000052f1a94
Event: 85.399 Thread 0x0000000002e35800 DEOPT PACKING pc=0x00000000052f1a94 sp=0x0000000002d9cb60
Event: 85.399 Thread 0x0000000002e35800 DEOPT UNPACKING pc=0x0000000002f7582a sp=0x0000000002d9ca98 mode 2
Event: 85.434 Thread 0x0000000002e35800 Uncommon trap: trap_request=0xffffff65 fr.pc=0x0000000004f1b240
Event: 85.434 Thread 0x0000000002e35800 DEOPT PACKING pc=0x0000000004f1b240 sp=0x0000000002d9cc70
Event: 85.434 Thread 0x0000000002e35800 DEOPT UNPACKING pc=0x0000000002f7582a sp=0x0000000002d9cc00 mode 2


Dynamic libraries:
0x00007ff747a70000 - 0x00007ff747aa7000 	C:\Users\Zakarail\Twitch\Minecraft\Install\runtime\jre-x64\bin\javaw.exe
0x00007ffd1aa60000 - 0x00007ffd1ac4d000 	C:\WINDOWS\SYSTEM32\ntdll.dll
0x00007ffd12e00000 - 0x00007ffd12e14000 	C:\Program Files\AVAST Software\Avast\aswhook.dll
0x00007ffd1a7f0000 - 0x00007ffd1a8a3000 	C:\WINDOWS\System32\KERNEL32.DLL
0x00007ffd17130000 - 0x00007ffd173c3000 	C:\WINDOWS\System32\KERNELBASE.dll
0x00007ffd19aa0000 - 0x00007ffd19b43000 	C:\WINDOWS\System32\ADVAPI32.dll
0x00007ffd19c90000 - 0x00007ffd19d2e000 	C:\WINDOWS\System32\msvcrt.dll
0x00007ffd1a510000 - 0x00007ffd1a5ae000 	C:\WINDOWS\System32\sechost.dll
0x00007ffd19b50000 - 0x00007ffd19c72000 	C:\WINDOWS\System32\RPCRT4.dll
0x00007ffd18370000 - 0x00007ffd18507000 	C:\WINDOWS\System32\USER32.dll
0x00007ffd16bc0000 - 0x00007ffd16be0000 	C:\WINDOWS\System32\win32u.dll
0x00007ffd17d60000 - 0x00007ffd17d89000 	C:\WINDOWS\System32\GDI32.dll
0x00007ffd16f30000 - 0x00007ffd170c9000 	C:\WINDOWS\System32\gdi32full.dll
0x00007ffd16cb0000 - 0x00007ffd16d50000 	C:\WINDOWS\System32\msvcp_win.dll
0x00007ffd17c00000 - 0x00007ffd17cfa000 	C:\WINDOWS\System32\ucrtbase.dll
0x00007ffd0aac0000 - 0x00007ffd0ad39000 	C:\WINDOWS\WinSxS\amd64_microsoft.windows.common-controls_6595b64144ccf1df_6.0.17763.864_none_05b3441807210760\COMCTL32.dll
0x00007ffd19d90000 - 0x00007ffd1a0bc000 	C:\WINDOWS\System32\combase.dll
0x00007ffd16be0000 - 0x00007ffd16c5e000 	C:\WINDOWS\System32\bcryptPrimitives.dll
0x00007ffd17d90000 - 0x00007ffd17dbe000 	C:\WINDOWS\System32\IMM32.DLL
0x0000000056fe0000 - 0x00000000570b2000 	C:\Users\Zakarail\Twitch\Minecraft\Install\runtime\jre-x64\bin\msvcr100.dll
0x0000000056750000 - 0x0000000056fd3000 	C:\Users\Zakarail\Twitch\Minecraft\Install\runtime\jre-x64\bin\server\jvm.dll
0x00007ffd1a5b0000 - 0x00007ffd1a5b8000 	C:\WINDOWS\System32\PSAPI.DLL
0x00007ffd08830000 - 0x00007ffd08839000 	C:\WINDOWS\SYSTEM32\WSOCK32.dll
0x00007ffd18510000 - 0x00007ffd1857d000 	C:\WINDOWS\System32\WS2_32.dll
0x00007ffd14b40000 - 0x00007ffd14b64000 	C:\WINDOWS\SYSTEM32\WINMM.dll
0x00007ffd10e00000 - 0x00007ffd10e0a000 	C:\WINDOWS\SYSTEM32\VERSION.dll
0x00007ffd14b10000 - 0x00007ffd14b3d000 	C:\WINDOWS\SYSTEM32\WINMMBASE.dll
0x00007ffd16c60000 - 0x00007ffd16caa000 	C:\WINDOWS\System32\cfgmgr32.dll
0x0000000056740000 - 0x000000005674f000 	C:\Users\Zakarail\Twitch\Minecraft\Install\runtime\jre-x64\bin\verify.dll
0x0000000056710000 - 0x0000000056739000 	C:\Users\Zakarail\Twitch\Minecraft\Install\runtime\jre-x64\bin\java.dll
0x00000000566f0000 - 0x0000000056706000 	C:\Users\Zakarail\Twitch\Minecraft\Install\runtime\jre-x64\bin\zip.dll
0x00007ffd185a0000 - 0x00007ffd19a94000 	C:\WINDOWS\System32\SHELL32.dll
0x00007ffd1a740000 - 0x00007ffd1a7e8000 	C:\WINDOWS\System32\shcore.dll
0x00007ffd174b0000 - 0x00007ffd17bfd000 	C:\WINDOWS\System32\windows.storage.dll
0x00007ffd16ad0000 - 0x00007ffd16af4000 	C:\WINDOWS\System32\profapi.dll
0x00007ffd16b00000 - 0x00007ffd16b5d000 	C:\WINDOWS\System32\powrprof.dll
0x00007ffd1a280000 - 0x00007ffd1a2d2000 	C:\WINDOWS\System32\shlwapi.dll
0x00007ffd16b80000 - 0x00007ffd16b91000 	C:\WINDOWS\System32\kernel.appcore.dll
0x00007ffd16ba0000 - 0x00007ffd16bb7000 	C:\WINDOWS\System32\cryptsp.dll
0x00000000566e0000 - 0x00000000566ed000 	C:\Users\Zakarail\Twitch\Minecraft\Install\runtime\jre-x64\bin\management.dll
0x00000000566c0000 - 0x00000000566da000 	C:\Users\Zakarail\Twitch\Minecraft\Install\runtime\jre-x64\bin\net.dll
0x00007ffd16340000 - 0x00007ffd163a7000 	C:\WINDOWS\system32\mswsock.dll
0x00007ffcfab80000 - 0x00007ffcfab96000 	C:\WINDOWS\system32\napinsp.dll
0x00007ffcf9cb0000 - 0x00007ffcf9cca000 	C:\WINDOWS\system32\pnrpnsp.dll
0x00007ffd160a0000 - 0x00007ffd16166000 	C:\WINDOWS\SYSTEM32\DNSAPI.dll
0x00007ffd19c80000 - 0x00007ffd19c88000 	C:\WINDOWS\System32\NSI.dll
0x00007ffd16060000 - 0x00007ffd1609d000 	C:\WINDOWS\SYSTEM32\IPHLPAPI.DLL
0x00007ffcfab70000 - 0x00007ffcfab7e000 	C:\WINDOWS\System32\winrnr.dll
0x00007ffd13370000 - 0x00007ffd1338b000 	C:\WINDOWS\system32\NLAapi.dll
0x00007ffcf9c90000 - 0x00007ffcf9ca5000 	C:\WINDOWS\system32\wshbth.dll
0x00007ffd09960000 - 0x00007ffd0996a000 	C:\Windows\System32\rasadhlp.dll
0x00007ffd09990000 - 0x00007ffd09a09000 	C:\WINDOWS\System32\fwpuclnt.dll
0x00007ffd17480000 - 0x00007ffd174a6000 	C:\WINDOWS\System32\bcrypt.dll
0x00000000566a0000 - 0x00000000566b1000 	C:\Users\Zakarail\Twitch\Minecraft\Install\runtime\jre-x64\bin\nio.dll
0x0000000056670000 - 0x0000000056694000 	C:\Users\Zakarail\Twitch\Minecraft\Install\runtime\jre-x64\bin\sunec.dll
0x00007ffd15ec0000 - 0x00007ffd15ef3000 	C:\WINDOWS\system32\rsaenh.dll
0x00007ffd16a00000 - 0x00007ffd16a28000 	C:\WINDOWS\SYSTEM32\USERENV.dll
0x00007ffd16510000 - 0x00007ffd1651c000 	C:\WINDOWS\SYSTEM32\CRYPTBASE.dll
0x00007ffd0e710000 - 0x00007ffd0e726000 	C:\WINDOWS\SYSTEM32\dhcpcsvc6.DLL
0x00007ffd0efe0000 - 0x00007ffd0effc000 	C:\WINDOWS\SYSTEM32\dhcpcsvc.DLL
0x0000000056650000 - 0x0000000056667000 	C:\Users\Zakarail\Twitch\Minecraft\Install\runtime\jre-x64\bin\unpack.dll
0x0000000180000000 - 0x0000000180053000 	C:\Users\Zakarail\Twitch\Minecraft\Install\bin\5810-9c8c-2a6d-18ee\lwjgl64.dll
0x00007ffce2270000 - 0x00007ffce2397000 	C:\WINDOWS\SYSTEM32\OPENGL32.dll
0x00007ffce1fb0000 - 0x00007ffce1fdc000 	C:\WINDOWS\SYSTEM32\GLU32.dll
0x00000000564b0000 - 0x0000000056648000 	C:\Users\Zakarail\Twitch\Minecraft\Install\runtime\jre-x64\bin\awt.dll
0x00007ffd1a670000 - 0x00007ffd1a734000 	C:\WINDOWS\System32\OLEAUT32.dll
0x00007ffd14d70000 - 0x00007ffd14dfc000 	C:\WINDOWS\SYSTEM32\apphelp.dll
0x00007ffd150a0000 - 0x00007ffd1513c000 	C:\WINDOWS\system32\uxtheme.dll
0x00007ffd1a8c0000 - 0x00007ffd1aa2c000 	C:\WINDOWS\System32\MSCTF.dll
0x00007ffd15190000 - 0x00007ffd151be000 	C:\WINDOWS\system32\dwmapi.dll
0x00007ffd16d50000 - 0x00007ffd16f2b000 	C:\WINDOWS\System32\CRYPT32.dll
0x00007ffd16b60000 - 0x00007ffd16b72000 	C:\WINDOWS\System32\MSASN1.dll
0x0000000053d50000 - 0x00000000564a1000 	C:\WINDOWS\System32\DriverStore\FileRepository\nv_dispi.inf_amd64_db678424d2641c3d\nvoglv64.dll
0x00007ffd17dc0000 - 0x00007ffd18236000 	C:\WINDOWS\System32\SETUPAPI.dll
0x00007ffd1a0c0000 - 0x00007ffd1a215000 	C:\WINDOWS\System32\ole32.dll
0x00007ffd136b0000 - 0x00007ffd136c3000 	C:\WINDOWS\SYSTEM32\WTSAPI32.dll
0x00007ffd168e0000 - 0x00007ffd16909000 	C:\WINDOWS\SYSTEM32\DEVOBJ.dll
0x00007ffd170d0000 - 0x00007ffd17129000 	C:\WINDOWS\System32\WINTRUST.dll
0x00007ffd15b40000 - 0x00007ffd15b71000 	C:\WINDOWS\SYSTEM32\ntmarta.dll
0x00007ffcdc880000 - 0x00007ffcdcb27000 	C:\WINDOWS\system32\nvspcap64.dll
0x00007ffd0e360000 - 0x00007ffd0e54d000 	C:\WINDOWS\SYSTEM32\dbghelp.dll
0x00007ffd0bb30000 - 0x00007ffd0bb5a000 	C:\WINDOWS\SYSTEM32\dbgcore.DLL
0x00007ffd0afb0000 - 0x00007ffd0b05d000 	C:\WINDOWS\SYSTEM32\mscms.dll
0x00007ffd0afa0000 - 0x00007ffd0afb0000 	C:\WINDOWS\SYSTEM32\ColorAdapterClient.dll
0x00007ffd07400000 - 0x00007ffd07443000 	C:\WINDOWS\SYSTEM32\icm32.dll
0x00007ffd15bb0000 - 0x00007ffd15c08000 	C:\WINDOWS\SYSTEM32\WINSTA.dll
0x00007ffd073b0000 - 0x00007ffd073f2000 	C:\Users\Zakarail\AppData\Local\Temp\jna-1284044783\jna4715739328228055108.dll
0x00007ffd089d0000 - 0x00007ffd08a65000 	C:\WINDOWS\System32\TextInputFramework.dll
0x00007ffd124f0000 - 0x00007ffd12812000 	C:\WINDOWS\System32\CoreUIComponents.dll
0x00007ffd146c0000 - 0x00007ffd147a2000 	C:\WINDOWS\System32\CoreMessaging.dll
0x00007ffd12b50000 - 0x00007ffd12ca3000 	C:\WINDOWS\SYSTEM32\wintypes.dll
0x000000002ef50000 - 0x000000002efb4000 	C:\Users\Zakarail\Twitch\Minecraft\Install\bin\5810-9c8c-2a6d-18ee\OpenAL64.dll
0x00007ffd1a5c0000 - 0x00007ffd1a662000 	C:\WINDOWS\System32\clbcatq.dll
0x00007ffd10d80000 - 0x00007ffd10df0000 	C:\WINDOWS\System32\MMDevApi.dll
0x00007ffd134d0000 - 0x00007ffd13679000 	C:\WINDOWS\System32\PROPSYS.dll
0x00007ffcf29f0000 - 0x00007ffcf2a86000 	C:\WINDOWS\SYSTEM32\dsound.dll
0x00007ffcf20b0000 - 0x00007ffcf21f8000 	C:\WINDOWS\SYSTEM32\AUDIOSES.DLL
0x00007ffd12b00000 - 0x00007ffd12b0a000 	C:\WINDOWS\SYSTEM32\AVRT.dll
0x00007ffd15400000 - 0x00007ffd15414000 	C:\WINDOWS\SYSTEM32\resourcepolicyclient.dll

VM Arguments:
jvm_args: -Dos.name=Windows 10 -Dos.version=10.0 -XX:HeapDumpPath=MojangTricksIntelDriversForPerformance_javaw.exe_minecraft.exe.heapdump -Djava.library.path=C:\Users\Zakarail\Twitch\Minecraft\Install\bin\5810-9c8c-2a6d-18ee -Dminecraft.launcher.brand=minecraft-launcher -Dminecraft.launcher.version=2.1.9616 -Dminecraft.client.jar=C:\Users\Zakarail\Twitch\Minecraft\Install\versions\1.12.2\1.12.2.jar -Xmx8198m -Xms256m -XX:PermSize=256m -Dminecraft.applet.TargetDirectory=C:\Users\Zakarail\Twitch\Minecraft\Instances\Quest of Ages -Dfml.ignorePatchDiscrepancies=true -Dfml.ignoreInvalidMinecraftCertificates=true -Duser.language=en -Duser.country=US -Dlog4j.configurationFile=C:\Users\Zakarail\Twitch\Minecraft\Install\assets\log_configs\client-1.12.xml 
java_command: net.minecraft.launchwrapper.Launch --username Zakarail --version forge-14.23.5.2847 --gameDir C:\Users\Zakarail\Twitch\Minecraft\Instances\Quest of Ages --assetsDir C:\Users\Zakarail\Twitch\Minecraft\Install\assets --assetIndex 1.12 --uuid 77addc813bf74eacb38ad4795525b80d --accessToken eyJhbGciOiJIUzI1NiJ9.eyJzdWIiOiJjYTlhMDYwY2E0MGI0ODM2OGI1NGJhMjdlYjVmYjc0MyIsIm5iZiI6MTU3NDcxNjU1MywieWdndCI6ImUzMDk3ODYzZjE2YjQxNDZhYjk1MzNiNTkxM2Y4YTI0Iiwic3ByIjoiNzdhZGRjODEzYmY3NGVhY2IzOGFkNDc5NTUyNWI4MGQiLCJyb2xlcyI6W10sImlzcyI6ImludGVybmFsLWF1dGhlbnRpY2F0aW9uIiwiZXhwIjoxNTc0ODg5MzUzLCJpYXQiOjE1NzQ3MTY1NTN9.p1L3yEYdyMxcD0iurfVjBd2tmX3cIA4qZGU0kwJq9oE --userType mojang --tweakClass net.minecraftforge.fml.common.launcher.FMLTweaker --versionType Forge --width 1024 --height 768
java_class_path (initial): C:\Users\Zakarail\Twitch\Minecraft\Install\libraries\net\minecraftforge\forge\1.12.2-14.23.5.2847\forge-1.12.2-14.23.5.2847.jar;C:\Users\Zakarail\Twitch\Minecraft\Install\libraries\net\minecraft\launchwrapper\1.12\launchwrapper-1.12.jar;C:\Users\Zakarail\Twitch\Minecraft\Install\libraries\org\ow2\asm\asm-all\5.2\asm-all-5.2.jar;C:\Users\Zakarail\Twitch\Minecraft\Install\libraries\org\jline\jline\3.5.1\jline-3.5.1.jar;C:\Users\Zakarail\Twitch\Minecraft\Install\libraries\net\java\dev\jna\jna\4.4.0\jna-4.4.0.jar;C:\Users\Zakarail\Twitch\Minecraft\Install\libraries\com\typesafe\akka\akka-actor_2.11\2.3.3\akka-actor_2.11-2.3.3.jar;C:\Users\Zakarail\Twitch\Minecraft\Install\libraries\com\typesafe\config\1.2.1\config-1.2.1.jar;C:\Users\Zakarail\Twitch\Minecraft\Install\libraries\org\scala-lang\scala-actors-migration_2.11\1.1.0\scala-actors-migration_2.11-1.1.0.jar;C:\Users\Zakarail\Twitch\Minecraft\Install\libraries\org\scala-lang\scala-compiler\2.11.1\scala-compiler-2.11.1.jar;C:\Users\Zakarail\Twitch\Minecraft\Install\libraries\org\scala-lang\plugins\scala-continuations-library_2.11\1.0.2\scala-continuations-library_2.11-1.0.2.jar;C:\Users\Zakarail\Twitch\Minecraft\Install\libraries\org\scala-lang\plugins\scala-continuations-plugin_2.11.1\1.0.2\scala-continuations-plugin_2.11.1-1.0.2.jar;C:\Users\Zakarail\Twitch\Minecraft\Install\libraries\org\scala-lang\scala-library\2.11.1\scala-library-2.11.1.jar;C:\Users\Zakarail\Twitch\Minecraft\Install\libraries\org\scala-lang\scala-parser-combinators_2.11\1.0.1\scala-parser-combinators_2.11-1.0.1.jar;C:\Users\Zakarail\Twitch\Minecraft\Install\libraries\org\scala-lang\scala-reflect\2.11.1\scala-reflect-2.11.1.jar;C:\Users\Zakarail\Twitch\Minecraft\Install\libraries\org\scala-lang\scala-swing_2.11\1.0.1\scala-swing_2.11-1.0.1.jar;C:\Users\Zakarail\Twitch\Minecraft\Install\libraries\org\scala-lang\scala-xml_2.11\1.0.2\scala-xml_2.11-1.0.2.jar;C:\Users\Zakarail\Twitch\Minecraft\Install\libraries\lzma\lzma\
Launcher Type: SUN_STANDARD

Environment Variables:
JAVA_HOME=C:\Program Files\Java\jdk-12
JRE_HOME=C:\Program Files\Java\jdk-12
PATH=C:\Windows\system32;C:\Windows;C:\Windows\System32\Wbem;C:\Windows\System32\WindowsPowerShell\v1.0\;C:\Program Files (x86)\NVIDIA Corporation\PhysX\Common;C:\Program Files\NVIDIA Corporation\NVIDIA NvDLISR;C:\WINDOWS\system32;C:\WINDOWS;C:\WINDOWS\System32\Wbem;C:\WINDOWS\System32\WindowsPowerShell\v1.0\;C:\WINDOWS\System32\OpenSSH\;C:\Program Files\Java\jdk-12\bin;C:\Program Files\Java\jdk-12\bin;C:\Program Files\Git\cmd;C:\Program Files\nodejs\;C:\Program Files\TortoiseGit\bin;C:\Users\Zakarail\AppData\Local\Microsoft\WindowsApps;;C:\Users\Zakarail\AppData\Local\Programs\Microsoft VS Code\bin;C:\Users\Zakarail\AppData\Roaming\npm
USERNAME=Zakarail
OS=Windows_NT
PROCESSOR_IDENTIFIER=Intel64 Family 6 Model 63 Stepping 2, GenuineIntel



---------------  S Y S T E M  ---------------

OS: Windows 10.0 , 64 bit Build 17763 (10.0.17763.475)

CPU:total 12 (6 cores per cpu, 2 threads per core) family 6 model 63 stepping 2, cmov, cx8, fxsr, mmx, sse, sse2, sse3, ssse3, sse4.1, sse4.2, popcnt, avx, avx2, aes, clmul, erms, lzcnt, ht, tsc, tscinvbit, bmi1, bmi2

Memory: 4k page, physical 33472580k(18529440k free), swap 38453316k(16765836k free)

vm_info: Java HotSpot(TM) 64-Bit Server VM (25.51-b03) for windows-amd64 JRE (1.8.0_51-b16), built on Jun  8 2015 18:03:07 by "java_re" with MS VC++ 10.0 (VS2010)

time: Mon Nov 25 15:18:35 2019
elapsed time: 85 seconds (0d 0h 1m 25s)

