#
# A fatal error has been detected by the Java Runtime Environment:
#
#  EXCEPTION_ACCESS_VIOLATION (0xc0000005) at pc=0x0000000056f7623f, pid=20640, tid=3624
#
# JRE version: Java(TM) SE Runtime Environment (8.0_51-b16) (build 1.8.0_51-b16)
# Java VM: Java HotSpot(TM) 64-Bit Server VM (25.51-b03 mixed mode windows-amd64 compressed oops)
# Problematic frame:
# V  [jvm.dll+0x4b623f]
#
# Failed to write core dump. Minidumps are not enabled by default on client versions of Windows
#
# If you would like to submit a bug report, please visit:
#   http://bugreport.java.com/bugreport/crash.jsp
#

---------------  T H R E A D  ---------------

Current thread (0x00000000278f0800):  JavaThread "C2 CompilerThread0" daemon [_thread_in_native, id=3624, stack(0x0000000028e70000,0x0000000028f70000)]

siginfo: ExceptionCode=0xc0000005, reading address 0x0000000000000008

Registers:
RAX=0x0000000000000000, RBX=0x0000000000000000, RCX=0x0000000034da7f20, RDX=0x0000000000008000
RSP=0x0000000028f6b520, RBP=0x0000000077fa5ac8, RSI=0x0000000034da7f20, RDI=0x0000000028f6b9f0
R8 =0x0000000000000000, R9 =0x00000000778fa230, R10=0x0000000028f6b9f0, R11=0x000000005151c4a0
R12=0x0000000075fc52e8, R13=0x0000000077ccf440, R14=0x0000000028f6b608, R15=0x0000000028f6b628
RIP=0x0000000056f7623f, EFLAGS=0x0000000000010206

Top of Stack: (sp=0x0000000028f6b520)
0x0000000028f6b520:   000000002b7f42d0 0000000077fa5ac8
0x0000000028f6b530:   00000000599d8140 0000000028f6b9f0
0x0000000028f6b540:   0000000077fa5ac8 0000000028f6b678
0x0000000028f6b550:   0000000028f6b6d0 0000000056f77a49
0x0000000028f6b560:   000000002b7f42d0 000000000000068a
0x0000000028f6b570:   0000000000000002 0000000034da7f20
0x0000000028f6b580:   0000000028f6c3c0 0000000056faa2b0
0x0000000028f6b590:   000000002d86a740 0000000002f6bda0
0x0000000028f6b5a0:   00000000324fa850 0000000028f6b6d0
0x0000000028f6b5b0:   0000000002f6bda0 0000000000000000
0x0000000028f6b5c0:   0000000028f6b9f0 0000000056f7992f
0x0000000028f6b5d0:   0000000028f6b9f0 0000000000000001
0x0000000028f6b5e0:   0000000000000002 00000000324fa850
0x0000000028f6b5f0:   000000002d86a790 000000002d872728
0x0000000028f6b600:   0000000000225ad8 0000000002f6bda0
0x0000000028f6b610:   0000000000000800 000000002d653370 

Instructions: (pc=0x0000000056f7623f)
0x0000000056f7621f:   4c 89 64 24 50 4c 8b e0 4c 3b e8 0f 84 4f 01 00
0x0000000056f7622f:   00 44 8b 43 28 4c 8b 8f f0 09 00 00 4b 8b 1c c1
0x0000000056f7623f:   48 8b 43 08 48 83 38 00 75 2a 8b 57 28 0f 1f 40
0x0000000056f7624f:   00 8b 43 28 3b c2 73 0c 8b c8 48 8b 47 30 48 8b 


Register to memory mapping:

RAX=0x0000000000000000 is an unknown value
RBX=0x0000000000000000 is an unknown value
RCX=0x0000000034da7f20 is an unknown value
RDX=0x0000000000008000 is an unknown value
RSP=0x0000000028f6b520 is pointing into the stack for thread: 0x00000000278f0800
RBP=0x0000000077fa5ac8 is an unknown value
RSI=0x0000000034da7f20 is an unknown value
RDI=0x0000000028f6b9f0 is pointing into the stack for thread: 0x00000000278f0800
R8 =0x0000000000000000 is an unknown value
R9 =0x00000000778fa230 is an unknown value
R10=0x0000000028f6b9f0 is pointing into the stack for thread: 0x00000000278f0800
R11=0x000000005151c4a0 is an unknown value
R12=0x0000000075fc52e8 is an unknown value
R13=0x0000000077ccf440 is an unknown value
R14=0x0000000028f6b608 is pointing into the stack for thread: 0x00000000278f0800
R15=0x0000000028f6b628 is pointing into the stack for thread: 0x00000000278f0800


Stack: [0x0000000028e70000,0x0000000028f70000],  sp=0x0000000028f6b520,  free space=1005k
Native frames: (J=compiled Java code, j=interpreted, Vv=VM code, C=native code)
V  [jvm.dll+0x4b623f]
V  [jvm.dll+0x4b7a49]
V  [jvm.dll+0x4b992f]
V  [jvm.dll+0x46c011]
V  [jvm.dll+0x46cd4e]
V  [jvm.dll+0x4501a2]
V  [jvm.dll+0xa43a2]
V  [jvm.dll+0xa4cdf]
V  [jvm.dll+0x2418a4]
V  [jvm.dll+0x29846a]
C  [msvcr100.dll+0x21d9f]
C  [msvcr100.dll+0x21e3b]
C  [KERNEL32.DLL+0x17974]
C  [ntdll.dll+0x6a271]


Current CompileTask:
C2:  70743 16167       4       pl.asie.foamfix.client.Deduplicator::deduplicate0 (459 bytes)


---------------  P R O C E S S  ---------------

Java Threads: ( => current thread )
  0x0000000031df0800 JavaThread "Thread-8" [_thread_blocked, id=11876, stack(0x000000004bd30000,0x000000004be30000)]
  0x0000000031df6800 JavaThread "Thread-7" [_thread_blocked, id=12824, stack(0x000000004b730000,0x000000004b830000)]
  0x0000000031df5000 JavaThread "pool-3-thread-1" [_thread_blocked, id=12224, stack(0x000000004a2d0000,0x000000004a3d0000)]
  0x0000000031df4000 JavaThread "C&B Model Cache Cleanup" [_thread_blocked, id=17512, stack(0x0000000049fc0000,0x000000004a0c0000)]
  0x000000002a610800 JavaThread "Weather2 Foliage Enhancer" [_thread_blocked, id=17104, stack(0x0000000047700000,0x0000000047800000)]
  0x000000002a615800 JavaThread "Weather2 Scene Enhancer" [_thread_blocked, id=16792, stack(0x0000000047600000,0x0000000047700000)]
  0x000000002a60f800 JavaThread "ForkJoinPool.commonPool-worker-10" daemon [_thread_blocked, id=17656, stack(0x0000000046f00000,0x0000000047000000)]
  0x000000002a612800 JavaThread "ForkJoinPool.commonPool-worker-1" daemon [_thread_blocked, id=16936, stack(0x0000000046d00000,0x0000000046e00000)]
  0x000000002a614000 JavaThread "ForkJoinPool.commonPool-worker-13" daemon [_thread_blocked, id=20608, stack(0x0000000046900000,0x0000000046a00000)]
  0x0000000032751800 JavaThread "ForkJoinPool.commonPool-worker-2" daemon [_thread_blocked, id=16596, stack(0x0000000045dc0000,0x0000000045ec0000)]
  0x0000000031271800 JavaThread "LWJGL Timer" daemon [_thread_blocked, id=17544, stack(0x0000000045310000,0x0000000045410000)]
  0x000000002c10f000 JavaThread "Thread-3" [_thread_blocked, id=18796, stack(0x0000000043460000,0x0000000043560000)]
  0x000000002c6bb800 JavaThread "Java2D Disposer" daemon [_thread_blocked, id=15708, stack(0x0000000032db0000,0x0000000032eb0000)]
  0x000000002ddb0000 JavaThread "Timer hack thread" daemon [_thread_blocked, id=3840, stack(0x0000000030ca0000,0x0000000030da0000)]
  0x000000002a3f0000 JavaThread "Snooper Timer" daemon [_thread_blocked, id=11392, stack(0x000000002efd0000,0x000000002f0d0000)]
  0x000000002793b000 JavaThread "Service Thread" daemon [_thread_blocked, id=8272, stack(0x0000000029270000,0x0000000029370000)]
  0x0000000027907000 JavaThread "C1 CompilerThread3" daemon [_thread_blocked, id=21428, stack(0x0000000029170000,0x0000000029270000)]
  0x0000000027906000 JavaThread "C2 CompilerThread2" daemon [_thread_blocked, id=9080, stack(0x0000000029070000,0x0000000029170000)]
  0x00000000278f7800 JavaThread "C2 CompilerThread1" daemon [_thread_in_native, id=18248, stack(0x0000000028f70000,0x0000000029070000)]
=>0x00000000278f0800 JavaThread "C2 CompilerThread0" daemon [_thread_in_native, id=3624, stack(0x0000000028e70000,0x0000000028f70000)]
  0x0000000027900000 JavaThread "Attach Listener" daemon [_thread_blocked, id=10480, stack(0x0000000028d70000,0x0000000028e70000)]
  0x00000000278ff000 JavaThread "Signal Dispatcher" daemon [_thread_blocked, id=4948, stack(0x0000000028c70000,0x0000000028d70000)]
  0x000000002621f000 JavaThread "Finalizer" daemon [_thread_blocked, id=15984, stack(0x0000000028b70000,0x0000000028c70000)]
  0x0000000026218800 JavaThread "Reference Handler" daemon [_thread_blocked, id=19916, stack(0x0000000028a70000,0x0000000028b70000)]
  0x0000000002e75800 JavaThread "Client thread" [_thread_in_Java, id=16716, stack(0x0000000002d70000,0x0000000002e70000)]

Other Threads:
  0x00000000278c2800 VMThread [stack: 0x0000000028970000,0x0000000028a70000] [id=13272]
  0x000000002793c800 WatcherThread [stack: 0x0000000029370000,0x0000000029470000] [id=14984]

VM state:not at safepoint (normal execution)

VM Mutex/Monitor currently owned by a thread: None

Heap:
 PSYoungGen      total 2295296K, used 2274483K [0x0000000715380000, 0x00000007c0000000, 0x00000007c0000000)
  eden space 1915392K, 99% used [0x0000000715380000,0x000000078953ed20,0x000000078a200000)
  from space 379904K, 97% used [0x00000007a8d00000,0x00000007bf86df30,0x00000007c0000000)
  to   space 441344K, 0% used [0x000000078a200000,0x000000078a200000,0x00000007a5100000)
 ParOldGen       total 1263616K, used 793963K [0x00000005bfa00000, 0x000000060cc00000, 0x0000000715380000)
  object space 1263616K, 62% used [0x00000005bfa00000,0x00000005f015af40,0x000000060cc00000)
 Metaspace       used 134944K, capacity 137828K, committed 138232K, reserved 1165312K
  class space    used 22242K, capacity 23245K, committed 23292K, reserved 1048576K

Card table byte_map: [0x0000000012330000,0x0000000013340000] byte_map_base: 0x000000000f533000

Marking Bits: (ParMarkBitMap*) 0x00000000572c4040
 Begin Bits: [0x00000000147f0000, 0x000000001c808000)
 End Bits:   [0x000000001c808000, 0x0000000024820000)

Polling page: 0x0000000001200000

CodeCache: size=245760Kb used=45388Kb max_used=45397Kb free=200371Kb
 bounds [0x0000000002f70000, 0x0000000005c10000, 0x0000000011f70000]
 total_blobs=12506 nmethods=11254 adapters=1162
 compilation: enabled

Compilation events (10 events):
Event: 70.720 Thread 0x0000000027906000 16216       4       pl.asie.foamfix.util.HashingStrategies$FloatArrayArray::computeHashCode (9 bytes)
Event: 70.724 Thread 0x0000000027906000 nmethod 16216 0x0000000005bed210 code [0x0000000005bed360, 0x0000000005bed658]
Event: 70.724 Thread 0x0000000027906000 16217       4       gnu.trove.impl.hash.THashIterator::nextIndex (65 bytes)
Event: 70.725 Thread 0x0000000027907000 16218       3       com.google.common.collect.ImmutableMapKeySet::iterator (8 bytes)
Event: 70.725 Thread 0x0000000027907000 nmethod 16218 0x0000000005bef090 code [0x0000000005bef200, 0x0000000005bef428]
Event: 70.725 Thread 0x0000000027907000 16219       3       com.google.common.collect.ImmutableEnumMap::keyIterator (16 bytes)
Event: 70.726 Thread 0x0000000027907000 nmethod 16219 0x0000000005bf7250 code [0x0000000005bf7440, 0x0000000005bf7eb8]
Event: 70.726 Thread 0x0000000027906000 nmethod 16217 0x0000000005beec90 code [0x0000000005beede0, 0x0000000005beef58]
Event: 70.726 Thread 0x0000000027906000 16220       4       pl.asie.foamfix.util.HashingStrategies$FloatArrayArray::equals (13 bytes)
Event: 70.728 Thread 0x0000000027907000 16222       3       gnu.trove.iterator.hash.TObjectHashIterator::objectAtIndex (28 bytes)

GC Heap History (10 events):
Event: 50.071 GC heap before
{Heap before GC invocations=39 (full 4):
 PSYoungGen      total 2429440K, used 2429424K [0x0000000715380000, 0x00000007c0000000, 0x00000007c0000000)
  eden space 2250240K, 100% used [0x0000000715380000,0x000000079e900000,0x000000079e900000)
  from space 179200K, 99% used [0x00000007b5100000,0x00000007bfffc298,0x00000007c0000000)
  to   space 273920K, 0% used [0x000000079e900000,0x000000079e900000,0x00000007af480000)
 ParOldGen       total 791552K, used 585890K [0x00000005bfa00000, 0x00000005eff00000, 0x0000000715380000)
  object space 791552K, 74% used [0x00000005bfa00000,0x00000005e3628828,0x00000005eff00000)
 Metaspace       used 133034K, capacity 135736K, committed 136184K, reserved 1163264K
  class space    used 22041K, capacity 23019K, committed 23036K, reserved 1048576K
Event: 50.157 GC heap after
Heap after GC invocations=39 (full 4):
 PSYoungGen      total 2474496K, used 224050K [0x0000000715380000, 0x00000007c0000000, 0x00000007c0000000)
  eden space 2250240K, 0% used [0x0000000715380000,0x0000000715380000,0x000000079e900000)
  from space 224256K, 99% used [0x000000079e900000,0x00000007ac3ccbb8,0x00000007ac400000)
  to   space 303104K, 0% used [0x00000007ad800000,0x00000007ad800000,0x00000007c0000000)
 ParOldGen       total 791552K, used 624630K [0x00000005bfa00000, 0x00000005eff00000, 0x0000000715380000)
  object space 791552K, 78% used [0x00000005bfa00000,0x00000005e5bfda08,0x00000005eff00000)
 Metaspace       used 133034K, capacity 135736K, committed 136184K, reserved 1163264K
  class space    used 22041K, capacity 23019K, committed 23036K, reserved 1048576K
}
Event: 53.120 GC heap before
{Heap before GC invocations=40 (full 4):
 PSYoungGen      total 2474496K, used 2474290K [0x0000000715380000, 0x00000007c0000000, 0x00000007c0000000)
  eden space 2250240K, 100% used [0x0000000715380000,0x000000079e900000,0x000000079e900000)
  from space 224256K, 99% used [0x000000079e900000,0x00000007ac3ccbb8,0x00000007ac400000)
  to   space 303104K, 0% used [0x00000007ad800000,0x00000007ad800000,0x00000007c0000000)
 ParOldGen       total 791552K, used 624630K [0x00000005bfa00000, 0x00000005eff00000, 0x0000000715380000)
  object space 791552K, 78% used [0x00000005bfa00000,0x00000005e5bfda08,0x00000005eff00000)
 Metaspace       used 133403K, capacity 136088K, committed 136696K, reserved 1163264K
  class space    used 22065K, capacity 23027K, committed 23036K, reserved 1048576K
Event: 53.234 GC heap after
Heap after GC invocations=40 (full 4):
 PSYoungGen      total 2326016K, used 303078K [0x0000000715380000, 0x00000007c0000000, 0x00000007c0000000)
  eden space 2022912K, 0% used [0x0000000715380000,0x0000000715380000,0x0000000790b00000)
  from space 303104K, 99% used [0x00000007ad800000,0x00000007bfff9b28,0x00000007c0000000)
  to   space 387584K, 0% used [0x0000000790b00000,0x0000000790b00000,0x00000007a8580000)
 ParOldGen       total 791552K, used 713369K [0x00000005bfa00000, 0x00000005eff00000, 0x0000000715380000)
  object space 791552K, 90% used [0x00000005bfa00000,0x00000005eb2a64e0,0x00000005eff00000)
 Metaspace       used 133403K, capacity 136088K, committed 136696K, reserved 1163264K
  class space    used 22065K, capacity 23027K, committed 23036K, reserved 1048576K
}
Event: 53.234 GC heap before
{Heap before GC invocations=41 (full 5):
 PSYoungGen      total 2326016K, used 303078K [0x0000000715380000, 0x00000007c0000000, 0x00000007c0000000)
  eden space 2022912K, 0% used [0x0000000715380000,0x0000000715380000,0x0000000790b00000)
  from space 303104K, 99% used [0x00000007ad800000,0x00000007bfff9b28,0x00000007c0000000)
  to   space 387584K, 0% used [0x0000000790b00000,0x0000000790b00000,0x00000007a8580000)
 ParOldGen       total 791552K, used 713369K [0x00000005bfa00000, 0x00000005eff00000, 0x0000000715380000)
  object space 791552K, 90% used [0x00000005bfa00000,0x00000005eb2a64e0,0x00000005eff00000)
 Metaspace       used 133403K, capacity 136088K, committed 136696K, reserved 1163264K
  class space    used 22065K, capacity 23027K, committed 23036K, reserved 1048576K
Event: 54.190 GC heap after
Heap after GC invocations=41 (full 5):
 PSYoungGen      total 2326016K, used 33001K [0x0000000715380000, 0x00000007c0000000, 0x00000007c0000000)
  eden space 2022912K, 0% used [0x0000000715380000,0x0000000715380000,0x0000000790b00000)
  from space 303104K, 10% used [0x00000007ad800000,0x00000007af83a758,0x00000007c0000000)
  to   space 387584K, 0% used [0x0000000790b00000,0x0000000790b00000,0x00000007a8580000)
 ParOldGen       total 1263616K, used 791390K [0x00000005bfa00000, 0x000000060cc00000, 0x0000000715380000)
  object space 1263616K, 62% used [0x00000005bfa00000,0x00000005efed7b38,0x000000060cc00000)
 Metaspace       used 133403K, capacity 136088K, committed 136696K, reserved 1163264K
  class space    used 22065K, capacity 23027K, committed 23036K, reserved 1048576K
}
Event: 57.700 GC heap before
{Heap before GC invocations=42 (full 5):
 PSYoungGen      total 2326016K, used 2055913K [0x0000000715380000, 0x00000007c0000000, 0x00000007c0000000)
  eden space 2022912K, 100% used [0x0000000715380000,0x0000000790b00000,0x0000000790b00000)
  from space 303104K, 10% used [0x00000007ad800000,0x00000007af83a758,0x00000007c0000000)
  to   space 387584K, 0% used [0x0000000790b00000,0x0000000790b00000,0x00000007a8580000)
 ParOldGen       total 1263616K, used 791390K [0x00000005bfa00000, 0x000000060cc00000, 0x0000000715380000)
  object space 1263616K, 62% used [0x00000005bfa00000,0x00000005efed7b38,0x000000060cc00000)
 Metaspace       used 133515K, capacity 136222K, committed 136696K, reserved 1163264K
  class space    used 22074K, capacity 23028K, committed 23036K, reserved 1048576K
Event: 57.785 GC heap after
Heap after GC invocations=42 (full 5):
 PSYoungGen      total 2410496K, used 184824K [0x0000000715380000, 0x00000007c0000000, 0x00000007c0000000)
  eden space 2022912K, 0% used [0x0000000715380000,0x0000000715380000,0x0000000790b00000)
  from space 387584K, 47% used [0x0000000790b00000,0x000000079bf7e340,0x00000007a8580000)
  to   space 379904K, 0% used [0x00000007a8d00000,0x00000007a8d00000,0x00000007c0000000)
 ParOldGen       total 1263616K, used 793955K [0x00000005bfa00000, 0x000000060cc00000, 0x0000000715380000)
  object space 1263616K, 62% used [0x00000005bfa00000,0x00000005f0158f40,0x000000060cc00000)
 Metaspace       used 133515K, capacity 136222K, committed 136696K, reserved 1163264K
  class space    used 22074K, capacity 23028K, committed 23036K, reserved 1048576K
}
Event: 68.450 GC heap before
{Heap before GC invocations=43 (full 5):
 PSYoungGen      total 2410496K, used 2207736K [0x0000000715380000, 0x00000007c0000000, 0x00000007c0000000)
  eden space 2022912K, 100% used [0x0000000715380000,0x0000000790b00000,0x0000000790b00000)
  from space 387584K, 47% used [0x0000000790b00000,0x000000079bf7e340,0x00000007a8580000)
  to   space 379904K, 0% used [0x00000007a8d00000,0x00000007a8d00000,0x00000007c0000000)
 ParOldGen       total 1263616K, used 793955K [0x00000005bfa00000, 0x000000060cc00000, 0x0000000715380000)
  object space 1263616K, 62% used [0x00000005bfa00000,0x00000005f0158f40,0x000000060cc00000)
 Metaspace       used 134246K, capacity 137050K, committed 137464K, reserved 1163264K
  class space    used 22175K, capacity 23168K, committed 23292K, reserved 1048576K
Event: 68.548 GC heap after
Heap after GC invocations=43 (full 5):
 PSYoungGen      total 2295296K, used 372151K [0x0000000715380000, 0x00000007c0000000, 0x00000007c0000000)
  eden space 1915392K, 0% used [0x0000000715380000,0x0000000715380000,0x000000078a200000)
  from space 379904K, 97% used [0x00000007a8d00000,0x00000007bf86df30,0x00000007c0000000)
  to   space 441344K, 0% used [0x000000078a200000,0x000000078a200000,0x00000007a5100000)
 ParOldGen       total 1263616K, used 793963K [0x00000005bfa00000, 0x000000060cc00000, 0x0000000715380000)
  object space 1263616K, 62% used [0x00000005bfa00000,0x00000005f015af40,0x000000060cc00000)
 Metaspace       used 134246K, capacity 137050K, committed 137464K, reserved 1163264K
  class space    used 22175K, capacity 23168K, committed 23292K, reserved 1048576K
}

Deoptimization events (10 events):
Event: 70.603 Thread 0x0000000002e75800 Uncommon trap: reason=class_check action=maybe_recompile pc=0x00000000047da730 method=com.google.common.collect.ImmutableSet$Indexed.iterator()Ljava/util/Iterator; @ 1
Event: 70.606 Thread 0x0000000002e75800 Uncommon trap: reason=bimorphic action=maybe_recompile pc=0x0000000005b30a60 method=java.lang.invoke.MethodHandle.asType(Ljava/lang/invoke/MethodType;)Ljava/lang/invoke/MethodHandle; @ 24
Event: 70.606 Thread 0x0000000002e75800 Uncommon trap: reason=bimorphic action=maybe_recompile pc=0x0000000005b30a60 method=java.lang.invoke.MethodHandle.asType(Ljava/lang/invoke/MethodType;)Ljava/lang/invoke/MethodHandle; @ 24
Event: 70.607 Thread 0x0000000002e75800 Uncommon trap: reason=unstable_if action=reinterpret pc=0x00000000057efb60 method=net.minecraftforge.client.model.MultiModelState$MultiModelPart.equals(Ljava/lang/Object;)Z @ 2
Event: 70.615 Thread 0x0000000002e75800 Uncommon trap: reason=class_check action=maybe_recompile pc=0x00000000051d3650 method=com.google.common.collect.AbstractMapBasedMultimap$KeySet$1.hasNext()Z @ 4
Event: 70.615 Thread 0x0000000002e75800 Uncommon trap: reason=unstable_if action=reinterpret pc=0x0000000005baf268 method=pl.asie.foamfix.client.Deduplicator.deduplicateObject(Ljava/lang/Object;I)Ljava/lang/Object; @ 1114
Event: 70.616 Thread 0x0000000002e75800 Uncommon trap: reason=unstable_if action=reinterpret pc=0x0000000003fc9540 method=net.minecraft.util.ResourceLocation.equals(Ljava/lang/Object;)Z @ 11
Event: 70.617 Thread 0x0000000002e75800 Uncommon trap: reason=class_check action=maybe_recompile pc=0x00000000051d3650 method=com.google.common.collect.AbstractMapBasedMultimap$KeySet$1.hasNext()Z @ 4
Event: 70.621 Thread 0x0000000002e75800 Uncommon trap: reason=class_check action=maybe_recompile pc=0x00000000051d3650 method=com.google.common.collect.AbstractMapBasedMultimap$KeySet$1.hasNext()Z @ 4
Event: 70.622 Thread 0x0000000002e75800 Uncommon trap: reason=class_check action=maybe_recompile pc=0x00000000051d3650 method=com.google.common.collect.AbstractMapBasedMultimap$KeySet$1.hasNext()Z @ 4

Internal exceptions (10 events):
Event: 43.334 Thread 0x0000000031df6800 Exception <a 'java/lang/InterruptedException': sleep interrupted> (0x0000000724ac1760) thrown at [C:\re\workspace\8-2-build-windows-amd64-cygwin\jdk8u51\3951\hotspot\src\share\vm\prims\jvm.cpp, line 3211]
Event: 43.434 Thread 0x0000000002e75800 Exception <a 'java/lang/IncompatibleClassChangeError': Found class java.lang.Object, but interface was expected> (0x000000073629bc98) thrown at [C:\re\workspace\8-2-build-windows-amd64-cygwin\jdk8u51\3951\hotspot\src\share\vm\interpreter\linkResolver.cpp, éä§Ç/<G@
Event: 46.470 Thread 0x0000000002e75800 Implicit null exception at 0x00000000052bff6e to 0x00000000052c1e95
Event: 46.470 Thread 0x0000000002e75800 Implicit null exception at 0x0000000004890e05 to 0x0000000004890eb1
Event: 49.325 Thread 0x0000000002e75800 Exception <a 'java/io/FileNotFoundException'> (0x000000079183f080) thrown at [C:\re\workspace\8-2-build-windows-amd64-cygwin\jdk8u51\3951\hotspot\src\share\vm\prims\jni.cpp, line 709]
Event: 55.339 Thread 0x0000000002e75800 Implicit null exception at 0x0000000004f96efc to 0x0000000004f97091
Event: 67.723 Thread 0x0000000002e75800 Exception <a 'java/lang/NoSuchMethodError': java.lang.Object.lambda$makeTexture$0(I)[Lnet/minecraft/client/renderer/texture/TextureAtlasSprite;> (0x0000000775b6c878) thrown at [C:\re\workspace\8-2-build-windows-amd64-cygwin\jdk8u51\3951\hotspot\src\share\v˘FHP@
Event: 67.754 Thread 0x0000000002e75800 Exception <a 'java/lang/IncompatibleClassChangeError': Found class java.lang.Object, but interface was expected> (0x00000007765f7288) thrown at [C:\re\workspace\8-2-build-windows-amd64-cygwin\jdk8u51\3951\hotspot\src\share\vm\interpreter\linkResolver.cpp, ú<¿ÓOP@
Event: 67.755 Thread 0x0000000002e75800 Exception <a 'java/lang/IncompatibleClassChangeError': Found class java.lang.Object, but interface was expected> (0x00000007765fd478) thrown at [C:\re\workspace\8-2-build-windows-amd64-cygwin\jdk8u51\3951\hotspot\src\share\vm\interpreter\linkResolver.cpp, ï¥ábùQ@
Event: 70.455 Thread 0x0000000002e75800 Implicit null exception at 0x000000000590d126 to 0x000000000590fa9d

Events (10 events):
Event: 70.621 Thread 0x0000000002e75800 Uncommon trap: trap_request=0xffffffde fr.pc=0x00000000051d3650
Event: 70.621 Thread 0x0000000002e75800 DEOPT PACKING pc=0x00000000051d3650 sp=0x0000000002e6e090
Event: 70.621 Thread 0x0000000002e75800 DEOPT UNPACKING pc=0x0000000002fb582a sp=0x0000000002e6e028 mode 2
Event: 70.622 Thread 0x0000000002e75800 Uncommon trap: trap_request=0xffffffde fr.pc=0x00000000051d3650
Event: 70.622 Thread 0x0000000002e75800 DEOPT PACKING pc=0x00000000051d3650 sp=0x0000000002e6e090
Event: 70.622 Thread 0x0000000002e75800 DEOPT UNPACKING pc=0x0000000002fb582a sp=0x0000000002e6e028 mode 2
Event: 70.642 loading class gnu/trove/map/hash/THashMap$KeyView
Event: 70.642 loading class gnu/trove/map/hash/THashMap$KeyView done
Event: 70.647 loading class net/optifine/shaders/MultiTexID
Event: 70.647 loading class net/optifine/shaders/MultiTexID done


Dynamic libraries:
0x00007ff760e00000 - 0x00007ff760e37000 	C:\Users\Zakarail\Twitch\Minecraft\Install\runtime\jre-x64\bin\javaw.exe
0x00007ffd1aa60000 - 0x00007ffd1ac4d000 	C:\WINDOWS\SYSTEM32\ntdll.dll
0x00007ffd12e00000 - 0x00007ffd12e14000 	C:\Program Files\AVAST Software\Avast\aswhook.dll
0x00007ffd1a7f0000 - 0x00007ffd1a8a3000 	C:\WINDOWS\System32\KERNEL32.DLL
0x00007ffd17130000 - 0x00007ffd173c3000 	C:\WINDOWS\System32\KERNELBASE.dll
0x00007ffd19aa0000 - 0x00007ffd19b43000 	C:\WINDOWS\System32\ADVAPI32.dll
0x00007ffd19c90000 - 0x00007ffd19d2e000 	C:\WINDOWS\System32\msvcrt.dll
0x00007ffd1a510000 - 0x00007ffd1a5ae000 	C:\WINDOWS\System32\sechost.dll
0x00007ffd19b50000 - 0x00007ffd19c72000 	C:\WINDOWS\System32\RPCRT4.dll
0x00007ffd18370000 - 0x00007ffd18507000 	C:\WINDOWS\System32\USER32.dll
0x00007ffd16bc0000 - 0x00007ffd16be0000 	C:\WINDOWS\System32\win32u.dll
0x00007ffd17d60000 - 0x00007ffd17d89000 	C:\WINDOWS\System32\GDI32.dll
0x00007ffd16f30000 - 0x00007ffd170c9000 	C:\WINDOWS\System32\gdi32full.dll
0x00007ffd16cb0000 - 0x00007ffd16d50000 	C:\WINDOWS\System32\msvcp_win.dll
0x00007ffd17c00000 - 0x00007ffd17cfa000 	C:\WINDOWS\System32\ucrtbase.dll
0x00007ffd0aac0000 - 0x00007ffd0ad39000 	C:\WINDOWS\WinSxS\amd64_microsoft.windows.common-controls_6595b64144ccf1df_6.0.17763.864_none_05b3441807210760\COMCTL32.dll
0x00007ffd19d90000 - 0x00007ffd1a0bc000 	C:\WINDOWS\System32\combase.dll
0x00007ffd16be0000 - 0x00007ffd16c5e000 	C:\WINDOWS\System32\bcryptPrimitives.dll
0x00007ffd17d90000 - 0x00007ffd17dbe000 	C:\WINDOWS\System32\IMM32.DLL
0x0000000057350000 - 0x0000000057422000 	C:\Users\Zakarail\Twitch\Minecraft\Install\runtime\jre-x64\bin\msvcr100.dll
0x0000000056ac0000 - 0x0000000057343000 	C:\Users\Zakarail\Twitch\Minecraft\Install\runtime\jre-x64\bin\server\jvm.dll
0x00007ffd1a5b0000 - 0x00007ffd1a5b8000 	C:\WINDOWS\System32\PSAPI.DLL
0x00007ffd08830000 - 0x00007ffd08839000 	C:\WINDOWS\SYSTEM32\WSOCK32.dll
0x00007ffd18510000 - 0x00007ffd1857d000 	C:\WINDOWS\System32\WS2_32.dll
0x00007ffd14b40000 - 0x00007ffd14b64000 	C:\WINDOWS\SYSTEM32\WINMM.dll
0x00007ffd10e00000 - 0x00007ffd10e0a000 	C:\WINDOWS\SYSTEM32\VERSION.dll
0x00007ffd14b10000 - 0x00007ffd14b3d000 	C:\WINDOWS\SYSTEM32\WINMMBASE.dll
0x00007ffd16c60000 - 0x00007ffd16caa000 	C:\WINDOWS\System32\cfgmgr32.dll
0x0000000056ab0000 - 0x0000000056abf000 	C:\Users\Zakarail\Twitch\Minecraft\Install\runtime\jre-x64\bin\verify.dll
0x0000000056a80000 - 0x0000000056aa9000 	C:\Users\Zakarail\Twitch\Minecraft\Install\runtime\jre-x64\bin\java.dll
0x0000000056a60000 - 0x0000000056a76000 	C:\Users\Zakarail\Twitch\Minecraft\Install\runtime\jre-x64\bin\zip.dll
0x00007ffd185a0000 - 0x00007ffd19a94000 	C:\WINDOWS\System32\SHELL32.dll
0x00007ffd1a740000 - 0x00007ffd1a7e8000 	C:\WINDOWS\System32\shcore.dll
0x00007ffd174b0000 - 0x00007ffd17bfd000 	C:\WINDOWS\System32\windows.storage.dll
0x00007ffd16ad0000 - 0x00007ffd16af4000 	C:\WINDOWS\System32\profapi.dll
0x00007ffd16b00000 - 0x00007ffd16b5d000 	C:\WINDOWS\System32\powrprof.dll
0x00007ffd1a280000 - 0x00007ffd1a2d2000 	C:\WINDOWS\System32\shlwapi.dll
0x00007ffd16b80000 - 0x00007ffd16b91000 	C:\WINDOWS\System32\kernel.appcore.dll
0x00007ffd16ba0000 - 0x00007ffd16bb7000 	C:\WINDOWS\System32\cryptsp.dll
0x0000000056a50000 - 0x0000000056a5d000 	C:\Users\Zakarail\Twitch\Minecraft\Install\runtime\jre-x64\bin\management.dll
0x0000000056a30000 - 0x0000000056a4a000 	C:\Users\Zakarail\Twitch\Minecraft\Install\runtime\jre-x64\bin\net.dll
0x00007ffd16340000 - 0x00007ffd163a7000 	C:\WINDOWS\system32\mswsock.dll
0x00007ffcfab80000 - 0x00007ffcfab96000 	C:\WINDOWS\system32\napinsp.dll
0x00007ffcf9cb0000 - 0x00007ffcf9cca000 	C:\WINDOWS\system32\pnrpnsp.dll
0x00007ffd160a0000 - 0x00007ffd16166000 	C:\WINDOWS\SYSTEM32\DNSAPI.dll
0x00007ffd19c80000 - 0x00007ffd19c88000 	C:\WINDOWS\System32\NSI.dll
0x00007ffd16060000 - 0x00007ffd1609d000 	C:\WINDOWS\SYSTEM32\IPHLPAPI.DLL
0x00007ffcfab70000 - 0x00007ffcfab7e000 	C:\WINDOWS\System32\winrnr.dll
0x00007ffd13370000 - 0x00007ffd1338b000 	C:\WINDOWS\system32\NLAapi.dll
0x00007ffcf9c90000 - 0x00007ffcf9ca5000 	C:\WINDOWS\system32\wshbth.dll
0x00007ffd09960000 - 0x00007ffd0996a000 	C:\Windows\System32\rasadhlp.dll
0x00007ffd09990000 - 0x00007ffd09a09000 	C:\WINDOWS\System32\fwpuclnt.dll
0x00007ffd17480000 - 0x00007ffd174a6000 	C:\WINDOWS\System32\bcrypt.dll
0x0000000056a10000 - 0x0000000056a21000 	C:\Users\Zakarail\Twitch\Minecraft\Install\runtime\jre-x64\bin\nio.dll
0x00000000569e0000 - 0x0000000056a04000 	C:\Users\Zakarail\Twitch\Minecraft\Install\runtime\jre-x64\bin\sunec.dll
0x00007ffd15ec0000 - 0x00007ffd15ef3000 	C:\WINDOWS\system32\rsaenh.dll
0x00007ffd16a00000 - 0x00007ffd16a28000 	C:\WINDOWS\SYSTEM32\USERENV.dll
0x00007ffd16510000 - 0x00007ffd1651c000 	C:\WINDOWS\SYSTEM32\CRYPTBASE.dll
0x00007ffd0e710000 - 0x00007ffd0e726000 	C:\WINDOWS\SYSTEM32\dhcpcsvc6.DLL
0x00007ffd0efe0000 - 0x00007ffd0effc000 	C:\WINDOWS\SYSTEM32\dhcpcsvc.DLL
0x00000000569c0000 - 0x00000000569d7000 	C:\Users\Zakarail\Twitch\Minecraft\Install\runtime\jre-x64\bin\unpack.dll
0x0000000180000000 - 0x0000000180053000 	C:\Users\Zakarail\Twitch\Minecraft\Install\bin\bb9c-120c-beac-3a65\lwjgl64.dll
0x00007ffce5640000 - 0x00007ffce5767000 	C:\WINDOWS\SYSTEM32\OPENGL32.dll
0x00007ffd09030000 - 0x00007ffd0905c000 	C:\WINDOWS\SYSTEM32\GLU32.dll
0x0000000056820000 - 0x00000000569b8000 	C:\Users\Zakarail\Twitch\Minecraft\Install\runtime\jre-x64\bin\awt.dll
0x00007ffd1a670000 - 0x00007ffd1a734000 	C:\WINDOWS\System32\OLEAUT32.dll
0x00007ffd14d70000 - 0x00007ffd14dfc000 	C:\WINDOWS\SYSTEM32\apphelp.dll
0x00007ffd150a0000 - 0x00007ffd1513c000 	C:\WINDOWS\system32\uxtheme.dll
0x00007ffd1a8c0000 - 0x00007ffd1aa2c000 	C:\WINDOWS\System32\MSCTF.dll
0x00007ffd15190000 - 0x00007ffd151be000 	C:\WINDOWS\system32\dwmapi.dll
0x00007ffd16d50000 - 0x00007ffd16f2b000 	C:\WINDOWS\System32\CRYPT32.dll
0x00007ffd16b60000 - 0x00007ffd16b72000 	C:\WINDOWS\System32\MSASN1.dll
0x00000000540c0000 - 0x0000000056811000 	C:\WINDOWS\System32\DriverStore\FileRepository\nv_dispi.inf_amd64_db678424d2641c3d\nvoglv64.dll
0x00007ffd17dc0000 - 0x00007ffd18236000 	C:\WINDOWS\System32\SETUPAPI.dll
0x00007ffd1a0c0000 - 0x00007ffd1a215000 	C:\WINDOWS\System32\ole32.dll
0x00007ffd136b0000 - 0x00007ffd136c3000 	C:\WINDOWS\SYSTEM32\WTSAPI32.dll
0x00007ffd168e0000 - 0x00007ffd16909000 	C:\WINDOWS\SYSTEM32\DEVOBJ.dll
0x00007ffd170d0000 - 0x00007ffd17129000 	C:\WINDOWS\System32\WINTRUST.dll
0x00007ffd15b40000 - 0x00007ffd15b71000 	C:\WINDOWS\SYSTEM32\ntmarta.dll
0x00007ffcda810000 - 0x00007ffcdaab7000 	C:\WINDOWS\system32\nvspcap64.dll
0x00007ffd0e360000 - 0x00007ffd0e54d000 	C:\WINDOWS\SYSTEM32\dbghelp.dll
0x00007ffd0bb30000 - 0x00007ffd0bb5a000 	C:\WINDOWS\SYSTEM32\dbgcore.DLL
0x00007ffd0afb0000 - 0x00007ffd0b05d000 	C:\WINDOWS\SYSTEM32\mscms.dll
0x00007ffd0afa0000 - 0x00007ffd0afb0000 	C:\WINDOWS\SYSTEM32\ColorAdapterClient.dll
0x00007ffcfec70000 - 0x00007ffcfecb3000 	C:\WINDOWS\SYSTEM32\icm32.dll
0x00007ffd15bb0000 - 0x00007ffd15c08000 	C:\WINDOWS\SYSTEM32\WINSTA.dll
0x00007ffd05d10000 - 0x00007ffd05d52000 	C:\Users\Zakarail\AppData\Local\Temp\jna-1284044783\jna5051543624680130130.dll
0x000000002b180000 - 0x000000002b1e4000 	C:\Users\Zakarail\Twitch\Minecraft\Install\bin\bb9c-120c-beac-3a65\OpenAL64.dll
0x00007ffd1a5c0000 - 0x00007ffd1a662000 	C:\WINDOWS\System32\clbcatq.dll
0x00007ffd10d80000 - 0x00007ffd10df0000 	C:\WINDOWS\System32\MMDevApi.dll
0x00007ffd134d0000 - 0x00007ffd13679000 	C:\WINDOWS\System32\PROPSYS.dll
0x00007ffcf9e80000 - 0x00007ffcf9f16000 	C:\WINDOWS\SYSTEM32\dsound.dll
0x00007ffcf20b0000 - 0x00007ffcf21f8000 	C:\WINDOWS\SYSTEM32\AUDIOSES.DLL
0x00007ffd12b50000 - 0x00007ffd12ca3000 	C:\WINDOWS\SYSTEM32\wintypes.dll
0x00007ffd12b00000 - 0x00007ffd12b0a000 	C:\WINDOWS\SYSTEM32\AVRT.dll
0x00007ffd15400000 - 0x00007ffd15414000 	C:\WINDOWS\SYSTEM32\resourcepolicyclient.dll
0x00007ffd089d0000 - 0x00007ffd08a65000 	C:\WINDOWS\System32\TextInputFramework.dll
0x00007ffd124f0000 - 0x00007ffd12812000 	C:\WINDOWS\System32\CoreUIComponents.dll
0x00007ffd146c0000 - 0x00007ffd147a2000 	C:\WINDOWS\System32\CoreMessaging.dll

VM Arguments:
jvm_args: -Dos.name=Windows 10 -Dos.version=10.0 -XX:HeapDumpPath=MojangTricksIntelDriversForPerformance_javaw.exe_minecraft.exe.heapdump -Djava.library.path=C:\Users\Zakarail\Twitch\Minecraft\Install\bin\bb9c-120c-beac-3a65 -Dminecraft.launcher.brand=minecraft-launcher -Dminecraft.launcher.version=2.1.9616 -Dminecraft.client.jar=C:\Users\Zakarail\Twitch\Minecraft\Install\versions\1.12.2\1.12.2.jar -Xmx8198m -Xms256m -XX:PermSize=256m -Dminecraft.applet.TargetDirectory=C:\Users\Zakarail\Twitch\Minecraft\Instances\Quest of Ages -Dfml.ignorePatchDiscrepancies=true -Dfml.ignoreInvalidMinecraftCertificates=true -Duser.language=en -Duser.country=US -Dlog4j.configurationFile=C:\Users\Zakarail\Twitch\Minecraft\Install\assets\log_configs\client-1.12.xml 
java_command: net.minecraft.launchwrapper.Launch --username Zakarail --version forge-14.23.5.2847 --gameDir C:\Users\Zakarail\Twitch\Minecraft\Instances\Quest of Ages --assetsDir C:\Users\Zakarail\Twitch\Minecraft\Install\assets --assetIndex 1.12 --uuid 77addc813bf74eacb38ad4795525b80d --accessToken eyJhbGciOiJIUzI1NiJ9.eyJzdWIiOiJjYTlhMDYwY2E0MGI0ODM2OGI1NGJhMjdlYjVmYjc0MyIsIm5iZiI6MTU3NDU0MzcxMSwieWdndCI6IjFjNjcxYjlkOWM2MDQ0YmZiZTk5NjliOGVlODhiYTM2Iiwic3ByIjoiNzdhZGRjODEzYmY3NGVhY2IzOGFkNDc5NTUyNWI4MGQiLCJyb2xlcyI6W10sImlzcyI6ImludGVybmFsLWF1dGhlbnRpY2F0aW9uIiwiZXhwIjoxNTc0NzE2NTExLCJpYXQiOjE1NzQ1NDM3MTF9.riT9U3eWAnWl5eL6iiNIEDxGMbQq8_MLaf1QB4NFpCo --userType mojang --tweakClass net.minecraftforge.fml.common.launcher.FMLTweaker --versionType Forge --width 1024 --height 768
java_class_path (initial): C:\Users\Zakarail\Twitch\Minecraft\Install\libraries\net\minecraftforge\forge\1.12.2-14.23.5.2847\forge-1.12.2-14.23.5.2847.jar;C:\Users\Zakarail\Twitch\Minecraft\Install\libraries\net\minecraft\launchwrapper\1.12\launchwrapper-1.12.jar;C:\Users\Zakarail\Twitch\Minecraft\Install\libraries\org\ow2\asm\asm-all\5.2\asm-all-5.2.jar;C:\Users\Zakarail\Twitch\Minecraft\Install\libraries\org\jline\jline\3.5.1\jline-3.5.1.jar;C:\Users\Zakarail\Twitch\Minecraft\Install\libraries\net\java\dev\jna\jna\4.4.0\jna-4.4.0.jar;C:\Users\Zakarail\Twitch\Minecraft\Install\libraries\com\typesafe\akka\akka-actor_2.11\2.3.3\akka-actor_2.11-2.3.3.jar;C:\Users\Zakarail\Twitch\Minecraft\Install\libraries\com\typesafe\config\1.2.1\config-1.2.1.jar;C:\Users\Zakarail\Twitch\Minecraft\Install\libraries\org\scala-lang\scala-actors-migration_2.11\1.1.0\scala-actors-migration_2.11-1.1.0.jar;C:\Users\Zakarail\Twitch\Minecraft\Install\libraries\org\scala-lang\scala-compiler\2.11.1\scala-compiler-2.11.1.jar;C:\Users\Zakarail\Twitch\Minecraft\Install\libraries\org\scala-lang\plugins\scala-continuations-library_2.11\1.0.2\scala-continuations-library_2.11-1.0.2.jar;C:\Users\Zakarail\Twitch\Minecraft\Install\libraries\org\scala-lang\plugins\scala-continuations-plugin_2.11.1\1.0.2\scala-continuations-plugin_2.11.1-1.0.2.jar;C:\Users\Zakarail\Twitch\Minecraft\Install\libraries\org\scala-lang\scala-library\2.11.1\scala-library-2.11.1.jar;C:\Users\Zakarail\Twitch\Minecraft\Install\libraries\org\scala-lang\scala-parser-combinators_2.11\1.0.1\scala-parser-combinators_2.11-1.0.1.jar;C:\Users\Zakarail\Twitch\Minecraft\Install\libraries\org\scala-lang\scala-reflect\2.11.1\scala-reflect-2.11.1.jar;C:\Users\Zakarail\Twitch\Minecraft\Install\libraries\org\scala-lang\scala-swing_2.11\1.0.1\scala-swing_2.11-1.0.1.jar;C:\Users\Zakarail\Twitch\Minecraft\Install\libraries\org\scala-lang\scala-xml_2.11\1.0.2\scala-xml_2.11-1.0.2.jar;C:\Users\Zakarail\Twitch\Minecraft\Install\libraries\lzma\lzma\
Launcher Type: SUN_STANDARD

Environment Variables:
JAVA_HOME=C:\Program Files\Java\jdk-12
JRE_HOME=C:\Program Files\Java\jdk-12
PATH=C:\Windows\system32;C:\Windows;C:\Windows\System32\Wbem;C:\Windows\System32\WindowsPowerShell\v1.0\;C:\Program Files (x86)\NVIDIA Corporation\PhysX\Common;C:\Program Files\NVIDIA Corporation\NVIDIA NvDLISR;C:\WINDOWS\system32;C:\WINDOWS;C:\WINDOWS\System32\Wbem;C:\WINDOWS\System32\WindowsPowerShell\v1.0\;C:\WINDOWS\System32\OpenSSH\;C:\Program Files\Java\jdk-12\bin;C:\Program Files\Java\jdk-12\bin;C:\Program Files\Git\cmd;C:\Program Files\nodejs\;C:\Program Files\TortoiseGit\bin;C:\Users\Zakarail\AppData\Local\Microsoft\WindowsApps;;C:\Users\Zakarail\AppData\Local\Programs\Microsoft VS Code\bin;C:\Users\Zakarail\AppData\Roaming\npm
USERNAME=Zakarail
OS=Windows_NT
PROCESSOR_IDENTIFIER=Intel64 Family 6 Model 63 Stepping 2, GenuineIntel



---------------  S Y S T E M  ---------------

OS: Windows 10.0 , 64 bit Build 17763 (10.0.17763.475)

CPU:total 12 (6 cores per cpu, 2 threads per core) family 6 model 63 stepping 2, cmov, cx8, fxsr, mmx, sse, sse2, sse3, ssse3, sse4.1, sse4.2, popcnt, avx, avx2, aes, clmul, erms, lzcnt, ht, tsc, tscinvbit, bmi1, bmi2

Memory: 4k page, physical 33472580k(22981888k free), swap 38453316k(23115328k free)

vm_info: Java HotSpot(TM) 64-Bit Server VM (25.51-b03) for windows-amd64 JRE (1.8.0_51-b16), built on Jun  8 2015 18:03:07 by "java_re" with MS VC++ 10.0 (VS2010)

time: Sun Nov 24 12:15:26 2019
elapsed time: 70 seconds (0d 0h 1m 10s)

