#
# A fatal error has been detected by the Java Runtime Environment:
#
#  EXCEPTION_ACCESS_VIOLATION (0xc0000005) at pc=0x0000000056f7623f, pid=8428, tid=4364
#
# JRE version: Java(TM) SE Runtime Environment (8.0_51-b16) (build 1.8.0_51-b16)
# Java VM: Java HotSpot(TM) 64-Bit Server VM (25.51-b03 mixed mode windows-amd64 compressed oops)
# Problematic frame:
# V  [jvm.dll+0x4b623f]
#
# Failed to write core dump. Minidumps are not enabled by default on client versions of Windows
#
# If you would like to submit a bug report, please visit:
#   http://bugreport.java.com/bugreport/crash.jsp
#

---------------  T H R E A D  ---------------

Current thread (0x0000000027126000):  JavaThread "C2 CompilerThread2" daemon [_thread_in_native, id=4364, stack(0x0000000028870000,0x0000000028970000)]

siginfo: ExceptionCode=0xc0000005, reading address 0x0000000000000008

Registers:
RAX=0x0000000000000000, RBX=0x0000000000000000, RCX=0x000000002b740410, RDX=0x0000000000008000
RSP=0x000000002896b670, RBP=0x000000002f874188, RSI=0x000000002b740410, RDI=0x000000002896bb40
R8 =0x0000000000000000, R9 =0x0000000036487f90, R10=0x000000002896bb40, R11=0x0000000030844300
R12=0x000000002cffb680, R13=0x000000002b18f698, R14=0x000000002896b758, R15=0x000000002896b778
RIP=0x0000000056f7623f, EFLAGS=0x0000000000010283

Top of Stack: (sp=0x000000002896b670)
0x000000002896b670:   000000002e9cc5e8 000000002f874188
0x000000002896b680:   00000000526b3290 000000002896bb40
0x000000002896b690:   000000002f874188 000000002896b7c8
0x000000002896b6a0:   000000002896b820 0000000056f77a49
0x000000002896b6b0:   000000002e9cc5e8 000000000000079b
0x000000002896b6c0:   0000000000000002 000000002b740410
0x000000002896b6d0:   000000002896c510 0000000056faa2b0
0x000000002896b6e0:   000000002d4ed780 00000000271227c0
0x000000002896b6f0:   0000000032cc24d0 000000002896b820
0x000000002896b700:   00000000271227c0 0000000000000000
0x000000002896b710:   000000002896bb40 0000000056f7992f
0x000000002896b720:   000000002896bb40 0000000000000001
0x000000002896b730:   0000000000000002 0000000032cc24d0
0x000000002896b740:   000000002d4ed7d0 000000002d4f5768
0x000000002896b750:   00000000002491d8 00000000271227c0
0x000000002896b760:   0000000000000800 000000002d6bc8b0 

Instructions: (pc=0x0000000056f7623f)
0x0000000056f7621f:   4c 89 64 24 50 4c 8b e0 4c 3b e8 0f 84 4f 01 00
0x0000000056f7622f:   00 44 8b 43 28 4c 8b 8f f0 09 00 00 4b 8b 1c c1
0x0000000056f7623f:   48 8b 43 08 48 83 38 00 75 2a 8b 57 28 0f 1f 40
0x0000000056f7624f:   00 8b 43 28 3b c2 73 0c 8b c8 48 8b 47 30 48 8b 


Register to memory mapping:

RAX=0x0000000000000000 is an unknown value
RBX=0x0000000000000000 is an unknown value
RCX=0x000000002b740410 is an unknown value
RDX=0x0000000000008000 is an unknown value
RSP=0x000000002896b670 is pointing into the stack for thread: 0x0000000027126000
RBP=0x000000002f874188 is an unknown value
RSI=0x000000002b740410 is an unknown value
RDI=0x000000002896bb40 is pointing into the stack for thread: 0x0000000027126000
R8 =0x0000000000000000 is an unknown value
R9 =0x0000000036487f90 is an unknown value
R10=0x000000002896bb40 is pointing into the stack for thread: 0x0000000027126000
R11=0x0000000030844300 is an unknown value
R12=0x000000002cffb680 is an unknown value
R13=0x000000002b18f698 is an unknown value
R14=0x000000002896b758 is pointing into the stack for thread: 0x0000000027126000
R15=0x000000002896b778 is pointing into the stack for thread: 0x0000000027126000


Stack: [0x0000000028870000,0x0000000028970000],  sp=0x000000002896b670,  free space=1005k
Native frames: (J=compiled Java code, j=interpreted, Vv=VM code, C=native code)
V  [jvm.dll+0x4b623f]
V  [jvm.dll+0x4b7a49]
V  [jvm.dll+0x4b992f]
V  [jvm.dll+0x46c011]
V  [jvm.dll+0x46cd4e]
V  [jvm.dll+0x4501a2]
V  [jvm.dll+0xa43a2]
V  [jvm.dll+0xa4cdf]
V  [jvm.dll+0x2418a4]
V  [jvm.dll+0x29846a]
C  [msvcr100.dll+0x21d9f]
C  [msvcr100.dll+0x21e3b]
C  [KERNEL32.DLL+0x17974]
C  [ntdll.dll+0x6a271]


Current CompileTask:
C2:  67940 16005       4       pl.asie.foamfix.client.Deduplicator::deduplicate0 (459 bytes)


---------------  P R O C E S S  ---------------

Java Threads: ( => current thread )
  0x00000000358f1800 JavaThread "Thread-8" [_thread_blocked, id=20512, stack(0x000000004e8d0000,0x000000004e9d0000)]
  0x00000000358f8800 JavaThread "Thread-7" [_thread_blocked, id=14344, stack(0x000000004e0b0000,0x000000004e1b0000)]
  0x00000000358f7000 JavaThread "pool-3-thread-1" [_thread_blocked, id=20548, stack(0x000000004d2b0000,0x000000004d3b0000)]
  0x00000000358ef800 JavaThread "C&B Model Cache Cleanup" [_thread_blocked, id=10748, stack(0x000000004caf0000,0x000000004cbf0000)]
  0x000000002ed45800 JavaThread "Weather2 Foliage Enhancer" [_thread_blocked, id=7848, stack(0x000000004acd0000,0x000000004add0000)]
  0x000000002ed49000 JavaThread "Weather2 Scene Enhancer" [_thread_blocked, id=536, stack(0x000000004a630000,0x000000004a730000)]
  0x000000002ed44000 JavaThread "ForkJoinPool.commonPool-worker-8" daemon [_thread_blocked, id=11464, stack(0x000000004a030000,0x000000004a130000)]
  0x000000002ed4a000 JavaThread "ForkJoinPool.commonPool-worker-1" daemon [_thread_blocked, id=16308, stack(0x0000000049f30000,0x000000004a030000)]
  0x0000000036b79800 JavaThread "ForkJoinPool.commonPool-worker-10" daemon [_thread_blocked, id=3296, stack(0x0000000049e30000,0x0000000049f30000)]
  0x0000000032a18000 JavaThread "ForkJoinPool.commonPool-worker-6" daemon [_thread_blocked, id=7992, stack(0x0000000049c30000,0x0000000049d30000)]
  0x0000000030ef4800 JavaThread "ForkJoinPool.commonPool-worker-9" daemon [_thread_blocked, id=17940, stack(0x0000000049730000,0x0000000049830000)]
  0x000000002bd5d800 JavaThread "LWJGL Timer" daemon [_thread_blocked, id=13536, stack(0x0000000049630000,0x0000000049730000)]
  0x000000002ffba800 JavaThread "Thread-3" [_thread_in_native, id=14096, stack(0x00000000481d0000,0x00000000482d0000)]
  0x000000002ed4c000 JavaThread "Java2D Disposer" daemon [_thread_blocked, id=11648, stack(0x0000000039190000,0x0000000039290000)]
  0x0000000027316000 JavaThread "Timer hack thread" daemon [_thread_blocked, id=16616, stack(0x0000000039090000,0x0000000039190000)]
  0x0000000030c47000 JavaThread "Snooper Timer" daemon [_thread_blocked, id=5236, stack(0x000000002c390000,0x000000002c490000)]
  0x000000002717c800 JavaThread "Service Thread" daemon [_thread_blocked, id=14232, stack(0x0000000028a70000,0x0000000028b70000)]
  0x000000002712f000 JavaThread "C1 CompilerThread3" daemon [_thread_blocked, id=12184, stack(0x0000000028970000,0x0000000028a70000)]
=>0x0000000027126000 JavaThread "C2 CompilerThread2" daemon [_thread_in_native, id=4364, stack(0x0000000028870000,0x0000000028970000)]
  0x000000002711f000 JavaThread "C2 CompilerThread1" daemon [_thread_in_native, id=12880, stack(0x0000000028770000,0x0000000028870000)]
  0x0000000027118000 JavaThread "C2 CompilerThread0" daemon [_thread_in_native, id=16912, stack(0x0000000028670000,0x0000000028770000)]
  0x0000000027114800 JavaThread "Attach Listener" daemon [_thread_blocked, id=18276, stack(0x0000000028570000,0x0000000028670000)]
  0x0000000027111800 JavaThread "Signal Dispatcher" daemon [_thread_blocked, id=13124, stack(0x0000000028470000,0x0000000028570000)]
  0x0000000025a1f000 JavaThread "Finalizer" daemon [_thread_blocked, id=20680, stack(0x0000000028370000,0x0000000028470000)]
  0x0000000025a18000 JavaThread "Reference Handler" daemon [_thread_blocked, id=11272, stack(0x0000000028270000,0x0000000028370000)]
  0x0000000002675800 JavaThread "Client thread" [_thread_blocked, id=14004, stack(0x00000000024e0000,0x00000000025e0000)]

Other Threads:
  0x00000000270e2800 VMThread [stack: 0x0000000028170000,0x0000000028270000] [id=13576]
  0x000000002717d800 WatcherThread [stack: 0x0000000028b70000,0x0000000028c70000] [id=15508]

VM state:at safepoint (normal execution)

VM Mutex/Monitor currently owned by a thread:  ([mutex/lock_event])
[0x0000000002671b50] Safepoint_lock - owner thread: 0x00000000270e2800
[0x0000000002671bd0] Threads_lock - owner thread: 0x00000000270e2800
[0x00000000026741e0] CompiledIC_lock - owner thread: 0x0000000002675800

Heap:
 PSYoungGen      total 2051072K, used 638035K [0x0000000715380000, 0x00000007c0000000, 0x00000007c0000000)
  eden space 1643008K, 13% used [0x0000000715380000,0x0000000723417dd0,0x0000000779800000)
  from space 408064K, 99% used [0x00000007a7180000,0x00000007bfffd178,0x00000007c0000000)
  to   space 577536K, 0% used [0x0000000779800000,0x0000000779800000,0x000000079cc00000)
 ParOldGen       total 1238016K, used 841578K [0x00000005bfa00000, 0x000000060b300000, 0x0000000715380000)
  object space 1238016K, 67% used [0x00000005bfa00000,0x00000005f2fda8e0,0x000000060b300000)
 Metaspace       used 134932K, capacity 137831K, committed 138240K, reserved 1165312K
  class space    used 22242K, capacity 23244K, committed 23296K, reserved 1048576K

Card table byte_map: [0x0000000011b30000,0x0000000012b40000] byte_map_base: 0x000000000ed33000

Marking Bits: (ParMarkBitMap*) 0x00000000572c4040
 Begin Bits: [0x0000000013ff0000, 0x000000001c008000)
 End Bits:   [0x000000001c008000, 0x0000000024020000)

Polling page: 0x00000000005e0000

CodeCache: size=245760Kb used=46318Kb max_used=46329Kb free=199441Kb
 bounds [0x0000000002770000, 0x00000000054f0000, 0x0000000011770000]
 total_blobs=12506 nmethods=11255 adapters=1162
 compilation: enabled

Compilation events (10 events):
Event: 67.878 Thread 0x000000002712f000 nmethod 16062 0x00000000054e0810 code [0x00000000054e09a0, 0x00000000054e0d38]
Event: 67.879 Thread 0x000000002711f000 nmethod 16031 0x00000000054ea0d0 code [0x00000000054ea3a0, 0x00000000054eb740]
Event: 67.879 Thread 0x000000002711f000 16024       4       com.google.common.collect.RegularImmutableSet::<init> (26 bytes)
Event: 67.879 Thread 0x000000002711f000 nmethod 16024 0x000000000548c510 code [0x000000000548c640, 0x000000000548c6d8]
Event: 67.880 Thread 0x000000002712f000 16065       3       java.lang.invoke.MethodHandles$Lookup::unreflectGetter (7 bytes)
Event: 67.880 Thread 0x000000002712f000 nmethod 16065 0x00000000054e0490 code [0x00000000054e0600, 0x00000000054e0788]
Event: 67.889 Thread 0x000000002711f000 16066       4       java.lang.invoke.LambdaForm$DMH/1922464006::invokeStatic_L4_L (20 bytes)
Event: 67.889 Thread 0x000000002711f000 nmethod 16066 0x00000000054e0150 code [0x00000000054e02a0, 0x00000000054e0368]
Event: 67.894 Thread 0x000000002712f000 16067       3       net.minecraft.util.ResourceLocation::equals (55 bytes)
Event: 67.895 Thread 0x000000002712f000 nmethod 16067 0x00000000054e9810 code [0x00000000054e99a0, 0x00000000054e9f98]

GC Heap History (10 events):
Event: 50.334 GC heap before
{Heap before GC invocations=34 (full 5):
 PSYoungGen      total 2476544K, used 2474617K [0x0000000715380000, 0x00000007c0000000, 0x00000007c0000000)
  eden space 2228736K, 100% used [0x0000000715380000,0x000000079d400000,0x000000079d400000)
  from space 247808K, 99% used [0x00000007b0e00000,0x00000007bfe1e580,0x00000007c0000000)
  to   space 284672K, 0% used [0x000000079d400000,0x000000079d400000,0x00000007aea00000)
 ParOldGen       total 784896K, used 448818K [0x00000005bfa00000, 0x00000005ef880000, 0x0000000715380000)
  object space 784896K, 57% used [0x00000005bfa00000,0x00000005db04ca70,0x00000005ef880000)
 Metaspace       used 132976K, capacity 135643K, committed 136192K, reserved 1163264K
  class space    used 22064K, capacity 23026K, committed 23040K, reserved 1048576K
Event: 50.461 GC heap after
Heap after GC invocations=34 (full 5):
 PSYoungGen      total 2513408K, used 284650K [0x0000000715380000, 0x00000007c0000000, 0x00000007c0000000)
  eden space 2228736K, 0% used [0x0000000715380000,0x0000000715380000,0x000000079d400000)
  from space 284672K, 99% used [0x000000079d400000,0x00000007ae9fa868,0x00000007aea00000)
  to   space 284672K, 0% used [0x00000007aea00000,0x00000007aea00000,0x00000007c0000000)
 ParOldGen       total 784896K, used 580858K [0x00000005bfa00000, 0x00000005ef880000, 0x0000000715380000)
  object space 784896K, 74% used [0x00000005bfa00000,0x00000005e313e990,0x00000005ef880000)
 Metaspace       used 132976K, capacity 135643K, committed 136192K, reserved 1163264K
  class space    used 22064K, capacity 23026K, committed 23040K, reserved 1048576K
}
Event: 53.723 GC heap before
{Heap before GC invocations=35 (full 5):
 PSYoungGen      total 2513408K, used 2513386K [0x0000000715380000, 0x00000007c0000000, 0x00000007c0000000)
  eden space 2228736K, 100% used [0x0000000715380000,0x000000079d400000,0x000000079d400000)
  from space 284672K, 99% used [0x000000079d400000,0x00000007ae9fa868,0x00000007aea00000)
  to   space 284672K, 0% used [0x00000007aea00000,0x00000007aea00000,0x00000007c0000000)
 ParOldGen       total 784896K, used 580858K [0x00000005bfa00000, 0x00000005ef880000, 0x0000000715380000)
  object space 784896K, 74% used [0x00000005bfa00000,0x00000005e313e990,0x00000005ef880000)
 Metaspace       used 133203K, capacity 135905K, committed 136448K, reserved 1163264K
  class space    used 22074K, capacity 23027K, committed 23040K, reserved 1048576K
Event: 53.811 GC heap after
Heap after GC invocations=35 (full 5):
 PSYoungGen      total 2266624K, used 284659K [0x0000000715380000, 0x00000007c0000000, 0x00000007c0000000)
  eden space 1981952K, 0% used [0x0000000715380000,0x0000000715380000,0x000000078e300000)
  from space 284672K, 99% used [0x00000007aea00000,0x00000007bfffced8,0x00000007c0000000)
  to   space 408064K, 0% used [0x000000078e300000,0x000000078e300000,0x00000007a7180000)
 ParOldGen       total 784896K, used 593842K [0x00000005bfa00000, 0x00000005ef880000, 0x0000000715380000)
  object space 784896K, 75% used [0x00000005bfa00000,0x00000005e3dec9d8,0x00000005ef880000)
 Metaspace       used 133203K, capacity 135905K, committed 136448K, reserved 1163264K
  class space    used 22074K, capacity 23027K, committed 23040K, reserved 1048576K
}
Event: 64.151 GC heap before
{Heap before GC invocations=36 (full 5):
 PSYoungGen      total 2266624K, used 2266611K [0x0000000715380000, 0x00000007c0000000, 0x00000007c0000000)
  eden space 1981952K, 100% used [0x0000000715380000,0x000000078e300000,0x000000078e300000)
  from space 284672K, 99% used [0x00000007aea00000,0x00000007bfffced8,0x00000007c0000000)
  to   space 408064K, 0% used [0x000000078e300000,0x000000078e300000,0x00000007a7180000)
 ParOldGen       total 784896K, used 593842K [0x00000005bfa00000, 0x00000005ef880000, 0x0000000715380000)
  object space 784896K, 75% used [0x00000005bfa00000,0x00000005e3dec9d8,0x00000005ef880000)
 Metaspace       used 134095K, capacity 136931K, committed 137344K, reserved 1163264K
  class space    used 22168K, capacity 23166K, committed 23168K, reserved 1048576K
Event: 64.306 GC heap after
Heap after GC invocations=36 (full 5):
 PSYoungGen      total 2390016K, used 408034K [0x0000000715380000, 0x00000007c0000000, 0x00000007c0000000)
  eden space 1981952K, 0% used [0x0000000715380000,0x0000000715380000,0x000000078e300000)
  from space 408064K, 99% used [0x000000078e300000,0x00000007a7178bd8,0x00000007a7180000)
  to   space 408064K, 0% used [0x00000007a7180000,0x00000007a7180000,0x00000007c0000000)
 ParOldGen       total 784896K, used 694330K [0x00000005bfa00000, 0x00000005ef880000, 0x0000000715380000)
  object space 784896K, 88% used [0x00000005bfa00000,0x00000005ea00ea28,0x00000005ef880000)
 Metaspace       used 134095K, capacity 136931K, committed 137344K, reserved 1163264K
  class space    used 22168K, capacity 23166K, committed 23168K, reserved 1048576K
}
Event: 64.306 GC heap before
{Heap before GC invocations=37 (full 6):
 PSYoungGen      total 2390016K, used 408034K [0x0000000715380000, 0x00000007c0000000, 0x00000007c0000000)
  eden space 1981952K, 0% used [0x0000000715380000,0x0000000715380000,0x000000078e300000)
  from space 408064K, 99% used [0x000000078e300000,0x00000007a7178bd8,0x00000007a7180000)
  to   space 408064K, 0% used [0x00000007a7180000,0x00000007a7180000,0x00000007c0000000)
 ParOldGen       total 784896K, used 694330K [0x00000005bfa00000, 0x00000005ef880000, 0x0000000715380000)
  object space 784896K, 88% used [0x00000005bfa00000,0x00000005ea00ea28,0x00000005ef880000)
 Metaspace       used 134095K, capacity 136931K, committed 137344K, reserved 1163264K
  class space    used 22168K, capacity 23166K, committed 23168K, reserved 1048576K
Event: 65.234 GC heap after
Heap after GC invocations=37 (full 6):
 PSYoungGen      total 2390016K, used 241257K [0x0000000715380000, 0x00000007c0000000, 0x00000007c0000000)
  eden space 1981952K, 0% used [0x0000000715380000,0x0000000715380000,0x000000078e300000)
  from space 408064K, 59% used [0x000000078e300000,0x000000079ce9a4a8,0x00000007a7180000)
  to   space 408064K, 0% used [0x00000007a7180000,0x00000007a7180000,0x00000007c0000000)
 ParOldGen       total 1238016K, used 784662K [0x00000005bfa00000, 0x000000060b300000, 0x0000000715380000)
  object space 1238016K, 63% used [0x00000005bfa00000,0x00000005ef845a10,0x000000060b300000)
 Metaspace       used 134095K, capacity 136931K, committed 137344K, reserved 1163264K
  class space    used 22168K, capacity 23166K, committed 23168K, reserved 1048576K
}
Event: 67.273 GC heap before
{Heap before GC invocations=38 (full 6):
 PSYoungGen      total 2390016K, used 2223209K [0x0000000715380000, 0x00000007c0000000, 0x00000007c0000000)
  eden space 1981952K, 100% used [0x0000000715380000,0x000000078e300000,0x000000078e300000)
  from space 408064K, 59% used [0x000000078e300000,0x000000079ce9a4a8,0x00000007a7180000)
  to   space 408064K, 0% used [0x00000007a7180000,0x00000007a7180000,0x00000007c0000000)
 ParOldGen       total 1238016K, used 784662K [0x00000005bfa00000, 0x000000060b300000, 0x0000000715380000)
  object space 1238016K, 63% used [0x00000005bfa00000,0x00000005ef845a10,0x000000060b300000)
 Metaspace       used 134471K, capacity 137345K, committed 137728K, reserved 1163264K
  class space    used 22193K, capacity 23199K, committed 23296K, reserved 1048576K
Event: 67.404 GC heap after
Heap after GC invocations=38 (full 6):
 PSYoungGen      total 2051072K, used 408052K [0x0000000715380000, 0x00000007c0000000, 0x00000007c0000000)
  eden space 1643008K, 0% used [0x0000000715380000,0x0000000715380000,0x0000000779800000)
  from space 408064K, 99% used [0x00000007a7180000,0x00000007bfffd178,0x00000007c0000000)
  to   space 577536K, 0% used [0x0000000779800000,0x0000000779800000,0x000000079cc00000)
 ParOldGen       total 1238016K, used 841578K [0x00000005bfa00000, 0x000000060b300000, 0x0000000715380000)
  object space 1238016K, 67% used [0x00000005bfa00000,0x00000005f2fda8e0,0x000000060b300000)
 Metaspace       used 134471K, capacity 137345K, committed 137728K, reserved 1163264K
  class space    used 22193K, capacity 23199K, committed 23296K, reserved 1048576K
}

Deoptimization events (10 events):
Event: 67.829 Thread 0x0000000002675800 Uncommon trap: reason=class_check action=maybe_recompile pc=0x00000000033f8a70 method=com.google.common.collect.ImmutableSet$Indexed.iterator()Ljava/util/Iterator; @ 1
Event: 67.831 Thread 0x0000000002675800 Uncommon trap: reason=bimorphic action=maybe_recompile pc=0x000000000542e7e0 method=java.lang.invoke.MethodHandle.asType(Ljava/lang/invoke/MethodType;)Ljava/lang/invoke/MethodHandle; @ 24
Event: 67.831 Thread 0x0000000002675800 Uncommon trap: reason=bimorphic action=maybe_recompile pc=0x000000000542e7e0 method=java.lang.invoke.MethodHandle.asType(Ljava/lang/invoke/MethodType;)Ljava/lang/invoke/MethodHandle; @ 24
Event: 67.832 Thread 0x0000000002675800 Uncommon trap: reason=unstable_if action=reinterpret pc=0x000000000506bf20 method=net.minecraftforge.client.model.MultiModelState$MultiModelPart.equals(Ljava/lang/Object;)Z @ 2
Event: 67.838 Thread 0x0000000002675800 Uncommon trap: reason=class_check action=maybe_recompile pc=0x000000000520f2d0 method=com.google.common.collect.AbstractMapBasedMultimap$KeySet$1.hasNext()Z @ 4
Event: 67.839 Thread 0x0000000002675800 Uncommon trap: reason=class_check action=maybe_recompile pc=0x000000000520f2d0 method=com.google.common.collect.AbstractMapBasedMultimap$KeySet$1.hasNext()Z @ 4
Event: 67.842 Thread 0x0000000002675800 Uncommon trap: reason=class_check action=maybe_recompile pc=0x000000000520f2d0 method=com.google.common.collect.AbstractMapBasedMultimap$KeySet$1.hasNext()Z @ 4
Event: 67.842 Thread 0x0000000002675800 Uncommon trap: reason=class_check action=maybe_recompile pc=0x000000000520f2d0 method=com.google.common.collect.AbstractMapBasedMultimap$KeySet$1.hasNext()Z @ 4
Event: 67.861 Thread 0x0000000002675800 Uncommon trap: reason=unstable_if action=reinterpret pc=0x00000000054be1b8 method=pl.asie.foamfix.client.Deduplicator.deduplicateObject(Ljava/lang/Object;I)Ljava/lang/Object; @ 335
Event: 67.894 Thread 0x0000000002675800 Uncommon trap: reason=unstable_if action=reinterpret pc=0x0000000002b29fc0 method=net.minecraft.util.ResourceLocation.equals(Ljava/lang/Object;)Z @ 11

Internal exceptions (10 events):
Event: 41.475 Thread 0x00000000358f8800 Exception <a 'java/lang/InterruptedException': sleep interrupted> (0x0000000731cb8640) thrown at [C:\re\workspace\8-2-build-windows-amd64-cygwin\jdk8u51\3951\hotspot\src\share\vm\prims\jvm.cpp, line 3211]
Event: 41.475 Thread 0x00000000358f8800 Exception <a 'java/lang/InterruptedException': sleep interrupted> (0x0000000731cb8840) thrown at [C:\re\workspace\8-2-build-windows-amd64-cygwin\jdk8u51\3951\hotspot\src\share\vm\prims\jvm.cpp, line 3211]
Event: 41.534 Thread 0x0000000002675800 Exception <a 'java/lang/IncompatibleClassChangeError': Found class java.lang.Object, but interface was expected> (0x00000007436a5af8) thrown at [C:\re\workspace\8-2-build-windows-amd64-cygwin\jdk8u51\3951\hotspot\src\share\vm\interpreter\linkResolver.cpp, çø#F@
Event: 44.274 Thread 0x0000000002675800 Implicit null exception at 0x0000000004ba3c46 to 0x0000000004ba581d
Event: 47.188 Thread 0x0000000002675800 Exception <a 'java/io/FileNotFoundException'> (0x0000000720f5bbc8) thrown at [C:\re\workspace\8-2-build-windows-amd64-cygwin\jdk8u51\3951\hotspot\src\share\vm\prims\jni.cpp, line 709]
Event: 51.977 Thread 0x0000000002675800 Implicit null exception at 0x00000000047fac7c to 0x00000000047fae11
Event: 63.920 Thread 0x0000000002675800 Exception <a 'java/lang/NoSuchMethodError': java.lang.Object.lambda$makeTexture$0(I)[Lnet/minecraft/client/renderer/texture/TextureAtlasSprite;> (0x00000007866a6c60) thrown at [C:\re\workspace\8-2-build-windows-amd64-cygwin\jdk8u51\3951\hotspot\src\share\vpcÝùO@
Event: 63.952 Thread 0x0000000002675800 Exception <a 'java/lang/IncompatibleClassChangeError': Found class java.lang.Object, but interface was expected> (0x00000007871586a0) thrown at [C:\re\workspace\8-2-build-windows-amd64-cygwin\jdk8u51\3951\hotspot\src\share\vm\interpreter\linkResolver.cpp, ø$f¬ìùO@
Event: 63.953 Thread 0x0000000002675800 Exception <a 'java/lang/IncompatibleClassChangeError': Found class java.lang.Object, but interface was expected> (0x000000078715e890) thrown at [C:\re\workspace\8-2-build-windows-amd64-cygwin\jdk8u51\3951\hotspot\src\share\vm\interpreter\linkResolver.cpp, ×—¶ÉòëP@
Event: 67.687 Thread 0x0000000002675800 Implicit null exception at 0x0000000005129566 to 0x000000000512bf4d

Events (10 events):
Event: 67.858 loading class gnu/trove/map/hash/THashMap$KeyView
Event: 67.858 loading class gnu/trove/map/hash/THashMap$KeyView done
Event: 67.861 Thread 0x0000000002675800 Uncommon trap: trap_request=0xffffff65 fr.pc=0x00000000054be1b8
Event: 67.861 Thread 0x0000000002675800 DEOPT PACKING pc=0x00000000054be1b8 sp=0x00000000025dda30
Event: 67.861 Thread 0x0000000002675800 DEOPT UNPACKING pc=0x00000000027b582a sp=0x00000000025dd9f0 mode 2
Event: 67.863 loading class net/optifine/shaders/MultiTexID
Event: 67.863 loading class net/optifine/shaders/MultiTexID done
Event: 67.894 Thread 0x0000000002675800 Uncommon trap: trap_request=0xffffff65 fr.pc=0x0000000002b29fc0
Event: 67.894 Thread 0x0000000002675800 DEOPT PACKING pc=0x0000000002b29fc0 sp=0x00000000025dd870
Event: 67.894 Thread 0x0000000002675800 DEOPT UNPACKING pc=0x00000000027b582a sp=0x00000000025dd800 mode 2


Dynamic libraries:
0x00007ff760e00000 - 0x00007ff760e37000 	C:\Users\Zakarail\Twitch\Minecraft\Install\runtime\jre-x64\bin\javaw.exe
0x00007ffd1aa60000 - 0x00007ffd1ac4d000 	C:\WINDOWS\SYSTEM32\ntdll.dll
0x00007ffd12e00000 - 0x00007ffd12e14000 	C:\Program Files\AVAST Software\Avast\aswhook.dll
0x00007ffd1a7f0000 - 0x00007ffd1a8a3000 	C:\WINDOWS\System32\KERNEL32.DLL
0x00007ffd17130000 - 0x00007ffd173c3000 	C:\WINDOWS\System32\KERNELBASE.dll
0x00007ffd19aa0000 - 0x00007ffd19b43000 	C:\WINDOWS\System32\ADVAPI32.dll
0x00007ffd19c90000 - 0x00007ffd19d2e000 	C:\WINDOWS\System32\msvcrt.dll
0x00007ffd1a510000 - 0x00007ffd1a5ae000 	C:\WINDOWS\System32\sechost.dll
0x00007ffd19b50000 - 0x00007ffd19c72000 	C:\WINDOWS\System32\RPCRT4.dll
0x00007ffd18370000 - 0x00007ffd18507000 	C:\WINDOWS\System32\USER32.dll
0x00007ffd16bc0000 - 0x00007ffd16be0000 	C:\WINDOWS\System32\win32u.dll
0x00007ffd17d60000 - 0x00007ffd17d89000 	C:\WINDOWS\System32\GDI32.dll
0x00007ffd16f30000 - 0x00007ffd170c9000 	C:\WINDOWS\System32\gdi32full.dll
0x00007ffd16cb0000 - 0x00007ffd16d50000 	C:\WINDOWS\System32\msvcp_win.dll
0x00007ffd17c00000 - 0x00007ffd17cfa000 	C:\WINDOWS\System32\ucrtbase.dll
0x00007ffd0aac0000 - 0x00007ffd0ad39000 	C:\WINDOWS\WinSxS\amd64_microsoft.windows.common-controls_6595b64144ccf1df_6.0.17763.864_none_05b3441807210760\COMCTL32.dll
0x00007ffd19d90000 - 0x00007ffd1a0bc000 	C:\WINDOWS\System32\combase.dll
0x00007ffd16be0000 - 0x00007ffd16c5e000 	C:\WINDOWS\System32\bcryptPrimitives.dll
0x00007ffd17d90000 - 0x00007ffd17dbe000 	C:\WINDOWS\System32\IMM32.DLL
0x0000000057350000 - 0x0000000057422000 	C:\Users\Zakarail\Twitch\Minecraft\Install\runtime\jre-x64\bin\msvcr100.dll
0x0000000056ac0000 - 0x0000000057343000 	C:\Users\Zakarail\Twitch\Minecraft\Install\runtime\jre-x64\bin\server\jvm.dll
0x00007ffd1a5b0000 - 0x00007ffd1a5b8000 	C:\WINDOWS\System32\PSAPI.DLL
0x00007ffd08830000 - 0x00007ffd08839000 	C:\WINDOWS\SYSTEM32\WSOCK32.dll
0x00007ffd18510000 - 0x00007ffd1857d000 	C:\WINDOWS\System32\WS2_32.dll
0x00007ffd14b40000 - 0x00007ffd14b64000 	C:\WINDOWS\SYSTEM32\WINMM.dll
0x00007ffd10e00000 - 0x00007ffd10e0a000 	C:\WINDOWS\SYSTEM32\VERSION.dll
0x00007ffd14b10000 - 0x00007ffd14b3d000 	C:\WINDOWS\SYSTEM32\WINMMBASE.dll
0x00007ffd16c60000 - 0x00007ffd16caa000 	C:\WINDOWS\System32\cfgmgr32.dll
0x0000000056ab0000 - 0x0000000056abf000 	C:\Users\Zakarail\Twitch\Minecraft\Install\runtime\jre-x64\bin\verify.dll
0x0000000056a80000 - 0x0000000056aa9000 	C:\Users\Zakarail\Twitch\Minecraft\Install\runtime\jre-x64\bin\java.dll
0x0000000056a60000 - 0x0000000056a76000 	C:\Users\Zakarail\Twitch\Minecraft\Install\runtime\jre-x64\bin\zip.dll
0x00007ffd185a0000 - 0x00007ffd19a94000 	C:\WINDOWS\System32\SHELL32.dll
0x00007ffd1a740000 - 0x00007ffd1a7e8000 	C:\WINDOWS\System32\shcore.dll
0x00007ffd174b0000 - 0x00007ffd17bfd000 	C:\WINDOWS\System32\windows.storage.dll
0x00007ffd16ad0000 - 0x00007ffd16af4000 	C:\WINDOWS\System32\profapi.dll
0x00007ffd16b00000 - 0x00007ffd16b5d000 	C:\WINDOWS\System32\powrprof.dll
0x00007ffd1a280000 - 0x00007ffd1a2d2000 	C:\WINDOWS\System32\shlwapi.dll
0x00007ffd16b80000 - 0x00007ffd16b91000 	C:\WINDOWS\System32\kernel.appcore.dll
0x00007ffd16ba0000 - 0x00007ffd16bb7000 	C:\WINDOWS\System32\cryptsp.dll
0x0000000056a50000 - 0x0000000056a5d000 	C:\Users\Zakarail\Twitch\Minecraft\Install\runtime\jre-x64\bin\management.dll
0x0000000056a30000 - 0x0000000056a4a000 	C:\Users\Zakarail\Twitch\Minecraft\Install\runtime\jre-x64\bin\net.dll
0x00007ffd16340000 - 0x00007ffd163a7000 	C:\WINDOWS\system32\mswsock.dll
0x00007ffcfab80000 - 0x00007ffcfab96000 	C:\WINDOWS\system32\napinsp.dll
0x00007ffcf9cb0000 - 0x00007ffcf9cca000 	C:\WINDOWS\system32\pnrpnsp.dll
0x00007ffd160a0000 - 0x00007ffd16166000 	C:\WINDOWS\SYSTEM32\DNSAPI.dll
0x00007ffd19c80000 - 0x00007ffd19c88000 	C:\WINDOWS\System32\NSI.dll
0x00007ffd16060000 - 0x00007ffd1609d000 	C:\WINDOWS\SYSTEM32\IPHLPAPI.DLL
0x00007ffcfab70000 - 0x00007ffcfab7e000 	C:\WINDOWS\System32\winrnr.dll
0x00007ffd13370000 - 0x00007ffd1338b000 	C:\WINDOWS\system32\NLAapi.dll
0x00007ffcf9c90000 - 0x00007ffcf9ca5000 	C:\WINDOWS\system32\wshbth.dll
0x00007ffd09960000 - 0x00007ffd0996a000 	C:\Windows\System32\rasadhlp.dll
0x00007ffd09990000 - 0x00007ffd09a09000 	C:\WINDOWS\System32\fwpuclnt.dll
0x00007ffd17480000 - 0x00007ffd174a6000 	C:\WINDOWS\System32\bcrypt.dll
0x0000000056a10000 - 0x0000000056a21000 	C:\Users\Zakarail\Twitch\Minecraft\Install\runtime\jre-x64\bin\nio.dll
0x00000000569e0000 - 0x0000000056a04000 	C:\Users\Zakarail\Twitch\Minecraft\Install\runtime\jre-x64\bin\sunec.dll
0x00007ffd15ec0000 - 0x00007ffd15ef3000 	C:\WINDOWS\system32\rsaenh.dll
0x00007ffd16a00000 - 0x00007ffd16a28000 	C:\WINDOWS\SYSTEM32\USERENV.dll
0x00007ffd16510000 - 0x00007ffd1651c000 	C:\WINDOWS\SYSTEM32\CRYPTBASE.dll
0x00007ffd0e710000 - 0x00007ffd0e726000 	C:\WINDOWS\SYSTEM32\dhcpcsvc6.DLL
0x00007ffd0efe0000 - 0x00007ffd0effc000 	C:\WINDOWS\SYSTEM32\dhcpcsvc.DLL
0x00000000569c0000 - 0x00000000569d7000 	C:\Users\Zakarail\Twitch\Minecraft\Install\runtime\jre-x64\bin\unpack.dll
0x0000000180000000 - 0x0000000180053000 	C:\Users\Zakarail\Twitch\Minecraft\Install\bin\fa63-aa21-7979-2f18\lwjgl64.dll
0x00007ffceef90000 - 0x00007ffcef0b7000 	C:\WINDOWS\SYSTEM32\OPENGL32.dll
0x00007ffd09030000 - 0x00007ffd0905c000 	C:\WINDOWS\SYSTEM32\GLU32.dll
0x0000000056820000 - 0x00000000569b8000 	C:\Users\Zakarail\Twitch\Minecraft\Install\runtime\jre-x64\bin\awt.dll
0x00007ffd1a670000 - 0x00007ffd1a734000 	C:\WINDOWS\System32\OLEAUT32.dll
0x00007ffd14d70000 - 0x00007ffd14dfc000 	C:\WINDOWS\SYSTEM32\apphelp.dll
0x00007ffd150a0000 - 0x00007ffd1513c000 	C:\WINDOWS\system32\uxtheme.dll
0x00007ffd1a8c0000 - 0x00007ffd1aa2c000 	C:\WINDOWS\System32\MSCTF.dll
0x00007ffd15190000 - 0x00007ffd151be000 	C:\WINDOWS\system32\dwmapi.dll
0x00007ffd16d50000 - 0x00007ffd16f2b000 	C:\WINDOWS\System32\CRYPT32.dll
0x00007ffd16b60000 - 0x00007ffd16b72000 	C:\WINDOWS\System32\MSASN1.dll
0x00007ffd089d0000 - 0x00007ffd08a65000 	C:\WINDOWS\System32\TextInputFramework.dll
0x00007ffd124f0000 - 0x00007ffd12812000 	C:\WINDOWS\System32\CoreUIComponents.dll
0x00007ffd146c0000 - 0x00007ffd147a2000 	C:\WINDOWS\System32\CoreMessaging.dll
0x00007ffd15b40000 - 0x00007ffd15b71000 	C:\WINDOWS\SYSTEM32\ntmarta.dll
0x00007ffd12b50000 - 0x00007ffd12ca3000 	C:\WINDOWS\SYSTEM32\wintypes.dll
0x00000000540c0000 - 0x0000000056811000 	C:\WINDOWS\System32\DriverStore\FileRepository\nv_dispi.inf_amd64_db678424d2641c3d\nvoglv64.dll
0x00007ffd17dc0000 - 0x00007ffd18236000 	C:\WINDOWS\System32\SETUPAPI.dll
0x00007ffd1a0c0000 - 0x00007ffd1a215000 	C:\WINDOWS\System32\ole32.dll
0x00007ffd136b0000 - 0x00007ffd136c3000 	C:\WINDOWS\SYSTEM32\WTSAPI32.dll
0x00007ffd168e0000 - 0x00007ffd16909000 	C:\WINDOWS\SYSTEM32\DEVOBJ.dll
0x00007ffd170d0000 - 0x00007ffd17129000 	C:\WINDOWS\System32\WINTRUST.dll
0x00007ffcda810000 - 0x00007ffcdaab7000 	C:\WINDOWS\system32\nvspcap64.dll
0x00007ffd0e360000 - 0x00007ffd0e54d000 	C:\WINDOWS\SYSTEM32\dbghelp.dll
0x00007ffd0bb30000 - 0x00007ffd0bb5a000 	C:\WINDOWS\SYSTEM32\dbgcore.DLL
0x00007ffd0afb0000 - 0x00007ffd0b05d000 	C:\WINDOWS\SYSTEM32\mscms.dll
0x00007ffd0afa0000 - 0x00007ffd0afb0000 	C:\WINDOWS\SYSTEM32\ColorAdapterClient.dll
0x00007ffcfec70000 - 0x00007ffcfecb3000 	C:\WINDOWS\SYSTEM32\icm32.dll
0x00007ffd15bb0000 - 0x00007ffd15c08000 	C:\WINDOWS\SYSTEM32\WINSTA.dll
0x00007ffd076b0000 - 0x00007ffd076f2000 	C:\Users\Zakarail\AppData\Local\Temp\jna-1284044783\jna3269881712468287981.dll
0x000000002cb20000 - 0x000000002cb84000 	C:\Users\Zakarail\Twitch\Minecraft\Install\bin\fa63-aa21-7979-2f18\OpenAL64.dll
0x00007ffd1a5c0000 - 0x00007ffd1a662000 	C:\WINDOWS\System32\clbcatq.dll
0x00007ffd10d80000 - 0x00007ffd10df0000 	C:\WINDOWS\System32\MMDevApi.dll
0x00007ffd134d0000 - 0x00007ffd13679000 	C:\WINDOWS\System32\PROPSYS.dll
0x00007ffcf9e80000 - 0x00007ffcf9f16000 	C:\WINDOWS\SYSTEM32\dsound.dll
0x00007ffcf20b0000 - 0x00007ffcf21f8000 	C:\WINDOWS\SYSTEM32\AUDIOSES.DLL
0x00007ffd12b00000 - 0x00007ffd12b0a000 	C:\WINDOWS\SYSTEM32\AVRT.dll
0x00007ffd15400000 - 0x00007ffd15414000 	C:\WINDOWS\SYSTEM32\resourcepolicyclient.dll

VM Arguments:
jvm_args: -Dos.name=Windows 10 -Dos.version=10.0 -XX:HeapDumpPath=MojangTricksIntelDriversForPerformance_javaw.exe_minecraft.exe.heapdump -Djava.library.path=C:\Users\Zakarail\Twitch\Minecraft\Install\bin\fa63-aa21-7979-2f18 -Dminecraft.launcher.brand=minecraft-launcher -Dminecraft.launcher.version=2.1.9616 -Dminecraft.client.jar=C:\Users\Zakarail\Twitch\Minecraft\Install\versions\1.12.2\1.12.2.jar -Xmx8198m -Xms256m -XX:PermSize=256m -Dminecraft.applet.TargetDirectory=C:\Users\Zakarail\Twitch\Minecraft\Instances\Quest of Ages -Dfml.ignorePatchDiscrepancies=true -Dfml.ignoreInvalidMinecraftCertificates=true -Duser.language=en -Duser.country=US -Dlog4j.configurationFile=C:\Users\Zakarail\Twitch\Minecraft\Install\assets\log_configs\client-1.12.xml 
java_command: net.minecraft.launchwrapper.Launch --username Zakarail --version forge-14.23.5.2847 --gameDir C:\Users\Zakarail\Twitch\Minecraft\Instances\Quest of Ages --assetsDir C:\Users\Zakarail\Twitch\Minecraft\Install\assets --assetIndex 1.12 --uuid 77addc813bf74eacb38ad4795525b80d --accessToken eyJhbGciOiJIUzI1NiJ9.eyJzdWIiOiJjYTlhMDYwY2E0MGI0ODM2OGI1NGJhMjdlYjVmYjc0MyIsIm5iZiI6MTU3NDU0MzcxMSwieWdndCI6IjFjNjcxYjlkOWM2MDQ0YmZiZTk5NjliOGVlODhiYTM2Iiwic3ByIjoiNzdhZGRjODEzYmY3NGVhY2IzOGFkNDc5NTUyNWI4MGQiLCJyb2xlcyI6W10sImlzcyI6ImludGVybmFsLWF1dGhlbnRpY2F0aW9uIiwiZXhwIjoxNTc0NzE2NTExLCJpYXQiOjE1NzQ1NDM3MTF9.riT9U3eWAnWl5eL6iiNIEDxGMbQq8_MLaf1QB4NFpCo --userType mojang --tweakClass net.minecraftforge.fml.common.launcher.FMLTweaker --versionType Forge --width 1024 --height 768
java_class_path (initial): C:\Users\Zakarail\Twitch\Minecraft\Install\libraries\net\minecraftforge\forge\1.12.2-14.23.5.2847\forge-1.12.2-14.23.5.2847.jar;C:\Users\Zakarail\Twitch\Minecraft\Install\libraries\net\minecraft\launchwrapper\1.12\launchwrapper-1.12.jar;C:\Users\Zakarail\Twitch\Minecraft\Install\libraries\org\ow2\asm\asm-all\5.2\asm-all-5.2.jar;C:\Users\Zakarail\Twitch\Minecraft\Install\libraries\org\jline\jline\3.5.1\jline-3.5.1.jar;C:\Users\Zakarail\Twitch\Minecraft\Install\libraries\net\java\dev\jna\jna\4.4.0\jna-4.4.0.jar;C:\Users\Zakarail\Twitch\Minecraft\Install\libraries\com\typesafe\akka\akka-actor_2.11\2.3.3\akka-actor_2.11-2.3.3.jar;C:\Users\Zakarail\Twitch\Minecraft\Install\libraries\com\typesafe\config\1.2.1\config-1.2.1.jar;C:\Users\Zakarail\Twitch\Minecraft\Install\libraries\org\scala-lang\scala-actors-migration_2.11\1.1.0\scala-actors-migration_2.11-1.1.0.jar;C:\Users\Zakarail\Twitch\Minecraft\Install\libraries\org\scala-lang\scala-compiler\2.11.1\scala-compiler-2.11.1.jar;C:\Users\Zakarail\Twitch\Minecraft\Install\libraries\org\scala-lang\plugins\scala-continuations-library_2.11\1.0.2\scala-continuations-library_2.11-1.0.2.jar;C:\Users\Zakarail\Twitch\Minecraft\Install\libraries\org\scala-lang\plugins\scala-continuations-plugin_2.11.1\1.0.2\scala-continuations-plugin_2.11.1-1.0.2.jar;C:\Users\Zakarail\Twitch\Minecraft\Install\libraries\org\scala-lang\scala-library\2.11.1\scala-library-2.11.1.jar;C:\Users\Zakarail\Twitch\Minecraft\Install\libraries\org\scala-lang\scala-parser-combinators_2.11\1.0.1\scala-parser-combinators_2.11-1.0.1.jar;C:\Users\Zakarail\Twitch\Minecraft\Install\libraries\org\scala-lang\scala-reflect\2.11.1\scala-reflect-2.11.1.jar;C:\Users\Zakarail\Twitch\Minecraft\Install\libraries\org\scala-lang\scala-swing_2.11\1.0.1\scala-swing_2.11-1.0.1.jar;C:\Users\Zakarail\Twitch\Minecraft\Install\libraries\org\scala-lang\scala-xml_2.11\1.0.2\scala-xml_2.11-1.0.2.jar;C:\Users\Zakarail\Twitch\Minecraft\Install\libraries\lzma\lzma\
Launcher Type: SUN_STANDARD

Environment Variables:
JAVA_HOME=C:\Program Files\Java\jdk-12
JRE_HOME=C:\Program Files\Java\jdk-12
PATH=C:\Windows\system32;C:\Windows;C:\Windows\System32\Wbem;C:\Windows\System32\WindowsPowerShell\v1.0\;C:\Program Files (x86)\NVIDIA Corporation\PhysX\Common;C:\Program Files\NVIDIA Corporation\NVIDIA NvDLISR;C:\WINDOWS\system32;C:\WINDOWS;C:\WINDOWS\System32\Wbem;C:\WINDOWS\System32\WindowsPowerShell\v1.0\;C:\WINDOWS\System32\OpenSSH\;C:\Program Files\Java\jdk-12\bin;C:\Program Files\Java\jdk-12\bin;C:\Program Files\Git\cmd;C:\Program Files\nodejs\;C:\Program Files\TortoiseGit\bin;C:\Users\Zakarail\AppData\Local\Microsoft\WindowsApps;;C:\Users\Zakarail\AppData\Local\Programs\Microsoft VS Code\bin;C:\Users\Zakarail\AppData\Roaming\npm
USERNAME=Zakarail
OS=Windows_NT
PROCESSOR_IDENTIFIER=Intel64 Family 6 Model 63 Stepping 2, GenuineIntel



---------------  S Y S T E M  ---------------

OS: Windows 10.0 , 64 bit Build 17763 (10.0.17763.475)

CPU:total 12 (6 cores per cpu, 2 threads per core) family 6 model 63 stepping 2, cmov, cx8, fxsr, mmx, sse, sse2, sse3, ssse3, sse4.1, sse4.2, popcnt, avx, avx2, aes, clmul, erms, lzcnt, ht, tsc, tscinvbit, bmi1, bmi2

Memory: 4k page, physical 33472580k(23185288k free), swap 38453316k(24342228k free)

vm_info: Java HotSpot(TM) 64-Bit Server VM (25.51-b03) for windows-amd64 JRE (1.8.0_51-b16), built on Jun  8 2015 18:03:07 by "java_re" with MS VC++ 10.0 (VS2010)

time: Sun Nov 24 09:11:34 2019
elapsed time: 67 seconds (0d 0h 1m 7s)

