#
# A fatal error has been detected by the Java Runtime Environment:
#
#  EXCEPTION_ACCESS_VIOLATION (0xc0000005) at pc=0x0000000056f7623f, pid=18132, tid=20376
#
# JRE version: Java(TM) SE Runtime Environment (8.0_51-b16) (build 1.8.0_51-b16)
# Java VM: Java HotSpot(TM) 64-Bit Server VM (25.51-b03 mixed mode windows-amd64 compressed oops)
# Problematic frame:
# V  [jvm.dll+0x4b623f]
#
# Failed to write core dump. Minidumps are not enabled by default on client versions of Windows
#
# If you would like to submit a bug report, please visit:
#   http://bugreport.java.com/bugreport/crash.jsp
#

---------------  T H R E A D  ---------------

Current thread (0x00000000273a0800):  JavaThread "C2 CompilerThread0" daemon [_thread_in_native, id=20376, stack(0x00000000288f0000,0x00000000289f0000)]

siginfo: ExceptionCode=0xc0000005, reading address 0x0000000000000008

Registers:
RAX=0x0000000000000000, RBX=0x0000000000000000, RCX=0x000000002dab0090, RDX=0x0000000000008000
RSP=0x00000000289ebe50, RBP=0x0000000030a0b9c8, RSI=0x000000002dab0090, RDI=0x00000000289ec320
R8 =0x0000000000000000, R9 =0x0000000030dde400, R10=0x00000000289ec320, R11=0x000000004fa2e4a0
R12=0x0000000030d30a78, R13=0x0000000058048da0, R14=0x00000000289ebf38, R15=0x00000000289ebf58
RIP=0x0000000056f7623f, EFLAGS=0x0000000000010202

Top of Stack: (sp=0x00000000289ebe50)
0x00000000289ebe50:   00000000587c71e0 0000000030a0b9c8
0x00000000289ebe60:   0000000034109120 00000000289ec320
0x00000000289ebe70:   0000000030a0b9c8 00000000289ebfa8
0x00000000289ebe80:   00000000289ec000 0000000056f77a49
0x00000000289ebe90:   00000000587c71e0 000000000000069f
0x00000000289ebea0:   0000000000000002 000000002dab0090
0x00000000289ebeb0:   00000000289eccf0 0000000056faa2b0
0x00000000289ebec0:   00000000503ae130 000000000295c140
0x00000000289ebed0:   000000003002d840 00000000289ec000
0x00000000289ebee0:   000000000295c140 0000000000000000
0x00000000289ebef0:   00000000289ec320 0000000056f7992f
0x00000000289ebf00:   00000000289ec320 0000000000000001
0x00000000289ebf10:   0000000000000002 000000003002d840
0x00000000289ebf20:   00000000503ae180 00000000503b6118
0x00000000289ebf30:   0000000000225a18 000000000295c140
0x00000000289ebf40:   0000000000000800 0000000032462ea0 

Instructions: (pc=0x0000000056f7623f)
0x0000000056f7621f:   4c 89 64 24 50 4c 8b e0 4c 3b e8 0f 84 4f 01 00
0x0000000056f7622f:   00 44 8b 43 28 4c 8b 8f f0 09 00 00 4b 8b 1c c1
0x0000000056f7623f:   48 8b 43 08 48 83 38 00 75 2a 8b 57 28 0f 1f 40
0x0000000056f7624f:   00 8b 43 28 3b c2 73 0c 8b c8 48 8b 47 30 48 8b 


Register to memory mapping:

RAX=0x0000000000000000 is an unknown value
RBX=0x0000000000000000 is an unknown value
RCX=0x000000002dab0090 is an unknown value
RDX=0x0000000000008000 is an unknown value
RSP=0x00000000289ebe50 is pointing into the stack for thread: 0x00000000273a0800
RBP=0x0000000030a0b9c8 is an unknown value
RSI=0x000000002dab0090 is an unknown value
RDI=0x00000000289ec320 is pointing into the stack for thread: 0x00000000273a0800
R8 =0x0000000000000000 is an unknown value
R9 =0x0000000030dde400 is an unknown value
R10=0x00000000289ec320 is pointing into the stack for thread: 0x00000000273a0800
R11=0x000000004fa2e4a0 is an unknown value
R12=0x0000000030d30a78 is an unknown value
R13=0x0000000058048da0 is an unknown value
R14=0x00000000289ebf38 is pointing into the stack for thread: 0x00000000273a0800
R15=0x00000000289ebf58 is pointing into the stack for thread: 0x00000000273a0800


Stack: [0x00000000288f0000,0x00000000289f0000],  sp=0x00000000289ebe50,  free space=1007k
Native frames: (J=compiled Java code, j=interpreted, Vv=VM code, C=native code)
V  [jvm.dll+0x4b623f]
V  [jvm.dll+0x4b7a49]
V  [jvm.dll+0x4b992f]
V  [jvm.dll+0x46c011]
V  [jvm.dll+0x46cd4e]
V  [jvm.dll+0x4501a2]
V  [jvm.dll+0xa43a2]
V  [jvm.dll+0xa4cdf]
V  [jvm.dll+0x2418a4]
V  [jvm.dll+0x29846a]
C  [msvcr100.dll+0x21d9f]
C  [msvcr100.dll+0x21e3b]
C  [KERNEL32.DLL+0x17974]
C  [ntdll.dll+0x6a271]


Current CompileTask:
C2:  69584 16025       4       pl.asie.foamfix.client.Deduplicator::deduplicate0 (459 bytes)


---------------  P R O C E S S  ---------------

Java Threads: ( => current thread )
  0x000000002a558000 JavaThread "Thread-8" [_thread_blocked, id=18788, stack(0x000000004caa0000,0x000000004cba0000)]
  0x000000002a55f000 JavaThread "Thread-7" [_thread_blocked, id=15900, stack(0x000000004c290000,0x000000004c390000)]
  0x000000002a55b000 JavaThread "pool-3-thread-1" [_thread_blocked, id=9732, stack(0x000000004a430000,0x000000004a530000)]
  0x000000002a559800 JavaThread "C&B Model Cache Cleanup" [_thread_blocked, id=13344, stack(0x00000000488c0000,0x00000000489c0000)]
  0x0000000029bb1800 JavaThread "Weather2 Foliage Enhancer" [_thread_blocked, id=19432, stack(0x0000000046390000,0x0000000046490000)]
  0x0000000029bac000 JavaThread "Weather2 Scene Enhancer" [_thread_blocked, id=19100, stack(0x0000000046290000,0x0000000046390000)]
  0x0000000029bad000 JavaThread "ForkJoinPool.commonPool-worker-3" daemon [_thread_blocked, id=20200, stack(0x0000000046090000,0x0000000046190000)]
  0x000000002e6f0800 JavaThread "ForkJoinPool.commonPool-worker-13" daemon [_thread_blocked, id=11604, stack(0x0000000045b90000,0x0000000045c90000)]
  0x000000002a4b4000 JavaThread "ForkJoinPool.commonPool-worker-4" daemon [_thread_blocked, id=9872, stack(0x0000000045a90000,0x0000000045b90000)]
  0x000000002e059000 JavaThread "ForkJoinPool.commonPool-worker-11" daemon [_thread_blocked, id=18108, stack(0x0000000045990000,0x0000000045a90000)]
  0x0000000030a6e000 JavaThread "ForkJoinPool.commonPool-worker-2" daemon [_thread_blocked, id=17856, stack(0x0000000045890000,0x0000000045990000)]
  0x0000000029849800 JavaThread "LWJGL Timer" daemon [_thread_blocked, id=8244, stack(0x0000000045290000,0x0000000045390000)]
  0x000000002d40a800 JavaThread "Thread-3" [_thread_blocked, id=20328, stack(0x00000000427a0000,0x00000000428a0000)]
  0x000000002d3a0000 JavaThread "Java2D Disposer" daemon [_thread_blocked, id=15808, stack(0x0000000033010000,0x0000000033110000)]
  0x000000002b408000 JavaThread "Timer hack thread" daemon [_thread_blocked, id=20172, stack(0x0000000032f10000,0x0000000033010000)]
  0x0000000029feb800 JavaThread "Snooper Timer" daemon [_thread_blocked, id=19440, stack(0x0000000030360000,0x0000000030460000)]
  0x0000000027446800 JavaThread "Service Thread" daemon [_thread_blocked, id=10712, stack(0x0000000028cf0000,0x0000000028df0000)]
  0x00000000273c7000 JavaThread "C1 CompilerThread3" daemon [_thread_blocked, id=15716, stack(0x0000000028bf0000,0x0000000028cf0000)]
  0x00000000273b6000 JavaThread "C2 CompilerThread2" daemon [_thread_in_native, id=18272, stack(0x0000000028af0000,0x0000000028bf0000)]
  0x00000000273a8000 JavaThread "C2 CompilerThread1" daemon [_thread_in_vm, id=4392, stack(0x00000000289f0000,0x0000000028af0000)]
=>0x00000000273a0800 JavaThread "C2 CompilerThread0" daemon [_thread_in_native, id=20376, stack(0x00000000288f0000,0x00000000289f0000)]
  0x00000000273b0000 JavaThread "Attach Listener" daemon [_thread_blocked, id=17504, stack(0x00000000287f0000,0x00000000288f0000)]
  0x00000000273af000 JavaThread "Signal Dispatcher" daemon [_thread_blocked, id=16944, stack(0x00000000286f0000,0x00000000287f0000)]
  0x0000000025cbf000 JavaThread "Finalizer" daemon [_thread_blocked, id=1300, stack(0x00000000285f0000,0x00000000286f0000)]
  0x0000000025cb8800 JavaThread "Reference Handler" daemon [_thread_blocked, id=18396, stack(0x00000000284f0000,0x00000000285f0000)]
  0x0000000002865800 JavaThread "Client thread" [_thread_in_Java, id=17008, stack(0x00000000026a0000,0x00000000027a0000)]

Other Threads:
  0x0000000027372800 VMThread [stack: 0x00000000283f0000,0x00000000284f0000] [id=20456]
  0x0000000027447800 WatcherThread [stack: 0x0000000028df0000,0x0000000028ef0000] [id=16676]

VM state:not at safepoint (normal execution)

VM Mutex/Monitor currently owned by a thread: None

Heap:
 PSYoungGen      total 2318848K, used 966032K [0x0000000715380000, 0x00000007c0000000, 0x00000007c0000000)
  eden space 1839616K, 40% used [0x0000000715380000,0x000000074235b900,0x0000000785800000)
  from space 479232K, 47% used [0x0000000785800000,0x0000000793788700,0x00000007a2c00000)
  to   space 479232K, 0% used [0x00000007a2c00000,0x00000007a2c00000,0x00000007c0000000)
 ParOldGen       total 1404416K, used 874225K [0x00000005bfa00000, 0x0000000615580000, 0x0000000715380000)
  object space 1404416K, 62% used [0x00000005bfa00000,0x00000005f4fbc638,0x0000000615580000)
 Metaspace       used 134196K, capacity 137015K, committed 137344K, reserved 1163264K
  class space    used 22110K, capacity 23080K, committed 23168K, reserved 1048576K

Card table byte_map: [0x0000000011d20000,0x0000000012d30000] byte_map_base: 0x000000000ef23000

Marking Bits: (ParMarkBitMap*) 0x00000000572c4040
 Begin Bits: [0x00000000141e0000, 0x000000001c1f8000)
 End Bits:   [0x000000001c1f8000, 0x0000000024210000)

Polling page: 0x0000000000bc0000

CodeCache: size=245760Kb used=46320Kb max_used=46331Kb free=199439Kb
 bounds [0x0000000002960000, 0x00000000056f0000, 0x0000000011960000]
 total_blobs=12506 nmethods=11254 adapters=1162
 compilation: enabled

Compilation events (10 events):
Event: 69.502 Thread 0x00000000273c7000 16061       3       java.lang.invoke.MethodHandles$Lookup::unreflectSetter (7 bytes)
Event: 69.502 Thread 0x00000000273c7000 nmethod 16061 0x00000000056cc7d0 code [0x00000000056cc940, 0x00000000056ccac8]
Event: 69.505 Thread 0x00000000273c7000 16063       3       java.lang.invoke.MethodHandles$Lookup::unreflectGetter (7 bytes)
Event: 69.505 Thread 0x00000000273c7000 nmethod 16063 0x00000000056d4fd0 code [0x00000000056d5140, 0x00000000056d52c8]
Event: 69.509 Thread 0x00000000273a8000 16064       4       java.lang.invoke.LambdaForm$DMH/1922464006::invokeStatic_L4_L (20 bytes)
Event: 69.509 Thread 0x00000000273a8000 nmethod 16064 0x00000000056c9790 code [0x00000000056c98e0, 0x00000000056c99a8]
Event: 69.527 Thread 0x00000000273c7000 16065       3       net.minecraft.util.ResourceLocation::equals (55 bytes)
Event: 69.527 Thread 0x00000000273c7000 nmethod 16065 0x00000000056d4710 code [0x00000000056d48a0, 0x00000000056d4e98]
Event: 69.557 Thread 0x00000000273c7000 16066       3       java.lang.invoke.MethodType::methodType (9 bytes)
Event: 69.557 Thread 0x00000000273c7000 nmethod 16066 0x00000000056d4390 code [0x00000000056d4500, 0x00000000056d4688]

GC Heap History (10 events):
Event: 51.045 GC heap before
{Heap before GC invocations=37 (full 5):
 PSYoungGen      total 2266112K, used 2260150K [0x0000000715380000, 0x00000007c0000000, 0x00000007c0000000)
  eden space 2016768K, 100% used [0x0000000715380000,0x0000000790500000,0x0000000790500000)
  from space 249344K, 97% used [0x0000000790500000,0x000000079f2ad8c0,0x000000079f880000)
  to   space 283136K, 0% used [0x00000007aeb80000,0x00000007aeb80000,0x00000007c0000000)
 ParOldGen       total 874496K, used 499971K [0x00000005bfa00000, 0x00000005f5000000, 0x0000000715380000)
  object space 874496K, 57% used [0x00000005bfa00000,0x00000005de240dd0,0x00000005f5000000)
 Metaspace       used 132218K, capacity 134891K, committed 135552K, reserved 1161216K
  class space    used 21933K, capacity 22862K, committed 22912K, reserved 1048576K
Event: 51.196 GC heap after
Heap after GC invocations=37 (full 5):
 PSYoungGen      total 2336768K, used 283118K [0x0000000715380000, 0x00000007c0000000, 0x00000007c0000000)
  eden space 2053632K, 0% used [0x0000000715380000,0x0000000715380000,0x0000000792900000)
  from space 283136K, 99% used [0x00000007aeb80000,0x00000007bfffb9e8,0x00000007c0000000)
  to   space 372224K, 0% used [0x0000000792900000,0x0000000792900000,0x00000007a9480000)
 ParOldGen       total 874496K, used 627610K [0x00000005bfa00000, 0x00000005f5000000, 0x0000000715380000)
  object space 874496K, 71% used [0x00000005bfa00000,0x00000005e5ee6960,0x00000005f5000000)
 Metaspace       used 132218K, capacity 134891K, committed 135552K, reserved 1161216K
  class space    used 21933K, capacity 22862K, committed 22912K, reserved 1048576K
}
Event: 53.804 GC heap before
{Heap before GC invocations=38 (full 5):
 PSYoungGen      total 2336768K, used 2336750K [0x0000000715380000, 0x00000007c0000000, 0x00000007c0000000)
  eden space 2053632K, 100% used [0x0000000715380000,0x0000000792900000,0x0000000792900000)
  from space 283136K, 99% used [0x00000007aeb80000,0x00000007bfffb9e8,0x00000007c0000000)
  to   space 372224K, 0% used [0x0000000792900000,0x0000000792900000,0x00000007a9480000)
 ParOldGen       total 874496K, used 627610K [0x00000005bfa00000, 0x00000005f5000000, 0x0000000715380000)
  object space 874496K, 71% used [0x00000005bfa00000,0x00000005e5ee6960,0x00000005f5000000)
 Metaspace       used 132401K, capacity 135025K, committed 135552K, reserved 1161216K
  class space    used 21940K, capacity 22863K, committed 22912K, reserved 1048576K
Event: 53.877 GC heap after
Heap after GC invocations=38 (full 5):
 PSYoungGen      total 2285056K, used 230931K [0x0000000715380000, 0x00000007c0000000, 0x00000007c0000000)
  eden space 2053632K, 0% used [0x0000000715380000,0x0000000715380000,0x0000000792900000)
  from space 231424K, 99% used [0x0000000792900000,0x00000007a0a84dd8,0x00000007a0b00000)
  to   space 377856K, 0% used [0x00000007a8f00000,0x00000007a8f00000,0x00000007c0000000)
 ParOldGen       total 874496K, used 627618K [0x00000005bfa00000, 0x00000005f5000000, 0x0000000715380000)
  object space 874496K, 71% used [0x00000005bfa00000,0x00000005e5ee8960,0x00000005f5000000)
 Metaspace       used 132401K, capacity 135025K, committed 135552K, reserved 1161216K
  class space    used 21940K, capacity 22863K, committed 22912K, reserved 1048576K
}
Event: 58.427 GC heap before
{Heap before GC invocations=39 (full 5):
 PSYoungGen      total 2285056K, used 2284563K [0x0000000715380000, 0x00000007c0000000, 0x00000007c0000000)
  eden space 2053632K, 100% used [0x0000000715380000,0x0000000792900000,0x0000000792900000)
  from space 231424K, 99% used [0x0000000792900000,0x00000007a0a84dd8,0x00000007a0b00000)
  to   space 377856K, 0% used [0x00000007a8f00000,0x00000007a8f00000,0x00000007c0000000)
 ParOldGen       total 874496K, used 627618K [0x00000005bfa00000, 0x00000005f5000000, 0x0000000715380000)
  object space 874496K, 71% used [0x00000005bfa00000,0x00000005e5ee8960,0x00000005f5000000)
 Metaspace       used 132499K, capacity 135153K, committed 135808K, reserved 1163264K
  class space    used 21943K, capacity 22863K, committed 22912K, reserved 1048576K
Event: 58.601 GC heap after
Heap after GC invocations=39 (full 5):
 PSYoungGen      total 2217472K, used 377855K [0x0000000715380000, 0x00000007c0000000, 0x00000007c0000000)
  eden space 1839616K, 0% used [0x0000000715380000,0x0000000715380000,0x0000000785800000)
  from space 377856K, 99% used [0x00000007a8f00000,0x00000007bffffef0,0x00000007c0000000)
  to   space 479232K, 0% used [0x0000000785800000,0x0000000785800000,0x00000007a2c00000)
 ParOldGen       total 874496K, used 745651K [0x00000005bfa00000, 0x00000005f5000000, 0x0000000715380000)
  object space 874496K, 85% used [0x00000005bfa00000,0x00000005ed22cfc8,0x00000005f5000000)
 Metaspace       used 132499K, capacity 135153K, committed 135808K, reserved 1163264K
  class space    used 21943K, capacity 22863K, committed 22912K, reserved 1048576K
}
Event: 67.362 GC heap before
{Heap before GC invocations=40 (full 5):
 PSYoungGen      total 2217472K, used 2217471K [0x0000000715380000, 0x00000007c0000000, 0x00000007c0000000)
  eden space 1839616K, 100% used [0x0000000715380000,0x0000000785800000,0x0000000785800000)
  from space 377856K, 99% used [0x00000007a8f00000,0x00000007bffffef0,0x00000007c0000000)
  to   space 479232K, 0% used [0x0000000785800000,0x0000000785800000,0x00000007a2c00000)
 ParOldGen       total 874496K, used 745651K [0x00000005bfa00000, 0x00000005f5000000, 0x0000000715380000)
  object space 874496K, 85% used [0x00000005bfa00000,0x00000005ed22cfc8,0x00000005f5000000)
 Metaspace       used 133721K, capacity 136593K, committed 136960K, reserved 1163264K
  class space    used 22061K, capacity 23035K, committed 23040K, reserved 1048576K
Event: 67.503 GC heap after
Heap after GC invocations=40 (full 5):
 PSYoungGen      total 2318848K, used 479222K [0x0000000715380000, 0x00000007c0000000, 0x00000007c0000000)
  eden space 1839616K, 0% used [0x0000000715380000,0x0000000715380000,0x0000000785800000)
  from space 479232K, 99% used [0x0000000785800000,0x00000007a2bfd898,0x00000007a2c00000)
  to   space 479232K, 0% used [0x00000007a2c00000,0x00000007a2c00000,0x00000007c0000000)
 ParOldGen       total 874496K, used 851410K [0x00000005bfa00000, 0x00000005f5000000, 0x0000000715380000)
  object space 874496K, 97% used [0x00000005bfa00000,0x00000005f3974b70,0x00000005f5000000)
 Metaspace       used 133721K, capacity 136593K, committed 136960K, reserved 1163264K
  class space    used 22061K, capacity 23035K, committed 23040K, reserved 1048576K
}
Event: 67.503 GC heap before
{Heap before GC invocations=41 (full 6):
 PSYoungGen      total 2318848K, used 479222K [0x0000000715380000, 0x00000007c0000000, 0x00000007c0000000)
  eden space 1839616K, 0% used [0x0000000715380000,0x0000000715380000,0x0000000785800000)
  from space 479232K, 99% used [0x0000000785800000,0x00000007a2bfd898,0x00000007a2c00000)
  to   space 479232K, 0% used [0x00000007a2c00000,0x00000007a2c00000,0x00000007c0000000)
 ParOldGen       total 874496K, used 851410K [0x00000005bfa00000, 0x00000005f5000000, 0x0000000715380000)
  object space 874496K, 97% used [0x00000005bfa00000,0x00000005f3974b70,0x00000005f5000000)
 Metaspace       used 133721K, capacity 136593K, committed 136960K, reserved 1163264K
  class space    used 22061K, capacity 23035K, committed 23040K, reserved 1048576K
Event: 68.544 GC heap after
Heap after GC invocations=41 (full 6):
 PSYoungGen      total 2318848K, used 228897K [0x0000000715380000, 0x00000007c0000000, 0x00000007c0000000)
  eden space 1839616K, 0% used [0x0000000715380000,0x0000000715380000,0x0000000785800000)
  from space 479232K, 47% used [0x0000000785800000,0x0000000793788700,0x00000007a2c00000)
  to   space 479232K, 0% used [0x00000007a2c00000,0x00000007a2c00000,0x00000007c0000000)
 ParOldGen       total 1404416K, used 874225K [0x00000005bfa00000, 0x0000000615580000, 0x0000000715380000)
  object space 1404416K, 62% used [0x00000005bfa00000,0x00000005f4fbc638,0x0000000615580000)
 Metaspace       used 133721K, capacity 136593K, committed 136960K, reserved 1163264K
  class space    used 22061K, capacity 23035K, committed 23040K, reserved 1048576K
}

Deoptimization events (10 events):
Event: 69.448 Thread 0x0000000002865800 Uncommon trap: reason=class_check action=maybe_recompile pc=0x0000000003ab7730 method=com.google.common.collect.ImmutableSet$Indexed.iterator()Ljava/util/Iterator; @ 1
Event: 69.450 Thread 0x0000000002865800 Uncommon trap: reason=bimorphic action=maybe_recompile pc=0x00000000056317a0 method=java.lang.invoke.MethodHandle.asType(Ljava/lang/invoke/MethodType;)Ljava/lang/invoke/MethodHandle; @ 24
Event: 69.451 Thread 0x0000000002865800 Uncommon trap: reason=bimorphic action=maybe_recompile pc=0x00000000056317a0 method=java.lang.invoke.MethodHandle.asType(Ljava/lang/invoke/MethodType;)Ljava/lang/invoke/MethodHandle; @ 24
Event: 69.451 Thread 0x0000000002865800 Uncommon trap: reason=unstable_if action=reinterpret pc=0x0000000005220c20 method=net.minecraftforge.client.model.MultiModelState$MultiModelPart.equals(Ljava/lang/Object;)Z @ 2
Event: 69.459 Thread 0x0000000002865800 Uncommon trap: reason=class_check action=maybe_recompile pc=0x0000000005446390 method=com.google.common.collect.AbstractMapBasedMultimap$KeySet$1.hasNext()Z @ 4
Event: 69.460 Thread 0x0000000002865800 Uncommon trap: reason=class_check action=maybe_recompile pc=0x0000000005446390 method=com.google.common.collect.AbstractMapBasedMultimap$KeySet$1.hasNext()Z @ 4
Event: 69.462 Thread 0x0000000002865800 Uncommon trap: reason=unstable_if action=reinterpret pc=0x00000000056a0934 method=pl.asie.foamfix.client.Deduplicator.deduplicateObject(Ljava/lang/Object;I)Ljava/lang/Object; @ 335
Event: 69.464 Thread 0x0000000002865800 Uncommon trap: reason=class_check action=maybe_recompile pc=0x0000000005446390 method=com.google.common.collect.AbstractMapBasedMultimap$KeySet$1.hasNext()Z @ 4
Event: 69.465 Thread 0x0000000002865800 Uncommon trap: reason=class_check action=maybe_recompile pc=0x0000000005446390 method=com.google.common.collect.AbstractMapBasedMultimap$KeySet$1.hasNext()Z @ 4
Event: 69.527 Thread 0x0000000002865800 Uncommon trap: reason=unstable_if action=reinterpret pc=0x0000000002c757c0 method=net.minecraft.util.ResourceLocation.equals(Ljava/lang/Object;)Z @ 11

Internal exceptions (10 events):
Event: 42.422 Thread 0x000000002a55f000 Exception <a 'java/lang/InterruptedException': sleep interrupted> (0x0000000718b31f58) thrown at [C:\re\workspace\8-2-build-windows-amd64-cygwin\jdk8u51\3951\hotspot\src\share\vm\prims\jvm.cpp, line 3211]
Event: 42.423 Thread 0x000000002a55f000 Exception <a 'java/lang/InterruptedException': sleep interrupted> (0x0000000718b32158) thrown at [C:\re\workspace\8-2-build-windows-amd64-cygwin\jdk8u51\3951\hotspot\src\share\vm\prims\jvm.cpp, line 3211]
Event: 42.520 Thread 0x0000000002865800 Exception <a 'java/lang/IncompatibleClassChangeError': Found class java.lang.Object, but interface was expected> (0x00000007284cbde0) thrown at [C:\re\workspace\8-2-build-windows-amd64-cygwin\jdk8u51\3951\hotspot\src\share\vm\interpreter\linkResolver.cpp, `¶øo¹˜F@
Event: 45.193 Thread 0x0000000002865800 Implicit null exception at 0x0000000004c81ab8 to 0x0000000004c82f61
Event: 48.203 Thread 0x0000000002865800 Exception <a 'java/io/FileNotFoundException'> (0x000000072ab14c98) thrown at [C:\re\workspace\8-2-build-windows-amd64-cygwin\jdk8u51\3951\hotspot\src\share\vm\prims\jni.cpp, line 709]
Event: 53.128 Thread 0x0000000002865800 Implicit null exception at 0x00000000049d86bc to 0x00000000049d8851
Event: 65.427 Thread 0x0000000002865800 Exception <a 'java/lang/NoSuchMethodError': java.lang.Object.lambda$makeTexture$0(I)[Lnet/minecraft/client/renderer/texture/TextureAtlasSprite;> (0x0000000720d56f08) thrown at [C:\re\workspace\8-2-build-windows-amd64-cygwin\jdk8u51\3951\hotspot\src\share\v'©Ê\P@
Event: 65.450 Thread 0x0000000002865800 Exception <a 'java/lang/IncompatibleClassChangeError': Found class java.lang.Object, but interface was expected> (0x00000007215d4630) thrown at [C:\re\workspace\8-2-build-windows-amd64-cygwin\jdk8u51\3951\hotspot\src\share\vm\interpreter\linkResolver.cpp, ÄÉ¢UÒ\P@
Event: 65.450 Thread 0x0000000002865800 Exception <a 'java/lang/IncompatibleClassChangeError': Found class java.lang.Object, but interface was expected> (0x00000007215da820) thrown at [C:\re\workspace\8-2-build-windows-amd64-cygwin\jdk8u51\3951\hotspot\src\share\vm\interpreter\linkResolver.cpp, 
Event: 69.295 Thread 0x0000000002865800 Implicit null exception at 0x00000000053975e7 to 0x0000000005399f0d

Events (10 events):
Event: 69.465 Thread 0x0000000002865800 Uncommon trap: trap_request=0xffffffde fr.pc=0x0000000005446390
Event: 69.465 Thread 0x0000000002865800 DEOPT PACKING pc=0x0000000005446390 sp=0x000000000279e260
Event: 69.465 Thread 0x0000000002865800 DEOPT UNPACKING pc=0x00000000029a582a sp=0x000000000279e1f8 mode 2
Event: 69.487 loading class gnu/trove/map/hash/THashMap$KeyView
Event: 69.487 loading class gnu/trove/map/hash/THashMap$KeyView done
Event: 69.491 loading class net/optifine/shaders/MultiTexID
Event: 69.491 loading class net/optifine/shaders/MultiTexID done
Event: 69.527 Thread 0x0000000002865800 Uncommon trap: trap_request=0xffffff65 fr.pc=0x0000000002c757c0
Event: 69.527 Thread 0x0000000002865800 DEOPT PACKING pc=0x0000000002c757c0 sp=0x000000000279ccf0
Event: 69.527 Thread 0x0000000002865800 DEOPT UNPACKING pc=0x00000000029a582a sp=0x000000000279cc80 mode 2


Dynamic libraries:
0x00007ff760e00000 - 0x00007ff760e37000 	C:\Users\Zakarail\Twitch\Minecraft\Install\runtime\jre-x64\bin\javaw.exe
0x00007ffd1aa60000 - 0x00007ffd1ac4d000 	C:\WINDOWS\SYSTEM32\ntdll.dll
0x00007ffd12e00000 - 0x00007ffd12e14000 	C:\Program Files\AVAST Software\Avast\aswhook.dll
0x00007ffd1a7f0000 - 0x00007ffd1a8a3000 	C:\WINDOWS\System32\KERNEL32.DLL
0x00007ffd17130000 - 0x00007ffd173c3000 	C:\WINDOWS\System32\KERNELBASE.dll
0x00007ffd19aa0000 - 0x00007ffd19b43000 	C:\WINDOWS\System32\ADVAPI32.dll
0x00007ffd19c90000 - 0x00007ffd19d2e000 	C:\WINDOWS\System32\msvcrt.dll
0x00007ffd1a510000 - 0x00007ffd1a5ae000 	C:\WINDOWS\System32\sechost.dll
0x00007ffd19b50000 - 0x00007ffd19c72000 	C:\WINDOWS\System32\RPCRT4.dll
0x00007ffd18370000 - 0x00007ffd18507000 	C:\WINDOWS\System32\USER32.dll
0x00007ffd16bc0000 - 0x00007ffd16be0000 	C:\WINDOWS\System32\win32u.dll
0x00007ffd17d60000 - 0x00007ffd17d89000 	C:\WINDOWS\System32\GDI32.dll
0x00007ffd16f30000 - 0x00007ffd170c9000 	C:\WINDOWS\System32\gdi32full.dll
0x00007ffd16cb0000 - 0x00007ffd16d50000 	C:\WINDOWS\System32\msvcp_win.dll
0x00007ffd17c00000 - 0x00007ffd17cfa000 	C:\WINDOWS\System32\ucrtbase.dll
0x00007ffd0aac0000 - 0x00007ffd0ad39000 	C:\WINDOWS\WinSxS\amd64_microsoft.windows.common-controls_6595b64144ccf1df_6.0.17763.864_none_05b3441807210760\COMCTL32.dll
0x00007ffd19d90000 - 0x00007ffd1a0bc000 	C:\WINDOWS\System32\combase.dll
0x00007ffd16be0000 - 0x00007ffd16c5e000 	C:\WINDOWS\System32\bcryptPrimitives.dll
0x00007ffd17d90000 - 0x00007ffd17dbe000 	C:\WINDOWS\System32\IMM32.DLL
0x0000000057350000 - 0x0000000057422000 	C:\Users\Zakarail\Twitch\Minecraft\Install\runtime\jre-x64\bin\msvcr100.dll
0x0000000056ac0000 - 0x0000000057343000 	C:\Users\Zakarail\Twitch\Minecraft\Install\runtime\jre-x64\bin\server\jvm.dll
0x00007ffd1a5b0000 - 0x00007ffd1a5b8000 	C:\WINDOWS\System32\PSAPI.DLL
0x00007ffd08830000 - 0x00007ffd08839000 	C:\WINDOWS\SYSTEM32\WSOCK32.dll
0x00007ffd18510000 - 0x00007ffd1857d000 	C:\WINDOWS\System32\WS2_32.dll
0x00007ffd14b40000 - 0x00007ffd14b64000 	C:\WINDOWS\SYSTEM32\WINMM.dll
0x00007ffd10e00000 - 0x00007ffd10e0a000 	C:\WINDOWS\SYSTEM32\VERSION.dll
0x00007ffd14b10000 - 0x00007ffd14b3d000 	C:\WINDOWS\SYSTEM32\WINMMBASE.dll
0x00007ffd16c60000 - 0x00007ffd16caa000 	C:\WINDOWS\System32\cfgmgr32.dll
0x0000000056ab0000 - 0x0000000056abf000 	C:\Users\Zakarail\Twitch\Minecraft\Install\runtime\jre-x64\bin\verify.dll
0x0000000056a80000 - 0x0000000056aa9000 	C:\Users\Zakarail\Twitch\Minecraft\Install\runtime\jre-x64\bin\java.dll
0x0000000056a60000 - 0x0000000056a76000 	C:\Users\Zakarail\Twitch\Minecraft\Install\runtime\jre-x64\bin\zip.dll
0x00007ffd185a0000 - 0x00007ffd19a94000 	C:\WINDOWS\System32\SHELL32.dll
0x00007ffd1a740000 - 0x00007ffd1a7e8000 	C:\WINDOWS\System32\shcore.dll
0x00007ffd174b0000 - 0x00007ffd17bfd000 	C:\WINDOWS\System32\windows.storage.dll
0x00007ffd16ad0000 - 0x00007ffd16af4000 	C:\WINDOWS\System32\profapi.dll
0x00007ffd16b00000 - 0x00007ffd16b5d000 	C:\WINDOWS\System32\powrprof.dll
0x00007ffd1a280000 - 0x00007ffd1a2d2000 	C:\WINDOWS\System32\shlwapi.dll
0x00007ffd16b80000 - 0x00007ffd16b91000 	C:\WINDOWS\System32\kernel.appcore.dll
0x00007ffd16ba0000 - 0x00007ffd16bb7000 	C:\WINDOWS\System32\cryptsp.dll
0x0000000056a50000 - 0x0000000056a5d000 	C:\Users\Zakarail\Twitch\Minecraft\Install\runtime\jre-x64\bin\management.dll
0x0000000056a30000 - 0x0000000056a4a000 	C:\Users\Zakarail\Twitch\Minecraft\Install\runtime\jre-x64\bin\net.dll
0x00007ffd16340000 - 0x00007ffd163a7000 	C:\WINDOWS\system32\mswsock.dll
0x00007ffcfab80000 - 0x00007ffcfab96000 	C:\WINDOWS\system32\napinsp.dll
0x00007ffcf9cb0000 - 0x00007ffcf9cca000 	C:\WINDOWS\system32\pnrpnsp.dll
0x00007ffd160a0000 - 0x00007ffd16166000 	C:\WINDOWS\SYSTEM32\DNSAPI.dll
0x00007ffd19c80000 - 0x00007ffd19c88000 	C:\WINDOWS\System32\NSI.dll
0x00007ffd16060000 - 0x00007ffd1609d000 	C:\WINDOWS\SYSTEM32\IPHLPAPI.DLL
0x00007ffcfab70000 - 0x00007ffcfab7e000 	C:\WINDOWS\System32\winrnr.dll
0x00007ffd13370000 - 0x00007ffd1338b000 	C:\WINDOWS\system32\NLAapi.dll
0x00007ffcf9c90000 - 0x00007ffcf9ca5000 	C:\WINDOWS\system32\wshbth.dll
0x00007ffd09960000 - 0x00007ffd0996a000 	C:\Windows\System32\rasadhlp.dll
0x00007ffd09990000 - 0x00007ffd09a09000 	C:\WINDOWS\System32\fwpuclnt.dll
0x00007ffd17480000 - 0x00007ffd174a6000 	C:\WINDOWS\System32\bcrypt.dll
0x0000000056a10000 - 0x0000000056a21000 	C:\Users\Zakarail\Twitch\Minecraft\Install\runtime\jre-x64\bin\nio.dll
0x00000000569e0000 - 0x0000000056a04000 	C:\Users\Zakarail\Twitch\Minecraft\Install\runtime\jre-x64\bin\sunec.dll
0x00007ffd15ec0000 - 0x00007ffd15ef3000 	C:\WINDOWS\system32\rsaenh.dll
0x00007ffd16a00000 - 0x00007ffd16a28000 	C:\WINDOWS\SYSTEM32\USERENV.dll
0x00007ffd16510000 - 0x00007ffd1651c000 	C:\WINDOWS\SYSTEM32\CRYPTBASE.dll
0x00007ffd0e710000 - 0x00007ffd0e726000 	C:\WINDOWS\SYSTEM32\dhcpcsvc6.DLL
0x00007ffd0efe0000 - 0x00007ffd0effc000 	C:\WINDOWS\SYSTEM32\dhcpcsvc.DLL
0x00000000569c0000 - 0x00000000569d7000 	C:\Users\Zakarail\Twitch\Minecraft\Install\runtime\jre-x64\bin\unpack.dll
0x0000000180000000 - 0x0000000180053000 	C:\Users\Zakarail\Twitch\Minecraft\Install\bin\f9ff-3075-7d84-faad\lwjgl64.dll
0x00007ffcd54d0000 - 0x00007ffcd55f7000 	C:\WINDOWS\SYSTEM32\OPENGL32.dll
0x00007ffcd69f0000 - 0x00007ffcd6a1c000 	C:\WINDOWS\SYSTEM32\GLU32.dll
0x0000000056820000 - 0x00000000569b8000 	C:\Users\Zakarail\Twitch\Minecraft\Install\runtime\jre-x64\bin\awt.dll
0x00007ffd1a670000 - 0x00007ffd1a734000 	C:\WINDOWS\System32\OLEAUT32.dll
0x00007ffd14d70000 - 0x00007ffd14dfc000 	C:\WINDOWS\SYSTEM32\apphelp.dll
0x00007ffd150a0000 - 0x00007ffd1513c000 	C:\WINDOWS\system32\uxtheme.dll
0x00007ffd1a8c0000 - 0x00007ffd1aa2c000 	C:\WINDOWS\System32\MSCTF.dll
0x00007ffd15190000 - 0x00007ffd151be000 	C:\WINDOWS\system32\dwmapi.dll
0x00007ffd16d50000 - 0x00007ffd16f2b000 	C:\WINDOWS\System32\CRYPT32.dll
0x00007ffd16b60000 - 0x00007ffd16b72000 	C:\WINDOWS\System32\MSASN1.dll
0x00007ffd089d0000 - 0x00007ffd08a65000 	C:\WINDOWS\System32\TextInputFramework.dll
0x00007ffd124f0000 - 0x00007ffd12812000 	C:\WINDOWS\System32\CoreUIComponents.dll
0x00007ffd146c0000 - 0x00007ffd147a2000 	C:\WINDOWS\System32\CoreMessaging.dll
0x00007ffd15b40000 - 0x00007ffd15b71000 	C:\WINDOWS\SYSTEM32\ntmarta.dll
0x00007ffd12b50000 - 0x00007ffd12ca3000 	C:\WINDOWS\SYSTEM32\wintypes.dll
0x00000000540c0000 - 0x0000000056811000 	C:\WINDOWS\System32\DriverStore\FileRepository\nv_dispi.inf_amd64_db678424d2641c3d\nvoglv64.dll
0x00007ffd17dc0000 - 0x00007ffd18236000 	C:\WINDOWS\System32\SETUPAPI.dll
0x00007ffd1a0c0000 - 0x00007ffd1a215000 	C:\WINDOWS\System32\ole32.dll
0x00007ffd136b0000 - 0x00007ffd136c3000 	C:\WINDOWS\SYSTEM32\WTSAPI32.dll
0x00007ffd168e0000 - 0x00007ffd16909000 	C:\WINDOWS\SYSTEM32\DEVOBJ.dll
0x00007ffd170d0000 - 0x00007ffd17129000 	C:\WINDOWS\System32\WINTRUST.dll
0x00007ffcda810000 - 0x00007ffcdaab7000 	C:\WINDOWS\system32\nvspcap64.dll
0x00007ffd0e360000 - 0x00007ffd0e54d000 	C:\WINDOWS\SYSTEM32\dbghelp.dll
0x00007ffd0bb30000 - 0x00007ffd0bb5a000 	C:\WINDOWS\SYSTEM32\dbgcore.DLL
0x00007ffd0afb0000 - 0x00007ffd0b05d000 	C:\WINDOWS\SYSTEM32\mscms.dll
0x00007ffd0afa0000 - 0x00007ffd0afb0000 	C:\WINDOWS\SYSTEM32\ColorAdapterClient.dll
0x00007ffcfec70000 - 0x00007ffcfecb3000 	C:\WINDOWS\SYSTEM32\icm32.dll
0x00007ffd15bb0000 - 0x00007ffd15c08000 	C:\WINDOWS\SYSTEM32\WINSTA.dll
0x00007ffd02a10000 - 0x00007ffd02a52000 	C:\Users\Zakarail\AppData\Local\Temp\jna-1284044783\jna5087854516985484691.dll
0x000000002da20000 - 0x000000002da84000 	C:\Users\Zakarail\Twitch\Minecraft\Install\bin\f9ff-3075-7d84-faad\OpenAL64.dll
0x00007ffd1a5c0000 - 0x00007ffd1a662000 	C:\WINDOWS\System32\clbcatq.dll
0x00007ffd10d80000 - 0x00007ffd10df0000 	C:\WINDOWS\System32\MMDevApi.dll
0x00007ffd134d0000 - 0x00007ffd13679000 	C:\WINDOWS\System32\PROPSYS.dll
0x00007ffcfa3b0000 - 0x00007ffcfa446000 	C:\WINDOWS\SYSTEM32\dsound.dll
0x00007ffcf20b0000 - 0x00007ffcf21f8000 	C:\WINDOWS\SYSTEM32\AUDIOSES.DLL
0x00007ffd12b00000 - 0x00007ffd12b0a000 	C:\WINDOWS\SYSTEM32\AVRT.dll
0x00007ffd15400000 - 0x00007ffd15414000 	C:\WINDOWS\SYSTEM32\resourcepolicyclient.dll

VM Arguments:
jvm_args: -Dos.name=Windows 10 -Dos.version=10.0 -XX:HeapDumpPath=MojangTricksIntelDriversForPerformance_javaw.exe_minecraft.exe.heapdump -Djava.library.path=C:\Users\Zakarail\Twitch\Minecraft\Install\bin\f9ff-3075-7d84-faad -Dminecraft.launcher.brand=minecraft-launcher -Dminecraft.launcher.version=2.1.9616 -Dminecraft.client.jar=C:\Users\Zakarail\Twitch\Minecraft\Install\versions\1.12.2\1.12.2.jar -Xmx8198m -Xms256m -XX:PermSize=256m -Dminecraft.applet.TargetDirectory=C:\Users\Zakarail\Twitch\Minecraft\Instances\Quest of Ages -Dfml.ignorePatchDiscrepancies=true -Dfml.ignoreInvalidMinecraftCertificates=true -Duser.language=en -Duser.country=US -Dlog4j.configurationFile=C:\Users\Zakarail\Twitch\Minecraft\Install\assets\log_configs\client-1.12.xml 
java_command: net.minecraft.launchwrapper.Launch --username Zakarail --version forge-14.23.5.2847 --gameDir C:\Users\Zakarail\Twitch\Minecraft\Instances\Quest of Ages --assetsDir C:\Users\Zakarail\Twitch\Minecraft\Install\assets --assetIndex 1.12 --uuid 77addc813bf74eacb38ad4795525b80d --accessToken eyJhbGciOiJIUzI1NiJ9.eyJzdWIiOiJjYTlhMDYwY2E0MGI0ODM2OGI1NGJhMjdlYjVmYjc0MyIsIm5iZiI6MTU3NDU0MzcxMSwieWdndCI6IjFjNjcxYjlkOWM2MDQ0YmZiZTk5NjliOGVlODhiYTM2Iiwic3ByIjoiNzdhZGRjODEzYmY3NGVhY2IzOGFkNDc5NTUyNWI4MGQiLCJyb2xlcyI6W10sImlzcyI6ImludGVybmFsLWF1dGhlbnRpY2F0aW9uIiwiZXhwIjoxNTc0NzE2NTExLCJpYXQiOjE1NzQ1NDM3MTF9.riT9U3eWAnWl5eL6iiNIEDxGMbQq8_MLaf1QB4NFpCo --userType mojang --tweakClass net.minecraftforge.fml.common.launcher.FMLTweaker --versionType Forge --width 1024 --height 768
java_class_path (initial): C:\Users\Zakarail\Twitch\Minecraft\Install\libraries\net\minecraftforge\forge\1.12.2-14.23.5.2847\forge-1.12.2-14.23.5.2847.jar;C:\Users\Zakarail\Twitch\Minecraft\Install\libraries\net\minecraft\launchwrapper\1.12\launchwrapper-1.12.jar;C:\Users\Zakarail\Twitch\Minecraft\Install\libraries\org\ow2\asm\asm-all\5.2\asm-all-5.2.jar;C:\Users\Zakarail\Twitch\Minecraft\Install\libraries\org\jline\jline\3.5.1\jline-3.5.1.jar;C:\Users\Zakarail\Twitch\Minecraft\Install\libraries\net\java\dev\jna\jna\4.4.0\jna-4.4.0.jar;C:\Users\Zakarail\Twitch\Minecraft\Install\libraries\com\typesafe\akka\akka-actor_2.11\2.3.3\akka-actor_2.11-2.3.3.jar;C:\Users\Zakarail\Twitch\Minecraft\Install\libraries\com\typesafe\config\1.2.1\config-1.2.1.jar;C:\Users\Zakarail\Twitch\Minecraft\Install\libraries\org\scala-lang\scala-actors-migration_2.11\1.1.0\scala-actors-migration_2.11-1.1.0.jar;C:\Users\Zakarail\Twitch\Minecraft\Install\libraries\org\scala-lang\scala-compiler\2.11.1\scala-compiler-2.11.1.jar;C:\Users\Zakarail\Twitch\Minecraft\Install\libraries\org\scala-lang\plugins\scala-continuations-library_2.11\1.0.2\scala-continuations-library_2.11-1.0.2.jar;C:\Users\Zakarail\Twitch\Minecraft\Install\libraries\org\scala-lang\plugins\scala-continuations-plugin_2.11.1\1.0.2\scala-continuations-plugin_2.11.1-1.0.2.jar;C:\Users\Zakarail\Twitch\Minecraft\Install\libraries\org\scala-lang\scala-library\2.11.1\scala-library-2.11.1.jar;C:\Users\Zakarail\Twitch\Minecraft\Install\libraries\org\scala-lang\scala-parser-combinators_2.11\1.0.1\scala-parser-combinators_2.11-1.0.1.jar;C:\Users\Zakarail\Twitch\Minecraft\Install\libraries\org\scala-lang\scala-reflect\2.11.1\scala-reflect-2.11.1.jar;C:\Users\Zakarail\Twitch\Minecraft\Install\libraries\org\scala-lang\scala-swing_2.11\1.0.1\scala-swing_2.11-1.0.1.jar;C:\Users\Zakarail\Twitch\Minecraft\Install\libraries\org\scala-lang\scala-xml_2.11\1.0.2\scala-xml_2.11-1.0.2.jar;C:\Users\Zakarail\Twitch\Minecraft\Install\libraries\lzma\lzma\
Launcher Type: SUN_STANDARD

Environment Variables:
JAVA_HOME=C:\Program Files\Java\jdk-12
JRE_HOME=C:\Program Files\Java\jdk-12
PATH=C:\Windows\system32;C:\Windows;C:\Windows\System32\Wbem;C:\Windows\System32\WindowsPowerShell\v1.0\;C:\Program Files (x86)\NVIDIA Corporation\PhysX\Common;C:\Program Files\NVIDIA Corporation\NVIDIA NvDLISR;C:\WINDOWS\system32;C:\WINDOWS;C:\WINDOWS\System32\Wbem;C:\WINDOWS\System32\WindowsPowerShell\v1.0\;C:\WINDOWS\System32\OpenSSH\;C:\Program Files\Java\jdk-12\bin;C:\Program Files\Java\jdk-12\bin;C:\Program Files\Git\cmd;C:\Program Files\nodejs\;C:\Program Files\TortoiseGit\bin;C:\Users\Zakarail\AppData\Local\Microsoft\WindowsApps;;C:\Users\Zakarail\AppData\Local\Programs\Microsoft VS Code\bin;C:\Users\Zakarail\AppData\Roaming\npm
USERNAME=Zakarail
OS=Windows_NT
PROCESSOR_IDENTIFIER=Intel64 Family 6 Model 63 Stepping 2, GenuineIntel



---------------  S Y S T E M  ---------------

OS: Windows 10.0 , 64 bit Build 17763 (10.0.17763.475)

CPU:total 12 (6 cores per cpu, 2 threads per core) family 6 model 63 stepping 2, cmov, cx8, fxsr, mmx, sse, sse2, sse3, ssse3, sse4.1, sse4.2, popcnt, avx, avx2, aes, clmul, erms, lzcnt, ht, tsc, tscinvbit, bmi1, bmi2

Memory: 4k page, physical 33472580k(22357688k free), swap 38453316k(22798744k free)

vm_info: Java HotSpot(TM) 64-Bit Server VM (25.51-b03) for windows-amd64 JRE (1.8.0_51-b16), built on Jun  8 2015 18:03:07 by "java_re" with MS VC++ 10.0 (VS2010)

time: Sat Nov 23 19:25:41 2019
elapsed time: 69 seconds (0d 0h 1m 9s)

