#
# A fatal error has been detected by the Java Runtime Environment:
#
#  EXCEPTION_ACCESS_VIOLATION (0xc0000005) at pc=0x0000000056f7623f, pid=13632, tid=20284
#
# JRE version: Java(TM) SE Runtime Environment (8.0_51-b16) (build 1.8.0_51-b16)
# Java VM: Java HotSpot(TM) 64-Bit Server VM (25.51-b03 mixed mode windows-amd64 compressed oops)
# Problematic frame:
# V  [jvm.dll+0x4b623f]
#
# Failed to write core dump. Minidumps are not enabled by default on client versions of Windows
#
# If you would like to submit a bug report, please visit:
#   http://bugreport.java.com/bugreport/crash.jsp
#

---------------  T H R E A D  ---------------

Current thread (0x000000002737f800):  JavaThread "C2 CompilerThread0" daemon [_thread_in_native, id=20284, stack(0x00000000288c0000,0x00000000289c0000)]

siginfo: ExceptionCode=0xc0000005, reading address 0x0000000000000008

Registers:
RAX=0x0000000000000000, RBX=0x0000000000000000, RCX=0x000000003020f9e0, RDX=0x0000000000008000
RSP=0x00000000289bb970, RBP=0x0000000034e64968, RSI=0x000000003020f9e0, RDI=0x00000000289bbe40
R8 =0x0000000000000000, R9 =0x000000002cd4eb70, R10=0x00000000289bbe40, R11=0x000000005923a020
R12=0x000000002d11b098, R13=0x000000002d164880, R14=0x00000000289bba58, R15=0x00000000289bba78
RIP=0x0000000056f7623f, EFLAGS=0x0000000000010283

Top of Stack: (sp=0x00000000289bb970)
0x00000000289bb970:   000000002f76be10 0000000034e64968
0x00000000289bb980:   0000000029dc0cf0 00000000289bbe40
0x00000000289bb990:   0000000034e64968 00000000289bbac8
0x00000000289bb9a0:   00000000289bbb20 0000000056f77a49
0x00000000289bb9b0:   000000002f76be10 000000000000069f
0x00000000289bb9c0:   0000000000000002 000000003020f9e0
0x00000000289bb9d0:   00000000289bc810 0000000056faa2b0
0x00000000289bb9e0:   000000002942c5f0 00000000273409b0
0x00000000289bb9f0:   0000000059c780e0 00000000289bbb20
0x00000000289bba00:   00000000273409b0 0000000000000000
0x00000000289bba10:   00000000289bbe40 0000000056f7992f
0x00000000289bba20:   00000000289bbe40 0000000000000001
0x00000000289bba30:   0000000000000002 0000000059c780e0
0x00000000289bba40:   000000002942c640 00000000294345d8
0x00000000289bba50:   0000000000225a18 00000000273409b0
0x00000000289bba60:   0000000000000800 000000002a218280 

Instructions: (pc=0x0000000056f7623f)
0x0000000056f7621f:   4c 89 64 24 50 4c 8b e0 4c 3b e8 0f 84 4f 01 00
0x0000000056f7622f:   00 44 8b 43 28 4c 8b 8f f0 09 00 00 4b 8b 1c c1
0x0000000056f7623f:   48 8b 43 08 48 83 38 00 75 2a 8b 57 28 0f 1f 40
0x0000000056f7624f:   00 8b 43 28 3b c2 73 0c 8b c8 48 8b 47 30 48 8b 


Register to memory mapping:

RAX=0x0000000000000000 is an unknown value
RBX=0x0000000000000000 is an unknown value
RCX=0x000000003020f9e0 is an unknown value
RDX=0x0000000000008000 is an unknown value
RSP=0x00000000289bb970 is pointing into the stack for thread: 0x000000002737f800
RBP=0x0000000034e64968 is an unknown value
RSI=0x000000003020f9e0 is an unknown value
RDI=0x00000000289bbe40 is pointing into the stack for thread: 0x000000002737f800
R8 =0x0000000000000000 is an unknown value
R9 =0x000000002cd4eb70 is an unknown value
R10=0x00000000289bbe40 is pointing into the stack for thread: 0x000000002737f800
R11=0x000000005923a020 is an unknown value
R12=0x000000002d11b098 is an unknown value
R13=0x000000002d164880 is an unknown value
R14=0x00000000289bba58 is pointing into the stack for thread: 0x000000002737f800
R15=0x00000000289bba78 is pointing into the stack for thread: 0x000000002737f800


Stack: [0x00000000288c0000,0x00000000289c0000],  sp=0x00000000289bb970,  free space=1006k
Native frames: (J=compiled Java code, j=interpreted, Vv=VM code, C=native code)
V  [jvm.dll+0x4b623f]
V  [jvm.dll+0x4b7a49]
V  [jvm.dll+0x4b992f]
V  [jvm.dll+0x46c011]
V  [jvm.dll+0x46cd4e]
V  [jvm.dll+0x4501a2]
V  [jvm.dll+0xa43a2]
V  [jvm.dll+0xa4cdf]
V  [jvm.dll+0x2418a4]
V  [jvm.dll+0x29846a]
C  [msvcr100.dll+0x21d9f]
C  [msvcr100.dll+0x21e3b]
C  [KERNEL32.DLL+0x17974]
C  [ntdll.dll+0x6a271]


Current CompileTask:
C2:  68811 15920       4       pl.asie.foamfix.client.Deduplicator::deduplicate0 (459 bytes)


---------------  P R O C E S S  ---------------

Java Threads: ( => current thread )
  0x000000002c806800 JavaThread "Thread-8" [_thread_blocked, id=11392, stack(0x000000004f3a0000,0x000000004f4a0000)]
  0x000000002c803800 JavaThread "Thread-7" [_thread_blocked, id=16944, stack(0x000000004eb90000,0x000000004ec90000)]
  0x000000002c805000 JavaThread "pool-3-thread-1" [_thread_blocked, id=20064, stack(0x000000004cd10000,0x000000004ce10000)]
  0x000000002c80b800 JavaThread "C&B Model Cache Cleanup" [_thread_blocked, id=14380, stack(0x000000004ca20000,0x000000004cb20000)]
  0x000000002c805800 JavaThread "Weather2 Foliage Enhancer" [_thread_blocked, id=8872, stack(0x000000004c520000,0x000000004c620000)]
  0x000000002c804000 JavaThread "Weather2 Scene Enhancer" [_thread_blocked, id=17532, stack(0x000000004c420000,0x000000004c520000)]
  0x0000000033e1e000 JavaThread "ForkJoinPool.commonPool-worker-10" daemon [_thread_blocked, id=7264, stack(0x000000004b030000,0x000000004b130000)]
  0x0000000033e1a800 JavaThread "ForkJoinPool.commonPool-worker-3" daemon [_thread_blocked, id=11912, stack(0x000000004af30000,0x000000004b030000)]
  0x0000000033e1d800 JavaThread "ForkJoinPool.commonPool-worker-15" daemon [_thread_blocked, id=15172, stack(0x000000004ad30000,0x000000004ae30000)]
  0x0000000033e1b000 JavaThread "ForkJoinPool.commonPool-worker-6" daemon [_thread_blocked, id=8888, stack(0x000000004ab30000,0x000000004ac30000)]
  0x000000002cdae800 JavaThread "ForkJoinPool.commonPool-worker-4" daemon [_thread_blocked, id=15600, stack(0x000000004a930000,0x000000004aa30000)]
  0x0000000034ce2800 JavaThread "LWJGL Timer" daemon [_thread_blocked, id=18928, stack(0x0000000048530000,0x0000000048630000)]
  0x000000002b935000 JavaThread "Thread-3" [_thread_in_native, id=17548, stack(0x0000000045670000,0x0000000045770000)]
  0x000000002de0d800 JavaThread "Java2D Disposer" daemon [_thread_blocked, id=8692, stack(0x0000000037fa0000,0x00000000380a0000)]
  0x000000003380e800 JavaThread "Timer hack thread" daemon [_thread_blocked, id=8776, stack(0x0000000037ea0000,0x0000000037fa0000)]
  0x000000002b40b000 JavaThread "Snooper Timer" daemon [_thread_blocked, id=17044, stack(0x0000000032890000,0x0000000032990000)]
  0x00000000273c1000 JavaThread "Service Thread" daemon [_thread_blocked, id=17720, stack(0x0000000028cc0000,0x0000000028dc0000)]
  0x0000000027387000 JavaThread "C1 CompilerThread3" daemon [_thread_blocked, id=8180, stack(0x0000000028bc0000,0x0000000028cc0000)]
  0x0000000027386000 JavaThread "C2 CompilerThread2" daemon [_thread_in_native, id=16872, stack(0x0000000028ac0000,0x0000000028bc0000)]
  0x0000000027372000 JavaThread "C2 CompilerThread1" daemon [_thread_blocked, id=11244, stack(0x00000000289c0000,0x0000000028ac0000)]
=>0x000000002737f800 JavaThread "C2 CompilerThread0" daemon [_thread_in_native, id=20284, stack(0x00000000288c0000,0x00000000289c0000)]
  0x000000002737e000 JavaThread "Attach Listener" daemon [_thread_blocked, id=17436, stack(0x00000000287c0000,0x00000000288c0000)]
  0x000000002737b000 JavaThread "Signal Dispatcher" daemon [_thread_blocked, id=4764, stack(0x00000000286c0000,0x00000000287c0000)]
  0x0000000025c90000 JavaThread "Finalizer" daemon [_thread_blocked, id=1152, stack(0x00000000285c0000,0x00000000286c0000)]
  0x0000000025c89800 JavaThread "Reference Handler" daemon [_thread_blocked, id=19208, stack(0x00000000284c0000,0x00000000285c0000)]
  0x00000000028e5800 JavaThread "Client thread" [_thread_in_Java, id=1524, stack(0x0000000002730000,0x0000000002830000)]

Other Threads:
  0x0000000027341800 VMThread [stack: 0x00000000283c0000,0x00000000284c0000] [id=17736]
  0x00000000273c2000 WatcherThread [stack: 0x0000000028dc0000,0x0000000028ec0000] [id=17120]

VM state:not at safepoint (normal execution)

VM Mutex/Monitor currently owned by a thread: None

Heap:
 PSYoungGen      total 2451456K, used 1939997K [0x0000000715380000, 0x00000007c0000000, 0x00000007c0000000)
  eden space 2104832K, 75% used [0x0000000715380000,0x000000077678ad30,0x0000000795b00000)
  from space 346624K, 99% used [0x0000000795b00000,0x00000007aad7ca40,0x00000007aad80000)
  to   space 346624K, 0% used [0x00000007aad80000,0x00000007aad80000,0x00000007c0000000)
 ParOldGen       total 1227776K, used 830852K [0x00000005bfa00000, 0x000000060a900000, 0x0000000715380000)
  object space 1227776K, 67% used [0x00000005bfa00000,0x00000005f2561238,0x000000060a900000)
 Metaspace       used 134947K, capacity 137831K, committed 138240K, reserved 1165312K
  class space    used 22249K, capacity 23244K, committed 23296K, reserved 1048576K

Card table byte_map: [0x0000000011da0000,0x0000000012db0000] byte_map_base: 0x000000000efa3000

Marking Bits: (ParMarkBitMap*) 0x00000000572c4040
 Begin Bits: [0x0000000014260000, 0x000000001c278000)
 End Bits:   [0x000000001c278000, 0x0000000024290000)

Polling page: 0x0000000000b20000

CodeCache: size=245760Kb used=44748Kb max_used=44759Kb free=201011Kb
 bounds [0x00000000029e0000, 0x00000000055e0000, 0x00000000119e0000]
 total_blobs=12330 nmethods=11079 adapters=1162
 compilation: enabled

Compilation events (10 events):
Event: 68.791 Thread 0x0000000027372000 15970       4       pl.asie.foamfix.util.HashingStrategies$FloatArrayArray::equals (53 bytes)
Event: 68.792 Thread 0x0000000027387000 15971       3       gnu.trove.iterator.hash.TObjectHashIterator::objectAtIndex (28 bytes)
Event: 68.792 Thread 0x0000000027387000 nmethod 15971 0x00000000055bdfd0 code [0x00000000055be140, 0x00000000055be370]
Event: 68.793 Thread 0x0000000027372000 nmethod 15970 0x00000000055bc590 code [0x00000000055bc6e0, 0x00000000055bc8f8]
Event: 68.793 Thread 0x0000000027372000 15969       4       pl.asie.foamfix.util.HashingStrategies$FloatArrayArray::equals (13 bytes)
Event: 68.795 Thread 0x0000000027387000 15972       3       com.google.common.collect.ImmutableEnumMap::size (8 bytes)
Event: 68.795 Thread 0x0000000027387000 nmethod 15972 0x00000000055bc210 code [0x00000000055bc360, 0x00000000055bc4f0]
Event: 68.796 Thread 0x0000000027372000 nmethod 15969 0x00000000055bbb90 code [0x00000000055bbce0, 0x00000000055bbf58]
Event: 68.797 Thread 0x0000000027387000 15973       3       java.lang.invoke.MethodType::basicType (8 bytes)
Event: 68.797 Thread 0x0000000027387000 nmethod 15973 0x00000000055bb710 code [0x00000000055bb860, 0x00000000055bba50]

GC Heap History (10 events):
Event: 48.682 GC heap before
{Heap before GC invocations=35 (full 5):
 PSYoungGen      total 2545152K, used 2545149K [0x0000000715380000, 0x00000007c0000000, 0x00000007c0000000)
  eden space 2401792K, 100% used [0x0000000715380000,0x00000007a7d00000,0x00000007a7d00000)
  from space 143360K, 99% used [0x00000007a7d00000,0x00000007b08ff450,0x00000007b0900000)
  to   space 197120K, 0% used [0x00000007b3f80000,0x00000007b3f80000,0x00000007c0000000)
 ParOldGen       total 772096K, used 524592K [0x00000005bfa00000, 0x00000005eec00000, 0x0000000715380000)
  object space 772096K, 67% used [0x00000005bfa00000,0x00000005dfa4c308,0x00000005eec00000)
 Metaspace       used 132467K, capacity 135173K, committed 135680K, reserved 1161216K
  class space    used 22036K, capacity 22983K, committed 23040K, reserved 1048576K
Event: 48.792 GC heap after
Heap after GC invocations=35 (full 5):
 PSYoungGen      total 2498560K, used 197088K [0x0000000715380000, 0x00000007c0000000, 0x00000007c0000000)
  eden space 2301440K, 0% used [0x0000000715380000,0x0000000715380000,0x00000007a1b00000)
  from space 197120K, 99% used [0x00000007b3f80000,0x00000007bfff83c0,0x00000007c0000000)
  to   space 248320K, 0% used [0x00000007a1b00000,0x00000007a1b00000,0x00000007b0d80000)
 ParOldGen       total 772096K, used 574222K [0x00000005bfa00000, 0x00000005eec00000, 0x0000000715380000)
  object space 772096K, 74% used [0x00000005bfa00000,0x00000005e2ac38e0,0x00000005eec00000)
 Metaspace       used 132467K, capacity 135173K, committed 135680K, reserved 1161216K
  class space    used 22036K, capacity 22983K, committed 23040K, reserved 1048576K
}
Event: 52.019 GC heap before
{Heap before GC invocations=36 (full 5):
 PSYoungGen      total 2498560K, used 2498528K [0x0000000715380000, 0x00000007c0000000, 0x00000007c0000000)
  eden space 2301440K, 100% used [0x0000000715380000,0x00000007a1b00000,0x00000007a1b00000)
  from space 197120K, 99% used [0x00000007b3f80000,0x00000007bfff83c0,0x00000007c0000000)
  to   space 248320K, 0% used [0x00000007a1b00000,0x00000007a1b00000,0x00000007b0d80000)
 ParOldGen       total 772096K, used 574222K [0x00000005bfa00000, 0x00000005eec00000, 0x0000000715380000)
  object space 772096K, 74% used [0x00000005bfa00000,0x00000005e2ac38e0,0x00000005eec00000)
 Metaspace       used 132983K, capacity 135707K, committed 136192K, reserved 1163264K
  class space    used 22072K, capacity 23026K, committed 23040K, reserved 1048576K
Event: 52.139 GC heap after
Heap after GC invocations=36 (full 5):
 PSYoungGen      total 2549760K, used 248313K [0x0000000715380000, 0x00000007c0000000, 0x00000007c0000000)
  eden space 2301440K, 0% used [0x0000000715380000,0x0000000715380000,0x00000007a1b00000)
  from space 248320K, 99% used [0x00000007a1b00000,0x00000007b0d7e490,0x00000007b0d80000)
  to   space 248320K, 0% used [0x00000007b0d80000,0x00000007b0d80000,0x00000007c0000000)
 ParOldGen       total 772096K, used 713971K [0x00000005bfa00000, 0x00000005eec00000, 0x0000000715380000)
  object space 772096K, 92% used [0x00000005bfa00000,0x00000005eb33cf10,0x00000005eec00000)
 Metaspace       used 132983K, capacity 135707K, committed 136192K, reserved 1163264K
  class space    used 22072K, capacity 23026K, committed 23040K, reserved 1048576K
}
Event: 52.139 GC heap before
{Heap before GC invocations=37 (full 6):
 PSYoungGen      total 2549760K, used 248313K [0x0000000715380000, 0x00000007c0000000, 0x00000007c0000000)
  eden space 2301440K, 0% used [0x0000000715380000,0x0000000715380000,0x00000007a1b00000)
  from space 248320K, 99% used [0x00000007a1b00000,0x00000007b0d7e490,0x00000007b0d80000)
  to   space 248320K, 0% used [0x00000007b0d80000,0x00000007b0d80000,0x00000007c0000000)
 ParOldGen       total 772096K, used 713971K [0x00000005bfa00000, 0x00000005eec00000, 0x0000000715380000)
  object space 772096K, 92% used [0x00000005bfa00000,0x00000005eb33cf10,0x00000005eec00000)
 Metaspace       used 132983K, capacity 135707K, committed 136192K, reserved 1163264K
  class space    used 22072K, capacity 23026K, committed 23040K, reserved 1048576K
Event: 53.043 GC heap after
Heap after GC invocations=37 (full 6):
 PSYoungGen      total 2549760K, used 52899K [0x0000000715380000, 0x00000007c0000000, 0x00000007c0000000)
  eden space 2301440K, 0% used [0x0000000715380000,0x0000000715380000,0x00000007a1b00000)
  from space 248320K, 21% used [0x00000007a1b00000,0x00000007a4ea8dd8,0x00000007b0d80000)
  to   space 248320K, 0% used [0x00000007b0d80000,0x00000007b0d80000,0x00000007c0000000)
 ParOldGen       total 1227776K, used 771972K [0x00000005bfa00000, 0x000000060a900000, 0x0000000715380000)
  object space 1227776K, 62% used [0x00000005bfa00000,0x00000005eebe1190,0x000000060a900000)
 Metaspace       used 132983K, capacity 135707K, committed 136192K, reserved 1163264K
  class space    used 22072K, capacity 23026K, committed 23040K, reserved 1048576K
}
Event: 56.965 GC heap before
{Heap before GC invocations=38 (full 6):
 PSYoungGen      total 2549760K, used 2354339K [0x0000000715380000, 0x00000007c0000000, 0x00000007c0000000)
  eden space 2301440K, 100% used [0x0000000715380000,0x00000007a1b00000,0x00000007a1b00000)
  from space 248320K, 21% used [0x00000007a1b00000,0x00000007a4ea8dd8,0x00000007b0d80000)
  to   space 248320K, 0% used [0x00000007b0d80000,0x00000007b0d80000,0x00000007c0000000)
 ParOldGen       total 1227776K, used 771972K [0x00000005bfa00000, 0x000000060a900000, 0x0000000715380000)
  object space 1227776K, 62% used [0x00000005bfa00000,0x00000005eebe1190,0x000000060a900000)
 Metaspace       used 133214K, capacity 135905K, committed 136448K, reserved 1163264K
  class space    used 22081K, capacity 23027K, committed 23040K, reserved 1048576K
Event: 57.064 GC heap after
Heap after GC invocations=38 (full 6):
 PSYoungGen      total 2353152K, used 194793K [0x0000000715380000, 0x00000007c0000000, 0x00000007c0000000)
  eden space 2104832K, 0% used [0x0000000715380000,0x0000000715380000,0x0000000795b00000)
  from space 248320K, 78% used [0x00000007b0d80000,0x00000007bcbba4f0,0x00000007c0000000)
  to   space 346624K, 0% used [0x0000000795b00000,0x0000000795b00000,0x00000007aad80000)
 ParOldGen       total 1227776K, used 809036K [0x00000005bfa00000, 0x000000060a900000, 0x0000000715380000)
  object space 1227776K, 65% used [0x00000005bfa00000,0x00000005f1013190,0x000000060a900000)
 Metaspace       used 133214K, capacity 135905K, committed 136448K, reserved 1163264K
  class space    used 22081K, capacity 23027K, committed 23040K, reserved 1048576K
}
Event: 66.969 GC heap before
{Heap before GC invocations=39 (full 6):
 PSYoungGen      total 2353152K, used 2299625K [0x0000000715380000, 0x00000007c0000000, 0x00000007c0000000)
  eden space 2104832K, 100% used [0x0000000715380000,0x0000000795b00000,0x0000000795b00000)
  from space 248320K, 78% used [0x00000007b0d80000,0x00000007bcbba4f0,0x00000007c0000000)
  to   space 346624K, 0% used [0x0000000795b00000,0x0000000795b00000,0x00000007aad80000)
 ParOldGen       total 1227776K, used 809036K [0x00000005bfa00000, 0x000000060a900000, 0x0000000715380000)
  object space 1227776K, 65% used [0x00000005bfa00000,0x00000005f1013190,0x000000060a900000)
 Metaspace       used 134287K, capacity 137121K, committed 137344K, reserved 1163264K
  class space    used 22186K, capacity 23167K, committed 23168K, reserved 1048576K
Event: 67.061 GC heap after
Heap after GC invocations=39 (full 6):
 PSYoungGen      total 2451456K, used 346610K [0x0000000715380000, 0x00000007c0000000, 0x00000007c0000000)
  eden space 2104832K, 0% used [0x0000000715380000,0x0000000715380000,0x0000000795b00000)
  from space 346624K, 99% used [0x0000000795b00000,0x00000007aad7ca40,0x00000007aad80000)
  to   space 346624K, 0% used [0x00000007aad80000,0x00000007aad80000,0x00000007c0000000)
 ParOldGen       total 1227776K, used 830852K [0x00000005bfa00000, 0x000000060a900000, 0x0000000715380000)
  object space 1227776K, 67% used [0x00000005bfa00000,0x00000005f2561238,0x000000060a900000)
 Metaspace       used 134287K, capacity 137121K, committed 137344K, reserved 1163264K
  class space    used 22186K, capacity 23167K, committed 23168K, reserved 1048576K
}

Deoptimization events (10 events):
Event: 68.681 Thread 0x00000000028e5800 Uncommon trap: reason=class_check action=maybe_recompile pc=0x0000000002eb5070 method=com.google.common.collect.ImmutableSet$Indexed.iterator()Ljava/util/Iterator; @ 1
Event: 68.683 Thread 0x00000000028e5800 Uncommon trap: reason=bimorphic action=maybe_recompile pc=0x0000000004ce88a0 method=java.lang.invoke.MethodHandle.asType(Ljava/lang/invoke/MethodType;)Ljava/lang/invoke/MethodHandle; @ 24
Event: 68.684 Thread 0x00000000028e5800 Uncommon trap: reason=bimorphic action=maybe_recompile pc=0x0000000004ce88a0 method=java.lang.invoke.MethodHandle.asType(Ljava/lang/invoke/MethodType;)Ljava/lang/invoke/MethodHandle; @ 24
Event: 68.685 Thread 0x00000000028e5800 Uncommon trap: reason=unstable_if action=reinterpret pc=0x0000000005311f60 method=net.minecraftforge.client.model.MultiModelState$MultiModelPart.equals(Ljava/lang/Object;)Z @ 2
Event: 68.691 Thread 0x00000000028e5800 Uncommon trap: reason=class_check action=maybe_recompile pc=0x00000000054ea610 method=com.google.common.collect.AbstractMapBasedMultimap$KeySet$1.hasNext()Z @ 4
Event: 68.692 Thread 0x00000000028e5800 Uncommon trap: reason=class_check action=maybe_recompile pc=0x00000000054ea610 method=com.google.common.collect.AbstractMapBasedMultimap$KeySet$1.hasNext()Z @ 4
Event: 68.695 Thread 0x00000000028e5800 Uncommon trap: reason=class_check action=maybe_recompile pc=0x00000000054ea610 method=com.google.common.collect.AbstractMapBasedMultimap$KeySet$1.hasNext()Z @ 4
Event: 68.695 Thread 0x00000000028e5800 Uncommon trap: reason=class_check action=maybe_recompile pc=0x00000000054ea610 method=com.google.common.collect.AbstractMapBasedMultimap$KeySet$1.hasNext()Z @ 4
Event: 68.696 Thread 0x00000000028e5800 Uncommon trap: reason=unstable_if action=reinterpret pc=0x000000000451ab88 method=pl.asie.foamfix.client.Deduplicator.deduplicateObject(Ljava/lang/Object;I)Ljava/lang/Object; @ 1114
Event: 68.751 Thread 0x00000000028e5800 Uncommon trap: reason=unstable_if action=reinterpret pc=0x0000000004510540 method=net.minecraft.util.ResourceLocation.equals(Ljava/lang/Object;)Z @ 11

Internal exceptions (10 events):
Event: 42.441 Thread 0x000000002c803800 Exception <a 'java/lang/InterruptedException': sleep interrupted> (0x0000000734276810) thrown at [C:\re\workspace\8-2-build-windows-amd64-cygwin\jdk8u51\3951\hotspot\src\share\vm\prims\jvm.cpp, line 3211]
Event: 42.441 Thread 0x000000002c803800 Exception <a 'java/lang/InterruptedException': sleep interrupted> (0x0000000734276a10) thrown at [C:\re\workspace\8-2-build-windows-amd64-cygwin\jdk8u51\3951\hotspot\src\share\vm\prims\jvm.cpp, line 3211]
Event: 42.485 Thread 0x00000000028e5800 Exception <a 'java/lang/IncompatibleClassChangeError': Found class java.lang.Object, but interface was expected> (0x000000074350a630) thrown at [C:\re\workspace\8-2-build-windows-amd64-cygwin\jdk8u51\3951\hotspot\src\share\vm\interpreter\linkResolver.cpp, _òš².¢F@
Event: 45.267 Thread 0x00000000028e5800 Implicit null exception at 0x0000000004db5202 to 0x0000000004db6a8d
Event: 48.177 Thread 0x00000000028e5800 Exception <a 'java/io/FileNotFoundException'> (0x000000079ec9ff30) thrown at [C:\re\workspace\8-2-build-windows-amd64-cygwin\jdk8u51\3951\hotspot\src\share\vm\prims\jni.cpp, line 709]
Event: 54.164 Thread 0x00000000028e5800 Implicit null exception at 0x000000000496493c to 0x0000000004964ad1
Event: 65.840 Thread 0x00000000028e5800 Exception <a 'java/lang/NoSuchMethodError': java.lang.Object.lambda$makeTexture$0(I)[Lnet/minecraft/client/renderer/texture/TextureAtlasSprite;> (0x00000007643d99c0) thrown at [C:\re\workspace\8-2-build-windows-amd64-cygwin\jdk8u51\3951\hotspot\src\share\vuŸÒwmwP@
Event: 65.866 Thread 0x00000000028e5800 Exception <a 'java/lang/IncompatibleClassChangeError': Found class java.lang.Object, but interface was expected> (0x0000000764e03938) thrown at [C:\re\workspace\8-2-build-windows-amd64-cygwin\jdk8u51\3951\hotspot\src\share\vm\interpreter\linkResolver.cpp, |þÅ}uwP@
Event: 65.867 Thread 0x00000000028e5800 Exception <a 'java/lang/IncompatibleClassChangeError': Found class java.lang.Object, but interface was expected> (0x0000000764e09b28) thrown at [C:\re\workspace\8-2-build-windows-amd64-cygwin\jdk8u51\3951\hotspot\src\share\vm\interpreter\linkResolver.cpp, 7q½7"Q@
Event: 68.535 Thread 0x00000000028e5800 Implicit null exception at 0x000000000537e01d to 0x0000000005380601

Events (10 events):
Event: 68.696 Thread 0x00000000028e5800 Uncommon trap: trap_request=0xffffff65 fr.pc=0x000000000451ab88
Event: 68.696 Thread 0x00000000028e5800 DEOPT PACKING pc=0x000000000451ab88 sp=0x000000000282d0b0
Event: 68.696 Thread 0x00000000028e5800 DEOPT UNPACKING pc=0x0000000002a2582a sp=0x000000000282d050 mode 2
Event: 68.717 loading class gnu/trove/map/hash/THashMap$KeyView
Event: 68.717 loading class gnu/trove/map/hash/THashMap$KeyView done
Event: 68.722 loading class net/optifine/shaders/MultiTexID
Event: 68.722 loading class net/optifine/shaders/MultiTexID done
Event: 68.751 Thread 0x00000000028e5800 Uncommon trap: trap_request=0xffffff65 fr.pc=0x0000000004510540
Event: 68.751 Thread 0x00000000028e5800 DEOPT PACKING pc=0x0000000004510540 sp=0x000000000282cc10
Event: 68.751 Thread 0x00000000028e5800 DEOPT UNPACKING pc=0x0000000002a2582a sp=0x000000000282cba0 mode 2


Dynamic libraries:
0x00007ff760e00000 - 0x00007ff760e37000 	C:\Users\Zakarail\Twitch\Minecraft\Install\runtime\jre-x64\bin\javaw.exe
0x00007ffd1aa60000 - 0x00007ffd1ac4d000 	C:\WINDOWS\SYSTEM32\ntdll.dll
0x00007ffd12e00000 - 0x00007ffd12e14000 	C:\Program Files\AVAST Software\Avast\aswhook.dll
0x00007ffd1a7f0000 - 0x00007ffd1a8a3000 	C:\WINDOWS\System32\KERNEL32.DLL
0x00007ffd17130000 - 0x00007ffd173c3000 	C:\WINDOWS\System32\KERNELBASE.dll
0x00007ffd19aa0000 - 0x00007ffd19b43000 	C:\WINDOWS\System32\ADVAPI32.dll
0x00007ffd19c90000 - 0x00007ffd19d2e000 	C:\WINDOWS\System32\msvcrt.dll
0x00007ffd1a510000 - 0x00007ffd1a5ae000 	C:\WINDOWS\System32\sechost.dll
0x00007ffd19b50000 - 0x00007ffd19c72000 	C:\WINDOWS\System32\RPCRT4.dll
0x00007ffd18370000 - 0x00007ffd18507000 	C:\WINDOWS\System32\USER32.dll
0x00007ffd16bc0000 - 0x00007ffd16be0000 	C:\WINDOWS\System32\win32u.dll
0x00007ffd17d60000 - 0x00007ffd17d89000 	C:\WINDOWS\System32\GDI32.dll
0x00007ffd16f30000 - 0x00007ffd170c9000 	C:\WINDOWS\System32\gdi32full.dll
0x00007ffd16cb0000 - 0x00007ffd16d50000 	C:\WINDOWS\System32\msvcp_win.dll
0x00007ffd17c00000 - 0x00007ffd17cfa000 	C:\WINDOWS\System32\ucrtbase.dll
0x00007ffd0aac0000 - 0x00007ffd0ad39000 	C:\WINDOWS\WinSxS\amd64_microsoft.windows.common-controls_6595b64144ccf1df_6.0.17763.864_none_05b3441807210760\COMCTL32.dll
0x00007ffd19d90000 - 0x00007ffd1a0bc000 	C:\WINDOWS\System32\combase.dll
0x00007ffd16be0000 - 0x00007ffd16c5e000 	C:\WINDOWS\System32\bcryptPrimitives.dll
0x00007ffd17d90000 - 0x00007ffd17dbe000 	C:\WINDOWS\System32\IMM32.DLL
0x0000000057350000 - 0x0000000057422000 	C:\Users\Zakarail\Twitch\Minecraft\Install\runtime\jre-x64\bin\msvcr100.dll
0x0000000056ac0000 - 0x0000000057343000 	C:\Users\Zakarail\Twitch\Minecraft\Install\runtime\jre-x64\bin\server\jvm.dll
0x00007ffd1a5b0000 - 0x00007ffd1a5b8000 	C:\WINDOWS\System32\PSAPI.DLL
0x00007ffd08830000 - 0x00007ffd08839000 	C:\WINDOWS\SYSTEM32\WSOCK32.dll
0x00007ffd18510000 - 0x00007ffd1857d000 	C:\WINDOWS\System32\WS2_32.dll
0x00007ffd14b40000 - 0x00007ffd14b64000 	C:\WINDOWS\SYSTEM32\WINMM.dll
0x00007ffd10e00000 - 0x00007ffd10e0a000 	C:\WINDOWS\SYSTEM32\VERSION.dll
0x00007ffd14b10000 - 0x00007ffd14b3d000 	C:\WINDOWS\SYSTEM32\WINMMBASE.dll
0x00007ffd16c60000 - 0x00007ffd16caa000 	C:\WINDOWS\System32\cfgmgr32.dll
0x0000000056ab0000 - 0x0000000056abf000 	C:\Users\Zakarail\Twitch\Minecraft\Install\runtime\jre-x64\bin\verify.dll
0x0000000056a80000 - 0x0000000056aa9000 	C:\Users\Zakarail\Twitch\Minecraft\Install\runtime\jre-x64\bin\java.dll
0x0000000056a60000 - 0x0000000056a76000 	C:\Users\Zakarail\Twitch\Minecraft\Install\runtime\jre-x64\bin\zip.dll
0x00007ffd185a0000 - 0x00007ffd19a94000 	C:\WINDOWS\System32\SHELL32.dll
0x00007ffd1a740000 - 0x00007ffd1a7e8000 	C:\WINDOWS\System32\shcore.dll
0x00007ffd174b0000 - 0x00007ffd17bfd000 	C:\WINDOWS\System32\windows.storage.dll
0x00007ffd16ad0000 - 0x00007ffd16af4000 	C:\WINDOWS\System32\profapi.dll
0x00007ffd16b00000 - 0x00007ffd16b5d000 	C:\WINDOWS\System32\powrprof.dll
0x00007ffd1a280000 - 0x00007ffd1a2d2000 	C:\WINDOWS\System32\shlwapi.dll
0x00007ffd16b80000 - 0x00007ffd16b91000 	C:\WINDOWS\System32\kernel.appcore.dll
0x00007ffd16ba0000 - 0x00007ffd16bb7000 	C:\WINDOWS\System32\cryptsp.dll
0x0000000056a50000 - 0x0000000056a5d000 	C:\Users\Zakarail\Twitch\Minecraft\Install\runtime\jre-x64\bin\management.dll
0x0000000056a30000 - 0x0000000056a4a000 	C:\Users\Zakarail\Twitch\Minecraft\Install\runtime\jre-x64\bin\net.dll
0x00007ffd16340000 - 0x00007ffd163a7000 	C:\WINDOWS\system32\mswsock.dll
0x00007ffcfab80000 - 0x00007ffcfab96000 	C:\WINDOWS\system32\napinsp.dll
0x00007ffcf9cb0000 - 0x00007ffcf9cca000 	C:\WINDOWS\system32\pnrpnsp.dll
0x00007ffd160a0000 - 0x00007ffd16166000 	C:\WINDOWS\SYSTEM32\DNSAPI.dll
0x00007ffd19c80000 - 0x00007ffd19c88000 	C:\WINDOWS\System32\NSI.dll
0x00007ffd16060000 - 0x00007ffd1609d000 	C:\WINDOWS\SYSTEM32\IPHLPAPI.DLL
0x00007ffcfab70000 - 0x00007ffcfab7e000 	C:\WINDOWS\System32\winrnr.dll
0x00007ffd13370000 - 0x00007ffd1338b000 	C:\WINDOWS\system32\NLAapi.dll
0x00007ffcf9c90000 - 0x00007ffcf9ca5000 	C:\WINDOWS\system32\wshbth.dll
0x00007ffd09960000 - 0x00007ffd0996a000 	C:\Windows\System32\rasadhlp.dll
0x00007ffd09990000 - 0x00007ffd09a09000 	C:\WINDOWS\System32\fwpuclnt.dll
0x00007ffd17480000 - 0x00007ffd174a6000 	C:\WINDOWS\System32\bcrypt.dll
0x0000000056a10000 - 0x0000000056a21000 	C:\Users\Zakarail\Twitch\Minecraft\Install\runtime\jre-x64\bin\nio.dll
0x00000000569e0000 - 0x0000000056a04000 	C:\Users\Zakarail\Twitch\Minecraft\Install\runtime\jre-x64\bin\sunec.dll
0x00007ffd15ec0000 - 0x00007ffd15ef3000 	C:\WINDOWS\system32\rsaenh.dll
0x00007ffd16a00000 - 0x00007ffd16a28000 	C:\WINDOWS\SYSTEM32\USERENV.dll
0x00007ffd16510000 - 0x00007ffd1651c000 	C:\WINDOWS\SYSTEM32\CRYPTBASE.dll
0x00007ffd0e710000 - 0x00007ffd0e726000 	C:\WINDOWS\SYSTEM32\dhcpcsvc6.DLL
0x00007ffd0efe0000 - 0x00007ffd0effc000 	C:\WINDOWS\SYSTEM32\dhcpcsvc.DLL
0x00000000569c0000 - 0x00000000569d7000 	C:\Users\Zakarail\Twitch\Minecraft\Install\runtime\jre-x64\bin\unpack.dll
0x0000000180000000 - 0x0000000180053000 	C:\Users\Zakarail\Twitch\Minecraft\Install\bin\2a86-5063-0b69-288c\lwjgl64.dll
0x00007ffce6870000 - 0x00007ffce6997000 	C:\WINDOWS\SYSTEM32\OPENGL32.dll
0x00007ffd08ff0000 - 0x00007ffd0901c000 	C:\WINDOWS\SYSTEM32\GLU32.dll
0x0000000056820000 - 0x00000000569b8000 	C:\Users\Zakarail\Twitch\Minecraft\Install\runtime\jre-x64\bin\awt.dll
0x00007ffd1a670000 - 0x00007ffd1a734000 	C:\WINDOWS\System32\OLEAUT32.dll
0x00007ffd14d70000 - 0x00007ffd14dfc000 	C:\WINDOWS\SYSTEM32\apphelp.dll
0x00007ffd150a0000 - 0x00007ffd1513c000 	C:\WINDOWS\system32\uxtheme.dll
0x00007ffd1a8c0000 - 0x00007ffd1aa2c000 	C:\WINDOWS\System32\MSCTF.dll
0x00007ffd15190000 - 0x00007ffd151be000 	C:\WINDOWS\system32\dwmapi.dll
0x00007ffd16d50000 - 0x00007ffd16f2b000 	C:\WINDOWS\System32\CRYPT32.dll
0x00007ffd16b60000 - 0x00007ffd16b72000 	C:\WINDOWS\System32\MSASN1.dll
0x00007ffd089d0000 - 0x00007ffd08a65000 	C:\WINDOWS\System32\TextInputFramework.dll
0x00007ffd124f0000 - 0x00007ffd12812000 	C:\WINDOWS\System32\CoreUIComponents.dll
0x00007ffd146c0000 - 0x00007ffd147a2000 	C:\WINDOWS\System32\CoreMessaging.dll
0x00007ffd15b40000 - 0x00007ffd15b71000 	C:\WINDOWS\SYSTEM32\ntmarta.dll
0x00007ffd12b50000 - 0x00007ffd12ca3000 	C:\WINDOWS\SYSTEM32\wintypes.dll
0x00000000540c0000 - 0x0000000056811000 	C:\WINDOWS\System32\DriverStore\FileRepository\nv_dispi.inf_amd64_db678424d2641c3d\nvoglv64.dll
0x00007ffd17dc0000 - 0x00007ffd18236000 	C:\WINDOWS\System32\SETUPAPI.dll
0x00007ffd1a0c0000 - 0x00007ffd1a215000 	C:\WINDOWS\System32\ole32.dll
0x00007ffd136b0000 - 0x00007ffd136c3000 	C:\WINDOWS\SYSTEM32\WTSAPI32.dll
0x00007ffd168e0000 - 0x00007ffd16909000 	C:\WINDOWS\SYSTEM32\DEVOBJ.dll
0x00007ffd170d0000 - 0x00007ffd17129000 	C:\WINDOWS\System32\WINTRUST.dll
0x00007ffcda810000 - 0x00007ffcdaab7000 	C:\WINDOWS\system32\nvspcap64.dll
0x00007ffd0e360000 - 0x00007ffd0e54d000 	C:\WINDOWS\SYSTEM32\dbghelp.dll
0x00007ffd0bb30000 - 0x00007ffd0bb5a000 	C:\WINDOWS\SYSTEM32\dbgcore.DLL
0x00007ffd0afb0000 - 0x00007ffd0b05d000 	C:\WINDOWS\SYSTEM32\mscms.dll
0x00007ffd0afa0000 - 0x00007ffd0afb0000 	C:\WINDOWS\SYSTEM32\ColorAdapterClient.dll
0x00007ffcfec70000 - 0x00007ffcfecb3000 	C:\WINDOWS\SYSTEM32\icm32.dll
0x00007ffd15bb0000 - 0x00007ffd15c08000 	C:\WINDOWS\SYSTEM32\WINSTA.dll
0x00007ffcfb9a0000 - 0x00007ffcfb9e2000 	C:\Users\Zakarail\AppData\Local\Temp\jna-1284044783\jna1754414844635232227.dll
0x0000000031360000 - 0x00000000313c4000 	C:\Users\Zakarail\Twitch\Minecraft\Install\bin\2a86-5063-0b69-288c\OpenAL64.dll
0x00007ffd1a5c0000 - 0x00007ffd1a662000 	C:\WINDOWS\System32\clbcatq.dll
0x00007ffd10d80000 - 0x00007ffd10df0000 	C:\WINDOWS\System32\MMDevApi.dll
0x00007ffd134d0000 - 0x00007ffd13679000 	C:\WINDOWS\System32\PROPSYS.dll
0x00007ffcf9e80000 - 0x00007ffcf9f16000 	C:\WINDOWS\SYSTEM32\dsound.dll
0x00007ffcf20b0000 - 0x00007ffcf21f8000 	C:\WINDOWS\SYSTEM32\AUDIOSES.DLL
0x00007ffd12b00000 - 0x00007ffd12b0a000 	C:\WINDOWS\SYSTEM32\AVRT.dll
0x00007ffd15400000 - 0x00007ffd15414000 	C:\WINDOWS\SYSTEM32\resourcepolicyclient.dll

VM Arguments:
jvm_args: -Dos.name=Windows 10 -Dos.version=10.0 -XX:HeapDumpPath=MojangTricksIntelDriversForPerformance_javaw.exe_minecraft.exe.heapdump -Djava.library.path=C:\Users\Zakarail\Twitch\Minecraft\Install\bin\2a86-5063-0b69-288c -Dminecraft.launcher.brand=minecraft-launcher -Dminecraft.launcher.version=2.1.9616 -Dminecraft.client.jar=C:\Users\Zakarail\Twitch\Minecraft\Install\versions\1.12.2\1.12.2.jar -Xmx8198m -Xms256m -XX:PermSize=256m -Dminecraft.applet.TargetDirectory=C:\Users\Zakarail\Twitch\Minecraft\Instances\Quest of Ages -Dfml.ignorePatchDiscrepancies=true -Dfml.ignoreInvalidMinecraftCertificates=true -Duser.language=en -Duser.country=US -Dlog4j.configurationFile=C:\Users\Zakarail\Twitch\Minecraft\Install\assets\log_configs\client-1.12.xml 
java_command: net.minecraft.launchwrapper.Launch --username Zakarail --version forge-14.23.5.2847 --gameDir C:\Users\Zakarail\Twitch\Minecraft\Instances\Quest of Ages --assetsDir C:\Users\Zakarail\Twitch\Minecraft\Install\assets --assetIndex 1.12 --uuid 77addc813bf74eacb38ad4795525b80d --accessToken eyJhbGciOiJIUzI1NiJ9.eyJzdWIiOiJjYTlhMDYwY2E0MGI0ODM2OGI1NGJhMjdlYjVmYjc0MyIsIm5iZiI6MTU3NDU0MzcxMSwieWdndCI6IjFjNjcxYjlkOWM2MDQ0YmZiZTk5NjliOGVlODhiYTM2Iiwic3ByIjoiNzdhZGRjODEzYmY3NGVhY2IzOGFkNDc5NTUyNWI4MGQiLCJyb2xlcyI6W10sImlzcyI6ImludGVybmFsLWF1dGhlbnRpY2F0aW9uIiwiZXhwIjoxNTc0NzE2NTExLCJpYXQiOjE1NzQ1NDM3MTF9.riT9U3eWAnWl5eL6iiNIEDxGMbQq8_MLaf1QB4NFpCo --userType mojang --tweakClass net.minecraftforge.fml.common.launcher.FMLTweaker --versionType Forge --width 1024 --height 768
java_class_path (initial): C:\Users\Zakarail\Twitch\Minecraft\Install\libraries\net\minecraftforge\forge\1.12.2-14.23.5.2847\forge-1.12.2-14.23.5.2847.jar;C:\Users\Zakarail\Twitch\Minecraft\Install\libraries\net\minecraft\launchwrapper\1.12\launchwrapper-1.12.jar;C:\Users\Zakarail\Twitch\Minecraft\Install\libraries\org\ow2\asm\asm-all\5.2\asm-all-5.2.jar;C:\Users\Zakarail\Twitch\Minecraft\Install\libraries\org\jline\jline\3.5.1\jline-3.5.1.jar;C:\Users\Zakarail\Twitch\Minecraft\Install\libraries\net\java\dev\jna\jna\4.4.0\jna-4.4.0.jar;C:\Users\Zakarail\Twitch\Minecraft\Install\libraries\com\typesafe\akka\akka-actor_2.11\2.3.3\akka-actor_2.11-2.3.3.jar;C:\Users\Zakarail\Twitch\Minecraft\Install\libraries\com\typesafe\config\1.2.1\config-1.2.1.jar;C:\Users\Zakarail\Twitch\Minecraft\Install\libraries\org\scala-lang\scala-actors-migration_2.11\1.1.0\scala-actors-migration_2.11-1.1.0.jar;C:\Users\Zakarail\Twitch\Minecraft\Install\libraries\org\scala-lang\scala-compiler\2.11.1\scala-compiler-2.11.1.jar;C:\Users\Zakarail\Twitch\Minecraft\Install\libraries\org\scala-lang\plugins\scala-continuations-library_2.11\1.0.2\scala-continuations-library_2.11-1.0.2.jar;C:\Users\Zakarail\Twitch\Minecraft\Install\libraries\org\scala-lang\plugins\scala-continuations-plugin_2.11.1\1.0.2\scala-continuations-plugin_2.11.1-1.0.2.jar;C:\Users\Zakarail\Twitch\Minecraft\Install\libraries\org\scala-lang\scala-library\2.11.1\scala-library-2.11.1.jar;C:\Users\Zakarail\Twitch\Minecraft\Install\libraries\org\scala-lang\scala-parser-combinators_2.11\1.0.1\scala-parser-combinators_2.11-1.0.1.jar;C:\Users\Zakarail\Twitch\Minecraft\Install\libraries\org\scala-lang\scala-reflect\2.11.1\scala-reflect-2.11.1.jar;C:\Users\Zakarail\Twitch\Minecraft\Install\libraries\org\scala-lang\scala-swing_2.11\1.0.1\scala-swing_2.11-1.0.1.jar;C:\Users\Zakarail\Twitch\Minecraft\Install\libraries\org\scala-lang\scala-xml_2.11\1.0.2\scala-xml_2.11-1.0.2.jar;C:\Users\Zakarail\Twitch\Minecraft\Install\libraries\lzma\lzma\
Launcher Type: SUN_STANDARD

Environment Variables:
JAVA_HOME=C:\Program Files\Java\jdk-12
JRE_HOME=C:\Program Files\Java\jdk-12
PATH=C:\Windows\system32;C:\Windows;C:\Windows\System32\Wbem;C:\Windows\System32\WindowsPowerShell\v1.0\;C:\Program Files (x86)\NVIDIA Corporation\PhysX\Common;C:\Program Files\NVIDIA Corporation\NVIDIA NvDLISR;C:\WINDOWS\system32;C:\WINDOWS;C:\WINDOWS\System32\Wbem;C:\WINDOWS\System32\WindowsPowerShell\v1.0\;C:\WINDOWS\System32\OpenSSH\;C:\Program Files\Java\jdk-12\bin;C:\Program Files\Java\jdk-12\bin;C:\Program Files\Git\cmd;C:\Program Files\nodejs\;C:\Program Files\TortoiseGit\bin;C:\Users\Zakarail\AppData\Local\Microsoft\WindowsApps;;C:\Users\Zakarail\AppData\Local\Programs\Microsoft VS Code\bin;C:\Users\Zakarail\AppData\Roaming\npm
USERNAME=Zakarail
OS=Windows_NT
PROCESSOR_IDENTIFIER=Intel64 Family 6 Model 63 Stepping 2, GenuineIntel



---------------  S Y S T E M  ---------------

OS: Windows 10.0 , 64 bit Build 17763 (10.0.17763.475)

CPU:total 12 (6 cores per cpu, 2 threads per core) family 6 model 63 stepping 2, cmov, cx8, fxsr, mmx, sse, sse2, sse3, ssse3, sse4.1, sse4.2, popcnt, avx, avx2, aes, clmul, erms, lzcnt, ht, tsc, tscinvbit, bmi1, bmi2

Memory: 4k page, physical 33472580k(22751592k free), swap 38453316k(23679688k free)

vm_info: Java HotSpot(TM) 64-Bit Server VM (25.51-b03) for windows-amd64 JRE (1.8.0_51-b16), built on Jun  8 2015 18:03:07 by "java_re" with MS VC++ 10.0 (VS2010)

time: Sun Nov 24 09:24:54 2019
elapsed time: 68 seconds (0d 0h 1m 8s)

