#
# A fatal error has been detected by the Java Runtime Environment:
#
#  EXCEPTION_ACCESS_VIOLATION (0xc0000005) at pc=0x000000005964623f, pid=24340, tid=14344
#
# JRE version: Java(TM) SE Runtime Environment (8.0_51-b16) (build 1.8.0_51-b16)
# Java VM: Java HotSpot(TM) 64-Bit Server VM (25.51-b03 mixed mode windows-amd64 compressed oops)
# Problematic frame:
# V  [jvm.dll+0x4b623f]
#
# Failed to write core dump. Minidumps are not enabled by default on client versions of Windows
#
# If you would like to submit a bug report, please visit:
#   http://bugreport.java.com/bugreport/crash.jsp
#

---------------  T H R E A D  ---------------

Current thread (0x0000000027943000):  JavaThread "C2 CompilerThread2" daemon [_thread_in_native, id=14344, stack(0x00000000290a0000,0x00000000291a0000)]

siginfo: ExceptionCode=0xc0000005, reading address 0x0000000000000008

Registers:
RAX=0x0000000000000000, RBX=0x0000000000000000, RCX=0x000000002e1a34f0, RDX=0x0000000000008000
RSP=0x000000002919b6d0, RBP=0x00000000519a9a98, RSI=0x000000002e1a34f0, RDI=0x000000002919bba0
R8 =0x0000000000000000, R9 =0x000000002e64ab30, R10=0x000000002919bba0, R11=0x00000000500a6a90
R12=0x000000003278ff50, R13=0x00000000468cec80, R14=0x000000002919b7b8, R15=0x000000002919b7d8
RIP=0x000000005964623f, EFLAGS=0x0000000000010202

Top of Stack: (sp=0x000000002919b6d0)
0x000000002919b6d0:   000000002990dd50 00000000519a9a98
0x000000002919b6e0:   000000002ebafdb0 000000002919bba0
0x000000002919b6f0:   00000000519a9a98 000000002919b828
0x000000002919b700:   000000002919b880 0000000059647a49
0x000000002919b710:   000000002990dd50 0000000000000670
0x000000002919b720:   0000000000000002 000000002e1a34f0
0x000000002919b730:   000000002919c570 000000005967a2b0
0x000000002919b740:   000000002a20b7c0 000000002793f420
0x000000002919b750:   000000002c26a8e0 000000002919b880
0x000000002919b760:   000000002793f420 0000000000000000
0x000000002919b770:   000000002919bba0 000000005964992f
0x000000002919b780:   000000002919bba0 0000000000000001
0x000000002919b790:   0000000000000002 000000002c26a8e0
0x000000002919b7a0:   000000002a20b810 000000002a2137a8
0x000000002919b7b0:   0000000000225d38 000000002793f420
0x000000002919b7c0:   0000000000000800 0000000054697930 

Instructions: (pc=0x000000005964623f)
0x000000005964621f:   4c 89 64 24 50 4c 8b e0 4c 3b e8 0f 84 4f 01 00
0x000000005964622f:   00 44 8b 43 28 4c 8b 8f f0 09 00 00 4b 8b 1c c1
0x000000005964623f:   48 8b 43 08 48 83 38 00 75 2a 8b 57 28 0f 1f 40
0x000000005964624f:   00 8b 43 28 3b c2 73 0c 8b c8 48 8b 47 30 48 8b 


Register to memory mapping:

RAX=0x0000000000000000 is an unknown value
RBX=0x0000000000000000 is an unknown value
RCX=0x000000002e1a34f0 is an unknown value
RDX=0x0000000000008000 is an unknown value
RSP=0x000000002919b6d0 is pointing into the stack for thread: 0x0000000027943000
RBP=0x00000000519a9a98 is an unknown value
RSI=0x000000002e1a34f0 is an unknown value
RDI=0x000000002919bba0 is pointing into the stack for thread: 0x0000000027943000
R8 =0x0000000000000000 is an unknown value
R9 =0x000000002e64ab30 is an unknown value
R10=0x000000002919bba0 is pointing into the stack for thread: 0x0000000027943000
R11=0x00000000500a6a90 is an unknown value
R12=0x000000003278ff50 is an unknown value
R13=0x00000000468cec80 is an unknown value
R14=0x000000002919b7b8 is pointing into the stack for thread: 0x0000000027943000
R15=0x000000002919b7d8 is pointing into the stack for thread: 0x0000000027943000


Stack: [0x00000000290a0000,0x00000000291a0000],  sp=0x000000002919b6d0,  free space=1005k
Native frames: (J=compiled Java code, j=interpreted, Vv=VM code, C=native code)
V  [jvm.dll+0x4b623f]
V  [jvm.dll+0x4b7a49]
V  [jvm.dll+0x4b992f]
V  [jvm.dll+0x46c011]
V  [jvm.dll+0x46cd4e]
V  [jvm.dll+0x4501a2]
V  [jvm.dll+0xa43a2]
V  [jvm.dll+0xa4cdf]
V  [jvm.dll+0x2418a4]
V  [jvm.dll+0x29846a]
C  [msvcr100.dll+0x21d9f]
C  [msvcr100.dll+0x21e3b]
C  [KERNEL32.DLL+0x17974]
C  [ntdll.dll+0x6a271]


Current CompileTask:
C2:  73592 16216       4       pl.asie.foamfix.client.Deduplicator::deduplicate0 (459 bytes)


---------------  P R O C E S S  ---------------

Java Threads: ( => current thread )
  0x000000004678b000 JavaThread "Thread-8" [_thread_blocked, id=11112, stack(0x000000004e580000,0x000000004e680000)]
  0x000000004678c000 JavaThread "Thread-7" [_thread_blocked, id=1040, stack(0x000000004db70000,0x000000004dc70000)]
  0x0000000046788000 JavaThread "pool-3-thread-1" [_thread_blocked, id=19772, stack(0x000000004bf70000,0x000000004c070000)]
  0x0000000046789000 JavaThread "C&B Model Cache Cleanup" [_thread_blocked, id=8236, stack(0x000000004b650000,0x000000004b750000)]
  0x0000000046791000 JavaThread "Weather2 Foliage Enhancer" [_thread_blocked, id=3264, stack(0x0000000049550000,0x0000000049650000)]
  0x000000004678a800 JavaThread "Weather2 Scene Enhancer" [_thread_blocked, id=16012, stack(0x0000000049450000,0x0000000049550000)]
  0x000000004678f000 JavaThread "ForkJoinPool.commonPool-worker-15" daemon [_thread_blocked, id=7252, stack(0x0000000048950000,0x0000000048a50000)]
  0x0000000032af2000 JavaThread "ForkJoinPool.commonPool-worker-4" daemon [_thread_blocked, id=24376, stack(0x0000000048650000,0x0000000048750000)]
  0x00000000314af800 JavaThread "ForkJoinPool.commonPool-worker-2" daemon [_thread_blocked, id=2336, stack(0x0000000048450000,0x0000000048550000)]
  0x000000002a68e800 JavaThread "ForkJoinPool.commonPool-worker-9" daemon [_thread_blocked, id=12148, stack(0x0000000048350000,0x0000000048450000)]
  0x000000002fea3800 JavaThread "LWJGL Timer" daemon [_thread_blocked, id=12252, stack(0x0000000047e50000,0x0000000047f50000)]
  0x000000002eb9c800 JavaThread "Thread-3" [_thread_in_native, id=13268, stack(0x0000000043af0000,0x0000000043bf0000)]
  0x000000002aae8800 JavaThread "Java2D Disposer" daemon [_thread_blocked, id=13120, stack(0x00000000365e0000,0x00000000366e0000)]
  0x000000002fb5e000 JavaThread "Timer hack thread" daemon [_thread_blocked, id=6760, stack(0x00000000364e0000,0x00000000365e0000)]
  0x000000002a52b000 JavaThread "Snooper Timer" daemon [_thread_blocked, id=23928, stack(0x000000002cbc0000,0x000000002ccc0000)]
  0x00000000279ce800 JavaThread "Service Thread" daemon [_thread_blocked, id=14320, stack(0x00000000292a0000,0x00000000293a0000)]
  0x0000000027943800 JavaThread "C1 CompilerThread3" daemon [_thread_blocked, id=18756, stack(0x00000000291a0000,0x00000000292a0000)]
=>0x0000000027943000 JavaThread "C2 CompilerThread2" daemon [_thread_in_native, id=14344, stack(0x00000000290a0000,0x00000000291a0000)]
  0x000000002793c000 JavaThread "C2 CompilerThread1" daemon [_thread_blocked, id=19992, stack(0x0000000028fa0000,0x00000000290a0000)]
  0x0000000027938000 JavaThread "C2 CompilerThread0" daemon [_thread_in_native, id=19908, stack(0x0000000028ea0000,0x0000000028fa0000)]
  0x0000000027932800 JavaThread "Attach Listener" daemon [_thread_blocked, id=23252, stack(0x0000000028da0000,0x0000000028ea0000)]
  0x000000002792f000 JavaThread "Signal Dispatcher" daemon [_thread_blocked, id=20860, stack(0x0000000028ca0000,0x0000000028da0000)]
  0x000000002623f800 JavaThread "Finalizer" daemon [_thread_blocked, id=23624, stack(0x0000000028ba0000,0x0000000028ca0000)]
  0x0000000026238800 JavaThread "Reference Handler" daemon [_thread_blocked, id=21868, stack(0x0000000028aa0000,0x0000000028ba0000)]
  0x0000000002e95800 JavaThread "Client thread" [_thread_in_vm, id=21368, stack(0x0000000002d90000,0x0000000002e90000)]

Other Threads:
  0x0000000027902800 VMThread [stack: 0x00000000289a0000,0x0000000028aa0000] [id=18576]
  0x00000000279d0000 WatcherThread [stack: 0x00000000293a0000,0x00000000294a0000] [id=22708]

VM state:not at safepoint (normal execution)

VM Mutex/Monitor currently owned by a thread: None

Heap:
 PSYoungGen      total 2054656K, used 702614K [0x0000000715380000, 0x00000007c0000000, 0x00000007c0000000)
  eden space 1616384K, 16% used [0x0000000715380000,0x00000007255a96f8,0x0000000777e00000)
  from space 438272K, 99% used [0x00000007a5400000,0x00000007bfffc1b8,0x00000007c0000000)
  to   space 590848K, 0% used [0x0000000777e00000,0x0000000777e00000,0x000000079bf00000)
 ParOldGen       total 1213440K, used 810264K [0x00000005bfa00000, 0x0000000609b00000, 0x0000000715380000)
  object space 1213440K, 66% used [0x00000005bfa00000,0x00000005f1146030,0x0000000609b00000)
 Metaspace       used 137629K, capacity 140527K, committed 141004K, reserved 1167360K
  class space    used 22740K, capacity 23722K, committed 23808K, reserved 1048576K

Card table byte_map: [0x0000000012350000,0x0000000013360000] byte_map_base: 0x000000000f553000

Marking Bits: (ParMarkBitMap*) 0x0000000059994040
 Begin Bits: [0x0000000014810000, 0x000000001c828000)
 End Bits:   [0x000000001c828000, 0x0000000024840000)

Polling page: 0x0000000000bf0000

CodeCache: size=245760Kb used=44615Kb max_used=44625Kb free=201144Kb
 bounds [0x0000000002f90000, 0x0000000005b70000, 0x0000000011f90000]
 total_blobs=12496 nmethods=11231 adapters=1176
 compilation: enabled

Compilation events (10 events):
Event: 73.537 Thread 0x000000002793c000 16266   !   4       java.lang.invoke.MemberName::getFieldType (177 bytes)
Event: 73.538 Thread 0x000000002793c000 nmethod 16266 0x00000000052dfcd0 code [0x00000000052dfe20, 0x00000000052dfef8]
Event: 73.538 Thread 0x000000002793c000 16267       4       java.lang.invoke.BoundMethodHandle::<init> (32 bytes)
Event: 73.540 Thread 0x000000002793c000 nmethod 16267 0x00000000053fe050 code [0x00000000053fe1e0, 0x00000000053fe3e0]
Event: 73.544 Thread 0x000000002793c000 16268       4       java.lang.invoke.MethodTypeForm::unpack (30 bytes)
Event: 73.544 Thread 0x000000002793c000 nmethod 16268 0x0000000005aedb90 code [0x0000000005aedcc0, 0x0000000005aedd18]
Event: 73.544 Thread 0x000000002793c000 16269       4       java.util.Arrays::copyOfRange (95 bytes)
Event: 73.547 Thread 0x000000002793c000 nmethod 16269 0x00000000056c80d0 code [0x00000000056c8220, 0x00000000056c85f8]
Event: 73.552 Thread 0x0000000027943800 16270       3       pl.asie.foamfix.client.Deduplicator$$Lambda$1850/1462853469::apply (12 bytes)
Event: 73.553 Thread 0x0000000027943800 nmethod 16270 0x00000000053fdb50 code [0x00000000053fdcc0, 0x00000000053fdf48]

GC Heap History (10 events):
Event: 54.182 GC heap before
{Heap before GC invocations=32 (full 5):
 PSYoungGen      total 2276864K, used 2276862K [0x0000000715380000, 0x00000007c0000000, 0x00000007c0000000)
  eden space 2024960K, 100% used [0x0000000715380000,0x0000000790d00000,0x0000000790d00000)
  from space 251904K, 99% used [0x00000007b0a00000,0x00000007bffff840,0x00000007c0000000)
  to   space 386560K, 0% used [0x0000000790d00000,0x0000000790d00000,0x00000007a8680000)
 ParOldGen       total 771072K, used 625353K [0x00000005bfa00000, 0x00000005eeb00000, 0x0000000715380000)
  object space 771072K, 81% used [0x00000005bfa00000,0x00000005e5cb2438,0x00000005eeb00000)
 Metaspace       used 135909K, capacity 138653K, committed 139468K, reserved 1165312K
  class space    used 22562K, capacity 23503K, committed 23552K, reserved 1048576K
Event: 54.236 GC heap after
Heap after GC invocations=32 (full 5):
 PSYoungGen      total 2411520K, used 178574K [0x0000000715380000, 0x00000007c0000000, 0x00000007c0000000)
  eden space 2024960K, 0% used [0x0000000715380000,0x0000000715380000,0x0000000790d00000)
  from space 386560K, 46% used [0x0000000790d00000,0x000000079bb63b18,0x00000007a8680000)
  to   space 371200K, 0% used [0x00000007a9580000,0x00000007a9580000,0x00000007c0000000)
 ParOldGen       total 771072K, used 625361K [0x00000005bfa00000, 0x00000005eeb00000, 0x0000000715380000)
  object space 771072K, 81% used [0x00000005bfa00000,0x00000005e5cb4438,0x00000005eeb00000)
 Metaspace       used 135909K, capacity 138653K, committed 139468K, reserved 1165312K
  class space    used 22562K, capacity 23503K, committed 23552K, reserved 1048576K
}
Event: 58.824 GC heap before
{Heap before GC invocations=33 (full 5):
 PSYoungGen      total 2411520K, used 2203534K [0x0000000715380000, 0x00000007c0000000, 0x00000007c0000000)
  eden space 2024960K, 100% used [0x0000000715380000,0x0000000790d00000,0x0000000790d00000)
  from space 386560K, 46% used [0x0000000790d00000,0x000000079bb63b18,0x00000007a8680000)
  to   space 371200K, 0% used [0x00000007a9580000,0x00000007a9580000,0x00000007c0000000)
 ParOldGen       total 771072K, used 625361K [0x00000005bfa00000, 0x00000005eeb00000, 0x0000000715380000)
  object space 771072K, 81% used [0x00000005bfa00000,0x00000005e5cb4438,0x00000005eeb00000)
 Metaspace       used 136151K, capacity 138851K, committed 139468K, reserved 1165312K
  class space    used 22570K, capacity 23504K, committed 23552K, reserved 1048576K
Event: 58.940 GC heap after
Heap after GC invocations=33 (full 5):
 PSYoungGen      total 2292736K, used 371187K [0x0000000715380000, 0x00000007c0000000, 0x00000007c0000000)
  eden space 1921536K, 0% used [0x0000000715380000,0x0000000715380000,0x000000078a800000)
  from space 371200K, 99% used [0x00000007a9580000,0x00000007bfffcd00,0x00000007c0000000)
  to   space 438272K, 0% used [0x000000078a800000,0x000000078a800000,0x00000007a5400000)
 ParOldGen       total 771072K, used 655021K [0x00000005bfa00000, 0x00000005eeb00000, 0x0000000715380000)
  object space 771072K, 84% used [0x00000005bfa00000,0x00000005e79ab428,0x00000005eeb00000)
 Metaspace       used 136151K, capacity 138851K, committed 139468K, reserved 1165312K
  class space    used 22570K, capacity 23504K, committed 23552K, reserved 1048576K
}
Event: 69.551 GC heap before
{Heap before GC invocations=34 (full 5):
 PSYoungGen      total 2292736K, used 2292723K [0x0000000715380000, 0x00000007c0000000, 0x00000007c0000000)
  eden space 1921536K, 100% used [0x0000000715380000,0x000000078a800000,0x000000078a800000)
  from space 371200K, 99% used [0x00000007a9580000,0x00000007bfffcd00,0x00000007c0000000)
  to   space 438272K, 0% used [0x000000078a800000,0x000000078a800000,0x00000007a5400000)
 ParOldGen       total 771072K, used 655021K [0x00000005bfa00000, 0x00000005eeb00000, 0x0000000715380000)
  object space 771072K, 84% used [0x00000005bfa00000,0x00000005e79ab428,0x00000005eeb00000)
 Metaspace       used 137074K, capacity 139941K, committed 140620K, reserved 1167360K
  class space    used 22666K, capacity 23643K, committed 23680K, reserved 1048576K
Event: 69.675 GC heap after
Heap after GC invocations=34 (full 5):
 PSYoungGen      total 2359808K, used 438264K [0x0000000715380000, 0x00000007c0000000, 0x00000007c0000000)
  eden space 1921536K, 0% used [0x0000000715380000,0x0000000715380000,0x000000078a800000)
  from space 438272K, 99% used [0x000000078a800000,0x00000007a53fe2a0,0x00000007a5400000)
  to   space 438272K, 0% used [0x00000007a5400000,0x00000007a5400000,0x00000007c0000000)
 ParOldGen       total 771072K, used 704686K [0x00000005bfa00000, 0x00000005eeb00000, 0x0000000715380000)
  object space 771072K, 91% used [0x00000005bfa00000,0x00000005eaa2ba50,0x00000005eeb00000)
 Metaspace       used 137074K, capacity 139941K, committed 140620K, reserved 1167360K
  class space    used 22666K, capacity 23643K, committed 23680K, reserved 1048576K
}
Event: 69.675 GC heap before
{Heap before GC invocations=35 (full 6):
 PSYoungGen      total 2359808K, used 438264K [0x0000000715380000, 0x00000007c0000000, 0x00000007c0000000)
  eden space 1921536K, 0% used [0x0000000715380000,0x0000000715380000,0x000000078a800000)
  from space 438272K, 99% used [0x000000078a800000,0x00000007a53fe2a0,0x00000007a5400000)
  to   space 438272K, 0% used [0x00000007a5400000,0x00000007a5400000,0x00000007c0000000)
 ParOldGen       total 771072K, used 704686K [0x00000005bfa00000, 0x00000005eeb00000, 0x0000000715380000)
  object space 771072K, 91% used [0x00000005bfa00000,0x00000005eaa2ba50,0x00000005eeb00000)
 Metaspace       used 137074K, capacity 139941K, committed 140620K, reserved 1167360K
  class space    used 22666K, capacity 23643K, committed 23680K, reserved 1048576K
Event: 70.679 GC heap after
Heap after GC invocations=35 (full 6):
 PSYoungGen      total 2359808K, used 275012K [0x0000000715380000, 0x00000007c0000000, 0x00000007c0000000)
  eden space 1921536K, 0% used [0x0000000715380000,0x0000000715380000,0x000000078a800000)
  from space 438272K, 62% used [0x000000078a800000,0x000000079b491380,0x00000007a5400000)
  to   space 438272K, 0% used [0x00000007a5400000,0x00000007a5400000,0x00000007c0000000)
 ParOldGen       total 1213440K, used 770746K [0x00000005bfa00000, 0x0000000609b00000, 0x0000000715380000)
  object space 1213440K, 63% used [0x00000005bfa00000,0x00000005eeaaeac8,0x0000000609b00000)
 Metaspace       used 137074K, capacity 139941K, committed 140620K, reserved 1167360K
  class space    used 22666K, capacity 23643K, committed 23680K, reserved 1048576K
}
Event: 72.745 GC heap before
{Heap before GC invocations=36 (full 6):
 PSYoungGen      total 2359808K, used 2196548K [0x0000000715380000, 0x00000007c0000000, 0x00000007c0000000)
  eden space 1921536K, 100% used [0x0000000715380000,0x000000078a800000,0x000000078a800000)
  from space 438272K, 62% used [0x000000078a800000,0x000000079b491380,0x00000007a5400000)
  to   space 438272K, 0% used [0x00000007a5400000,0x00000007a5400000,0x00000007c0000000)
 ParOldGen       total 1213440K, used 770746K [0x00000005bfa00000, 0x0000000609b00000, 0x0000000715380000)
  object space 1213440K, 63% used [0x00000005bfa00000,0x00000005eeaaeac8,0x0000000609b00000)
 Metaspace       used 137223K, capacity 140163K, committed 140620K, reserved 1167360K
  class space    used 22689K, capacity 23676K, committed 23680K, reserved 1048576K
Event: 72.886 GC heap after
Heap after GC invocations=36 (full 6):
 PSYoungGen      total 2054656K, used 438256K [0x0000000715380000, 0x00000007c0000000, 0x00000007c0000000)
  eden space 1616384K, 0% used [0x0000000715380000,0x0000000715380000,0x0000000777e00000)
  from space 438272K, 99% used [0x00000007a5400000,0x00000007bfffc1b8,0x00000007c0000000)
  to   space 590848K, 0% used [0x0000000777e00000,0x0000000777e00000,0x000000079bf00000)
 ParOldGen       total 1213440K, used 810264K [0x00000005bfa00000, 0x0000000609b00000, 0x0000000715380000)
  object space 1213440K, 66% used [0x00000005bfa00000,0x00000005f1146030,0x0000000609b00000)
 Metaspace       used 137223K, capacity 140163K, committed 140620K, reserved 1167360K
  class space    used 22689K, capacity 23676K, committed 23680K, reserved 1048576K
}

Deoptimization events (10 events):
Event: 73.418 Thread 0x0000000002e95800 Uncommon trap: reason=class_check action=maybe_recompile pc=0x00000000031b35b0 method=com.google.common.collect.ImmutableSet$Indexed.iterator()Ljava/util/Iterator; @ 1
Event: 73.421 Thread 0x0000000002e95800 Uncommon trap: reason=bimorphic action=maybe_recompile pc=0x00000000051a5d20 method=java.lang.invoke.MethodHandle.asType(Ljava/lang/invoke/MethodType;)Ljava/lang/invoke/MethodHandle; @ 24
Event: 73.422 Thread 0x0000000002e95800 Uncommon trap: reason=bimorphic action=maybe_recompile pc=0x00000000051a5d20 method=java.lang.invoke.MethodHandle.asType(Ljava/lang/invoke/MethodType;)Ljava/lang/invoke/MethodHandle; @ 24
Event: 73.423 Thread 0x0000000002e95800 Uncommon trap: reason=unstable_if action=reinterpret pc=0x000000000592ab18 method=net.minecraftforge.client.model.MultiModelState$MultiModelPart.equals(Ljava/lang/Object;)Z @ 2
Event: 73.433 Thread 0x0000000002e95800 Uncommon trap: reason=class_check action=maybe_recompile pc=0x00000000059ebc50 method=com.google.common.collect.AbstractMapBasedMultimap$KeySet$1.hasNext()Z @ 4
Event: 73.435 Thread 0x0000000002e95800 Uncommon trap: reason=class_check action=maybe_recompile pc=0x00000000059ebc50 method=com.google.common.collect.AbstractMapBasedMultimap$KeySet$1.hasNext()Z @ 4
Event: 73.439 Thread 0x0000000002e95800 Uncommon trap: reason=class_check action=maybe_recompile pc=0x00000000059ebc50 method=com.google.common.collect.AbstractMapBasedMultimap$KeySet$1.hasNext()Z @ 4
Event: 73.440 Thread 0x0000000002e95800 Uncommon trap: reason=class_check action=maybe_recompile pc=0x00000000059ebc50 method=com.google.common.collect.AbstractMapBasedMultimap$KeySet$1.hasNext()Z @ 4
Event: 73.468 Thread 0x0000000002e95800 Uncommon trap: reason=unstable_if action=reinterpret pc=0x0000000003ee7720 method=pl.asie.foamfix.client.Deduplicator.deduplicateObject(Ljava/lang/Object;I)Ljava/lang/Object; @ 1114
Event: 73.495 Thread 0x0000000002e95800 Uncommon trap: reason=unstable_if action=reinterpret pc=0x0000000004e57f40 method=net.minecraft.util.ResourceLocation.equals(Ljava/lang/Object;)Z @ 11

Internal exceptions (10 events):
Event: 43.601 Thread 0x000000004678c000 Exception <a 'java/lang/InterruptedException': sleep interrupted> (0x00000007645aa578) thrown at [C:\re\workspace\8-2-build-windows-amd64-cygwin\jdk8u51\3951\hotspot\src\share\vm\prims\jvm.cpp, line 3211]
Event: 43.632 Thread 0x0000000002e95800 Exception <a 'java/lang/IncompatibleClassChangeError': Found class java.lang.Object, but interface was expected> (0x0000000773e185a0) thrown at [C:\re\workspace\8-2-build-windows-amd64-cygwin\jdk8u51\3951\hotspot\src\share\vm\interpreter\linkResolver.cpp, µÌ≈az:G@
Event: 46.457 Thread 0x0000000002e95800 Implicit null exception at 0x0000000005415199 to 0x000000000541750d
Event: 46.457 Thread 0x0000000002e95800 Implicit null exception at 0x00000000036cf182 to 0x00000000036cf235
Event: 49.379 Thread 0x0000000002e95800 Exception <a 'java/io/FileNotFoundException'> (0x000000074869f150) thrown at [C:\re\workspace\8-2-build-windows-amd64-cygwin\jdk8u51\3951\hotspot\src\share\vm\prims\jni.cpp, line 709]
Event: 54.284 Thread 0x0000000002e95800 Implicit null exception at 0x0000000004fe5f7c to 0x0000000004fe6111
Event: 69.170 Thread 0x0000000002e95800 Exception <a 'java/lang/NoSuchMethodError': java.lang.Object.lambda$makeTexture$0(I)[Lnet/minecraft/client/renderer/texture/TextureAtlasSprite;> (0x000000077f13c070) thrown at [C:\re\workspace\8-2-build-windows-amd64-cygwin\jdk8u51\3951\hotspot\src\share\vá¥|yLQ@
Event: 69.195 Thread 0x0000000002e95800 Exception <a 'java/lang/IncompatibleClassChangeError': Found class java.lang.Object, but interface was expected> (0x000000077fa4e510) thrown at [C:\re\workspace\8-2-build-windows-amd64-cygwin\jdk8u51\3951\hotspot\src\share\vm\interpreter\linkResolver.cpp, pVÈìÅLQ@
Event: 69.195 Thread 0x0000000002e95800 Exception <a 'java/lang/IncompatibleClassChangeError': Found class java.lang.Object, but interface was expected> (0x000000077fa54760) thrown at [C:\re\workspace\8-2-build-windows-amd64-cygwin\jdk8u51\3951\hotspot\src\share\vm\interpreter\linkResolver.cpp, TÎX
Event: 73.237 Thread 0x0000000002e95800 Implicit null exception at 0x0000000005853466 to 0x0000000005855e55

Events (10 events):
Event: 73.476 loading class org/orecruncher/dsurround/registry/blockstate/BlockStateData done
Event: 73.482 loading class net/optifine/shaders/MultiTexID
Event: 73.482 loading class net/optifine/shaders/MultiTexID done
Event: 73.495 Thread 0x0000000002e95800 Uncommon trap: trap_request=0xffffff65 fr.pc=0x0000000004e57f40
Event: 73.495 Thread 0x0000000002e95800 DEOPT PACKING pc=0x0000000004e57f40 sp=0x0000000002e8dc80
Event: 73.495 Thread 0x0000000002e95800 DEOPT UNPACKING pc=0x0000000002fd582a sp=0x0000000002e8dc10 mode 2
Event: 73.529 loading class net/minecraft/world/gen/ChunkGeneratorSettings
Event: 73.529 loading class net/minecraft/world/gen/ChunkGeneratorSettings done
Event: 73.540 loading class thebetweenlands/util/FogGenerator
Event: 73.540 loading class thebetweenlands/util/FogGenerator done


Dynamic libraries:
0x00007ff7c0140000 - 0x00007ff7c0177000 	C:\Users\Zakarail\Twitch\Minecraft\Install\runtime\jre-x64\bin\javaw.exe
0x00007fffea830000 - 0x00007fffeaa1d000 	C:\WINDOWS\SYSTEM32\ntdll.dll
0x00007fffe7b00000 - 0x00007fffe7bb3000 	C:\WINDOWS\System32\KERNEL32.DLL
0x00007fffe7690000 - 0x00007fffe7923000 	C:\WINDOWS\System32\KERNELBASE.dll
0x00007fffea750000 - 0x00007fffea7f3000 	C:\WINDOWS\System32\ADVAPI32.dll
0x00007fffea140000 - 0x00007fffea1de000 	C:\WINDOWS\System32\msvcrt.dll
0x00007fffe7a60000 - 0x00007fffe7afe000 	C:\WINDOWS\System32\sechost.dll
0x00007fffe9e70000 - 0x00007fffe9f92000 	C:\WINDOWS\System32\RPCRT4.dll
0x00007fffe9fa0000 - 0x00007fffea137000 	C:\WINDOWS\System32\USER32.dll
0x00007fffe7480000 - 0x00007fffe74a0000 	C:\WINDOWS\System32\win32u.dll
0x00007fffe80e0000 - 0x00007fffe8109000 	C:\WINDOWS\System32\GDI32.dll
0x00007fffe74a0000 - 0x00007fffe7639000 	C:\WINDOWS\System32\gdi32full.dll
0x00007fffe79b0000 - 0x00007fffe7a50000 	C:\WINDOWS\System32\msvcp_win.dll
0x00007fffe69a0000 - 0x00007fffe6a9a000 	C:\WINDOWS\System32\ucrtbase.dll
0x00007fffd1cb0000 - 0x00007fffd1f29000 	C:\WINDOWS\WinSxS\amd64_microsoft.windows.common-controls_6595b64144ccf1df_6.0.17763.864_none_05b3441807210760\COMCTL32.dll
0x00007fffe7cd0000 - 0x00007fffe7ffc000 	C:\WINDOWS\System32\combase.dll
0x00007fffe7930000 - 0x00007fffe79ae000 	C:\WINDOWS\System32\bcryptPrimitives.dll
0x00007fffe8000000 - 0x00007fffe802e000 	C:\WINDOWS\System32\IMM32.DLL
0x0000000059a20000 - 0x0000000059af2000 	C:\Users\Zakarail\Twitch\Minecraft\Install\runtime\jre-x64\bin\msvcr100.dll
0x0000000059190000 - 0x0000000059a13000 	C:\Users\Zakarail\Twitch\Minecraft\Install\runtime\jre-x64\bin\server\jvm.dll
0x00007fffe82b0000 - 0x00007fffe82b8000 	C:\WINDOWS\System32\PSAPI.DLL
0x00007fffd9610000 - 0x00007fffd9634000 	C:\WINDOWS\SYSTEM32\WINMM.dll
0x00007fffe15e0000 - 0x00007fffe15ea000 	C:\WINDOWS\SYSTEM32\VERSION.dll
0x00007fffdc890000 - 0x00007fffdc899000 	C:\WINDOWS\SYSTEM32\WSOCK32.dll
0x00007fffea6e0000 - 0x00007fffea74d000 	C:\WINDOWS\System32\WS2_32.dll
0x00007fffd95e0000 - 0x00007fffd960d000 	C:\WINDOWS\SYSTEM32\WINMMBASE.dll
0x00007fffe7640000 - 0x00007fffe768a000 	C:\WINDOWS\System32\cfgmgr32.dll
0x0000000059180000 - 0x000000005918f000 	C:\Users\Zakarail\Twitch\Minecraft\Install\runtime\jre-x64\bin\verify.dll
0x0000000059150000 - 0x0000000059179000 	C:\Users\Zakarail\Twitch\Minecraft\Install\runtime\jre-x64\bin\java.dll
0x0000000059130000 - 0x0000000059146000 	C:\Users\Zakarail\Twitch\Minecraft\Install\runtime\jre-x64\bin\zip.dll
0x00007fffe8610000 - 0x00007fffe9b04000 	C:\WINDOWS\System32\SHELL32.dll
0x00007fffe8030000 - 0x00007fffe80d8000 	C:\WINDOWS\System32\shcore.dll
0x00007fffe6af0000 - 0x00007fffe723d000 	C:\WINDOWS\System32\windows.storage.dll
0x00007fffe68c0000 - 0x00007fffe68e4000 	C:\WINDOWS\System32\profapi.dll
0x00007fffe6820000 - 0x00007fffe687d000 	C:\WINDOWS\System32\powrprof.dll
0x00007fffe7bc0000 - 0x00007fffe7c12000 	C:\WINDOWS\System32\shlwapi.dll
0x00007fffe6880000 - 0x00007fffe6891000 	C:\WINDOWS\System32\kernel.appcore.dll
0x00007fffe6aa0000 - 0x00007fffe6ab7000 	C:\WINDOWS\System32\cryptsp.dll
0x0000000059120000 - 0x000000005912d000 	C:\Users\Zakarail\Twitch\Minecraft\Install\runtime\jre-x64\bin\management.dll
0x0000000059100000 - 0x000000005911a000 	C:\Users\Zakarail\Twitch\Minecraft\Install\runtime\jre-x64\bin\net.dll
0x00007fffe6090000 - 0x00007fffe60f7000 	C:\WINDOWS\system32\mswsock.dll
0x00007fffcd380000 - 0x00007fffcd396000 	C:\WINDOWS\system32\napinsp.dll
0x00007fffcd010000 - 0x00007fffcd02a000 	C:\WINDOWS\system32\pnrpnsp.dll
0x00007fffe5df0000 - 0x00007fffe5eb6000 	C:\WINDOWS\SYSTEM32\DNSAPI.dll
0x00007fffe82a0000 - 0x00007fffe82a8000 	C:\WINDOWS\System32\NSI.dll
0x00007fffe5db0000 - 0x00007fffe5ded000 	C:\WINDOWS\SYSTEM32\IPHLPAPI.DLL
0x00007fffcd370000 - 0x00007fffcd37e000 	C:\WINDOWS\System32\winrnr.dll
0x00007fffe2730000 - 0x00007fffe274b000 	C:\WINDOWS\system32\NLAapi.dll
0x00007fffcca50000 - 0x00007fffcca65000 	C:\WINDOWS\system32\wshbth.dll
0x00007fffdd300000 - 0x00007fffdd30a000 	C:\Windows\System32\rasadhlp.dll
0x00007fffdd330000 - 0x00007fffdd3a9000 	C:\WINDOWS\System32\fwpuclnt.dll
0x00007fffe6ac0000 - 0x00007fffe6ae6000 	C:\WINDOWS\System32\bcrypt.dll
0x00000000590e0000 - 0x00000000590f1000 	C:\Users\Zakarail\Twitch\Minecraft\Install\runtime\jre-x64\bin\nio.dll
0x00000000590b0000 - 0x00000000590d4000 	C:\Users\Zakarail\Twitch\Minecraft\Install\runtime\jre-x64\bin\sunec.dll
0x00007fffe5c10000 - 0x00007fffe5c43000 	C:\WINDOWS\system32\rsaenh.dll
0x00007fffe6750000 - 0x00007fffe6778000 	C:\WINDOWS\SYSTEM32\USERENV.dll
0x00007fffe6260000 - 0x00007fffe626c000 	C:\WINDOWS\SYSTEM32\CRYPTBASE.dll
0x00007fffe10b0000 - 0x00007fffe10c6000 	C:\WINDOWS\SYSTEM32\dhcpcsvc6.DLL
0x00007fffe1310000 - 0x00007fffe132c000 	C:\WINDOWS\SYSTEM32\dhcpcsvc.DLL
0x0000000059090000 - 0x00000000590a7000 	C:\Users\Zakarail\Twitch\Minecraft\Install\runtime\jre-x64\bin\unpack.dll
0x0000000180000000 - 0x0000000180053000 	C:\Users\Zakarail\Twitch\Minecraft\Install\bin\8637-5e09-1327-abdb\lwjgl64.dll
0x00007fffae590000 - 0x00007fffae6b7000 	C:\WINDOWS\SYSTEM32\OPENGL32.dll
0x00007fffb2ff0000 - 0x00007fffb301c000 	C:\WINDOWS\SYSTEM32\GLU32.dll
0x0000000058ef0000 - 0x0000000059088000 	C:\Users\Zakarail\Twitch\Minecraft\Install\runtime\jre-x64\bin\awt.dll
0x00007fffe81d0000 - 0x00007fffe8294000 	C:\WINDOWS\System32\OLEAUT32.dll
0x00007fffe4b80000 - 0x00007fffe4c0c000 	C:\WINDOWS\SYSTEM32\apphelp.dll
0x00007fffe4e10000 - 0x00007fffe4eac000 	C:\WINDOWS\system32\uxtheme.dll
0x00007fffe82c0000 - 0x00007fffe842c000 	C:\WINDOWS\System32\MSCTF.dll
0x00007fffe50f0000 - 0x00007fffe511e000 	C:\WINDOWS\system32\dwmapi.dll
0x00007fffe72a0000 - 0x00007fffe747b000 	C:\WINDOWS\System32\CRYPT32.dll
0x00007fffe68a0000 - 0x00007fffe68b2000 	C:\WINDOWS\System32\MSASN1.dll
0x00007fffd8ac0000 - 0x00007fffd8b55000 	C:\WINDOWS\System32\TextInputFramework.dll
0x00007fffe48e0000 - 0x00007fffe49c2000 	C:\WINDOWS\System32\CoreMessaging.dll
0x00007fffd8650000 - 0x00007fffd8972000 	C:\WINDOWS\System32\CoreUIComponents.dll
0x00007fffe5890000 - 0x00007fffe58c1000 	C:\WINDOWS\SYSTEM32\ntmarta.dll
0x00007fffe3030000 - 0x00007fffe3183000 	C:\WINDOWS\SYSTEM32\wintypes.dll
0x0000000056790000 - 0x0000000058ee1000 	C:\WINDOWS\System32\DriverStore\FileRepository\nv_dispi.inf_amd64_db678424d2641c3d\nvoglv64.dll
0x00007fffea1e0000 - 0x00007fffea656000 	C:\WINDOWS\System32\SETUPAPI.dll
0x00007fffe84b0000 - 0x00007fffe8605000 	C:\WINDOWS\System32\ole32.dll
0x00007fffe2ee0000 - 0x00007fffe2ef3000 	C:\WINDOWS\SYSTEM32\WTSAPI32.dll
0x00007fffe6630000 - 0x00007fffe6659000 	C:\WINDOWS\SYSTEM32\DEVOBJ.dll
0x00007fffe7240000 - 0x00007fffe7299000 	C:\WINDOWS\System32\WINTRUST.dll
0x00007fffacb50000 - 0x00007fffacdf7000 	C:\WINDOWS\system32\nvspcap64.dll
0x00007fffdfc90000 - 0x00007fffdfe7d000 	C:\WINDOWS\SYSTEM32\dbghelp.dll
0x00007fffdf970000 - 0x00007fffdf99a000 	C:\WINDOWS\SYSTEM32\dbgcore.DLL
0x00007fffca430000 - 0x00007fffca4dd000 	C:\WINDOWS\SYSTEM32\mscms.dll
0x00007fffca420000 - 0x00007fffca430000 	C:\WINDOWS\SYSTEM32\ColorAdapterClient.dll
0x00007fffae540000 - 0x00007fffae583000 	C:\WINDOWS\SYSTEM32\icm32.dll
0x00007fffe5930000 - 0x00007fffe5988000 	C:\WINDOWS\SYSTEM32\WINSTA.dll
0x00007fffd51e0000 - 0x00007fffd5222000 	C:\Users\Zakarail\AppData\Local\Temp\jna-1284044783\jna6614914532894619973.dll
0x0000000033240000 - 0x00000000332a4000 	C:\Users\Zakarail\Twitch\Minecraft\Install\bin\8637-5e09-1327-abdb\OpenAL64.dll
0x00007fffe7c20000 - 0x00007fffe7cc2000 	C:\WINDOWS\System32\clbcatq.dll
0x00007fffe2750000 - 0x00007fffe27c0000 	C:\WINDOWS\System32\MMDevApi.dll
0x00007fffe2580000 - 0x00007fffe2729000 	C:\WINDOWS\System32\PROPSYS.dll
0x00007fffcadd0000 - 0x00007fffcae66000 	C:\WINDOWS\SYSTEM32\dsound.dll
0x00007fffe2960000 - 0x00007fffe2aa8000 	C:\WINDOWS\SYSTEM32\AUDIOSES.DLL
0x00007fffe2ab0000 - 0x00007fffe2aba000 	C:\WINDOWS\SYSTEM32\AVRT.dll
0x00007fffe5150000 - 0x00007fffe5164000 	C:\WINDOWS\SYSTEM32\resourcepolicyclient.dll
0x00000000566e0000 - 0x0000000056782000 	C:\Users\Zakarail\Twitch\Minecraft\Install\runtime\jre-x64\bin\mlib_image.dll

VM Arguments:
jvm_args: -Dos.name=Windows 10 -Dos.version=10.0 -XX:HeapDumpPath=MojangTricksIntelDriversForPerformance_javaw.exe_minecraft.exe.heapdump -Djava.library.path=C:\Users\Zakarail\Twitch\Minecraft\Install\bin\8637-5e09-1327-abdb -Dminecraft.launcher.brand=minecraft-launcher -Dminecraft.launcher.version=2.1.9616 -Dminecraft.client.jar=C:\Users\Zakarail\Twitch\Minecraft\Install\versions\1.12.2\1.12.2.jar -Xmx8198m -Xms256m -XX:PermSize=256m -Dminecraft.applet.TargetDirectory=C:\Users\Zakarail\Twitch\Minecraft\Instances\Quest of Ages -Dfml.ignorePatchDiscrepancies=true -Dfml.ignoreInvalidMinecraftCertificates=true -Duser.language=en -Duser.country=US -Dlog4j.configurationFile=C:\Users\Zakarail\Twitch\Minecraft\Install\assets\log_configs\client-1.12.xml 
java_command: net.minecraft.launchwrapper.Launch --username Zakarail --version forge-14.23.5.2847 --gameDir C:\Users\Zakarail\Twitch\Minecraft\Instances\Quest of Ages --assetsDir C:\Users\Zakarail\Twitch\Minecraft\Install\assets --assetIndex 1.12 --uuid 77addc813bf74eacb38ad4795525b80d --accessToken eyJhbGciOiJIUzI1NiJ9.eyJzdWIiOiJjYTlhMDYwY2E0MGI0ODM2OGI1NGJhMjdlYjVmYjc0MyIsIm5iZiI6MTU3NDM3MDg5NiwieWdndCI6IjBlOTBiMGI1ZTc5YzQwOWM4MDg4N2VhNDU4ZDYxYTYwIiwic3ByIjoiNzdhZGRjODEzYmY3NGVhY2IzOGFkNDc5NTUyNWI4MGQiLCJyb2xlcyI6W10sImlzcyI6ImludGVybmFsLWF1dGhlbnRpY2F0aW9uIiwiZXhwIjoxNTc0NTQzNjk2LCJpYXQiOjE1NzQzNzA4OTZ9.8fnUiXraUIV2vTadA5SEgugcXI1VMt0ObPcjEPdbgAo --userType mojang --tweakClass net.minecraftforge.fml.common.launcher.FMLTweaker --versionType Forge --width 1024 --height 768
java_class_path (initial): C:\Users\Zakarail\Twitch\Minecraft\Install\libraries\net\minecraftforge\forge\1.12.2-14.23.5.2847\forge-1.12.2-14.23.5.2847.jar;C:\Users\Zakarail\Twitch\Minecraft\Install\libraries\net\minecraft\launchwrapper\1.12\launchwrapper-1.12.jar;C:\Users\Zakarail\Twitch\Minecraft\Install\libraries\org\ow2\asm\asm-all\5.2\asm-all-5.2.jar;C:\Users\Zakarail\Twitch\Minecraft\Install\libraries\org\jline\jline\3.5.1\jline-3.5.1.jar;C:\Users\Zakarail\Twitch\Minecraft\Install\libraries\net\java\dev\jna\jna\4.4.0\jna-4.4.0.jar;C:\Users\Zakarail\Twitch\Minecraft\Install\libraries\com\typesafe\akka\akka-actor_2.11\2.3.3\akka-actor_2.11-2.3.3.jar;C:\Users\Zakarail\Twitch\Minecraft\Install\libraries\com\typesafe\config\1.2.1\config-1.2.1.jar;C:\Users\Zakarail\Twitch\Minecraft\Install\libraries\org\scala-lang\scala-actors-migration_2.11\1.1.0\scala-actors-migration_2.11-1.1.0.jar;C:\Users\Zakarail\Twitch\Minecraft\Install\libraries\org\scala-lang\scala-compiler\2.11.1\scala-compiler-2.11.1.jar;C:\Users\Zakarail\Twitch\Minecraft\Install\libraries\org\scala-lang\plugins\scala-continuations-library_2.11\1.0.2\scala-continuations-library_2.11-1.0.2.jar;C:\Users\Zakarail\Twitch\Minecraft\Install\libraries\org\scala-lang\plugins\scala-continuations-plugin_2.11.1\1.0.2\scala-continuations-plugin_2.11.1-1.0.2.jar;C:\Users\Zakarail\Twitch\Minecraft\Install\libraries\org\scala-lang\scala-library\2.11.1\scala-library-2.11.1.jar;C:\Users\Zakarail\Twitch\Minecraft\Install\libraries\org\scala-lang\scala-parser-combinators_2.11\1.0.1\scala-parser-combinators_2.11-1.0.1.jar;C:\Users\Zakarail\Twitch\Minecraft\Install\libraries\org\scala-lang\scala-reflect\2.11.1\scala-reflect-2.11.1.jar;C:\Users\Zakarail\Twitch\Minecraft\Install\libraries\org\scala-lang\scala-swing_2.11\1.0.1\scala-swing_2.11-1.0.1.jar;C:\Users\Zakarail\Twitch\Minecraft\Install\libraries\org\scala-lang\scala-xml_2.11\1.0.2\scala-xml_2.11-1.0.2.jar;C:\Users\Zakarail\Twitch\Minecraft\Install\libraries\lzma\lzma\
Launcher Type: SUN_STANDARD

Environment Variables:
JAVA_HOME=C:\Program Files\Java\jdk-12
JRE_HOME=C:\Program Files\Java\jdk-12
PATH=C:\Windows\system32;C:\Windows;C:\Windows\System32\Wbem;C:\Windows\System32\WindowsPowerShell\v1.0\;C:\Program Files (x86)\NVIDIA Corporation\PhysX\Common;C:\Program Files\NVIDIA Corporation\NVIDIA NvDLISR;C:\WINDOWS\system32;C:\WINDOWS;C:\WINDOWS\System32\Wbem;C:\WINDOWS\System32\WindowsPowerShell\v1.0\;C:\WINDOWS\System32\OpenSSH\;C:\Program Files\Java\jdk-12\bin;C:\Program Files\Java\jdk-12\bin;C:\Program Files\Git\cmd;C:\Program Files\nodejs\;C:\Program Files\TortoiseGit\bin;C:\Users\Zakarail\AppData\Local\Microsoft\WindowsApps;;C:\Users\Zakarail\AppData\Local\Programs\Microsoft VS Code\bin;C:\Users\Zakarail\AppData\Roaming\npm
USERNAME=Zakarail
OS=Windows_NT
PROCESSOR_IDENTIFIER=Intel64 Family 6 Model 63 Stepping 2, GenuineIntel



---------------  S Y S T E M  ---------------

OS: Windows 10.0 , 64 bit Build 17763 (10.0.17763.475)

CPU:total 12 (6 cores per cpu, 2 threads per core) family 6 model 63 stepping 2, cmov, cx8, fxsr, mmx, sse, sse2, sse3, ssse3, sse4.1, sse4.2, popcnt, avx, avx2, aes, clmul, erms, lzcnt, ht, tsc, tscinvbit, bmi1, bmi2

Memory: 4k page, physical 33472580k(22059576k free), swap 39239748k(23528476k free)

vm_info: Java HotSpot(TM) 64-Bit Server VM (25.51-b03) for windows-amd64 JRE (1.8.0_51-b16), built on Jun  8 2015 18:03:07 by "java_re" with MS VC++ 10.0 (VS2010)

time: Thu Nov 21 15:48:19 2019
elapsed time: 73 seconds (0d 0h 1m 13s)

