#
# A fatal error has been detected by the Java Runtime Environment:
#
#  EXCEPTION_ACCESS_VIOLATION (0xc0000005) at pc=0x0000000063ce623f, pid=23520, tid=21756
#
# JRE version: Java(TM) SE Runtime Environment (8.0_51-b16) (build 1.8.0_51-b16)
# Java VM: Java HotSpot(TM) 64-Bit Server VM (25.51-b03 mixed mode windows-amd64 compressed oops)
# Problematic frame:
# V  [jvm.dll+0x4b623f]
#
# Failed to write core dump. Minidumps are not enabled by default on client versions of Windows
#
# If you would like to submit a bug report, please visit:
#   http://bugreport.java.com/bugreport/crash.jsp
#

---------------  T H R E A D  ---------------

Current thread (0x00000000272b4800):  JavaThread "C2 CompilerThread0" daemon [_thread_in_native, id=21756, stack(0x0000000028800000,0x0000000028900000)]

siginfo: ExceptionCode=0xc0000005, reading address 0x0000000000000008

Registers:
RAX=0x0000000000000000, RBX=0x0000000000000000, RCX=0x0000000034b41020, RDX=0x0000000000008000
RSP=0x00000000288fb6a0, RBP=0x0000000030d64488, RSI=0x0000000034b41020, RDI=0x00000000288fbb70
R8 =0x0000000000000000, R9 =0x0000000035ca4740, R10=0x00000000288fbb70, R11=0x000000002bc05fa0
R12=0x0000000054158ee0, R13=0x000000002cc7a430, R14=0x00000000288fb788, R15=0x00000000288fb7a8
RIP=0x0000000063ce623f, EFLAGS=0x0000000000010287

Top of Stack: (sp=0x00000000288fb6a0)
0x00000000288fb6a0:   000000002df02240 0000000030d64488
0x00000000288fb6b0:   0000000034b41020 00000000288fbb70
0x00000000288fb6c0:   0000000030d64488 00000000288fb7f8
0x00000000288fb6d0:   00000000288fb850 0000000063ce7a49
0x00000000288fb6e0:   000000002df02240 00000000000008c2
0x00000000288fb6f0:   0000000000000002 0000000034b41020
0x00000000288fb700:   00000000288fc540 0000000063d1a2b0
0x00000000288fb710:   000000002c05a830 0000000027280490
0x00000000288fb720:   0000000037eeb300 00000000288fb850
0x00000000288fb730:   0000000027280490 0000000000000000
0x00000000288fb740:   00000000288fbb70 0000000063ce992f
0x00000000288fb750:   00000000288fbb70 0000000000000001
0x00000000288fb760:   0000000000000002 0000000037eeb300
0x00000000288fb770:   000000002c05a880 000000002c062818
0x00000000288fb780:   0000000000248c38 0000000027280490
0x00000000288fb790:   0000000000001000 000000002966fdd0 

Instructions: (pc=0x0000000063ce623f)
0x0000000063ce621f:   4c 89 64 24 50 4c 8b e0 4c 3b e8 0f 84 4f 01 00
0x0000000063ce622f:   00 44 8b 43 28 4c 8b 8f f0 09 00 00 4b 8b 1c c1
0x0000000063ce623f:   48 8b 43 08 48 83 38 00 75 2a 8b 57 28 0f 1f 40
0x0000000063ce624f:   00 8b 43 28 3b c2 73 0c 8b c8 48 8b 47 30 48 8b 


Register to memory mapping:

RAX=0x0000000000000000 is an unknown value
RBX=0x0000000000000000 is an unknown value
RCX=0x0000000034b41020 is an unknown value
RDX=0x0000000000008000 is an unknown value
RSP=0x00000000288fb6a0 is pointing into the stack for thread: 0x00000000272b4800
RBP=0x0000000030d64488 is an unknown value
RSI=0x0000000034b41020 is an unknown value
RDI=0x00000000288fbb70 is pointing into the stack for thread: 0x00000000272b4800
R8 =0x0000000000000000 is an unknown value
R9 =0x0000000035ca4740 is an unknown value
R10=0x00000000288fbb70 is pointing into the stack for thread: 0x00000000272b4800
R11=0x000000002bc05fa0 is an unknown value
R12=0x0000000054158ee0 is an unknown value
R13=0x000000002cc7a430 is an unknown value
R14=0x00000000288fb788 is pointing into the stack for thread: 0x00000000272b4800
R15=0x00000000288fb7a8 is pointing into the stack for thread: 0x00000000272b4800


Stack: [0x0000000028800000,0x0000000028900000],  sp=0x00000000288fb6a0,  free space=1005k
Native frames: (J=compiled Java code, j=interpreted, Vv=VM code, C=native code)
V  [jvm.dll+0x4b623f]
V  [jvm.dll+0x4b7a49]
V  [jvm.dll+0x4b992f]
V  [jvm.dll+0x46c011]
V  [jvm.dll+0x46cd4e]
V  [jvm.dll+0x4501a2]
V  [jvm.dll+0xa43a2]
V  [jvm.dll+0xa4cdf]
V  [jvm.dll+0x2418a4]
V  [jvm.dll+0x29846a]
C  [msvcr100.dll+0x21d9f]
C  [msvcr100.dll+0x21e3b]
C  [KERNEL32.DLL+0x17974]
C  [ntdll.dll+0x6a271]


Current CompileTask:
C2:  84775 16166       4       pl.asie.foamfix.client.Deduplicator::deduplicate0 (459 bytes)


---------------  P R O C E S S  ---------------

Java Threads: ( => current thread )
  0x000000002f405800 JavaThread "Thread-8" [_thread_blocked, id=12652, stack(0x000000005b250000,0x000000005b350000)]
  0x000000002a55c800 JavaThread "Thread-7" [_thread_blocked, id=23200, stack(0x000000005aa40000,0x000000005ab40000)]
  0x000000002a560800 JavaThread "pool-3-thread-1" [_thread_blocked, id=22760, stack(0x00000000557a0000,0x00000000558a0000)]
  0x000000002a551000 JavaThread "C&B Model Cache Cleanup" [_thread_blocked, id=16236, stack(0x0000000050f60000,0x0000000051060000)]
  0x000000002a559000 JavaThread "Weather2 Foliage Enhancer" [_thread_blocked, id=16132, stack(0x000000004c2d0000,0x000000004c3d0000)]
  0x000000002a556800 JavaThread "Weather2 Scene Enhancer" [_thread_blocked, id=13996, stack(0x000000004c1d0000,0x000000004c2d0000)]
  0x000000002a55b000 JavaThread "ForkJoinPool.commonPool-worker-3" daemon [_thread_blocked, id=14008, stack(0x000000004c0d0000,0x000000004c1d0000)]
  0x000000002a555000 JavaThread "ForkJoinPool.commonPool-worker-1" daemon [_thread_blocked, id=19656, stack(0x000000004bfd0000,0x000000004c0d0000)]
  0x000000002a557800 JavaThread "ForkJoinPool.commonPool-worker-13" daemon [_thread_blocked, id=22656, stack(0x000000004bad0000,0x000000004bbd0000)]
  0x000000002a558000 JavaThread "ForkJoinPool.commonPool-worker-2" daemon [_thread_blocked, id=23060, stack(0x000000004b7d0000,0x000000004b8d0000)]
  0x000000002f404800 JavaThread "LWJGL Timer" daemon [_thread_blocked, id=20096, stack(0x00000000495d0000,0x00000000496d0000)]
  0x000000002f406000 JavaThread "Thread-3" [_thread_blocked, id=20128, stack(0x0000000048250000,0x0000000048350000)]
  0x000000002f408800 JavaThread "Java2D Disposer" daemon [_thread_blocked, id=22808, stack(0x00000000344d0000,0x00000000345d0000)]
  0x000000002f407800 JavaThread "Timer hack thread" daemon [_thread_blocked, id=9360, stack(0x00000000343d0000,0x00000000344d0000)]
  0x000000002f404000 JavaThread "Snooper Timer" daemon [_thread_blocked, id=23408, stack(0x000000002c420000,0x000000002c520000)]
  0x0000000027349800 JavaThread "Service Thread" daemon [_thread_blocked, id=14480, stack(0x0000000028c00000,0x0000000028d00000)]
  0x00000000272c7000 JavaThread "C1 CompilerThread3" daemon [_thread_blocked, id=22192, stack(0x0000000028b00000,0x0000000028c00000)]
  0x00000000272c6800 JavaThread "C2 CompilerThread2" daemon [_thread_in_native, id=21608, stack(0x0000000028a00000,0x0000000028b00000)]
  0x00000000272b8800 JavaThread "C2 CompilerThread1" daemon [_thread_in_native, id=20168, stack(0x0000000028900000,0x0000000028a00000)]
=>0x00000000272b4800 JavaThread "C2 CompilerThread0" daemon [_thread_in_native, id=21756, stack(0x0000000028800000,0x0000000028900000)]
  0x00000000272b3000 JavaThread "Attach Listener" daemon [_thread_blocked, id=4384, stack(0x0000000028700000,0x0000000028800000)]
  0x0000000025bee800 JavaThread "Signal Dispatcher" daemon [_thread_blocked, id=12248, stack(0x0000000028600000,0x0000000028700000)]
  0x0000000025be0000 JavaThread "Finalizer" daemon [_thread_blocked, id=21952, stack(0x0000000028500000,0x0000000028600000)]
  0x0000000025bd9800 JavaThread "Reference Handler" daemon [_thread_blocked, id=21616, stack(0x0000000028400000,0x0000000028500000)]
  0x0000000002785800 JavaThread "Client thread" [_thread_in_Java, id=21792, stack(0x0000000002680000,0x0000000002780000)]

Other Threads:
  0x000000000287e800 VMThread [stack: 0x0000000028300000,0x0000000028400000] [id=3924]
  0x000000002734a800 WatcherThread [stack: 0x0000000028d00000,0x0000000028e00000] [id=13904]

VM state:not at safepoint (normal execution)

VM Mutex/Monitor currently owned by a thread: None

Heap:
 PSYoungGen      total 2029056K, used 1360211K [0x0000000715380000, 0x00000007c0000000, 0x00000007c0000000)
  eden space 1656320K, 69% used [0x0000000715380000,0x000000075bc65ad8,0x000000077a500000)
  from space 372736K, 54% used [0x00000007a9400000,0x00000007b5b6f418,0x00000007c0000000)
  to   space 570880K, 0% used [0x000000077a500000,0x000000077a500000,0x000000079d280000)
 ParOldGen       total 1334272K, used 864557K [0x00000005bfa00000, 0x0000000611100000, 0x0000000715380000)
  object space 1334272K, 64% used [0x00000005bfa00000,0x00000005f464b750,0x0000000611100000)
 Metaspace       used 140177K, capacity 143133K, committed 143604K, reserved 1169408K
  class space    used 23268K, capacity 24311K, committed 24320K, reserved 1048576K

Card table byte_map: [0x0000000011c40000,0x0000000012c50000] byte_map_base: 0x000000000ee43000

Marking Bits: (ParMarkBitMap*) 0x0000000064034040
 Begin Bits: [0x0000000014100000, 0x000000001c118000)
 End Bits:   [0x000000001c118000, 0x0000000024130000)

Polling page: 0x0000000000cf0000

CodeCache: size=245760Kb used=44233Kb max_used=44244Kb free=201526Kb
 bounds [0x0000000002880000, 0x0000000005420000, 0x0000000011880000]
 total_blobs=12477 nmethods=11214 adapters=1173
 compilation: enabled

Compilation events (10 events):
Event: 84.701 Thread 0x00000000272c7000 nmethod 16212 0x00000000029f38d0 code [0x00000000029f3ae0, 0x00000000029f4498]
Event: 84.701 Thread 0x00000000272c7000 16215       3       java.lang.invoke.MethodType::methodType (9 bytes)
Event: 84.702 Thread 0x00000000272c7000 nmethod 16215 0x00000000041c5090 code [0x00000000041c5200, 0x00000000041c5388]
Event: 84.704 Thread 0x00000000272b8800 16216       4       pl.asie.foamfix.client.Deduplicator::shouldCheckClass (60 bytes)
Event: 84.706 Thread 0x00000000272b8800 nmethod 16216 0x00000000043b5c90 code [0x00000000043b5de0, 0x00000000043b5f48]
Event: 84.719 Thread 0x00000000272c7000 16217       3       java.lang.invoke.LambdaFormEditor$Transform::packedBytes (39 bytes)
Event: 84.719 Thread 0x00000000272c7000 nmethod 16217 0x0000000004e84450 code [0x0000000004e845a0, 0x0000000004e846f0]
Event: 84.740 Thread 0x00000000272c7000 16218       3       net.minecraft.util.ResourceLocation::equals (55 bytes)
Event: 84.740 Thread 0x00000000272c7000 nmethod 16218 0x0000000004897f50 code [0x00000000048980e0, 0x00000000048986d8]
Event: 84.759 Thread 0x00000000272c7000 16219       3       java.lang.invoke.MethodHandleImpl::makePairwiseConvertByEditor (395 bytes)

GC Heap History (10 events):
Event: 64.427 GC heap before
{Heap before GC invocations=34 (full 5):
 PSYoungGen      total 2470912K, used 2389270K [0x0000000715380000, 0x00000007c0000000, 0x00000007c0000000)
  eden space 2170368K, 100% used [0x0000000715380000,0x0000000799b00000,0x0000000799b00000)
  from space 300544K, 72% used [0x00000007ada80000,0x00000007bb045ab0,0x00000007c0000000)
  to   space 313856K, 0% used [0x0000000799b00000,0x0000000799b00000,0x00000007acd80000)
 ParOldGen       total 823296K, used 504988K [0x00000005bfa00000, 0x00000005f1e00000, 0x0000000715380000)
  object space 823296K, 61% used [0x00000005bfa00000,0x00000005de7270a0,0x00000005f1e00000)
 Metaspace       used 138458K, capacity 141343K, committed 141940K, reserved 1167360K
  class space    used 23084K, capacity 24120K, committed 24192K, reserved 1048576K
Event: 64.551 GC heap after
Heap after GC invocations=34 (full 5):
 PSYoungGen      total 2484224K, used 313846K [0x0000000715380000, 0x00000007c0000000, 0x00000007c0000000)
  eden space 2170368K, 0% used [0x0000000715380000,0x0000000715380000,0x0000000799b00000)
  from space 313856K, 99% used [0x0000000799b00000,0x00000007acd7d9b8,0x00000007acd80000)
  to   space 313856K, 0% used [0x00000007acd80000,0x00000007acd80000,0x00000007c0000000)
 ParOldGen       total 823296K, used 576360K [0x00000005bfa00000, 0x00000005f1e00000, 0x0000000715380000)
  object space 823296K, 70% used [0x00000005bfa00000,0x00000005e2cda268,0x00000005f1e00000)
 Metaspace       used 138458K, capacity 141343K, committed 141940K, reserved 1167360K
  class space    used 23084K, capacity 24120K, committed 24192K, reserved 1048576K
}
Event: 66.863 GC heap before
{Heap before GC invocations=35 (full 5):
 PSYoungGen      total 2484224K, used 2484214K [0x0000000715380000, 0x00000007c0000000, 0x00000007c0000000)
  eden space 2170368K, 100% used [0x0000000715380000,0x0000000799b00000,0x0000000799b00000)
  from space 313856K, 99% used [0x0000000799b00000,0x00000007acd7d9b8,0x00000007acd80000)
  to   space 313856K, 0% used [0x00000007acd80000,0x00000007acd80000,0x00000007c0000000)
 ParOldGen       total 823296K, used 576360K [0x00000005bfa00000, 0x00000005f1e00000, 0x0000000715380000)
  object space 823296K, 70% used [0x00000005bfa00000,0x00000005e2cda268,0x00000005f1e00000)
 Metaspace       used 138500K, capacity 141407K, committed 141940K, reserved 1167360K
  class space    used 23084K, capacity 24120K, committed 24192K, reserved 1048576K
Event: 66.926 GC heap after
Heap after GC invocations=35 (full 5):
 PSYoungGen      total 2366464K, used 195585K [0x0000000715380000, 0x00000007c0000000, 0x00000007c0000000)
  eden space 2052608K, 0% used [0x0000000715380000,0x0000000715380000,0x0000000792800000)
  from space 313856K, 62% used [0x00000007acd80000,0x00000007b8c80500,0x00000007c0000000)
  to   space 372736K, 0% used [0x0000000792800000,0x0000000792800000,0x00000007a9400000)
 ParOldGen       total 823296K, used 576368K [0x00000005bfa00000, 0x00000005f1e00000, 0x0000000715380000)
  object space 823296K, 70% used [0x00000005bfa00000,0x00000005e2cdc268,0x00000005f1e00000)
 Metaspace       used 138500K, capacity 141407K, committed 141940K, reserved 1167360K
  class space    used 23084K, capacity 24120K, committed 24192K, reserved 1048576K
}
Event: 71.672 GC heap before
{Heap before GC invocations=36 (full 5):
 PSYoungGen      total 2366464K, used 2248193K [0x0000000715380000, 0x00000007c0000000, 0x00000007c0000000)
  eden space 2052608K, 100% used [0x0000000715380000,0x0000000792800000,0x0000000792800000)
  from space 313856K, 62% used [0x00000007acd80000,0x00000007b8c80500,0x00000007c0000000)
  to   space 372736K, 0% used [0x0000000792800000,0x0000000792800000,0x00000007a9400000)
 ParOldGen       total 823296K, used 576368K [0x00000005bfa00000, 0x00000005f1e00000, 0x0000000715380000)
  object space 823296K, 70% used [0x00000005bfa00000,0x00000005e2cdc268,0x00000005f1e00000)
 Metaspace       used 138785K, capacity 141605K, committed 142196K, reserved 1167360K
  class space    used 23094K, capacity 24121K, committed 24192K, reserved 1048576K
Event: 71.827 GC heap after
Heap after GC invocations=36 (full 5):
 PSYoungGen      total 2425344K, used 372733K [0x0000000715380000, 0x00000007c0000000, 0x00000007c0000000)
  eden space 2052608K, 0% used [0x0000000715380000,0x0000000715380000,0x0000000792800000)
  from space 372736K, 99% used [0x0000000792800000,0x00000007a93ff550,0x00000007a9400000)
  to   space 372736K, 0% used [0x00000007a9400000,0x00000007a9400000,0x00000007c0000000)
 ParOldGen       total 823296K, used 659100K [0x00000005bfa00000, 0x00000005f1e00000, 0x0000000715380000)
  object space 823296K, 80% used [0x00000005bfa00000,0x00000005e7da7070,0x00000005f1e00000)
 Metaspace       used 138785K, capacity 141605K, committed 142196K, reserved 1167360K
  class space    used 23094K, capacity 24121K, committed 24192K, reserved 1048576K
}
Event: 82.042 GC heap before
{Heap before GC invocations=37 (full 5):
 PSYoungGen      total 2425344K, used 2425341K [0x0000000715380000, 0x00000007c0000000, 0x00000007c0000000)
  eden space 2052608K, 100% used [0x0000000715380000,0x0000000792800000,0x0000000792800000)
  from space 372736K, 99% used [0x0000000792800000,0x00000007a93ff550,0x00000007a9400000)
  to   space 372736K, 0% used [0x00000007a9400000,0x00000007a9400000,0x00000007c0000000)
 ParOldGen       total 823296K, used 659100K [0x00000005bfa00000, 0x00000005f1e00000, 0x0000000715380000)
  object space 823296K, 80% used [0x00000005bfa00000,0x00000005e7da7070,0x00000005f1e00000)
 Metaspace       used 139798K, capacity 142725K, committed 143092K, reserved 1167360K
  class space    used 23198K, capacity 24229K, committed 24320K, reserved 1048576K
Event: 82.208 GC heap after
Heap after GC invocations=37 (full 5):
 PSYoungGen      total 2029056K, used 372712K [0x0000000715380000, 0x00000007c0000000, 0x00000007c0000000)
  eden space 1656320K, 0% used [0x0000000715380000,0x0000000715380000,0x000000077a500000)
  from space 372736K, 99% used [0x00000007a9400000,0x00000007bfffa048,0x00000007c0000000)
  to   space 570880K, 0% used [0x000000077a500000,0x000000077a500000,0x000000079d280000)
 ParOldGen       total 864768K, used 864760K [0x00000005bfa00000, 0x00000005f4680000, 0x0000000715380000)
  object space 864768K, 99% used [0x00000005bfa00000,0x00000005f467e020,0x00000005f4680000)
 Metaspace       used 139798K, capacity 142725K, committed 143092K, reserved 1167360K
  class space    used 23198K, capacity 24229K, committed 24320K, reserved 1048576K
}
Event: 82.208 GC heap before
{Heap before GC invocations=38 (full 6):
 PSYoungGen      total 2029056K, used 372712K [0x0000000715380000, 0x00000007c0000000, 0x00000007c0000000)
  eden space 1656320K, 0% used [0x0000000715380000,0x0000000715380000,0x000000077a500000)
  from space 372736K, 99% used [0x00000007a9400000,0x00000007bfffa048,0x00000007c0000000)
  to   space 570880K, 0% used [0x000000077a500000,0x000000077a500000,0x000000079d280000)
 ParOldGen       total 864768K, used 864760K [0x00000005bfa00000, 0x00000005f4680000, 0x0000000715380000)
  object space 864768K, 99% used [0x00000005bfa00000,0x00000005f467e020,0x00000005f4680000)
 Metaspace       used 139798K, capacity 142725K, committed 143092K, reserved 1167360K
  class space    used 23198K, capacity 24229K, committed 24320K, reserved 1048576K
Event: 83.216 GC heap after
Heap after GC invocations=38 (full 6):
 PSYoungGen      total 2029056K, used 204221K [0x0000000715380000, 0x00000007c0000000, 0x00000007c0000000)
  eden space 1656320K, 0% used [0x0000000715380000,0x0000000715380000,0x000000077a500000)
  from space 372736K, 54% used [0x00000007a9400000,0x00000007b5b6f418,0x00000007c0000000)
  to   space 570880K, 0% used [0x000000077a500000,0x000000077a500000,0x000000079d280000)
 ParOldGen       total 1334272K, used 864557K [0x00000005bfa00000, 0x0000000611100000, 0x0000000715380000)
  object space 1334272K, 64% used [0x00000005bfa00000,0x00000005f464b750,0x0000000611100000)
 Metaspace       used 139798K, capacity 142725K, committed 143092K, reserved 1167360K
  class space    used 23198K, capacity 24229K, committed 24320K, reserved 1048576K
}

Deoptimization events (10 events):
Event: 84.659 Thread 0x0000000002785800 Uncommon trap: reason=unstable_if action=reinterpret pc=0x00000000052109a0 method=net.minecraftforge.client.model.MultiModelState$MultiModelPart.equals(Ljava/lang/Object;)Z @ 2
Event: 84.667 Thread 0x0000000002785800 Uncommon trap: reason=bimorphic action=maybe_recompile pc=0x0000000004b71980 method=pl.asie.foamfix.client.Deduplicator.deduplicateObject(Ljava/lang/Object;I)Ljava/lang/Object; @ 2266
Event: 84.667 Thread 0x0000000002785800 Uncommon trap: reason=bimorphic action=maybe_recompile pc=0x0000000004b71980 method=pl.asie.foamfix.client.Deduplicator.deduplicateObject(Ljava/lang/Object;I)Ljava/lang/Object; @ 2266
Event: 84.667 Thread 0x0000000002785800 Uncommon trap: reason=unstable_if action=reinterpret pc=0x0000000004b7172c method=pl.asie.foamfix.client.Deduplicator.deduplicateObject(Ljava/lang/Object;I)Ljava/lang/Object; @ 1722
Event: 84.668 Thread 0x0000000002785800 Uncommon trap: reason=class_check action=maybe_recompile pc=0x00000000052bca10 method=com.google.common.collect.AbstractMapBasedMultimap$KeySet$1.hasNext()Z @ 4
Event: 84.670 Thread 0x0000000002785800 Uncommon trap: reason=class_check action=maybe_recompile pc=0x00000000052bca10 method=com.google.common.collect.AbstractMapBasedMultimap$KeySet$1.hasNext()Z @ 4
Event: 84.674 Thread 0x0000000002785800 Uncommon trap: reason=class_check action=maybe_recompile pc=0x00000000052bca10 method=com.google.common.collect.AbstractMapBasedMultimap$KeySet$1.hasNext()Z @ 4
Event: 84.675 Thread 0x0000000002785800 Uncommon trap: reason=class_check action=maybe_recompile pc=0x00000000052bca10 method=com.google.common.collect.AbstractMapBasedMultimap$KeySet$1.hasNext()Z @ 4
Event: 84.699 Thread 0x0000000002785800 Uncommon trap: reason=unstable_if action=reinterpret pc=0x0000000003648fa0 method=java.lang.Class.isEnum()Z @ 18
Event: 84.737 Thread 0x0000000002785800 Uncommon trap: reason=unstable_if action=reinterpret pc=0x0000000003260440 method=net.minecraft.util.ResourceLocation.equals(Ljava/lang/Object;)Z @ 11

Internal exceptions (10 events):
Event: 55.337 Thread 0x0000000002785800 Exception <a 'java/lang/IncompatibleClassChangeError': Found class java.lang.Object, but interface was expected> (0x0000000767749230) thrown at [C:\re\workspace\8-2-build-windows-amd64-cygwin\jdk8u51\3951\hotspot\src\share\vm\interpreter\linkResolver.cpp, 
Event: 58.397 Thread 0x0000000002785800 Implicit null exception at 0x000000000397d84d to 0x000000000397ef61
Event: 61.740 Thread 0x0000000002785800 Exception <a 'java/io/FileNotFoundException'> (0x000000074c03c138) thrown at [C:\re\workspace\8-2-build-windows-amd64-cygwin\jdk8u51\3951\hotspot\src\share\vm\prims\jni.cpp, line 709]
Event: 67.287 Thread 0x0000000002785800 Implicit null exception at 0x000000000497a3bc to 0x000000000497a551
Event: 68.798 Thread 0x0000000002785800 Implicit null exception at 0x0000000003648afd to 0x0000000003648c5d
Event: 80.607 Thread 0x0000000002785800 Exception <a 'java/lang/NoSuchMethodError': java.lang.Object.lambda$makeTexture$0(I)[Lnet/minecraft/client/renderer/texture/TextureAtlasSprite;> (0x00000007497f4600) thrown at [C:\re\workspace\8-2-build-windows-amd64-cygwin\jdk8u51\3951\hotspot\src\share\v°´cK(T@
Event: 80.630 Thread 0x0000000002785800 Exception <a 'java/lang/IncompatibleClassChangeError': Found class java.lang.Object, but interface was expected> (0x000000074a0d3e38) thrown at [C:\re\workspace\8-2-build-windows-amd64-cygwin\jdk8u51\3951\hotspot\src\share\vm\interpreter\linkResolver.cpp, "„¨„S(T@
Event: 80.630 Thread 0x0000000002785800 Exception <a 'java/lang/IncompatibleClassChangeError': Found class java.lang.Object, but interface was expected> (0x000000074a0da028) thrown at [C:\re\workspace\8-2-build-windows-amd64-cygwin\jdk8u51\3951\hotspot\src\share\vm\interpreter\linkResolver.cpp, ¡Àg‘WWT@
Event: 81.365 Thread 0x0000000002785800 Implicit null exception at 0x00000000052c1360 to 0x00000000052c7385
Event: 84.498 Thread 0x0000000002785800 Implicit null exception at 0x0000000005225a26 to 0x0000000005228401

Events (10 events):
Event: 84.675 Thread 0x0000000002785800 DEOPT PACKING pc=0x00000000052bca10 sp=0x000000000277e530
Event: 84.675 Thread 0x0000000002785800 DEOPT UNPACKING pc=0x00000000028c582a sp=0x000000000277e4c8 mode 2
Event: 84.686 loading class net/optifine/shaders/MultiTexID
Event: 84.686 loading class net/optifine/shaders/MultiTexID done
Event: 84.699 Thread 0x0000000002785800 Uncommon trap: trap_request=0xffffff65 fr.pc=0x0000000003648fa0
Event: 84.699 Thread 0x0000000002785800 DEOPT PACKING pc=0x0000000003648fa0 sp=0x000000000277cda0
Event: 84.699 Thread 0x0000000002785800 DEOPT UNPACKING pc=0x00000000028c582a sp=0x000000000277ccd8 mode 2
Event: 84.737 Thread 0x0000000002785800 Uncommon trap: trap_request=0xffffff65 fr.pc=0x0000000003260440
Event: 84.737 Thread 0x0000000002785800 DEOPT PACKING pc=0x0000000003260440 sp=0x000000000277ceb0
Event: 84.737 Thread 0x0000000002785800 DEOPT UNPACKING pc=0x00000000028c582a sp=0x000000000277ce40 mode 2


Dynamic libraries:
0x00007ff62df70000 - 0x00007ff62dfa7000 	C:\Users\Zakarail\Twitch\Minecraft\Install\runtime\jre-x64\bin\javaw.exe
0x00007ffca1060000 - 0x00007ffca124d000 	C:\WINDOWS\SYSTEM32\ntdll.dll
0x00007ffc7bc30000 - 0x00007ffc7bc44000 	C:\Program Files\AVAST Software\Avast\aswhook.dll
0x00007ffca0e90000 - 0x00007ffca0f43000 	C:\WINDOWS\System32\KERNEL32.DLL
0x00007ffc9d1d0000 - 0x00007ffc9d463000 	C:\WINDOWS\System32\KERNELBASE.dll
0x00007ffc9eb00000 - 0x00007ffc9eba3000 	C:\WINDOWS\System32\ADVAPI32.dll
0x00007ffc9e7c0000 - 0x00007ffc9e85e000 	C:\WINDOWS\System32\msvcrt.dll
0x00007ffc9ea40000 - 0x00007ffc9eade000 	C:\WINDOWS\System32\sechost.dll
0x00007ffca0330000 - 0x00007ffca0452000 	C:\WINDOWS\System32\RPCRT4.dll
0x00007ffc9e860000 - 0x00007ffc9e9f7000 	C:\WINDOWS\System32\USER32.dll
0x00007ffc9d930000 - 0x00007ffc9d950000 	C:\WINDOWS\System32\win32u.dll
0x00007ffca0740000 - 0x00007ffca0769000 	C:\WINDOWS\System32\GDI32.dll
0x00007ffc9d710000 - 0x00007ffc9d8a9000 	C:\WINDOWS\System32\gdi32full.dll
0x00007ffc9d670000 - 0x00007ffc9d710000 	C:\WINDOWS\System32\msvcp_win.dll
0x00007ffc9d4a0000 - 0x00007ffc9d59a000 	C:\WINDOWS\System32\ucrtbase.dll
0x00007ffc90ec0000 - 0x00007ffc91139000 	C:\WINDOWS\WinSxS\amd64_microsoft.windows.common-controls_6595b64144ccf1df_6.0.17763.864_none_05b3441807210760\COMCTL32.dll
0x00007ffc9e2e0000 - 0x00007ffc9e60c000 	C:\WINDOWS\System32\combase.dll
0x00007ffc9d8b0000 - 0x00007ffc9d92e000 	C:\WINDOWS\System32\bcryptPrimitives.dll
0x00007ffc9ea10000 - 0x00007ffc9ea3e000 	C:\WINDOWS\System32\IMM32.DLL
0x00000000640c0000 - 0x0000000064192000 	C:\Users\Zakarail\Twitch\Minecraft\Install\runtime\jre-x64\bin\msvcr100.dll
0x0000000063830000 - 0x00000000640b3000 	C:\Users\Zakarail\Twitch\Minecraft\Install\runtime\jre-x64\bin\server\jvm.dll
0x00007ffca09a0000 - 0x00007ffca09a8000 	C:\WINDOWS\System32\PSAPI.DLL
0x00007ffc8d400000 - 0x00007ffc8d409000 	C:\WINDOWS\SYSTEM32\WSOCK32.dll
0x00007ffca06d0000 - 0x00007ffca073d000 	C:\WINDOWS\System32\WS2_32.dll
0x00007ffc9b2d0000 - 0x00007ffc9b2f4000 	C:\WINDOWS\SYSTEM32\WINMM.dll
0x00007ffc972f0000 - 0x00007ffc972fa000 	C:\WINDOWS\SYSTEM32\VERSION.dll
0x00007ffc9b2a0000 - 0x00007ffc9b2cd000 	C:\WINDOWS\SYSTEM32\WINMMBASE.dll
0x00007ffc9d180000 - 0x00007ffc9d1ca000 	C:\WINDOWS\System32\cfgmgr32.dll
0x0000000063820000 - 0x000000006382f000 	C:\Users\Zakarail\Twitch\Minecraft\Install\runtime\jre-x64\bin\verify.dll
0x00000000637f0000 - 0x0000000063819000 	C:\Users\Zakarail\Twitch\Minecraft\Install\runtime\jre-x64\bin\java.dll
0x00000000637d0000 - 0x00000000637e6000 	C:\Users\Zakarail\Twitch\Minecraft\Install\runtime\jre-x64\bin\zip.dll
0x00007ffc9ed60000 - 0x00007ffca0254000 	C:\WINDOWS\System32\SHELL32.dll
0x00007ffca0770000 - 0x00007ffca0818000 	C:\WINDOWS\System32\shcore.dll
0x00007ffc9db30000 - 0x00007ffc9e27d000 	C:\WINDOWS\System32\windows.storage.dll
0x00007ffc9d0f0000 - 0x00007ffc9d114000 	C:\WINDOWS\System32\profapi.dll
0x00007ffc9d120000 - 0x00007ffc9d17d000 	C:\WINDOWS\System32\powrprof.dll
0x00007ffca09b0000 - 0x00007ffca0a02000 	C:\WINDOWS\System32\shlwapi.dll
0x00007ffc9d0b0000 - 0x00007ffc9d0c1000 	C:\WINDOWS\System32\kernel.appcore.dll
0x00007ffc9d650000 - 0x00007ffc9d667000 	C:\WINDOWS\System32\cryptsp.dll
0x00000000637c0000 - 0x00000000637cd000 	C:\Users\Zakarail\Twitch\Minecraft\Install\runtime\jre-x64\bin\management.dll
0x00000000637a0000 - 0x00000000637ba000 	C:\Users\Zakarail\Twitch\Minecraft\Install\runtime\jre-x64\bin\net.dll
0x00007ffc9c920000 - 0x00007ffc9c987000 	C:\WINDOWS\system32\mswsock.dll
0x00007ffc7f840000 - 0x00007ffc7f856000 	C:\WINDOWS\system32\napinsp.dll
0x00007ffc7f7b0000 - 0x00007ffc7f7ca000 	C:\WINDOWS\system32\pnrpnsp.dll
0x00007ffc9c680000 - 0x00007ffc9c746000 	C:\WINDOWS\SYSTEM32\DNSAPI.dll
0x00007ffc9ea00000 - 0x00007ffc9ea08000 	C:\WINDOWS\System32\NSI.dll
0x00007ffc9c640000 - 0x00007ffc9c67d000 	C:\WINDOWS\SYSTEM32\IPHLPAPI.DLL
0x00007ffc7f630000 - 0x00007ffc7f63e000 	C:\WINDOWS\System32\winrnr.dll
0x00007ffc99b00000 - 0x00007ffc99b1b000 	C:\WINDOWS\system32\NLAapi.dll
0x00007ffc7ffd0000 - 0x00007ffc7ffe5000 	C:\WINDOWS\system32\wshbth.dll
0x00007ffc8ff50000 - 0x00007ffc8ff5a000 	C:\Windows\System32\rasadhlp.dll
0x00007ffc8ff60000 - 0x00007ffc8ffd9000 	C:\WINDOWS\System32\fwpuclnt.dll
0x00007ffc9d470000 - 0x00007ffc9d496000 	C:\WINDOWS\System32\bcrypt.dll
0x0000000063780000 - 0x0000000063791000 	C:\Users\Zakarail\Twitch\Minecraft\Install\runtime\jre-x64\bin\nio.dll
0x0000000063750000 - 0x0000000063774000 	C:\Users\Zakarail\Twitch\Minecraft\Install\runtime\jre-x64\bin\sunec.dll
0x00007ffc9c4a0000 - 0x00007ffc9c4d3000 	C:\WINDOWS\system32\rsaenh.dll
0x00007ffc9cfe0000 - 0x00007ffc9d008000 	C:\WINDOWS\SYSTEM32\USERENV.dll
0x00007ffc9caf0000 - 0x00007ffc9cafc000 	C:\WINDOWS\SYSTEM32\CRYPTBASE.dll
0x00007ffc953e0000 - 0x00007ffc953f6000 	C:\WINDOWS\SYSTEM32\dhcpcsvc6.DLL
0x00007ffc95da0000 - 0x00007ffc95dbc000 	C:\WINDOWS\SYSTEM32\dhcpcsvc.DLL
0x0000000063730000 - 0x0000000063747000 	C:\Users\Zakarail\Twitch\Minecraft\Install\runtime\jre-x64\bin\unpack.dll
0x0000000180000000 - 0x0000000180053000 	C:\Users\Zakarail\Twitch\Minecraft\Install\bin\f2f7-1f99-2350-029f\lwjgl64.dll
0x00007ffc59800000 - 0x00007ffc59927000 	C:\WINDOWS\SYSTEM32\OPENGL32.dll
0x00007ffc61e70000 - 0x00007ffc61e9c000 	C:\WINDOWS\SYSTEM32\GLU32.dll
0x0000000063590000 - 0x0000000063728000 	C:\Users\Zakarail\Twitch\Minecraft\Install\runtime\jre-x64\bin\awt.dll
0x00007ffca0260000 - 0x00007ffca0324000 	C:\WINDOWS\System32\OLEAUT32.dll
0x00007ffc9b0c0000 - 0x00007ffc9b14c000 	C:\WINDOWS\SYSTEM32\apphelp.dll
0x00007ffc9b6a0000 - 0x00007ffc9b73c000 	C:\WINDOWS\system32\uxtheme.dll
0x00007ffca0820000 - 0x00007ffca098c000 	C:\WINDOWS\System32\MSCTF.dll
0x00007ffc9b770000 - 0x00007ffc9b79e000 	C:\WINDOWS\system32\dwmapi.dll
0x00007ffc9d950000 - 0x00007ffc9db2b000 	C:\WINDOWS\System32\CRYPT32.dll
0x00007ffc9d0d0000 - 0x00007ffc9d0e2000 	C:\WINDOWS\System32\MSASN1.dll
0x000000005e6d0000 - 0x0000000060e21000 	C:\WINDOWS\System32\DriverStore\FileRepository\nv_dispi.inf_amd64_db678424d2641c3d\nvoglv64.dll
0x00007ffca0a10000 - 0x00007ffca0e86000 	C:\WINDOWS\System32\SETUPAPI.dll
0x00007ffca0460000 - 0x00007ffca05b5000 	C:\WINDOWS\System32\ole32.dll
0x00007ffc9ab00000 - 0x00007ffc9ab13000 	C:\WINDOWS\SYSTEM32\WTSAPI32.dll
0x00007ffc9cec0000 - 0x00007ffc9cee9000 	C:\WINDOWS\SYSTEM32\DEVOBJ.dll
0x00007ffc9e280000 - 0x00007ffc9e2d9000 	C:\WINDOWS\System32\WINTRUST.dll
0x00007ffc9c120000 - 0x00007ffc9c151000 	C:\WINDOWS\SYSTEM32\ntmarta.dll
0x00007ffc634a0000 - 0x00007ffc63747000 	C:\WINDOWS\system32\nvspcap64.dll
0x00007ffc94900000 - 0x00007ffc94aed000 	C:\WINDOWS\SYSTEM32\dbghelp.dll
0x00007ffc94700000 - 0x00007ffc9472a000 	C:\WINDOWS\SYSTEM32\dbgcore.DLL
0x00007ffc93e60000 - 0x00007ffc93f0d000 	C:\WINDOWS\SYSTEM32\mscms.dll
0x00007ffc94520000 - 0x00007ffc94530000 	C:\WINDOWS\SYSTEM32\ColorAdapterClient.dll
0x00007ffc98f50000 - 0x00007ffc98f93000 	C:\WINDOWS\SYSTEM32\icm32.dll
0x00007ffc9c1c0000 - 0x00007ffc9c218000 	C:\WINDOWS\SYSTEM32\WINSTA.dll
0x00007ffc88f40000 - 0x00007ffc88f82000 	C:\Users\Zakarail\AppData\Local\Temp\jna-1284044783\jna7154204156786332808.dll
0x000000002ec40000 - 0x000000002eca4000 	C:\Users\Zakarail\Twitch\Minecraft\Install\bin\f2f7-1f99-2350-029f\OpenAL64.dll
0x00007ffca05c0000 - 0x00007ffca0662000 	C:\WINDOWS\System32\clbcatq.dll
0x00007ffc98110000 - 0x00007ffc98180000 	C:\WINDOWS\System32\MMDevApi.dll
0x00007ffc99950000 - 0x00007ffc99af9000 	C:\WINDOWS\System32\PROPSYS.dll
0x00007ffc8bd10000 - 0x00007ffc8bda6000 	C:\WINDOWS\SYSTEM32\dsound.dll
0x00007ffc983a0000 - 0x00007ffc984e8000 	C:\WINDOWS\SYSTEM32\AUDIOSES.DLL
0x00007ffc992c0000 - 0x00007ffc99413000 	C:\WINDOWS\SYSTEM32\wintypes.dll
0x00007ffc98aa0000 - 0x00007ffc98aaa000 	C:\WINDOWS\SYSTEM32\AVRT.dll
0x00007ffc9b9e0000 - 0x00007ffc9b9f4000 	C:\WINDOWS\SYSTEM32\resourcepolicyclient.dll

VM Arguments:
jvm_args: -Dos.name=Windows 10 -Dos.version=10.0 -XX:HeapDumpPath=MojangTricksIntelDriversForPerformance_javaw.exe_minecraft.exe.heapdump -Djava.library.path=C:\Users\Zakarail\Twitch\Minecraft\Install\bin\f2f7-1f99-2350-029f -Dminecraft.launcher.brand=minecraft-launcher -Dminecraft.launcher.version=2.1.9616 -Dminecraft.client.jar=C:\Users\Zakarail\Twitch\Minecraft\Install\versions\1.12.2\1.12.2.jar -Xmx8198m -Xms256m -XX:PermSize=256m -Dminecraft.applet.TargetDirectory=C:\Users\Zakarail\Twitch\Minecraft\Instances\Quest of Ages -Dfml.ignorePatchDiscrepancies=true -Dfml.ignoreInvalidMinecraftCertificates=true -Duser.language=en -Duser.country=US -Dlog4j.configurationFile=C:\Users\Zakarail\Twitch\Minecraft\Install\assets\log_configs\client-1.12.xml 
java_command: net.minecraft.launchwrapper.Launch --username Zakarail --version forge-14.23.5.2847 --gameDir C:\Users\Zakarail\Twitch\Minecraft\Instances\Quest of Ages --assetsDir C:\Users\Zakarail\Twitch\Minecraft\Install\assets --assetIndex 1.12 --uuid 77addc813bf74eacb38ad4795525b80d --accessToken eyJhbGciOiJIUzI1NiJ9.eyJzdWIiOiJjYTlhMDYwY2E0MGI0ODM2OGI1NGJhMjdlYjVmYjc0MyIsIm5iZiI6MTU3NTE0NDM4OSwieWdndCI6IjEyNWY5NjRkZGM1MzQ4ZWQ4NDFiOTM5NTYzZjk5MjQ5Iiwic3ByIjoiNzdhZGRjODEzYmY3NGVhY2IzOGFkNDc5NTUyNWI4MGQiLCJyb2xlcyI6W10sImlzcyI6ImludGVybmFsLWF1dGhlbnRpY2F0aW9uIiwiZXhwIjoxNTc1MzE3MTg5LCJpYXQiOjE1NzUxNDQzODl9.m5A9YFXecdrRx9PxpesQTbK0GV_KnCNDl4Nx-t-Rtfk --userType mojang --tweakClass net.minecraftforge.fml.common.launcher.FMLTweaker --versionType Forge --width 1024 --height 768
java_class_path (initial): C:\Users\Zakarail\Twitch\Minecraft\Install\libraries\net\minecraftforge\forge\1.12.2-14.23.5.2847\forge-1.12.2-14.23.5.2847.jar;C:\Users\Zakarail\Twitch\Minecraft\Install\libraries\net\minecraft\launchwrapper\1.12\launchwrapper-1.12.jar;C:\Users\Zakarail\Twitch\Minecraft\Install\libraries\org\ow2\asm\asm-all\5.2\asm-all-5.2.jar;C:\Users\Zakarail\Twitch\Minecraft\Install\libraries\org\jline\jline\3.5.1\jline-3.5.1.jar;C:\Users\Zakarail\Twitch\Minecraft\Install\libraries\net\java\dev\jna\jna\4.4.0\jna-4.4.0.jar;C:\Users\Zakarail\Twitch\Minecraft\Install\libraries\com\typesafe\akka\akka-actor_2.11\2.3.3\akka-actor_2.11-2.3.3.jar;C:\Users\Zakarail\Twitch\Minecraft\Install\libraries\com\typesafe\config\1.2.1\config-1.2.1.jar;C:\Users\Zakarail\Twitch\Minecraft\Install\libraries\org\scala-lang\scala-actors-migration_2.11\1.1.0\scala-actors-migration_2.11-1.1.0.jar;C:\Users\Zakarail\Twitch\Minecraft\Install\libraries\org\scala-lang\scala-compiler\2.11.1\scala-compiler-2.11.1.jar;C:\Users\Zakarail\Twitch\Minecraft\Install\libraries\org\scala-lang\plugins\scala-continuations-library_2.11\1.0.2\scala-continuations-library_2.11-1.0.2.jar;C:\Users\Zakarail\Twitch\Minecraft\Install\libraries\org\scala-lang\plugins\scala-continuations-plugin_2.11.1\1.0.2\scala-continuations-plugin_2.11.1-1.0.2.jar;C:\Users\Zakarail\Twitch\Minecraft\Install\libraries\org\scala-lang\scala-library\2.11.1\scala-library-2.11.1.jar;C:\Users\Zakarail\Twitch\Minecraft\Install\libraries\org\scala-lang\scala-parser-combinators_2.11\1.0.1\scala-parser-combinators_2.11-1.0.1.jar;C:\Users\Zakarail\Twitch\Minecraft\Install\libraries\org\scala-lang\scala-reflect\2.11.1\scala-reflect-2.11.1.jar;C:\Users\Zakarail\Twitch\Minecraft\Install\libraries\org\scala-lang\scala-swing_2.11\1.0.1\scala-swing_2.11-1.0.1.jar;C:\Users\Zakarail\Twitch\Minecraft\Install\libraries\org\scala-lang\scala-xml_2.11\1.0.2\scala-xml_2.11-1.0.2.jar;C:\Users\Zakarail\Twitch\Minecraft\Install\libraries\lzma\lzma\
Launcher Type: SUN_STANDARD

Environment Variables:
JAVA_HOME=C:\Program Files\Java\jdk-12
JRE_HOME=C:\Program Files\Java\jdk-12
PATH=C:\Windows\system32;C:\Windows;C:\Windows\System32\Wbem;C:\Windows\System32\WindowsPowerShell\v1.0\;C:\Program Files (x86)\NVIDIA Corporation\PhysX\Common;C:\Program Files\NVIDIA Corporation\NVIDIA NvDLISR;C:\WINDOWS\system32;C:\WINDOWS;C:\WINDOWS\System32\Wbem;C:\WINDOWS\System32\WindowsPowerShell\v1.0\;C:\WINDOWS\System32\OpenSSH\;C:\Program Files\Java\jdk-12\bin;C:\Program Files\Java\jdk-12\bin;C:\Program Files\Git\cmd;C:\Program Files\nodejs\;C:\Program Files\TortoiseGit\bin;C:\Users\Zakarail\AppData\Local\Microsoft\WindowsApps;;C:\Users\Zakarail\AppData\Local\Programs\Microsoft VS Code\bin;C:\Users\Zakarail\AppData\Roaming\npm
USERNAME=Zakarail
OS=Windows_NT
PROCESSOR_IDENTIFIER=Intel64 Family 6 Model 63 Stepping 2, GenuineIntel



---------------  S Y S T E M  ---------------

OS: Windows 10.0 , 64 bit Build 17763 (10.0.17763.475)

CPU:total 12 (6 cores per cpu, 2 threads per core) family 6 model 63 stepping 2, cmov, cx8, fxsr, mmx, sse, sse2, sse3, ssse3, sse4.1, sse4.2, popcnt, avx, avx2, aes, clmul, erms, lzcnt, ht, tsc, tscinvbit, bmi1, bmi2

Memory: 4k page, physical 33472580k(21454996k free), swap 38453316k(21114672k free)

vm_info: Java HotSpot(TM) 64-Bit Server VM (25.51-b03) for windows-amd64 JRE (1.8.0_51-b16), built on Jun  8 2015 18:03:07 by "java_re" with MS VC++ 10.0 (VS2010)

time: Sun Dec 01 10:35:30 2019
elapsed time: 84 seconds (0d 0h 1m 24s)

